{"numTotalTestSuites":7,"numPassedTestSuites":4,"numFailedTestSuites":3,"numPendingTestSuites":0,"numTotalTests":11,"numPassedTests":9,"numFailedTests":2,"numPendingTests":0,"numTodoTests":0,"snapshot":{"added":0,"failure":false,"filesAdded":0,"filesRemoved":0,"filesRemovedList":[],"filesUnmatched":0,"filesUpdated":0,"matched":0,"total":0,"unchecked":0,"uncheckedKeysByFile":[],"unmatched":0,"updated":0,"didUpdate":false},"startTime":1767281988298,"success":false,"testResults":[{"assertionResults":[{"ancestorTitles":["Rate Limiter Integration Tests","API Rate Limiter"],"fullName":"Rate Limiter Integration Tests API Rate Limiter should allow requests under the limit","status":"passed","title":"should allow requests under the limit","duration":23.355999999999767,"failureMessages":[],"location":{"line":29,"column":5},"meta":{}},{"ancestorTitles":["Rate Limiter Integration Tests","API Rate Limiter"],"fullName":"Rate Limiter Integration Tests API Rate Limiter should include rate limit headers","status":"passed","title":"should include rate limit headers","duration":4.224399999999605,"failureMessages":[],"location":{"line":39,"column":5},"meta":{}},{"ancestorTitles":["Rate Limiter Integration Tests","API Rate Limiter"],"fullName":"Rate Limiter Integration Tests API Rate Limiter should reject requests after exceeding limit","status":"passed","title":"should reject requests after exceeding limit","duration":253.9100000000003,"failureMessages":[],"location":{"line":49,"column":5},"meta":{}},{"ancestorTitles":["Rate Limiter Integration Tests","Expensive Operations Rate Limiter"],"fullName":"Rate Limiter Integration Tests Expensive Operations Rate Limiter should allow requests under the limit","status":"passed","title":"should allow requests under the limit","duration":3.084899999999834,"failureMessages":[],"location":{"line":66,"column":5},"meta":{}},{"ancestorTitles":["Rate Limiter Integration Tests","Expensive Operations Rate Limiter"],"fullName":"Rate Limiter Integration Tests Expensive Operations Rate Limiter should have stricter limits than API limiter","status":"passed","title":"should have stricter limits than API limiter","duration":2.884100000000217,"failureMessages":[],"location":{"line":74,"column":5},"meta":{}},{"ancestorTitles":["Rate Limiter Integration Tests","Expensive Operations Rate Limiter"],"fullName":"Rate Limiter Integration Tests Expensive Operations Rate Limiter should reject requests after exceeding expensive operation limit","status":"passed","title":"should reject requests after exceeding expensive operation limit","duration":44.99340000000029,"failureMessages":[],"location":{"line":84,"column":5},"meta":{}},{"ancestorTitles":["Rate Limiter Integration Tests","Unlimited Endpoints"],"fullName":"Rate Limiter Integration Tests Unlimited Endpoints should not apply rate limiting to non-protected routes","status":"passed","title":"should not apply rate limiting to non-protected routes","duration":367.4218000000001,"failureMessages":[],"location":{"line":100,"column":5},"meta":{}},{"ancestorTitles":["Rate Limiter Integration Tests","Unlimited Endpoints"],"fullName":"Rate Limiter Integration Tests Unlimited Endpoints should not include rate limit headers on unlimited routes","status":"passed","title":"should not include rate limit headers on unlimited routes","duration":2.5947000000001026,"failureMessages":[],"location":{"line":108,"column":5},"meta":{}},{"ancestorTitles":["Rate Limiter Integration Tests","Rate Limit Response Format"],"fullName":"Rate Limiter Integration Tests Rate Limit Response Format should return proper error format when rate limited","status":"passed","title":"should return proper error format when rate limited","duration":26.235000000000127,"failureMessages":[],"location":{"line":119,"column":5},"meta":{}},{"ancestorTitles":["Rate Limiter Integration Tests","Rate Limiter Concurrency"],"fullName":"Rate Limiter Integration Tests Rate Limiter Concurrency should handle concurrent requests correctly","status":"failed","title":"should handle concurrent requests correctly","duration":11.626900000000205,"failureMessages":["AssertionError: expected 429 to be 200 // Object.is equality\n    at C:/Users/Preston/git/toa-website/test/integration/rate-limiter.test.ts:146:33\n    at Array.forEach (<anonymous>)\n    at C:/Users/Preston/git/toa-website/test/integration/rate-limiter.test.ts:145:17\n    at processTicksAndRejections (node:internal/process/task_queues:95:5)\n    at file:///C:/Users/Preston/git/toa-website/node_modules/@vitest/runner/dist/index.js:915:20"],"location":{"line":137,"column":5},"meta":{}},{"ancestorTitles":["Rate Limiter Integration Tests","Rate Limiter Concurrency"],"fullName":"Rate Limiter Integration Tests Rate Limiter Concurrency should correctly count concurrent requests against limit","status":"failed","title":"should correctly count concurrent requests against limit","duration":32.80560000000014,"failureMessages":["AssertionError: expected 0 to be greater than 0\n    at C:/Users/Preston/git/toa-website/test/integration/rate-limiter.test.ts:164:28\n    at processTicksAndRejections (node:internal/process/task_queues:95:5)\n    at file:///C:/Users/Preston/git/toa-website/node_modules/@vitest/runner/dist/index.js:915:20"],"location":{"line":150,"column":5},"meta":{}}],"startTime":1767281990979,"endTime":1767281991752.8057,"status":"failed","message":"","name":"C:/Users/Preston/git/toa-website/test/integration/rate-limiter.test.ts"}]}