{"numTotalTestSuites":7,"numPassedTestSuites":7,"numFailedTestSuites":0,"numPendingTestSuites":0,"numTotalTests":13,"numPassedTests":13,"numFailedTests":0,"numPendingTests":0,"numTodoTests":0,"snapshot":{"added":0,"failure":false,"filesAdded":0,"filesRemoved":0,"filesRemovedList":[],"filesUnmatched":0,"filesUpdated":0,"matched":0,"total":0,"unchecked":0,"uncheckedKeysByFile":[],"unmatched":0,"updated":0,"didUpdate":false},"startTime":1767280454517,"success":true,"testResults":[{"assertionResults":[{"ancestorTitles":["Health Check Endpoint","Basic Health Check"],"fullName":"Health Check Endpoint Basic Health Check should return 200 OK with healthy status","status":"passed","title":"should return 200 OK with healthy status","duration":20.423500000000104,"failureMessages":[],"location":{"line":15,"column":5},"meta":{}},{"ancestorTitles":["Health Check Endpoint","Basic Health Check"],"fullName":"Health Check Endpoint Basic Health Check should include service name and environment","status":"passed","title":"should include service name and environment","duration":6.820900000000165,"failureMessages":[],"location":{"line":28,"column":5},"meta":{}},{"ancestorTitles":["Health Check Endpoint","Basic Health Check"],"fullName":"Health Check Endpoint Basic Health Check should return uptime greater than 0","status":"passed","title":"should return uptime greater than 0","duration":6.1720000000000255,"failureMessages":[],"location":{"line":35,"column":5},"meta":{}},{"ancestorTitles":["Health Check Endpoint","Basic Health Check"],"fullName":"Health Check Endpoint Basic Health Check should include version information","status":"passed","title":"should include version information","duration":6.0797000000000025,"failureMessages":[],"location":{"line":41,"column":5},"meta":{}},{"ancestorTitles":["Health Check Endpoint","Detailed Health Check"],"fullName":"Health Check Endpoint Detailed Health Check should return detailed checks","status":"passed","title":"should return detailed checks","duration":5.466499999999996,"failureMessages":[],"location":{"line":50,"column":5},"meta":{}},{"ancestorTitles":["Health Check Endpoint","Detailed Health Check"],"fullName":"Health Check Endpoint Detailed Health Check should include memory usage in check","status":"passed","title":"should include memory usage in check","duration":5.150900000000092,"failureMessages":[],"location":{"line":58,"column":5},"meta":{}},{"ancestorTitles":["Health Check Endpoint","Detailed Health Check"],"fullName":"Health Check Endpoint Detailed Health Check should include storage connectivity check","status":"passed","title":"should include storage connectivity check","duration":5.335000000000036,"failureMessages":[],"location":{"line":69,"column":5},"meta":{}},{"ancestorTitles":["Health Check Endpoint","Detailed Health Check"],"fullName":"Health Check Endpoint Detailed Health Check should include cache status check","status":"passed","title":"should include cache status check","duration":6.631799999999885,"failureMessages":[],"location":{"line":78,"column":5},"meta":{}},{"ancestorTitles":["Health Check Endpoint","Health Status Degradation"],"fullName":"Health Check Endpoint Health Status Degradation should report degraded status when memory usage is high","status":"passed","title":"should report degraded status when memory usage is high","duration":7.498900000000049,"failureMessages":[],"location":{"line":89,"column":5},"meta":{}},{"ancestorTitles":["Health Check Endpoint","Health Status Degradation"],"fullName":"Health Check Endpoint Health Status Degradation should return 200 or 503 based on overall health","status":"passed","title":"should return 200 or 503 based on overall health","duration":6.554200000000037,"failureMessages":[],"location":{"line":108,"column":5},"meta":{}},{"ancestorTitles":["Health Check Endpoint","Performance"],"fullName":"Health Check Endpoint Performance should respond in less than 100ms","status":"passed","title":"should respond in less than 100ms","duration":7.488799999999856,"failureMessages":[],"location":{"line":120,"column":5},"meta":{}},{"ancestorTitles":["Health Check Endpoint","Performance"],"fullName":"Health Check Endpoint Performance should handle concurrent requests","status":"passed","title":"should handle concurrent requests","duration":36.955400000000054,"failureMessages":[],"location":{"line":128,"column":5},"meta":{}},{"ancestorTitles":["Health Check Endpoint","Response Headers"],"fullName":"Health Check Endpoint Response Headers should return JSON content type","status":"passed","title":"should return JSON content type","duration":6.632800000000088,"failureMessages":[],"location":{"line":143,"column":5},"meta":{}}],"startTime":1767280456052,"endTime":1767280456179.6328,"status":"passed","message":"","name":"C:/Users/Preston/git/toa-website/test/health-check.test.ts"}]}