{"numTotalTestSuites":176,"numPassedTestSuites":165,"numFailedTestSuites":11,"numPendingTestSuites":0,"numTotalTests":437,"numPassedTests":427,"numFailedTests":9,"numPendingTests":1,"numTodoTests":0,"snapshot":{"added":0,"failure":false,"filesAdded":0,"filesRemoved":0,"filesRemovedList":[],"filesUnmatched":0,"filesUpdated":0,"matched":19,"total":19,"unchecked":0,"uncheckedKeysByFile":[],"unmatched":0,"updated":0,"didUpdate":false},"startTime":1767327399291,"success":false,"testResults":[{"assertionResults":[{"ancestorTitles":["Generic Cache Behavior","Cache File Operations"],"fullName":"Generic Cache Behavior Cache File Operations should create cache directory if it does not exist","status":"passed","title":"should create cache directory if it does not exist","duration":8.538500000000113,"failureMessages":[],"location":{"line":30,"column":5},"meta":{}},{"ancestorTitles":["Generic Cache Behavior","Cache File Operations"],"fullName":"Generic Cache Behavior Cache File Operations should write valid JSON to cache file","status":"passed","title":"should write valid JSON to cache file","duration":19.142500000000382,"failureMessages":[],"location":{"line":38,"column":5},"meta":{}},{"ancestorTitles":["Generic Cache Behavior","Cache File Operations"],"fullName":"Generic Cache Behavior Cache File Operations should read existing cache file","status":"passed","title":"should read existing cache file","duration":12.686999999999898,"failureMessages":[],"location":{"line":53,"column":5},"meta":{}},{"ancestorTitles":["Generic Cache Behavior","Cache File Operations"],"fullName":"Generic Cache Behavior Cache File Operations should handle non-existent cache file gracefully","status":"passed","title":"should handle non-existent cache file gracefully","duration":0.6417000000001281,"failureMessages":[],"location":{"line":63,"column":5},"meta":{}},{"ancestorTitles":["Generic Cache Behavior","Cache File Operations"],"fullName":"Generic Cache Behavior Cache File Operations should overwrite existing cache file","status":"passed","title":"should overwrite existing cache file","duration":4.657600000000002,"failureMessages":[],"location":{"line":67,"column":5},"meta":{}},{"ancestorTitles":["Generic Cache Behavior","Cache File Operations"],"fullName":"Generic Cache Behavior Cache File Operations should merge cache entries instead of overwriting","status":"passed","title":"should merge cache entries instead of overwriting","duration":9.921100000000024,"failureMessages":[],"location":{"line":80,"column":5},"meta":{}},{"ancestorTitles":["Generic Cache Behavior","Cache Expiration Logic"],"fullName":"Generic Cache Behavior Cache Expiration Logic should correctly calculate cache age","status":"passed","title":"should correctly calculate cache age","duration":3.236699999999928,"failureMessages":[],"location":{"line":98,"column":5},"meta":{}},{"ancestorTitles":["Generic Cache Behavior","Cache Expiration Logic"],"fullName":"Generic Cache Behavior Cache Expiration Logic should validate fresh cache (within duration)","status":"passed","title":"should validate fresh cache (within duration)","duration":0.6332000000002154,"failureMessages":[],"location":{"line":110,"column":5},"meta":{}},{"ancestorTitles":["Generic Cache Behavior","Cache Expiration Logic"],"fullName":"Generic Cache Behavior Cache Expiration Logic should invalidate expired cache (beyond duration)","status":"passed","title":"should invalidate expired cache (beyond duration)","duration":0.7018000000002758,"failureMessages":[],"location":{"line":121,"column":5},"meta":{}},{"ancestorTitles":["Generic Cache Behavior","Cache Expiration Logic"],"fullName":"Generic Cache Behavior Cache Expiration Logic should handle boundary condition (exactly at duration)","status":"passed","title":"should handle boundary condition (exactly at duration)","duration":0.6709000000000742,"failureMessages":[],"location":{"line":132,"column":5},"meta":{}},{"ancestorTitles":["Generic Cache Behavior","Cache Expiration Logic"],"fullName":"Generic Cache Behavior Cache Expiration Logic should calculate age in different units","status":"passed","title":"should calculate age in different units","duration":0.6539000000002488,"failureMessages":[],"location":{"line":143,"column":5},"meta":{}},{"ancestorTitles":["Generic Cache Behavior","Cache Data Integrity"],"fullName":"Generic Cache Behavior Cache Data Integrity should preserve data types when caching","status":"passed","title":"should preserve data types when caching","duration":15.363300000000436,"failureMessages":[],"location":{"line":159,"column":5},"meta":{}},{"ancestorTitles":["Generic Cache Behavior","Cache Data Integrity"],"fullName":"Generic Cache Behavior Cache Data Integrity should handle special characters in cached strings","status":"passed","title":"should handle special characters in cached strings","duration":7.219800000000305,"failureMessages":[],"location":{"line":182,"column":5},"meta":{}},{"ancestorTitles":["Generic Cache Behavior","Cache Data Integrity"],"fullName":"Generic Cache Behavior Cache Data Integrity should handle large cache entries","status":"passed","title":"should handle large cache entries","duration":30.377300000000105,"failureMessages":[],"location":{"line":196,"column":5},"meta":{}},{"ancestorTitles":["Generic Cache Behavior","Error Handling"],"fullName":"Generic Cache Behavior Error Handling should handle corrupted JSON gracefully","status":"passed","title":"should handle corrupted JSON gracefully","duration":5.624299999999948,"failureMessages":[],"location":{"line":213,"column":5},"meta":{}},{"ancestorTitles":["Generic Cache Behavior","Error Handling"],"fullName":"Generic Cache Behavior Error Handling should handle empty cache file","status":"passed","title":"should handle empty cache file","duration":3.182800000000043,"failureMessages":[],"location":{"line":222,"column":5},"meta":{}},{"ancestorTitles":["Generic Cache Behavior","Error Handling"],"fullName":"Generic Cache Behavior Error Handling should handle invalid UTF-8 encoding","status":"passed","title":"should handle invalid UTF-8 encoding","duration":2.68349999999964,"failureMessages":[],"location":{"line":231,"column":5},"meta":{}},{"ancestorTitles":["Generic Cache Behavior","Concurrency Considerations"],"fullName":"Generic Cache Behavior Concurrency Considerations should handle multiple sequential writes","status":"passed","title":"should handle multiple sequential writes","duration":62.57360000000017,"failureMessages":[],"location":{"line":248,"column":5},"meta":{}},{"ancestorTitles":["Generic Cache Behavior","Concurrency Considerations"],"fullName":"Generic Cache Behavior Concurrency Considerations should read the most recent write","status":"passed","title":"should read the most recent write","duration":4.33389999999963,"failureMessages":[],"location":{"line":261,"column":5},"meta":{}},{"ancestorTitles":["Generic Cache Behavior","Cache Strategies"],"fullName":"Generic Cache Behavior Cache Strategies should implement read-through caching pattern","status":"passed","title":"should implement read-through caching pattern","duration":19.778999999999996,"failureMessages":[],"location":{"line":277,"column":5},"meta":{}},{"ancestorTitles":["Generic Cache Behavior","Cache Strategies"],"fullName":"Generic Cache Behavior Cache Strategies should implement write-through caching pattern","status":"passed","title":"should implement write-through caching pattern","duration":25.049099999999726,"failureMessages":[],"location":{"line":313,"column":5},"meta":{}}],"startTime":1767327401915,"endTime":1767327402154.049,"status":"passed","message":"","name":"C:/Users/Preston/git/toa-website/test/cache.test.ts"},{"assertionResults":[{"ancestorTitles":["YouTube Client Library"],"fullName":"YouTube Client Library should export getPlaylistVideosClient function","status":"passed","title":"should export getPlaylistVideosClient function","duration":64.64949999999999,"failureMessages":[],"location":{"line":7,"column":3},"meta":{}},{"ancestorTitles":["YouTube Client Library"],"fullName":"YouTube Client Library should handle API errors gracefully","status":"passed","title":"should handle API errors gracefully","duration":4.093699999999899,"failureMessages":[],"location":{"line":14,"column":3},"meta":{}},{"ancestorTitles":["YouTube Client Library"],"fullName":"YouTube Client Library should format durations correctly","status":"passed","title":"should format durations correctly","duration":1.680199999999786,"failureMessages":[],"location":{"line":24,"column":3},"meta":{}},{"ancestorTitles":["Structured Data Library"],"fullName":"Structured Data Library should generate valid organization schema","status":"passed","title":"should generate valid organization schema","duration":48.18470000000025,"failureMessages":[],"location":{"line":60,"column":3},"meta":{}},{"ancestorTitles":["Structured Data Library"],"fullName":"Structured Data Library should generate valid website schema","status":"passed","title":"should generate valid website schema","duration":1.2498999999997977,"failureMessages":[],"location":{"line":69,"column":3},"meta":{}},{"ancestorTitles":["Structured Data Library"],"fullName":"Structured Data Library should generate valid breadcrumb schema","status":"passed","title":"should generate valid breadcrumb schema","duration":2.324999999999818,"failureMessages":[],"location":{"line":77,"column":3},"meta":{}}],"startTime":1767327401905,"endTime":1767327402027.325,"status":"passed","message":"","name":"C:/Users/Preston/git/toa-website/test/client-libs.test.ts"},{"assertionResults":[{"ancestorTitles":["Environment Validator"],"fullName":"Environment Validator should pass validation with all required variables set","status":"passed","title":"should pass validation with all required variables set","duration":2.99350000000004,"failureMessages":[],"location":{"line":17,"column":3},"meta":{}},{"ancestorTitles":["Environment Validator"],"fullName":"Environment Validator should warn about missing optional API keys","status":"passed","title":"should warn about missing optional API keys","duration":0.4862000000000535,"failureMessages":[],"location":{"line":26,"column":3},"meta":{}},{"ancestorTitles":["Environment Validator"],"fullName":"Environment Validator should not fail when optional variables are missing","status":"passed","title":"should not fail when optional variables are missing","duration":1.3817000000001372,"failureMessages":[],"location":{"line":37,"column":3},"meta":{}}],"startTime":1767327406886,"endTime":1767327406891.3816,"status":"passed","message":"","name":"C:/Users/Preston/git/toa-website/test/env-validator.test.ts"},{"assertionResults":[{"ancestorTitles":["Health Check Endpoint","Basic Health Check"],"fullName":"Health Check Endpoint Basic Health Check should return 200 OK with healthy status","status":"passed","title":"should return 200 OK with healthy status","duration":51.61210000000028,"failureMessages":[],"location":{"line":15,"column":5},"meta":{}},{"ancestorTitles":["Health Check Endpoint","Basic Health Check"],"fullName":"Health Check Endpoint Basic Health Check should include service name and environment","status":"passed","title":"should include service name and environment","duration":33.76740000000018,"failureMessages":[],"location":{"line":28,"column":5},"meta":{}},{"ancestorTitles":["Health Check Endpoint","Basic Health Check"],"fullName":"Health Check Endpoint Basic Health Check should return uptime greater than 0","status":"passed","title":"should return uptime greater than 0","duration":30.854599999999664,"failureMessages":[],"location":{"line":35,"column":5},"meta":{}},{"ancestorTitles":["Health Check Endpoint","Basic Health Check"],"fullName":"Health Check Endpoint Basic Health Check should include version information","status":"passed","title":"should include version information","duration":26.33269999999993,"failureMessages":[],"location":{"line":41,"column":5},"meta":{}},{"ancestorTitles":["Health Check Endpoint","Detailed Health Check"],"fullName":"Health Check Endpoint Detailed Health Check should return detailed checks","status":"passed","title":"should return detailed checks","duration":30.093199999999797,"failureMessages":[],"location":{"line":50,"column":5},"meta":{}},{"ancestorTitles":["Health Check Endpoint","Detailed Health Check"],"fullName":"Health Check Endpoint Detailed Health Check should include memory usage in check","status":"passed","title":"should include memory usage in check","duration":16.389400000000023,"failureMessages":[],"location":{"line":58,"column":5},"meta":{}},{"ancestorTitles":["Health Check Endpoint","Detailed Health Check"],"fullName":"Health Check Endpoint Detailed Health Check should include storage connectivity check","status":"passed","title":"should include storage connectivity check","duration":13.609500000000025,"failureMessages":[],"location":{"line":69,"column":5},"meta":{}},{"ancestorTitles":["Health Check Endpoint","Detailed Health Check"],"fullName":"Health Check Endpoint Detailed Health Check should include cache status check","status":"passed","title":"should include cache status check","duration":16.137300000000323,"failureMessages":[],"location":{"line":78,"column":5},"meta":{}},{"ancestorTitles":["Health Check Endpoint","Health Status Degradation"],"fullName":"Health Check Endpoint Health Status Degradation should report degraded status when memory usage is high","status":"passed","title":"should report degraded status when memory usage is high","duration":21.913499999999658,"failureMessages":[],"location":{"line":89,"column":5},"meta":{}},{"ancestorTitles":["Health Check Endpoint","Health Status Degradation"],"fullName":"Health Check Endpoint Health Status Degradation should return 200 or 503 based on overall health","status":"passed","title":"should return 200 or 503 based on overall health","duration":25.315300000000207,"failureMessages":[],"location":{"line":108,"column":5},"meta":{}},{"ancestorTitles":["Health Check Endpoint","Performance"],"fullName":"Health Check Endpoint Performance should respond in less than 100ms","status":"passed","title":"should respond in less than 100ms","duration":20.276499999999942,"failureMessages":[],"location":{"line":120,"column":5},"meta":{}},{"ancestorTitles":["Health Check Endpoint","Performance"],"fullName":"Health Check Endpoint Performance should handle concurrent requests","status":"passed","title":"should handle concurrent requests","duration":538.5846999999999,"failureMessages":[],"location":{"line":128,"column":5},"meta":{}},{"ancestorTitles":["Health Check Endpoint","Response Headers"],"fullName":"Health Check Endpoint Response Headers should return JSON content type","status":"passed","title":"should return JSON content type","duration":23.739500000000135,"failureMessages":[],"location":{"line":143,"column":5},"meta":{}}],"startTime":1767327402463,"endTime":1767327403312.7395,"status":"passed","message":"","name":"C:/Users/Preston/git/toa-website/test/health-check.test.ts"},{"assertionResults":[{"ancestorTitles":["LatestShorts"],"fullName":"LatestShorts should display section title","status":"passed","title":"should display section title","duration":55.410399999999754,"failureMessages":[],"location":{"line":29,"column":3},"meta":{}},{"ancestorTitles":["LatestShorts"],"fullName":"LatestShorts should show configuration message when no channel ID provided","status":"passed","title":"should show configuration message when no channel ID provided","duration":10.27009999999973,"failureMessages":[],"location":{"line":34,"column":3},"meta":{}},{"ancestorTitles":["LatestShorts"],"fullName":"LatestShorts should render without crashing with channel ID","status":"passed","title":"should render without crashing with channel ID","duration":8.985699999999724,"failureMessages":[],"location":{"line":39,"column":3},"meta":{}}],"startTime":1767327404365,"endTime":1767327404439.9856,"status":"passed","message":"","name":"C:/Users/Preston/git/toa-website/test/latest-shorts.test.tsx"},{"assertionResults":[{"ancestorTitles":["MetricsCache","Basic Operations"],"fullName":"MetricsCache Basic Operations should store and retrieve values","status":"passed","title":"should store and retrieve values","duration":1.9998000000000502,"failureMessages":[],"location":{"line":14,"column":5},"meta":{}},{"ancestorTitles":["MetricsCache","Basic Operations"],"fullName":"MetricsCache Basic Operations should return undefined for non-existent keys","status":"passed","title":"should return undefined for non-existent keys","duration":0.5032999999998538,"failureMessages":[],"location":{"line":19,"column":5},"meta":{}},{"ancestorTitles":["MetricsCache","Basic Operations"],"fullName":"MetricsCache Basic Operations should delete values","status":"passed","title":"should delete values","duration":0.5721000000003187,"failureMessages":[],"location":{"line":23,"column":5},"meta":{}},{"ancestorTitles":["MetricsCache","Basic Operations"],"fullName":"MetricsCache Basic Operations should check if key exists","status":"passed","title":"should check if key exists","duration":0.315900000000056,"failureMessages":[],"location":{"line":29,"column":5},"meta":{}},{"ancestorTitles":["MetricsCache","Basic Operations"],"fullName":"MetricsCache Basic Operations should clear all entries","status":"passed","title":"should clear all entries","duration":0.3853999999996631,"failureMessages":[],"location":{"line":35,"column":5},"meta":{}},{"ancestorTitles":["MetricsCache","Basic Operations"],"fullName":"MetricsCache Basic Operations should return cache size","status":"passed","title":"should return cache size","duration":0.21709999999984575,"failureMessages":[],"location":{"line":42,"column":5},"meta":{}},{"ancestorTitles":["MetricsCache","TTL Expiration"],"fullName":"MetricsCache TTL Expiration should expire entries after TTL","status":"passed","title":"should expire entries after TTL","duration":151.3773000000001,"failureMessages":[],"location":{"line":50,"column":5},"meta":{}},{"ancestorTitles":["MetricsCache","TTL Expiration"],"fullName":"MetricsCache TTL Expiration should use default TTL","status":"passed","title":"should use default TTL","duration":151.7822000000001,"failureMessages":[],"location":{"line":60,"column":5},"meta":{}},{"ancestorTitles":["MetricsCache","TTL Expiration"],"fullName":"MetricsCache TTL Expiration should remove expired entries on has check","status":"passed","title":"should remove expired entries on has check","duration":151.06529999999975,"failureMessages":[],"location":{"line":71,"column":5},"meta":{}},{"ancestorTitles":["MetricsCache","TTL Expiration"],"fullName":"MetricsCache TTL Expiration should clean expired entries on size calculation","status":"passed","title":"should clean expired entries on size calculation","duration":153.37879999999996,"failureMessages":[],"location":{"line":81,"column":5},"meta":{}},{"ancestorTitles":["MetricsCache","Metrics Tracking"],"fullName":"MetricsCache Metrics Tracking should track cache hits","status":"passed","title":"should track cache hits","duration":0.524199999999837,"failureMessages":[],"location":{"line":94,"column":5},"meta":{}},{"ancestorTitles":["MetricsCache","Metrics Tracking"],"fullName":"MetricsCache Metrics Tracking should track cache misses","status":"passed","title":"should track cache misses","duration":0.3055999999996857,"failureMessages":[],"location":{"line":103,"column":5},"meta":{}},{"ancestorTitles":["MetricsCache","Metrics Tracking"],"fullName":"MetricsCache Metrics Tracking should track cache sets","status":"passed","title":"should track cache sets","duration":0.5578000000000429,"failureMessages":[],"location":{"line":111,"column":5},"meta":{}},{"ancestorTitles":["MetricsCache","Metrics Tracking"],"fullName":"MetricsCache Metrics Tracking should track cache deletes","status":"passed","title":"should track cache deletes","duration":0.7630000000003747,"failureMessages":[],"location":{"line":119,"column":5},"meta":{}},{"ancestorTitles":["MetricsCache","Metrics Tracking"],"fullName":"MetricsCache Metrics Tracking should track deletes on clear","status":"passed","title":"should track deletes on clear","duration":0.3433999999997468,"failureMessages":[],"location":{"line":127,"column":5},"meta":{}},{"ancestorTitles":["MetricsCache","Metrics Tracking"],"fullName":"MetricsCache Metrics Tracking should calculate cache hit rate","status":"passed","title":"should calculate cache hit rate","duration":0.4492000000000189,"failureMessages":[],"location":{"line":137,"column":5},"meta":{}},{"ancestorTitles":["MetricsCache","Metrics Tracking"],"fullName":"MetricsCache Metrics Tracking should track misses for expired entries","status":"passed","title":"should track misses for expired entries","duration":152.4386999999997,"failureMessages":[],"location":{"line":147,"column":5},"meta":{}},{"ancestorTitles":["MetricsCache","Data Types"],"fullName":"MetricsCache Data Types should handle strings","status":"passed","title":"should handle strings","duration":0.3811999999998079,"failureMessages":[],"location":{"line":161,"column":5},"meta":{}},{"ancestorTitles":["MetricsCache","Data Types"],"fullName":"MetricsCache Data Types should handle numbers","status":"passed","title":"should handle numbers","duration":0.21909999999979846,"failureMessages":[],"location":{"line":166,"column":5},"meta":{}},{"ancestorTitles":["MetricsCache","Data Types"],"fullName":"MetricsCache Data Types should handle objects","status":"passed","title":"should handle objects","duration":1.244499999999789,"failureMessages":[],"location":{"line":171,"column":5},"meta":{}},{"ancestorTitles":["MetricsCache","Data Types"],"fullName":"MetricsCache Data Types should handle arrays","status":"passed","title":"should handle arrays","duration":0.24239999999963402,"failureMessages":[],"location":{"line":177,"column":5},"meta":{}},{"ancestorTitles":["MetricsCache","Data Types"],"fullName":"MetricsCache Data Types should handle null and undefined","status":"passed","title":"should handle null and undefined","duration":0.29379999999991924,"failureMessages":[],"location":{"line":183,"column":5},"meta":{}},{"ancestorTitles":["MetricsCache","Edge Cases"],"fullName":"MetricsCache Edge Cases should handle rapid set/get operations","status":"passed","title":"should handle rapid set/get operations","duration":3.2127999999997883,"failureMessages":[],"location":{"line":192,"column":5},"meta":{}},{"ancestorTitles":["MetricsCache","Edge Cases"],"fullName":"MetricsCache Edge Cases should overwrite existing keys","status":"passed","title":"should overwrite existing keys","duration":0.23050000000012005,"failureMessages":[],"location":{"line":204,"column":5},"meta":{}},{"ancestorTitles":["MetricsCache","Edge Cases"],"fullName":"MetricsCache Edge Cases should handle very short TTL","status":"passed","title":"should handle very short TTL","duration":28.266999999999825,"failureMessages":[],"location":{"line":211,"column":5},"meta":{}},{"ancestorTitles":["MetricsCache","Edge Cases"],"fullName":"MetricsCache Edge Cases should handle very long TTL","status":"passed","title":"should handle very long TTL","duration":0.21630000000004657,"failureMessages":[],"location":{"line":221,"column":5},"meta":{}}],"startTime":1767327401985,"endTime":1767327402788.267,"status":"passed","message":"","name":"C:/Users/Preston/git/toa-website/test/metrics-cache.test.ts"},{"assertionResults":[{"ancestorTitles":["Monitoring & Metrics","Metrics Collection"],"fullName":"Monitoring & Metrics Metrics Collection should track successful API calls","status":"passed","title":"should track successful API calls","duration":40.107400000000325,"failureMessages":[],"location":{"line":31,"column":5},"meta":{}},{"ancestorTitles":["Monitoring & Metrics","Metrics Collection"],"fullName":"Monitoring & Metrics Metrics Collection should track error rates - SKIPPED: test isolation issue with async middleware","status":"skipped","title":"should track error rates - SKIPPED: test isolation issue with async middleware","failureMessages":[],"location":{"line":43,"column":10},"meta":{}},{"ancestorTitles":["Monitoring & Metrics","Metrics Collection"],"fullName":"Monitoring & Metrics Metrics Collection should calculate latency percentiles","status":"passed","title":"should calculate latency percentiles","duration":117.33829999999989,"failureMessages":[],"location":{"line":70,"column":5},"meta":{}},{"ancestorTitles":["Monitoring & Metrics","Metrics Collection"],"fullName":"Monitoring & Metrics Metrics Collection should track requests per second","status":"passed","title":"should track requests per second","duration":48.05470000000014,"failureMessages":[],"location":{"line":87,"column":5},"meta":{}},{"ancestorTitles":["Monitoring & Metrics","Metrics Collection"],"fullName":"Monitoring & Metrics Metrics Collection should track cache hit rate","status":"passed","title":"should track cache hit rate","duration":3.016900000000078,"failureMessages":[],"location":{"line":96,"column":5},"meta":{}},{"ancestorTitles":["Monitoring & Metrics","Metrics Collection"],"fullName":"Monitoring & Metrics Metrics Collection should track error types","status":"passed","title":"should track error types","duration":1.2309000000000196,"failureMessages":[],"location":{"line":108,"column":5},"meta":{}},{"ancestorTitles":["Monitoring & Metrics","Metrics Collection"],"fullName":"Monitoring & Metrics Metrics Collection should track uptime","status":"passed","title":"should track uptime","duration":102.48279999999977,"failureMessages":[],"location":{"line":119,"column":5},"meta":{}},{"ancestorTitles":["Monitoring & Metrics","Metrics Endpoint"],"fullName":"Monitoring & Metrics Metrics Endpoint should return metrics in JSON format","status":"passed","title":"should return metrics in JSON format","duration":13.738199999999779,"failureMessages":[],"location":{"line":131,"column":5},"meta":{}},{"ancestorTitles":["Monitoring & Metrics","Metrics Endpoint"],"fullName":"Monitoring & Metrics Metrics Endpoint should show cache metrics","status":"passed","title":"should show cache metrics","duration":7.577299999999923,"failureMessages":[],"location":{"line":144,"column":5},"meta":{}},{"ancestorTitles":["Monitoring & Metrics","Performance Tracking"],"fullName":"Monitoring & Metrics Performance Tracking should limit stored latency samples to 1000 per endpoint","status":"passed","title":"should limit stored latency samples to 1000 per endpoint","duration":6496.0359,"failureMessages":[],"location":{"line":159,"column":5},"meta":{}},{"ancestorTitles":["Monitoring & Metrics","Performance Tracking"],"fullName":"Monitoring & Metrics Performance Tracking should handle concurrent requests","status":"passed","title":"should handle concurrent requests","duration":32.01270000000113,"failureMessages":[],"location":{"line":171,"column":5},"meta":{}},{"ancestorTitles":["Monitoring & Metrics","Metrics Reset"],"fullName":"Monitoring & Metrics Metrics Reset should reset all metrics","status":"passed","title":"should reset all metrics","duration":6.193300000000818,"failureMessages":[],"location":{"line":187,"column":5},"meta":{}}],"startTime":1767327402327,"endTime":1767327409196.1934,"status":"passed","message":"","name":"C:/Users/Preston/git/toa-website/test/monitoring.test.ts"},{"assertionResults":[{"ancestorTitles":["Mutation Testing Demo","add function"],"fullName":"Mutation Testing Demo add function adds two positive numbers","status":"passed","title":"adds two positive numbers","duration":1.4425999999998567,"failureMessages":[],"location":{"line":20,"column":5},"meta":{}},{"ancestorTitles":["Mutation Testing Demo","add function"],"fullName":"Mutation Testing Demo add function adds negative numbers","status":"passed","title":"adds negative numbers","duration":0.2679000000002816,"failureMessages":[],"location":{"line":24,"column":5},"meta":{}},{"ancestorTitles":["Mutation Testing Demo","add function"],"fullName":"Mutation Testing Demo add function adds zero","status":"passed","title":"adds zero","duration":0.4345000000002983,"failureMessages":[],"location":{"line":28,"column":5},"meta":{}},{"ancestorTitles":["Mutation Testing Demo","add function"],"fullName":"Mutation Testing Demo add function is commutative","status":"passed","title":"is commutative","duration":0.19619999999986248,"failureMessages":[],"location":{"line":34,"column":5},"meta":{}},{"ancestorTitles":["Mutation Testing Demo","isEven function"],"fullName":"Mutation Testing Demo isEven function returns true for even numbers","status":"passed","title":"returns true for even numbers","duration":0.2829999999999018,"failureMessages":[],"location":{"line":40,"column":5},"meta":{}},{"ancestorTitles":["Mutation Testing Demo","isEven function"],"fullName":"Mutation Testing Demo isEven function returns false for odd numbers","status":"passed","title":"returns false for odd numbers","duration":0.34999999999990905,"failureMessages":[],"location":{"line":47,"column":5},"meta":{}},{"ancestorTitles":["Mutation Testing Demo","max function"],"fullName":"Mutation Testing Demo max function returns larger number when a > b","status":"passed","title":"returns larger number when a > b","duration":0.2112000000001899,"failureMessages":[],"location":{"line":55,"column":5},"meta":{}},{"ancestorTitles":["Mutation Testing Demo","max function"],"fullName":"Mutation Testing Demo max function returns larger number when b > a","status":"passed","title":"returns larger number when b > a","duration":0.18699999999989814,"failureMessages":[],"location":{"line":59,"column":5},"meta":{}},{"ancestorTitles":["Mutation Testing Demo","max function"],"fullName":"Mutation Testing Demo max function returns either when equal","status":"passed","title":"returns either when equal","duration":0.2446999999997388,"failureMessages":[],"location":{"line":63,"column":5},"meta":{}},{"ancestorTitles":["Mutation Testing Demo","max function"],"fullName":"Mutation Testing Demo max function handles negative numbers","status":"passed","title":"handles negative numbers","duration":0.22640000000001237,"failureMessages":[],"location":{"line":67,"column":5},"meta":{}},{"ancestorTitles":["Mutation Testing Demo","max function"],"fullName":"Mutation Testing Demo max function handles boundary correctly","status":"passed","title":"handles boundary correctly","duration":0.13799999999991996,"failureMessages":[],"location":{"line":72,"column":5},"meta":{}},{"ancestorTitles":["Mutation Testing Demo","greet function"],"fullName":"Mutation Testing Demo greet function greets by name when name provided","status":"passed","title":"greets by name when name provided","duration":0.11900000000014188,"failureMessages":[],"location":{"line":79,"column":5},"meta":{}},{"ancestorTitles":["Mutation Testing Demo","greet function"],"fullName":"Mutation Testing Demo greet function uses default greeting for null","status":"passed","title":"uses default greeting for null","duration":0.08320000000003347,"failureMessages":[],"location":{"line":83,"column":5},"meta":{}},{"ancestorTitles":["Mutation Testing Demo","greet function"],"fullName":"Mutation Testing Demo greet function uses default greeting for empty string","status":"passed","title":"uses default greeting for empty string","duration":0.12990000000036162,"failureMessages":[],"location":{"line":87,"column":5},"meta":{}},{"ancestorTitles":["Mutation Testing Demo","greet function"],"fullName":"Mutation Testing Demo greet function uses default greeting for whitespace","status":"passed","title":"uses default greeting for whitespace","duration":0.13590000000021973,"failureMessages":[],"location":{"line":91,"column":5},"meta":{}},{"ancestorTitles":["Mutation Testing Demo","greet function"],"fullName":"Mutation Testing Demo greet function trims whitespace from name","status":"passed","title":"trims whitespace from name","duration":0.1226000000001477,"failureMessages":[],"location":{"line":96,"column":5},"meta":{}},{"ancestorTitles":["Mutation Testing Demo","calculateDiscount function"],"fullName":"Mutation Testing Demo calculateDiscount function calculates 10% discount correctly","status":"passed","title":"calculates 10% discount correctly","duration":0.11770000000024083,"failureMessages":[],"location":{"line":102,"column":5},"meta":{}},{"ancestorTitles":["Mutation Testing Demo","calculateDiscount function"],"fullName":"Mutation Testing Demo calculateDiscount function calculates 50% discount correctly","status":"passed","title":"calculates 50% discount correctly","duration":0.08570000000008804,"failureMessages":[],"location":{"line":106,"column":5},"meta":{}},{"ancestorTitles":["Mutation Testing Demo","calculateDiscount function"],"fullName":"Mutation Testing Demo calculateDiscount function handles 0% discount","status":"passed","title":"handles 0% discount","duration":0.07110000000011496,"failureMessages":[],"location":{"line":110,"column":5},"meta":{}},{"ancestorTitles":["Mutation Testing Demo","calculateDiscount function"],"fullName":"Mutation Testing Demo calculateDiscount function handles 100% discount","status":"passed","title":"handles 100% discount","duration":0.08150000000023283,"failureMessages":[],"location":{"line":114,"column":5},"meta":{}},{"ancestorTitles":["Mutation Testing Demo","calculateDiscount function"],"fullName":"Mutation Testing Demo calculateDiscount function throws for negative discount","status":"passed","title":"throws for negative discount","duration":0.7059999999996762,"failureMessages":[],"location":{"line":118,"column":5},"meta":{}},{"ancestorTitles":["Mutation Testing Demo","calculateDiscount function"],"fullName":"Mutation Testing Demo calculateDiscount function throws for discount over 100","status":"passed","title":"throws for discount over 100","duration":0.17859999999973297,"failureMessages":[],"location":{"line":122,"column":5},"meta":{}},{"ancestorTitles":["Mutation Testing Demo","calculateDiscount function"],"fullName":"Mutation Testing Demo calculateDiscount function handles boundary values","status":"passed","title":"handles boundary values","duration":0.23070000000006985,"failureMessages":[],"location":{"line":127,"column":5},"meta":{}},{"ancestorTitles":["Mutation Testing Demo","calculateDiscount function"],"fullName":"Mutation Testing Demo calculateDiscount function discount amount is proportional to price","status":"passed","title":"discount amount is proportional to price","duration":0.0862000000001899,"failureMessages":[],"location":{"line":133,"column":5},"meta":{}},{"ancestorTitles":["Mutation Testing Demo","isPalindrome function"],"fullName":"Mutation Testing Demo isPalindrome function returns true for palindromes","status":"passed","title":"returns true for palindromes","duration":0.18830000000025393,"failureMessages":[],"location":{"line":141,"column":5},"meta":{}},{"ancestorTitles":["Mutation Testing Demo","isPalindrome function"],"fullName":"Mutation Testing Demo isPalindrome function returns false for non-palindromes","status":"passed","title":"returns false for non-palindromes","duration":0.0963000000001557,"failureMessages":[],"location":{"line":146,"column":5},"meta":{}},{"ancestorTitles":["Mutation Testing Demo","isPalindrome function"],"fullName":"Mutation Testing Demo isPalindrome function handles empty string","status":"passed","title":"handles empty string","duration":0.08249999999998181,"failureMessages":[],"location":{"line":151,"column":5},"meta":{}},{"ancestorTitles":["Mutation Testing Demo","isPalindrome function"],"fullName":"Mutation Testing Demo isPalindrome function handles single character","status":"passed","title":"handles single character","duration":0.08910000000014406,"failureMessages":[],"location":{"line":155,"column":5},"meta":{}},{"ancestorTitles":["Mutation Testing Demo","isPalindrome function"],"fullName":"Mutation Testing Demo isPalindrome function is case insensitive","status":"passed","title":"is case insensitive","duration":0.07989999999972497,"failureMessages":[],"location":{"line":159,"column":5},"meta":{}},{"ancestorTitles":["Mutation Testing Demo","isPalindrome function"],"fullName":"Mutation Testing Demo isPalindrome function ignores non-alphanumeric characters","status":"passed","title":"ignores non-alphanumeric characters","duration":0.07359999999971478,"failureMessages":[],"location":{"line":163,"column":5},"meta":{}}],"startTime":1767327406576,"endTime":1767327406584.0962,"status":"passed","message":"","name":"C:/Users/Preston/git/toa-website/test/mutation-demo.test.ts"},{"assertionResults":[{"ancestorTitles":["PrintfulShop"],"fullName":"PrintfulShop should render without crashing","status":"passed","title":"should render without crashing","duration":57.01859999999988,"failureMessages":[],"location":{"line":30,"column":3},"meta":{}},{"ancestorTitles":["PrintfulShop"],"fullName":"PrintfulShop should render with enableCheckout prop","status":"passed","title":"should render with enableCheckout prop","duration":14.089199999999892,"failureMessages":[],"location":{"line":35,"column":3},"meta":{}}],"startTime":1767327404783,"endTime":1767327404854.089,"status":"passed","message":"","name":"C:/Users/Preston/git/toa-website/test/printful-shop.test.tsx"},{"assertionResults":[{"ancestorTitles":["API Routes","GET /api/metrics"],"fullName":"API Routes GET /api/metrics should return application metrics","status":"passed","title":"should return application metrics","duration":50.16619999999966,"failureMessages":[],"location":{"line":69,"column":5},"meta":{}},{"ancestorTitles":["API Routes","GET /api/youtube/playlist/:playlistId"],"fullName":"API Routes GET /api/youtube/playlist/:playlistId should return playlist videos with valid playlist ID","status":"passed","title":"should return playlist videos with valid playlist ID","duration":13.996699999999691,"failureMessages":[],"location":{"line":84,"column":5},"meta":{}},{"ancestorTitles":["API Routes","GET /api/youtube/playlist/:playlistId"],"fullName":"API Routes GET /api/youtube/playlist/:playlistId should reject invalid playlist ID format","status":"passed","title":"should reject invalid playlist ID format","duration":10.287900000000263,"failureMessages":[],"location":{"line":94,"column":5},"meta":{}},{"ancestorTitles":["API Routes","GET /api/youtube/playlist/:playlistId"],"fullName":"API Routes GET /api/youtube/playlist/:playlistId should validate maxResults parameter","status":"passed","title":"should validate maxResults parameter","duration":15.3128999999999,"failureMessages":[],"location":{"line":103,"column":5},"meta":{}},{"ancestorTitles":["API Routes","GET /api/youtube/playlist/:playlistId"],"fullName":"API Routes GET /api/youtube/playlist/:playlistId should accept valid maxResults parameter","status":"passed","title":"should accept valid maxResults parameter","duration":7.956199999999626,"failureMessages":[],"location":{"line":111,"column":5},"meta":{}},{"ancestorTitles":["API Routes","POST /api/podcast/feed"],"fullName":"API Routes POST /api/podcast/feed should return podcast episodes with valid feed URL","status":"passed","title":"should return podcast episodes with valid feed URL","duration":44.46439999999984,"failureMessages":[],"location":{"line":119,"column":5},"meta":{}},{"ancestorTitles":["API Routes","POST /api/podcast/feed"],"fullName":"API Routes POST /api/podcast/feed should reject missing feedUrl","status":"passed","title":"should reject missing feedUrl","duration":8.553499999999985,"failureMessages":[],"location":{"line":129,"column":5},"meta":{}},{"ancestorTitles":["API Routes","POST /api/podcast/feed"],"fullName":"API Routes POST /api/podcast/feed should reject localhost URLs (SSRF protection)","status":"passed","title":"should reject localhost URLs (SSRF protection)","duration":10.698999999999614,"failureMessages":[],"location":{"line":138,"column":5},"meta":{}},{"ancestorTitles":["API Routes","POST /api/podcast/feed"],"fullName":"API Routes POST /api/podcast/feed should reject private IP addresses (SSRF protection)","status":"passed","title":"should reject private IP addresses (SSRF protection)","duration":11.543099999999868,"failureMessages":[],"location":{"line":147,"column":5},"meta":{}},{"ancestorTitles":["API Routes","POST /api/podcast/feed"],"fullName":"API Routes POST /api/podcast/feed should validate limit parameter","status":"passed","title":"should validate limit parameter","duration":13.407800000000861,"failureMessages":[],"location":{"line":156,"column":5},"meta":{}},{"ancestorTitles":["API Routes","GET /api/podcast/audio-proxy"],"fullName":"API Routes GET /api/podcast/audio-proxy should reject missing URL parameter","status":"passed","title":"should reject missing URL parameter","duration":8.35069999999996,"failureMessages":[],"location":{"line":167,"column":5},"meta":{}},{"ancestorTitles":["API Routes","GET /api/podcast/audio-proxy"],"fullName":"API Routes GET /api/podcast/audio-proxy should reject unauthorized domains","status":"passed","title":"should reject unauthorized domains","duration":11.174799999999777,"failureMessages":[],"location":{"line":175,"column":5},"meta":{}},{"ancestorTitles":["API Routes","GET /api/podcast/audio-proxy"],"fullName":"API Routes GET /api/podcast/audio-proxy should reject localhost URLs","status":"passed","title":"should reject localhost URLs","duration":18.926300000000083,"failureMessages":[],"location":{"line":183,"column":5},"meta":{}},{"ancestorTitles":["API Routes","GET /api/etsy/shop/:shopId/listings"],"fullName":"API Routes GET /api/etsy/shop/:shopId/listings should return shop listings with valid shop ID","status":"passed","title":"should return shop listings with valid shop ID","duration":14.965099999999438,"failureMessages":[],"location":{"line":193,"column":5},"meta":{}},{"ancestorTitles":["API Routes","GET /api/etsy/shop/:shopId/listings"],"fullName":"API Routes GET /api/etsy/shop/:shopId/listings should reject invalid shop ID format","status":"passed","title":"should reject invalid shop ID format","duration":8.103699999999662,"failureMessages":[],"location":{"line":201,"column":5},"meta":{}},{"ancestorTitles":["API Routes","GET /api/etsy/shop/:shopId/listings"],"fullName":"API Routes GET /api/etsy/shop/:shopId/listings should validate limit parameter","status":"passed","title":"should validate limit parameter","duration":6.25,"failureMessages":[],"location":{"line":209,"column":5},"meta":{}},{"ancestorTitles":["API Routes","GET /api/etsy/shop/:shopId/listings"],"fullName":"API Routes GET /api/etsy/shop/:shopId/listings should handle errors from Etsy API","status":"passed","title":"should handle errors from Etsy API","duration":18.154900000000453,"failureMessages":[],"location":{"line":217,"column":5},"meta":{}},{"ancestorTitles":["API Routes","GET /api/dndbeyond/character/:characterId"],"fullName":"API Routes GET /api/dndbeyond/character/:characterId should return character data with valid character ID","status":"passed","title":"should return character data with valid character ID","duration":11.690599999999904,"failureMessages":[],"location":{"line":230,"column":5},"meta":{}},{"ancestorTitles":["API Routes","GET /api/dndbeyond/character/:characterId"],"fullName":"API Routes GET /api/dndbeyond/character/:characterId should reject invalid character ID format","status":"passed","title":"should reject invalid character ID format","duration":7.1073999999998705,"failureMessages":[],"location":{"line":240,"column":5},"meta":{}},{"ancestorTitles":["API Routes","GET /api/dndbeyond/character/:characterId"],"fullName":"API Routes GET /api/dndbeyond/character/:characterId should reject non-numeric character IDs","status":"passed","title":"should reject non-numeric character IDs","duration":7.490499999999884,"failureMessages":[],"location":{"line":248,"column":5},"meta":{}},{"ancestorTitles":["API Routes","GET /api/dndbeyond/character/:characterId"],"fullName":"API Routes GET /api/dndbeyond/character/:characterId should handle errors from D&D Beyond API","status":"passed","title":"should handle errors from D&D Beyond API","duration":8.350899999999456,"failureMessages":[],"location":{"line":256,"column":5},"meta":{}},{"ancestorTitles":["API Routes","Error Handling and Security"],"fullName":"API Routes Error Handling and Security should handle API errors gracefully","status":"passed","title":"should handle API errors gracefully","duration":8.3757999999998,"failureMessages":[],"location":{"line":269,"column":5},"meta":{}},{"ancestorTitles":["API Routes","Error Handling and Security"],"fullName":"API Routes Error Handling and Security should not leak internal error details in production","status":"passed","title":"should not leak internal error details in production","duration":10.169799999999668,"failureMessages":[],"location":{"line":281,"column":5},"meta":{}},{"ancestorTitles":["API Routes","Error Handling and Security"],"fullName":"API Routes Error Handling and Security should log errors without exposing sensitive data","status":"passed","title":"should log errors without exposing sensitive data","duration":10.069000000000415,"failureMessages":[],"location":{"line":302,"column":5},"meta":{}},{"ancestorTitles":["API Routes","Error Handling and Security"],"fullName":"API Routes Error Handling and Security should return 400 for malformed JSON in request body","status":"passed","title":"should return 400 for malformed JSON in request body","duration":8.978000000000065,"failureMessages":[],"location":{"line":321,"column":5},"meta":{}},{"ancestorTitles":["API Routes","Error Handling and Security"],"fullName":"API Routes Error Handling and Security should handle missing required fields in POST requests","status":"passed","title":"should handle missing required fields in POST requests","duration":7.890900000000329,"failureMessages":[],"location":{"line":332,"column":5},"meta":{}},{"ancestorTitles":["API Routes","Error Handling and Security"],"fullName":"API Routes Error Handling and Security should validate content-type for POST requests","status":"passed","title":"should validate content-type for POST requests","duration":7.8047999999998865,"failureMessages":[],"location":{"line":342,"column":5},"meta":{}},{"ancestorTitles":["API Routes","Error Handling and Security"],"fullName":"API Routes Error Handling and Security should handle very long URLs gracefully","status":"passed","title":"should handle very long URLs gracefully","duration":8.4367000000002,"failureMessages":[],"location":{"line":352,"column":5},"meta":{}},{"ancestorTitles":["API Routes","Error Handling and Security"],"fullName":"API Routes Error Handling and Security should handle special characters in parameters safely","status":"passed","title":"should handle special characters in parameters safely","duration":7.314300000000003,"failureMessages":[],"location":{"line":363,"column":5},"meta":{}},{"ancestorTitles":["API Routes","Error Handling and Security"],"fullName":"API Routes Error Handling and Security should handle null bytes in input","status":"passed","title":"should handle null bytes in input","duration":11.563200000000506,"failureMessages":[],"location":{"line":372,"column":5},"meta":{}},{"ancestorTitles":["API Routes","Error Handling and Security"],"fullName":"API Routes Error Handling and Security should rate limit excessive requests (if implemented)","status":"passed","title":"should rate limit excessive requests (if implemented)","duration":85.03450000000066,"failureMessages":[],"location":{"line":380,"column":5},"meta":{}},{"ancestorTitles":["API Routes","Error Handling and Security"],"fullName":"API Routes Error Handling and Security should handle concurrent requests to same resource","status":"passed","title":"should handle concurrent requests to same resource","duration":30.325600000000122,"failureMessages":[],"location":{"line":393,"column":5},"meta":{}},{"ancestorTitles":["API Routes","Error Handling and Security"],"fullName":"API Routes Error Handling and Security should set appropriate security headers","status":"passed","title":"should set appropriate security headers","duration":11.601299999999355,"failureMessages":[],"location":{"line":407,"column":5},"meta":{}},{"ancestorTitles":["API Routes","Error Handling and Security"],"fullName":"API Routes Error Handling and Security should handle timeout scenarios gracefully","status":"passed","title":"should handle timeout scenarios gracefully","duration":126.01810000000023,"failureMessages":[],"location":{"line":417,"column":5},"meta":{}}],"startTime":1767327404539,"endTime":1767327405181.018,"status":"passed","message":"","name":"C:/Users/Preston/git/toa-website/test/routes.test.ts"},{"assertionResults":[{"ancestorTitles":["Security - Input Validation","validateUrl"],"fullName":"Security - Input Validation validateUrl should accept valid HTTPS URLs","status":"passed","title":"should accept valid HTTPS URLs","duration":5.5560999999997875,"failureMessages":[],"location":{"line":6,"column":5},"meta":{}},{"ancestorTitles":["Security - Input Validation","validateUrl"],"fullName":"Security - Input Validation validateUrl should accept valid HTTP URLs","status":"passed","title":"should accept valid HTTP URLs","duration":1.0931000000000495,"failureMessages":[],"location":{"line":11,"column":5},"meta":{}},{"ancestorTitles":["Security - Input Validation","validateUrl"],"fullName":"Security - Input Validation validateUrl should reject URLs without protocol","status":"passed","title":"should reject URLs without protocol","duration":0.5534000000002379,"failureMessages":[],"location":{"line":16,"column":5},"meta":{}},{"ancestorTitles":["Security - Input Validation","validateUrl"],"fullName":"Security - Input Validation validateUrl should reject localhost URLs","status":"passed","title":"should reject localhost URLs","duration":0.5372000000002117,"failureMessages":[],"location":{"line":22,"column":5},"meta":{}},{"ancestorTitles":["Security - Input Validation","validateUrl"],"fullName":"Security - Input Validation validateUrl should reject 127.0.0.1 URLs","status":"passed","title":"should reject 127.0.0.1 URLs","duration":0.4724999999998545,"failureMessages":[],"location":{"line":28,"column":5},"meta":{}},{"ancestorTitles":["Security - Input Validation","validateUrl"],"fullName":"Security - Input Validation validateUrl should reject private IP addresses (10.x.x.x)","status":"passed","title":"should reject private IP addresses (10.x.x.x)","duration":0.375,"failureMessages":[],"location":{"line":34,"column":5},"meta":{}},{"ancestorTitles":["Security - Input Validation","validateUrl"],"fullName":"Security - Input Validation validateUrl should reject private IP addresses (192.168.x.x)","status":"passed","title":"should reject private IP addresses (192.168.x.x)","duration":0.25480000000015934,"failureMessages":[],"location":{"line":40,"column":5},"meta":{}},{"ancestorTitles":["Security - Input Validation","validateUrl"],"fullName":"Security - Input Validation validateUrl should reject private IP addresses (172.16-31.x.x)","status":"passed","title":"should reject private IP addresses (172.16-31.x.x)","duration":0.30649999999968713,"failureMessages":[],"location":{"line":46,"column":5},"meta":{}},{"ancestorTitles":["Security - Input Validation","validateUrl"],"fullName":"Security - Input Validation validateUrl should reject AWS metadata service IP","status":"passed","title":"should reject AWS metadata service IP","duration":0.35869999999977153,"failureMessages":[],"location":{"line":52,"column":5},"meta":{}},{"ancestorTitles":["Security - Input Validation","validateUrl"],"fullName":"Security - Input Validation validateUrl should reject malformed URLs","status":"passed","title":"should reject malformed URLs","duration":0.27480000000014115,"failureMessages":[],"location":{"line":58,"column":5},"meta":{}},{"ancestorTitles":["Security - Input Validation","validateNumber"],"fullName":"Security - Input Validation validateNumber should accept valid numbers within range","status":"passed","title":"should accept valid numbers within range","duration":0.41010000000005675,"failureMessages":[],"location":{"line":66,"column":5},"meta":{}},{"ancestorTitles":["Security - Input Validation","validateNumber"],"fullName":"Security - Input Validation validateNumber should accept minimum value","status":"passed","title":"should accept minimum value","duration":0.2559000000001106,"failureMessages":[],"location":{"line":72,"column":5},"meta":{}},{"ancestorTitles":["Security - Input Validation","validateNumber"],"fullName":"Security - Input Validation validateNumber should accept maximum value","status":"passed","title":"should accept maximum value","duration":0.20730000000003201,"failureMessages":[],"location":{"line":78,"column":5},"meta":{}},{"ancestorTitles":["Security - Input Validation","validateNumber"],"fullName":"Security - Input Validation validateNumber should reject numbers below minimum","status":"passed","title":"should reject numbers below minimum","duration":0.2966999999998734,"failureMessages":[],"location":{"line":84,"column":5},"meta":{}},{"ancestorTitles":["Security - Input Validation","validateNumber"],"fullName":"Security - Input Validation validateNumber should reject numbers above maximum","status":"passed","title":"should reject numbers above maximum","duration":0.3148999999998523,"failureMessages":[],"location":{"line":90,"column":5},"meta":{}},{"ancestorTitles":["Security - Input Validation","validateNumber"],"fullName":"Security - Input Validation validateNumber should reject non-numeric strings","status":"passed","title":"should reject non-numeric strings","duration":0.20879999999988286,"failureMessages":[],"location":{"line":96,"column":5},"meta":{}},{"ancestorTitles":["Security - Input Validation","validateNumber"],"fullName":"Security - Input Validation validateNumber should reject empty strings","status":"passed","title":"should reject empty strings","duration":0.1898999999998523,"failureMessages":[],"location":{"line":102,"column":5},"meta":{}},{"ancestorTitles":["Security - Input Validation","validateString"],"fullName":"Security - Input Validation validateString should accept valid strings","status":"passed","title":"should accept valid strings","duration":0.472700000000259,"failureMessages":[],"location":{"line":110,"column":5},"meta":{}},{"ancestorTitles":["Security - Input Validation","validateString"],"fullName":"Security - Input Validation validateString should trim whitespace","status":"passed","title":"should trim whitespace","duration":0.43879999999990105,"failureMessages":[],"location":{"line":116,"column":5},"meta":{}},{"ancestorTitles":["Security - Input Validation","validateString"],"fullName":"Security - Input Validation validateString should reject empty strings","status":"passed","title":"should reject empty strings","duration":0.1912000000002081,"failureMessages":[],"location":{"line":122,"column":5},"meta":{}},{"ancestorTitles":["Security - Input Validation","validateString"],"fullName":"Security - Input Validation validateString should reject non-string inputs","status":"passed","title":"should reject non-string inputs","duration":0.17630000000008295,"failureMessages":[],"location":{"line":128,"column":5},"meta":{}},{"ancestorTitles":["Security - Input Validation","validateString"],"fullName":"Security - Input Validation validateString should reject strings exceeding max length","status":"passed","title":"should reject strings exceeding max length","duration":0.20400000000017826,"failureMessages":[],"location":{"line":134,"column":5},"meta":{}},{"ancestorTitles":["Security - Input Validation","validateString"],"fullName":"Security - Input Validation validateString should escape HTML characters","status":"passed","title":"should escape HTML characters","duration":0.24510000000009313,"failureMessages":[],"location":{"line":141,"column":5},"meta":{}}],"startTime":1767327406667,"endTime":1767327406681.245,"status":"passed","message":"","name":"C:/Users/Preston/git/toa-website/test/security.test.ts"},{"assertionResults":[{"ancestorTitles":["SEO Component"],"fullName":"SEO Component should render meta tags with provided props","status":"passed","title":"should render meta tags with provided props","duration":26.62689999999975,"failureMessages":[],"location":{"line":6,"column":3},"meta":{}},{"ancestorTitles":["SEO Component"],"fullName":"SEO Component should render Open Graph meta tags","status":"passed","title":"should render Open Graph meta tags","duration":3.5158000000001266,"failureMessages":[],"location":{"line":29,"column":3},"meta":{}},{"ancestorTitles":["SEO Component"],"fullName":"SEO Component should render Twitter Card meta tags","status":"passed","title":"should render Twitter Card meta tags","duration":3.2100000000000364,"failureMessages":[],"location":{"line":49,"column":3},"meta":{}},{"ancestorTitles":["SEO Component"],"fullName":"SEO Component should handle JSON-LD structured data","status":"passed","title":"should handle JSON-LD structured data","duration":2.9615999999996347,"failureMessages":[],"location":{"line":63,"column":3},"meta":{}}],"startTime":1767327405304,"endTime":1767327405339.9617,"status":"passed","message":"","name":"C:/Users/Preston/git/toa-website/test/seo.test.tsx"},{"assertionResults":[{"ancestorTitles":["Sponsors Page"],"fullName":"Sponsors Page should render the sponsors page with all sections","status":"passed","title":"should render the sponsors page with all sections","duration":158.35980000000018,"failureMessages":[],"location":{"line":21,"column":3},"meta":{}},{"ancestorTitles":["Sponsors Page"],"fullName":"Sponsors Page should display \"Become Our First Sponsor\" when no sponsors exist","status":"passed","title":"should display \"Become Our First Sponsor\" when no sponsors exist","duration":94.0654999999997,"failureMessages":[],"location":{"line":32,"column":3},"meta":{}},{"ancestorTitles":["Sponsors Page"],"fullName":"Sponsors Page should render all three sponsorship tiers","status":"passed","title":"should render all three sponsorship tiers","duration":41.89519999999993,"failureMessages":[],"location":{"line":42,"column":3},"meta":{}},{"ancestorTitles":["Sponsors Page"],"fullName":"Sponsors Page should render community metrics section","status":"passed","title":"should render community metrics section","duration":69.22780000000012,"failureMessages":[],"location":{"line":54,"column":3},"meta":{}},{"ancestorTitles":["Sponsors Page"],"fullName":"Sponsors Page should open mailto link when \"Become Sponsor\" button is clicked","status":"passed","title":"should open mailto link when \"Become Sponsor\" button is clicked","duration":38.52689999999984,"failureMessages":[],"location":{"line":67,"column":3},"meta":{}},{"ancestorTitles":["Sponsors Page"],"fullName":"Sponsors Page should open mailto link when main CTA button is clicked","status":"passed","title":"should open mailto link when main CTA button is clicked","duration":34.31759999999986,"failureMessages":[],"location":{"line":82,"column":3},"meta":{}},{"ancestorTitles":["Sponsors Page"],"fullName":"Sponsors Page should open mailto with tier-specific content when tier inquiry button is clicked","status":"passed","title":"should open mailto with tier-specific content when tier inquiry button is clicked","duration":44.64170000000013,"failureMessages":[],"location":{"line":96,"column":3},"meta":{}},{"ancestorTitles":["Sponsors Page"],"fullName":"Sponsors Page should navigate to press kit when press kit button is clicked","status":"passed","title":"should navigate to press kit when press kit button is clicked","duration":26.76200000000017,"failureMessages":[],"location":{"line":110,"column":3},"meta":{}},{"ancestorTitles":["Sponsors Page"],"fullName":"Sponsors Page should render all sponsorship tier benefits","status":"passed","title":"should render all sponsorship tier benefits","duration":51.828700000000026,"failureMessages":[],"location":{"line":123,"column":3},"meta":{}},{"ancestorTitles":["Sponsors Page"],"fullName":"Sponsors Page should display \"Why Partner With Us\" section","status":"passed","title":"should display \"Why Partner With Us\" section","duration":44.9961000000003,"failureMessages":[],"location":{"line":141,"column":3},"meta":{}},{"ancestorTitles":["Sponsors Page"],"fullName":"Sponsors Page should display target audience section","status":"passed","title":"should display target audience section","duration":39.67439999999988,"failureMessages":[],"location":{"line":155,"column":3},"meta":{}},{"ancestorTitles":["Sponsors Page"],"fullName":"Sponsors Page should have proper SEO metadata","status":"passed","title":"should have proper SEO metadata","duration":30.889599999999973,"failureMessages":[],"location":{"line":168,"column":3},"meta":{}},{"ancestorTitles":["Sponsors Page"],"fullName":"Sponsors Page should encode email subject and body properly","status":"passed","title":"should encode email subject and body properly","duration":37.20080000000007,"failureMessages":[],"location":{"line":179,"column":3},"meta":{}}],"startTime":1767327402419,"endTime":1767327403132.2007,"status":"passed","message":"","name":"C:/Users/Preston/git/toa-website/test/sponsors.test.tsx"},{"assertionResults":[{"ancestorTitles":["Structured Data Snapshot Tests","Organization Schema"],"fullName":"Structured Data Snapshot Tests Organization Schema generates valid organization schema","status":"passed","title":"generates valid organization schema","duration":4.594200000000001,"failureMessages":[],"location":{"line":20,"column":5},"meta":{}},{"ancestorTitles":["Structured Data Snapshot Tests","Organization Schema"],"fullName":"Structured Data Snapshot Tests Organization Schema includes all social media links","status":"passed","title":"includes all social media links","duration":1.3272000000001754,"failureMessages":[],"location":{"line":33,"column":5},"meta":{}},{"ancestorTitles":["Structured Data Snapshot Tests","Organization Schema"],"fullName":"Structured Data Snapshot Tests Organization Schema includes contact information","status":"passed","title":"includes contact information","duration":0.824800000000323,"failureMessages":[],"location":{"line":48,"column":5},"meta":{}},{"ancestorTitles":["Structured Data Snapshot Tests","WebSite Schema"],"fullName":"Structured Data Snapshot Tests WebSite Schema generates valid website schema","status":"passed","title":"generates valid website schema","duration":0.8125,"failureMessages":[],"location":{"line":60,"column":5},"meta":{}},{"ancestorTitles":["Structured Data Snapshot Tests","WebSite Schema"],"fullName":"Structured Data Snapshot Tests WebSite Schema includes search action","status":"passed","title":"includes search action","duration":1.103399999999965,"failureMessages":[],"location":{"line":71,"column":5},"meta":{}},{"ancestorTitles":["Structured Data Snapshot Tests","WebSite Schema"],"fullName":"Structured Data Snapshot Tests WebSite Schema includes publisher information","status":"passed","title":"includes publisher information","duration":0.5540999999998348,"failureMessages":[],"location":{"line":81,"column":5},"meta":{}},{"ancestorTitles":["Structured Data Snapshot Tests","Breadcrumb Schema"],"fullName":"Structured Data Snapshot Tests Breadcrumb Schema generates breadcrumb for homepage","status":"passed","title":"generates breadcrumb for homepage","duration":3.496399999999994,"failureMessages":[],"location":{"line":93,"column":5},"meta":{}},{"ancestorTitles":["Structured Data Snapshot Tests","Breadcrumb Schema"],"fullName":"Structured Data Snapshot Tests Breadcrumb Schema generates breadcrumb for nested pages","status":"passed","title":"generates breadcrumb for nested pages","duration":1.416400000000067,"failureMessages":[],"location":{"line":105,"column":5},"meta":{}},{"ancestorTitles":["Structured Data Snapshot Tests","Breadcrumb Schema"],"fullName":"Structured Data Snapshot Tests Breadcrumb Schema handles empty breadcrumb","status":"passed","title":"handles empty breadcrumb","duration":0.8405999999999949,"failureMessages":[],"location":{"line":124,"column":5},"meta":{}},{"ancestorTitles":["Structured Data Snapshot Tests","Video Schema"],"fullName":"Structured Data Snapshot Tests Video Schema generates complete video schema","status":"passed","title":"generates complete video schema","duration":1.590900000000147,"failureMessages":[],"location":{"line":133,"column":5},"meta":{}},{"ancestorTitles":["Structured Data Snapshot Tests","Video Schema"],"fullName":"Structured Data Snapshot Tests Video Schema generates video schema with minimal data","status":"passed","title":"generates video schema with minimal data","duration":0.9074000000000524,"failureMessages":[],"location":{"line":153,"column":5},"meta":{}},{"ancestorTitles":["Structured Data Snapshot Tests","Video Schema"],"fullName":"Structured Data Snapshot Tests Video Schema includes publisher information","status":"passed","title":"includes publisher information","duration":0.6142999999997301,"failureMessages":[],"location":{"line":168,"column":5},"meta":{}},{"ancestorTitles":["Structured Data Snapshot Tests","Person Schema"],"fullName":"Structured Data Snapshot Tests Person Schema generates complete person schema","status":"passed","title":"generates complete person schema","duration":0.6658999999999651,"failureMessages":[],"location":{"line":187,"column":5},"meta":{}},{"ancestorTitles":["Structured Data Snapshot Tests","Person Schema"],"fullName":"Structured Data Snapshot Tests Person Schema generates person schema with minimal data","status":"passed","title":"generates person schema with minimal data","duration":0.6155999999996311,"failureMessages":[],"location":{"line":207,"column":5},"meta":{}},{"ancestorTitles":["Structured Data Snapshot Tests","Person Schema"],"fullName":"Structured Data Snapshot Tests Person Schema includes organization membership","status":"passed","title":"includes organization membership","duration":0.4636000000000422,"failureMessages":[],"location":{"line":220,"column":5},"meta":{}},{"ancestorTitles":["Structured Data Snapshot Tests","CreativeWork Schema"],"fullName":"Structured Data Snapshot Tests CreativeWork Schema generates character creative work schema","status":"passed","title":"generates character creative work schema","duration":0.47990000000027067,"failureMessages":[],"location":{"line":236,"column":5},"meta":{}},{"ancestorTitles":["Structured Data Snapshot Tests","CreativeWork Schema"],"fullName":"Structured Data Snapshot Tests CreativeWork Schema includes genre information","status":"passed","title":"includes genre information","duration":0.9241000000001804,"failureMessages":[],"location":{"line":253,"column":5},"meta":{}},{"ancestorTitles":["Structured Data Snapshot Tests","CreativeWork Schema"],"fullName":"Structured Data Snapshot Tests CreativeWork Schema links to creative work series","status":"passed","title":"links to creative work series","duration":0.38719999999966603,"failureMessages":[],"location":{"line":270,"column":5},"meta":{}},{"ancestorTitles":["Structured Data Snapshot Tests","CreativeWork Schema"],"fullName":"Structured Data Snapshot Tests CreativeWork Schema handles missing image","status":"passed","title":"handles missing image","duration":0.41010000000005675,"failureMessages":[],"location":{"line":286,"column":5},"meta":{}},{"ancestorTitles":["Structured Data Snapshot Tests","Schema.org Compliance"],"fullName":"Structured Data Snapshot Tests Schema.org Compliance all schemas have @context","status":"passed","title":"all schemas have @context","duration":0.49060000000008586,"failureMessages":[],"location":{"line":301,"column":5},"meta":{}},{"ancestorTitles":["Structured Data Snapshot Tests","Schema.org Compliance"],"fullName":"Structured Data Snapshot Tests Schema.org Compliance all schemas have @type","status":"passed","title":"all schemas have @type","duration":0.5101999999997133,"failureMessages":[],"location":{"line":325,"column":5},"meta":{}},{"ancestorTitles":["Structured Data Snapshot Tests","Schema.org Compliance"],"fullName":"Structured Data Snapshot Tests Schema.org Compliance schemas are valid JSON","status":"passed","title":"schemas are valid JSON","duration":2.7584999999999127,"failureMessages":[],"location":{"line":355,"column":5},"meta":{}}],"startTime":1767327405709,"endTime":1767327405736.7585,"status":"passed","message":"","name":"C:/Users/Preston/git/toa-website/test/structured-data.snapshot.test.ts"},{"assertionResults":[{"ancestorTitles":["YouTube API Integration Tests","API Error Handling"],"fullName":"YouTube API Integration Tests API Error Handling should handle 429 rate limit errors","status":"passed","title":"should handle 429 rate limit errors","duration":2.8227999999999156,"failureMessages":[],"location":{"line":27,"column":5},"meta":{}},{"ancestorTitles":["YouTube API Integration Tests","API Error Handling"],"fullName":"YouTube API Integration Tests API Error Handling should handle 403 forbidden errors","status":"passed","title":"should handle 403 forbidden errors","duration":0.8320999999996275,"failureMessages":[],"location":{"line":54,"column":5},"meta":{}},{"ancestorTitles":["YouTube API Integration Tests","API Error Handling"],"fullName":"YouTube API Integration Tests API Error Handling should handle 404 playlist not found","status":"passed","title":"should handle 404 playlist not found","duration":0.6260999999999513,"failureMessages":[],"location":{"line":74,"column":5},"meta":{}},{"ancestorTitles":["YouTube API Integration Tests","API Error Handling"],"fullName":"YouTube API Integration Tests API Error Handling should handle network errors","status":"passed","title":"should handle network errors","duration":2.3931000000002314,"failureMessages":[],"location":{"line":94,"column":5},"meta":{}},{"ancestorTitles":["YouTube API Integration Tests","API Error Handling"],"fullName":"YouTube API Integration Tests API Error Handling should handle malformed JSON responses","status":"passed","title":"should handle malformed JSON responses","duration":0.9086999999999534,"failureMessages":[],"location":{"line":102,"column":5},"meta":{}},{"ancestorTitles":["YouTube API Integration Tests","API Error Handling"],"fullName":"YouTube API Integration Tests API Error Handling should handle empty response bodies","status":"passed","title":"should handle empty response bodies","duration":1.1113000000000284,"failureMessages":[],"location":{"line":117,"column":5},"meta":{}},{"ancestorTitles":["YouTube API Integration Tests","API Error Handling"],"fullName":"YouTube API Integration Tests API Error Handling should handle missing items array","status":"passed","title":"should handle missing items array","duration":0.49479999999994106,"failureMessages":[],"location":{"line":131,"column":5},"meta":{}},{"ancestorTitles":["YouTube API Integration Tests","Pagination Handling"],"fullName":"YouTube API Integration Tests Pagination Handling should handle multiple pages of results","status":"passed","title":"should handle multiple pages of results","duration":2.0335000000000036,"failureMessages":[],"location":{"line":151,"column":5},"meta":{}},{"ancestorTitles":["YouTube API Integration Tests","Pagination Handling"],"fullName":"YouTube API Integration Tests Pagination Handling should stop pagination when no nextPageToken","status":"passed","title":"should stop pagination when no nextPageToken","duration":0.7911999999996624,"failureMessages":[],"location":{"line":192,"column":5},"meta":{}},{"ancestorTitles":["YouTube API Integration Tests","Pagination Handling"],"fullName":"YouTube API Integration Tests Pagination Handling should handle very large playlists (1000+ videos)","status":"passed","title":"should handle very large playlists (1000+ videos)","duration":1.7345000000000255,"failureMessages":[],"location":{"line":209,"column":5},"meta":{}},{"ancestorTitles":["YouTube API Integration Tests","Data Transformation"],"fullName":"YouTube API Integration Tests Data Transformation should handle videos with missing thumbnails","status":"passed","title":"should handle videos with missing thumbnails","duration":0.49359999999978754,"failureMessages":[],"location":{"line":244,"column":5},"meta":{}},{"ancestorTitles":["YouTube API Integration Tests","Data Transformation"],"fullName":"YouTube API Integration Tests Data Transformation should handle videos with missing statistics","status":"passed","title":"should handle videos with missing statistics","duration":0.4414999999999054,"failureMessages":[],"location":{"line":276,"column":5},"meta":{}},{"ancestorTitles":["YouTube API Integration Tests","Data Transformation"],"fullName":"YouTube API Integration Tests Data Transformation should handle videos with malformed duration","status":"passed","title":"should handle videos with malformed duration","duration":0.40819999999985157,"failureMessages":[],"location":{"line":304,"column":5},"meta":{}},{"ancestorTitles":["YouTube API Integration Tests","Cache Stale Fallback Integration"],"fullName":"YouTube API Integration Tests Cache Stale Fallback Integration should use stale cache when API fails","status":"passed","title":"should use stale cache when API fails","duration":13.2158000000004,"failureMessages":[],"location":{"line":333,"column":5},"meta":{}},{"ancestorTitles":["YouTube API Integration Tests","Cache Stale Fallback Integration"],"fullName":"YouTube API Integration Tests Cache Stale Fallback Integration should return empty array when no cache and API fails","status":"passed","title":"should return empty array when no cache and API fails","duration":0.8617999999996755,"failureMessages":[],"location":{"line":366,"column":5},"meta":{}},{"ancestorTitles":["YouTube API Integration Tests","Concurrent Request Handling"],"fullName":"YouTube API Integration Tests Concurrent Request Handling should handle concurrent requests to same playlist","status":"passed","title":"should handle concurrent requests to same playlist","duration":1.3847000000000662,"failureMessages":[],"location":{"line":385,"column":5},"meta":{}},{"ancestorTitles":["YouTube API Integration Tests","Concurrent Request Handling"],"fullName":"YouTube API Integration Tests Concurrent Request Handling should handle concurrent requests to different playlists","status":"passed","title":"should handle concurrent requests to different playlists","duration":0.4259999999999309,"failureMessages":[],"location":{"line":411,"column":5},"meta":{}}],"startTime":1767327405584,"endTime":1767327405616.426,"status":"passed","message":"","name":"C:/Users/Preston/git/toa-website/test/youtube-integration.test.ts"},{"assertionResults":[{"ancestorTitles":["YouTube Cache System","Multi-Playlist Cache"],"fullName":"YouTube Cache System Multi-Playlist Cache should cache multiple playlists independently","status":"passed","title":"should cache multiple playlists independently","duration":16.5315999999998,"failureMessages":[],"location":{"line":38,"column":5},"meta":{}},{"ancestorTitles":["YouTube Cache System","Multi-Playlist Cache"],"fullName":"YouTube Cache System Multi-Playlist Cache should not overwrite existing playlist cache when adding new one","status":"passed","title":"should not overwrite existing playlist cache when adding new one","duration":25.514500000000226,"failureMessages":[],"location":{"line":64,"column":5},"meta":{}},{"ancestorTitles":["YouTube Cache System","Multi-Playlist Cache"],"fullName":"YouTube Cache System Multi-Playlist Cache should handle expired cache per playlist","status":"passed","title":"should handle expired cache per playlist","duration":13.458400000000438,"failureMessages":[],"location":{"line":94,"column":5},"meta":{}},{"ancestorTitles":["YouTube Cache System","Multi-Playlist Cache"],"fullName":"YouTube Cache System Multi-Playlist Cache should create cache directory if it does not exist","status":"passed","title":"should create cache directory if it does not exist","duration":2.1952000000001135,"failureMessages":[],"location":{"line":123,"column":5},"meta":{}},{"ancestorTitles":["YouTube Cache System","Cache Fallback on API Failure"],"fullName":"YouTube Cache System Cache Fallback on API Failure should return stale cache when API fails","status":"passed","title":"should return stale cache when API fails","duration":16.806400000000394,"failureMessages":[],"location":{"line":150,"column":5},"meta":{}},{"ancestorTitles":["YouTube Cache System","Cache Fallback on API Failure"],"fullName":"YouTube Cache System Cache Fallback on API Failure should handle missing cache gracefully","status":"passed","title":"should handle missing cache gracefully","duration":1.0160000000000764,"failureMessages":[],"location":{"line":175,"column":5},"meta":{}},{"ancestorTitles":["YouTube Cache System","Cache Fallback on API Failure"],"fullName":"YouTube Cache System Cache Fallback on API Failure should handle corrupted cache file","status":"passed","title":"should handle corrupted cache file","duration":4.39639999999963,"failureMessages":[],"location":{"line":184,"column":5},"meta":{}},{"ancestorTitles":["YouTube Formatters","formatDuration"],"fullName":"YouTube Formatters formatDuration should format hours, minutes, seconds: PT1H30M45S -> 1:30:45","status":"passed","title":"should format hours, minutes, seconds: PT1H30M45S -> 1:30:45","duration":0.4816000000000713,"failureMessages":[],"location":{"line":215,"column":7},"meta":{}},{"ancestorTitles":["YouTube Formatters","formatDuration"],"fullName":"YouTube Formatters formatDuration should format minutes and seconds: PT5M20S -> 5:20","status":"passed","title":"should format minutes and seconds: PT5M20S -> 5:20","duration":0.4788000000003194,"failureMessages":[],"location":{"line":215,"column":7},"meta":{}},{"ancestorTitles":["YouTube Formatters","formatDuration"],"fullName":"YouTube Formatters formatDuration should format only seconds: PT45S -> 0:45","status":"passed","title":"should format only seconds: PT45S -> 0:45","duration":0.2353000000002794,"failureMessages":[],"location":{"line":215,"column":7},"meta":{}},{"ancestorTitles":["YouTube Formatters","formatDuration"],"fullName":"YouTube Formatters formatDuration should format hours and seconds (no minutes): PT1H5S -> 1:00:05","status":"passed","title":"should format hours and seconds (no minutes): PT1H5S -> 1:00:05","duration":0.1595999999999549,"failureMessages":[],"location":{"line":215,"column":7},"meta":{}},{"ancestorTitles":["YouTube Formatters","formatDuration"],"fullName":"YouTube Formatters formatDuration should format only hours: PT2H -> 2:00:00","status":"passed","title":"should format only hours: PT2H -> 2:00:00","duration":0.1287000000002081,"failureMessages":[],"location":{"line":215,"column":7},"meta":{}},{"ancestorTitles":["YouTube Formatters","formatDuration"],"fullName":"YouTube Formatters formatDuration should format only minutes: PT10M -> 10:00","status":"passed","title":"should format only minutes: PT10M -> 10:00","duration":0.1230000000000473,"failureMessages":[],"location":{"line":215,"column":7},"meta":{}},{"ancestorTitles":["YouTube Formatters","formatDuration"],"fullName":"YouTube Formatters formatDuration should format zero duration: PT0S -> 0:00","status":"passed","title":"should format zero duration: PT0S -> 0:00","duration":0.4523000000003776,"failureMessages":[],"location":{"line":215,"column":7},"meta":{}},{"ancestorTitles":["YouTube Formatters","formatDuration"],"fullName":"YouTube Formatters formatDuration should format invalid format: invalid -> 0:00","status":"passed","title":"should format invalid format: invalid -> 0:00","duration":0.19549999999981083,"failureMessages":[],"location":{"line":215,"column":7},"meta":{}},{"ancestorTitles":["YouTube Formatters","formatDuration"],"fullName":"YouTube Formatters formatDuration should format empty string:  -> 0:00","status":"passed","title":"should format empty string:  -> 0:00","duration":0.1149000000000342,"failureMessages":[],"location":{"line":215,"column":7},"meta":{}},{"ancestorTitles":["YouTube Formatters","formatViewCount"],"fullName":"YouTube Formatters formatViewCount should format less than 1K: 999 -> 999","status":"passed","title":"should format less than 1K: 999 -> 999","du
[...]
ental features in development","status":"passed","title":"should enable experimental features in development","duration":0.3831999999997606,"failureMessages":[],"location":{"line":117,"column":5},"meta":{}},{"ancestorTitles":["Feature Flags","environment-specific behavior"],"fullName":"Feature Flags environment-specific behavior should disable experimental features in production","status":"passed","title":"should disable experimental features in production","duration":0.22790000000031796,"failureMessages":[],"location":{"line":122,"column":5},"meta":{}},{"ancestorTitles":["Feature Flags","environment-specific behavior"],"fullName":"Feature Flags environment-specific behavior should have different rollout percentages per environment","status":"passed","title":"should have different rollout percentages per environment","duration":0.3222000000000662,"failureMessages":[],"location":{"line":127,"column":5},"meta":{}},{"ancestorTitles":["Feature Flags","integration scenarios"],"fullName":"Feature Flags integration scenarios should work with request context","status":"passed","title":"should work with request context","duration":0.20579999999972642,"failureMessages":[],"location":{"line":141,"column":5},"meta":{}},{"ancestorTitles":["Feature Flags","integration scenarios"],"fullName":"Feature Flags integration scenarios should handle missing context gracefully","status":"passed","title":"should handle missing context gracefully","duration":1.0135999999997694,"failureMessages":[],"location":{"line":152,"column":5},"meta":{}},{"ancestorTitles":["Feature Flag Middleware"],"fullName":"Feature Flag Middleware should add featureFlags to request object","status":"passed","title":"should add featureFlags to request object","duration":0.20440000000007785,"failureMessages":[],"location":{"line":160,"column":3},"meta":{}}],"startTime":1767327406447,"endTime":1767327406462.2043,"status":"passed","message":"","name":"C:/Users/Preston/git/toa-website/test/unit/feature-flags.test.ts"},{"assertionResults":[{"ancestorTitles":["Printful Routes","GET /api/printful/products"],"fullName":"Printful Routes GET /api/printful/products should return product list","status":"failed","title":"should return product list","duration":45.03069999999934,"failureMessages":["Error: expected 200 \"OK\", got 500 \"Internal Server Error\"\n    at C:/Users/Preston/git/toa-website/test/routes/printful-routes.test.ts:44:10\n    at file:///C:/Users/Preston/git/toa-website/node_modules/@vitest/runner/dist/index.js:145:11\n    at file:///C:/Users/Preston/git/toa-website/node_modules/@vitest/runner/dist/index.js:915:26\n    at file:///C:/Users/Preston/git/toa-website/node_modules/@vitest/runner/dist/index.js:1243:20\n    at new Promise (<anonymous>)\n    at runWithTimeout (file:///C:/Users/Preston/git/toa-website/node_modules/@vitest/runner/dist/index.js:1209:10)\n    at file:///C:/Users/Preston/git/toa-website/node_modules/@vitest/runner/dist/index.js:1653:37\n    at Traces.$ (file:///C:/Users/Preston/git/toa-website/node_modules/vitest/dist/chunks/traces.U4xDYhzZ.js:115:27)\n----\n    at Test._assertStatus (C:\\Users\\Preston\\git\\toa-website\\node_modules\\supertest\\lib\\test.js:309:14)\n    at C:\\Users\\Preston\\git\\toa-website\\node_modules\\supertest\\lib\\test.js:365:13\n    at Test._assertFunction (C:\\Users\\Preston\\git\\toa-website\\node_modules\\supertest\\lib\\test.js:342:13)\n    at Test.assert (C:\\Users\\Preston\\git\\toa-website\\node_modules\\supertest\\lib\\test.js:195:23)\n    at localAssert (C:\\Users\\Preston\\git\\toa-website\\node_modules\\supertest\\lib\\test.js:138:14)\n    at Server.<anonymous> (C:\\Users\\Preston\\git\\toa-website\\node_modules\\supertest\\lib\\test.js:152:11)\n    at Object.onceWrapper (node:events:633:28)\n    at Server.emit (node:events:519:28)\n    at emitCloseNT (node:net:2340:8)\n    at processTicksAndRejections (node:internal/process/task_queues:81:21)"],"location":{"line":41,"column":5},"meta":{}},{"ancestorTitles":["Printful Routes","GET /api/printful/products"],"fullName":"Printful Routes GET /api/printful/products should handle errors gracefully","status":"passed","title":"should handle errors gracefully","duration":15.852499999999964,"failureMessages":[],"location":{"line":52,"column":5},"meta":{}},{"ancestorTitles":["Printful Routes","GET /api/printful/products/:id"],"fullName":"Printful Routes GET /api/printful/products/:id should return product details","status":"failed","title":"should return product details","duration":11.465299999999843,"failureMessages":["Error: expected 200 \"OK\", got 500 \"Internal Server Error\"\n    at C:/Users/Preston/git/toa-website/test/routes/printful-routes.test.ts:68:10\n    at file:///C:/Users/Preston/git/toa-website/node_modules/@vitest/runner/dist/index.js:145:11\n    at file:///C:/Users/Preston/git/toa-website/node_modules/@vitest/runner/dist/index.js:915:26\n    at file:///C:/Users/Preston/git/toa-website/node_modules/@vitest/runner/dist/index.js:1243:20\n    at new Promise (<anonymous>)\n    at runWithTimeout (file:///C:/Users/Preston/git/toa-website/node_modules/@vitest/runner/dist/index.js:1209:10)\n    at file:///C:/Users/Preston/git/toa-website/node_modules/@vitest/runner/dist/index.js:1653:37\n    at Traces.$ (file:///C:/Users/Preston/git/toa-website/node_modules/vitest/dist/chunks/traces.U4xDYhzZ.js:115:27)\n----\n    at Test._assertStatus (C:\\Users\\Preston\\git\\toa-website\\node_modules\\supertest\\lib\\test.js:309:14)\n    at C:\\Users\\Preston\\git\\toa-website\\node_modules\\supertest\\lib\\test.js:365:13\n    at Test._assertFunction (C:\\Users\\Preston\\git\\toa-website\\node_modules\\supertest\\lib\\test.js:342:13)\n    at Test.assert (C:\\Users\\Preston\\git\\toa-website\\node_modules\\supertest\\lib\\test.js:195:23)\n    at localAssert (C:\\Users\\Preston\\git\\toa-website\\node_modules\\supertest\\lib\\test.js:138:14)\n    at Server.<anonymous> (C:\\Users\\Preston\\git\\toa-website\\node_modules\\supertest\\lib\\test.js:152:11)\n    at Object.onceWrapper (node:events:633:28)\n    at Server.emit (node:events:519:28)\n    at emitCloseNT (node:net:2340:8)\n    at processTicksAndRejections (node:internal/process/task_queues:81:21)"],"location":{"line":65,"column":5},"meta":{}},{"ancestorTitles":["Printful Routes","GET /api/printful/products/:id"],"fullName":"Printful Routes GET /api/printful/products/:id should validate product ID","status":"passed","title":"should validate product ID","duration":9.120199999999386,"failureMessages":[],"location":{"line":74,"column":5},"meta":{}}],"startTime":1767327406386,"endTime":1767327406468.12,"status":"failed","message":"","name":"C:/Users/Preston/git/toa-website/test/routes/printful-routes.test.ts"},{"assertionResults":[{"ancestorTitles":["Stripe Routes","POST /api/stripe/create-checkout-session"],"fullName":"Stripe Routes POST /api/stripe/create-checkout-session should create checkout session with valid items","status":"failed","title":"should create checkout session with valid items","duration":57.574000000000524,"failureMessages":["Error: expected 200 \"OK\", got 404 \"Not Found\"\n    at C:/Users/Preston/git/toa-website/test/routes/stripe-routes.test.ts:33:10\n    at file:///C:/Users/Preston/git/toa-website/node_modules/@vitest/runner/dist/index.js:145:11\n    at file:///C:/Users/Preston/git/toa-website/node_modules/@vitest/runner/dist/index.js:915:26\n    at file:///C:/Users/Preston/git/toa-website/node_modules/@vitest/runner/dist/index.js:1243:20\n    at new Promise (<anonymous>)\n    at runWithTimeout (file:///C:/Users/Preston/git/toa-website/node_modules/@vitest/runner/dist/index.js:1209:10)\n    at file:///C:/Users/Preston/git/toa-website/node_modules/@vitest/runner/dist/index.js:1653:37\n    at Traces.$ (file:///C:/Users/Preston/git/toa-website/node_modules/vitest/dist/chunks/traces.U4xDYhzZ.js:115:27)\n----\n    at Test._assertStatus (C:\\Users\\Preston\\git\\toa-website\\node_modules\\supertest\\lib\\test.js:309:14)\n    at C:\\Users\\Preston\\git\\toa-website\\node_modules\\supertest\\lib\\test.js:365:13\n    at Test._assertFunction (C:\\Users\\Preston\\git\\toa-website\\node_modules\\supertest\\lib\\test.js:342:13)\n    at Test.assert (C:\\Users\\Preston\\git\\toa-website\\node_modules\\supertest\\lib\\test.js:195:23)\n    at localAssert (C:\\Users\\Preston\\git\\toa-website\\node_modules\\supertest\\lib\\test.js:138:14)\n    at Server.<anonymous> (C:\\Users\\Preston\\git\\toa-website\\node_modules\\supertest\\lib\\test.js:152:11)\n    at Object.onceWrapper (node:events:633:28)\n    at Server.emit (node:events:519:28)\n    at emitCloseNT (node:net:2340:8)\n    at processTicksAndRejections (node:internal/process/task_queues:81:21)"],"location":{"line":25,"column":5},"meta":{}},{"ancestorTitles":["Stripe Routes","POST /api/stripe/create-checkout-session"],"fullName":"Stripe Routes POST /api/stripe/create-checkout-session should validate request body","status":"failed","title":"should validate request body","duration":16.219300000000658,"failureMessages":["Error: expected 400 \"Bad Request\", got 404 \"Not Found\"\n    at C:/Users/Preston/git/toa-website/test/routes/stripe-routes.test.ts:42:10\n    at file:///C:/Users/Preston/git/toa-website/node_modules/@vitest/runner/dist/index.js:145:11\n    at file:///C:/Users/Preston/git/toa-website/node_modules/@vitest/runner/dist/index.js:915:26\n    at file:///C:/Users/Preston/git/toa-website/node_modules/@vitest/runner/dist/index.js:1243:20\n    at new Promise (<anonymous>)\n    at runWithTimeout (file:///C:/Users/Preston/git/toa-website/node_modules/@vitest/runner/dist/index.js:1209:10)\n    at file:///C:/Users/Preston/git/toa-website/node_modules/@vitest/runner/dist/index.js:1653:37\n    at Traces.$ (file:///C:/Users/Preston/git/toa-website/node_modules/vitest/dist/chunks/traces.U4xDYhzZ.js:115:27)\n----\n    at Test._assertStatus (C:\\Users\\Preston\\git\\toa-website\\node_modules\\supertest\\lib\\test.js:309:14)\n    at C:\\Users\\Preston\\git\\toa-website\\node_modules\\supertest\\lib\\test.js:365:13\n    at Test._assertFunction (C:\\Users\\Preston\\git\\toa-website\\node_modules\\supertest\\lib\\test.js:342:13)\n    at Test.assert (C:\\Users\\Preston\\git\\toa-website\\node_modules\\supertest\\lib\\test.js:195:23)\n    at localAssert (C:\\Users\\Preston\\git\\toa-website\\node_modules\\supertest\\lib\\test.js:138:14)\n    at Server.<anonymous> (C:\\Users\\Preston\\git\\toa-website\\node_modules\\supertest\\lib\\test.js:152:11)\n    at Object.onceWrapper (node:events:633:28)\n    at Server.emit (node:events:519:28)\n    at emitCloseNT (node:net:2340:8)\n    at processTicksAndRejections (node:internal/process/task_queues:81:21)"],"location":{"line":38,"column":5},"meta":{}},{"ancestorTitles":["Stripe Routes","POST /api/stripe/create-checkout-session"],"fullName":"Stripe Routes POST /api/stripe/create-checkout-session should validate item quantities","status":"failed","title":"should validate item quantities","duration":9.30199999999968,"failureMessages":["Error: expected 400 \"Bad Request\", got 404 \"Not Found\"\n    at C:/Users/Preston/git/toa-website/test/routes/stripe-routes.test.ts:55:10\n    at file:///C:/Users/Preston/git/toa-website/node_modules/@vitest/runner/dist/index.js:145:11\n    at file:///C:/Users/Preston/git/toa-website/node_modules/@vitest/runner/dist/index.js:915:26\n    at file:///C:/Users/Preston/git/toa-website/node_modules/@vitest/runner/dist/index.js:1243:20\n    at new Promise (<anonymous>)\n    at runWithTimeout (file:///C:/Users/Preston/git/toa-website/node_modules/@vitest/runner/dist/index.js:1209:10)\n    at file:///C:/Users/Preston/git/toa-website/node_modules/@vitest/runner/dist/index.js:1653:37\n    at Traces.$ (file:///C:/Users/Preston/git/toa-website/node_modules/vitest/dist/chunks/traces.U4xDYhzZ.js:115:27)\n----\n    at Test._assertStatus (C:\\Users\\Preston\\git\\toa-website\\node_modules\\supertest\\lib\\test.js:309:14)\n    at C:\\Users\\Preston\\git\\toa-website\\node_modules\\supertest\\lib\\test.js:365:13\n    at Test._assertFunction (C:\\Users\\Preston\\git\\toa-website\\node_modules\\supertest\\lib\\test.js:342:13)\n    at Test.assert (C:\\Users\\Preston\\git\\toa-website\\node_modules\\supertest\\lib\\test.js:195:23)\n    at localAssert (C:\\Users\\Preston\\git\\toa-website\\node_modules\\supertest\\lib\\test.js:138:14)\n    at Server.<anonymous> (C:\\Users\\Preston\\git\\toa-website\\node_modules\\supertest\\lib\\test.js:152:11)\n    at Object.onceWrapper (node:events:633:28)\n    at Server.emit (node:events:519:28)\n    at emitCloseNT (node:net:2340:8)\n    at processTicksAndRejections (node:internal/process/task_queues:81:21)"],"location":{"line":47,"column":5},"meta":{}},{"ancestorTitles":["Stripe Routes","POST /api/stripe/create-checkout-session"],"fullName":"Stripe Routes POST /api/stripe/create-checkout-session should handle stripe errors","status":"failed","title":"should handle stripe errors","duration":9.056400000000394,"failureMessages":["Error: expected 500 \"Internal Server Error\", got 404 \"Not Found\"\n    at C:/Users/Preston/git/toa-website/test/routes/stripe-routes.test.ts:71:10\n    at processTicksAndRejections (node:internal/process/task_queues:95:5)\n    at file:///C:/Users/Preston/git/toa-website/node_modules/@vitest/runner/dist/index.js:915:20\n----\n    at Test._assertStatus (C:\\Users\\Preston\\git\\toa-website\\node_modules\\supertest\\lib\\test.js:309:14)\n    at C:\\Users\\Preston\\git\\toa-website\\node_modules\\supertest\\lib\\test.js:365:13\n    at Test._assertFunction (C:\\Users\\Preston\\git\\toa-website\\node_modules\\supertest\\lib\\test.js:342:13)\n    at Test.assert (C:\\Users\\Preston\\git\\toa-website\\node_modules\\supertest\\lib\\test.js:195:23)\n    at localAssert (C:\\Users\\Preston\\git\\toa-website\\node_modules\\supertest\\lib\\test.js:138:14)\n    at Server.<anonymous> (C:\\Users\\Preston\\git\\toa-website\\node_modules\\supertest\\lib\\test.js:152:11)\n    at Object.onceWrapper (node:events:633:28)\n    at Server.emit (node:events:519:28)\n    at emitCloseNT (node:net:2340:8)\n    at processTicksAndRejections (node:internal/process/task_queues:81:21)"],"location":{"line":60,"column":5},"meta":{}},{"ancestorTitles":["Stripe Routes","POST /api/stripe/webhook"],"fullName":"Stripe Routes POST /api/stripe/webhook should process webhook with valid signature","status":"failed","title":"should process webhook with valid signature","duration":12.928100000000086,"failureMessages":["Error: expected 200 \"OK\", got 400 \"Bad Request\"\n    at C:/Users/Preston/git/toa-website/test/routes/stripe-routes.test.ts:83:10\n    at file:///C:/Users/Preston/git/toa-website/node_modules/@vitest/runner/dist/index.js:145:11\n    at file:///C:/Users/Preston/git/toa-website/node_modules/@vitest/runner/dist/index.js:915:26\n    at file:///C:/Users/Preston/git/toa-website/node_modules/@vitest/runner/dist/index.js:1243:20\n    at new Promise (<anonymous>)\n    at runWithTimeout (file:///C:/Users/Preston/git/toa-website/node_modules/@vitest/runner/dist/index.js:1209:10)\n    at file:///C:/Users/Preston/git/toa-website/node_modules/@vitest/runner/dist/index.js:1653:37\n    at Traces.$ (file:///C:/Users/Preston/git/toa-website/node_modules/vitest/dist/chunks/traces.U4xDYhzZ.js:115:27)\n----\n    at Test._assertStatus (C:\\Users\\Preston\\git\\toa-website\\node_modules\\supertest\\lib\\test.js:309:14)\n    at C:\\Users\\Preston\\git\\toa-website\\node_modules\\supertest\\lib\\test.js:365:13\n    at Test._assertFunction (C:\\Users\\Preston\\git\\toa-website\\node_modules\\supertest\\lib\\test.js:342:13)\n    at Test.assert (C:\\Users\\Preston\\git\\toa-website\\node_modules\\supertest\\lib\\test.js:195:23)\n    at localAssert (C:\\Users\\Preston\\git\\toa-website\\node_modules\\supertest\\lib\\test.js:138:14)\n    at Server.<anonymous> (C:\\Users\\Preston\\git\\toa-website\\node_modules\\supertest\\lib\\test.js:152:11)\n    at Object.onceWrapper (node:events:633:28)\n    at Server.emit (node:events:519:28)\n    at emitCloseNT (node:net:2340:8)\n    at processTicksAndRejections (node:internal/process/task_queues:81:21)"],"location":{"line":78,"column":5},"meta":{}}],"startTime":1767327406308,"endTime":1767327406413.928,"status":"failed","message":"","name":"C:/Users/Preston/git/toa-website/test/routes/stripe-routes.test.ts"},{"assertionResults":[{"ancestorTitles":["YouTube Shorts Routes","GET /api/youtube/shorts"],"fullName":"YouTube Shorts Routes GET /api/youtube/shorts should return shorts list","status":"failed","title":"should return shorts list","duration":27.652900000000045,"failureMessages":["Error: expected 200 \"OK\", got 404 \"Not Found\"\n    at C:/Users/Preston/git/toa-website/test/routes/youtube-shorts-routes.test.ts:32:10\n    at file:///C:/Users/Preston/git/toa-website/node_modules/@vitest/runner/dist/index.js:145:11\n    at file:///C:/Users/Preston/git/toa-website/node_modules/@vitest/runner/dist/index.js:915:26\n    at file:///C:/Users/Preston/git/toa-website/node_modules/@vitest/runner/dist/index.js:1243:20\n    at new Promise (<anonymous>)\n    at runWithTimeout (file:///C:/Users/Preston/git/toa-website/node_modules/@vitest/runner/dist/index.js:1209:10)\n    at file:///C:/Users/Preston/git/toa-website/node_modules/@vitest/runner/dist/index.js:1653:37\n    at Traces.$ (file:///C:/Users/Preston/git/toa-website/node_modules/vitest/dist/chunks/traces.U4xDYhzZ.js:115:27)\n----\n    at Test._assertStatus (C:\\Users\\Preston\\git\\toa-website\\node_modules\\supertest\\lib\\test.js:309:14)\n    at C:\\Users\\Preston\\git\\toa-website\\node_modules\\supertest\\lib\\test.js:365:13\n    at Test._assertFunction (C:\\Users\\Preston\\git\\toa-website\\node_modules\\supertest\\lib\\test.js:342:13)\n    at Test.assert (C:\\Users\\Preston\\git\\toa-website\\node_modules\\supertest\\lib\\test.js:195:23)\n    at localAssert (C:\\Users\\Preston\\git\\toa-website\\node_modules\\supertest\\lib\\test.js:138:14)\n    at Server.<anonymous> (C:\\Users\\Preston\\git\\toa-website\\node_modules\\supertest\\lib\\test.js:152:11)\n    at Object.onceWrapper (node:events:633:28)\n    at Server.emit (node:events:519:28)\n    at emitCloseNT (node:net:2340:8)\n    at processTicksAndRejections (node:internal/process/task_queues:81:21)"],"location":{"line":29,"column":5},"meta":{}},{"ancestorTitles":["YouTube Shorts Routes","GET /api/youtube/shorts"],"fullName":"YouTube Shorts Routes GET /api/youtube/shorts should handle errors gracefully","status":"failed","title":"should handle errors gracefully","duration":6.634399999999914,"failureMessages":["Error: expected 500 \"Internal Server Error\", got 404 \"Not Found\"\n    at C:/Users/Preston/git/toa-website/test/routes/youtube-shorts-routes.test.ts:45:10\n    at processTicksAndRejections (node:internal/process/task_queues:95:5)\n    at file:///C:/Users/Preston/git/toa-website/node_modules/@vitest/runner/dist/index.js:915:20\n----\n    at Test._assertStatus (C:\\Users\\Preston\\git\\toa-website\\node_modules\\supertest\\lib\\test.js:309:14)\n    at C:\\Users\\Preston\\git\\toa-website\\node_modules\\supertest\\lib\\test.js:365:13\n    at Test._assertFunction (C:\\Users\\Preston\\git\\toa-website\\node_modules\\supertest\\lib\\test.js:342:13)\n    at Test.assert (C:\\Users\\Preston\\git\\toa-website\\node_modules\\supertest\\lib\\test.js:195:23)\n    at localAssert (C:\\Users\\Preston\\git\\toa-website\\node_modules\\supertest\\lib\\test.js:138:14)\n    at Server.<anonymous> (C:\\Users\\Preston\\git\\toa-website\\node_modules\\supertest\\lib\\test.js:152:11)\n    at Object.onceWrapper (node:events:633:28)\n    at Server.emit (node:events:519:28)\n    at emitCloseNT (node:net:2340:8)\n    at processTicksAndRejections (node:internal/process/task_queues:81:21)"],"location":{"line":39,"column":5},"meta":{}}],"startTime":1767327407571,"endTime":1767327407605.6345,"status":"failed","message":"","name":"C:/Users/Preston/git/toa-website/test/routes/youtube-shorts-routes.test.ts"}]}