{"numTotalTestSuites":6,"numPassedTestSuites":6,"numFailedTestSuites":0,"numPendingTestSuites":0,"numTotalTests":20,"numPassedTests":20,"numFailedTests":0,"numPendingTests":0,"numTodoTests":0,"snapshot":{"added":0,"failure":false,"filesAdded":0,"filesRemoved":0,"filesRemovedList":[],"filesUnmatched":0,"filesUpdated":0,"matched":0,"total":0,"unchecked":0,"uncheckedKeysByFile":[],"unmatched":0,"updated":0,"didUpdate":false},"startTime":1767255922267,"success":true,"testResults":[{"assertionResults":[{"ancestorTitles":["Cache Performance Benchmarks"],"fullName":"Cache Performance Benchmarks cache write completes in under 50ms","status":"passed","title":"cache write completes in under 50ms","duration":16.408800000000042,"failureMessages":[],"location":{"line":30,"column":3},"meta":{}},{"ancestorTitles":["Cache Performance Benchmarks"],"fullName":"Cache Performance Benchmarks cache read completes in under 20ms","status":"passed","title":"cache read completes in under 20ms","duration":9.717599999999948,"failureMessages":[],"location":{"line":51,"column":3},"meta":{}},{"ancestorTitles":["Cache Performance Benchmarks"],"fullName":"Cache Performance Benchmarks cache read with large dataset (1000 items) completes in under 100ms","status":"passed","title":"cache read with large dataset (1000 items) completes in under 100ms","duration":15.720700000000079,"failureMessages":[],"location":{"line":73,"column":3},"meta":{}},{"ancestorTitles":["Cache Performance Benchmarks"],"fullName":"Cache Performance Benchmarks cache merge with multiple playlists completes in under 30ms","status":"passed","title":"cache merge with multiple playlists completes in under 30ms","duration":8.107700000000023,"failureMessages":[],"location":{"line":97,"column":3},"meta":{}},{"ancestorTitles":["Cache Performance Benchmarks"],"fullName":"Cache Performance Benchmarks cache check for expired entries completes in under 10ms","status":"passed","title":"cache check for expired entries completes in under 10ms","duration":8.224100000000021,"failureMessages":[],"location":{"line":123,"column":3},"meta":{}},{"ancestorTitles":["Data Processing Performance Benchmarks"],"fullName":"Data Processing Performance Benchmarks sorts 1000 videos by date in under 10ms","status":"passed","title":"sorts 1000 videos by date in under 10ms","duration":8.160300000000007,"failureMessages":[],"location":{"line":149,"column":3},"meta":{}},{"ancestorTitles":["Data Processing Performance Benchmarks"],"fullName":"Data Processing Performance Benchmarks filters and maps 1000 items in under 5ms","status":"passed","title":"filters and maps 1000 items in under 5ms","duration":0.48090000000001965,"failureMessages":[],"location":{"line":167,"column":3},"meta":{}},{"ancestorTitles":["Data Processing Performance Benchmarks"],"fullName":"Data Processing Performance Benchmarks formats 100 durations in under 10ms","status":"passed","title":"formats 100 durations in under 10ms","duration":0.47100000000000364,"failureMessages":[],"location":{"line":187,"column":3},"meta":{}},{"ancestorTitles":["Data Processing Performance Benchmarks"],"fullName":"Data Processing Performance Benchmarks formats 100 view counts in under 5ms","status":"passed","title":"formats 100 view counts in under 5ms","duration":0.3834000000000515,"failureMessages":[],"location":{"line":226,"column":3},"meta":{}},{"ancestorTitles":["Data Processing Performance Benchmarks"],"fullName":"Data Processing Performance Benchmarks validates 1000 URLs in under 50ms","status":"passed","title":"validates 1000 URLs in under 50ms","duration":8.322000000000003,"failureMessages":[],"location":{"line":262,"column":3},"meta":{}},{"ancestorTitles":["String Operations Performance Benchmarks"],"fullName":"String Operations Performance Benchmarks escapes 1000 HTML strings in under 10ms","status":"passed","title":"escapes 1000 HTML strings in under 10ms","duration":1.0720000000000027,"failureMessages":[],"location":{"line":290,"column":3},"meta":{}},{"ancestorTitles":["String Operations Performance Benchmarks"],"fullName":"String Operations Performance Benchmarks trims and normalizes 1000 strings in under 10ms","status":"passed","title":"trims and normalizes 1000 strings in under 10ms","duration":0.45870000000002165,"failureMessages":[],"location":{"line":314,"column":3},"meta":{}},{"ancestorTitles":["String Operations Performance Benchmarks"],"fullName":"String Operations Performance Benchmarks validates 1000 email-like strings in under 20ms","status":"passed","title":"validates 1000 email-like strings in under 20ms","duration":0.5001999999999498,"failureMessages":[],"location":{"line":330,"column":3},"meta":{}},{"ancestorTitles":["JSON Operations Performance Benchmarks"],"fullName":"JSON Operations Performance Benchmarks stringifies large object in under 50ms","status":"passed","title":"stringifies large object in under 50ms","duration":2.4051999999999225,"failureMessages":[],"location":{"line":351,"column":3},"meta":{}},{"ancestorTitles":["JSON Operations Performance Benchmarks"],"fullName":"JSON Operations Performance Benchmarks parses large JSON in under 50ms","status":"passed","title":"parses large JSON in under 50ms","duration":0.7413999999999987,"failureMessages":[],"location":{"line":374,"column":3},"meta":{}},{"ancestorTitles":["JSON Operations Performance Benchmarks"],"fullName":"JSON Operations Performance Benchmarks deep clones object in under 20ms","status":"passed","title":"deep clones object in under 20ms","duration":2.1456000000000586,"failureMessages":[],"location":{"line":396,"column":3},"meta":{}},{"ancestorTitles":["Array Operations Performance Benchmarks"],"fullName":"Array Operations Performance Benchmarks finds item in 10000 element array in under 2ms","status":"passed","title":"finds item in 10000 element array in under 2ms","duration":2.836900000000014,"failureMessages":[],"location":{"line":418,"column":3},"meta":{}},{"ancestorTitles":["Array Operations Performance Benchmarks"],"fullName":"Array Operations Performance Benchmarks reduces 1000 items in under 5ms","status":"passed","title":"reduces 1000 items in under 5ms","duration":0.24519999999995434,"failureMessages":[],"location":{"line":433,"column":3},"meta":{}},{"ancestorTitles":["Array Operations Performance Benchmarks"],"fullName":"Array Operations Performance Benchmarks removes duplicates from 1000 items in under 10ms","status":"passed","title":"removes duplicates from 1000 items in under 10ms","duration":0.25090000000000146,"failureMessages":[],"location":{"line":447,"column":3},"meta":{}},{"ancestorTitles":["Array Operations Performance Benchmarks"],"fullName":"Array Operations Performance Benchmarks chunks 1000 items into groups in under 5ms","status":"passed","title":"chunks 1000 items into groups in under 5ms","duration":0.245900000000006,"failureMessages":[],"location":{"line":461,"column":3},"meta":{}}],"startTime":1767255923553,"endTime":1767255923640.251,"status":"passed","message":"","name":"C:/Users/Preston/git/toa-website/test/performance/benchmarks.perf.test.ts"}]}