{"numTotalTestSuites":21,"numPassedTestSuites":21,"numFailedTestSuites":0,"numPendingTestSuites":0,"numTotalTests":49,"numPassedTests":49,"numFailedTests":0,"numPendingTests":0,"numTodoTests":0,"snapshot":{"added":0,"failure":false,"filesAdded":0,"filesRemoved":0,"filesRemovedList":[],"filesUnmatched":0,"filesUpdated":0,"matched":0,"total":0,"unchecked":0,"uncheckedKeysByFile":[],"unmatched":0,"updated":0,"didUpdate":false},"startTime":1767278513990,"success":true,"testResults":[{"assertionResults":[{"ancestorTitles":["API Routes","GET /api/metrics"],"fullName":"API Routes GET /api/metrics should return application metrics","status":"passed","title":"should return application metrics","duration":21.72309999999925,"failureMessages":[],"location":{"line":69,"column":5},"meta":{}},{"ancestorTitles":["API Routes","GET /api/youtube/playlist/:playlistId"],"fullName":"API Routes GET /api/youtube/playlist/:playlistId should return playlist videos with valid playlist ID","status":"passed","title":"should return playlist videos with valid playlist ID","duration":4.985899999999674,"failureMessages":[],"location":{"line":84,"column":5},"meta":{}},{"ancestorTitles":["API Routes","GET /api/youtube/playlist/:playlistId"],"fullName":"API Routes GET /api/youtube/playlist/:playlistId should reject invalid playlist ID format","status":"passed","title":"should reject invalid playlist ID format","duration":7.311200000000099,"failureMessages":[],"location":{"line":94,"column":5},"meta":{}},{"ancestorTitles":["API Routes","GET /api/youtube/playlist/:playlistId"],"fullName":"API Routes GET /api/youtube/playlist/:playlistId should validate maxResults parameter","status":"passed","title":"should validate maxResults parameter","duration":6.153299999999945,"failureMessages":[],"location":{"line":103,"column":5},"meta":{}},{"ancestorTitles":["API Routes","GET /api/youtube/playlist/:playlistId"],"fullName":"API Routes GET /api/youtube/playlist/:playlistId should accept valid maxResults parameter","status":"passed","title":"should accept valid maxResults parameter","duration":5.0864999999994325,"failureMessages":[],"location":{"line":111,"column":5},"meta":{}},{"ancestorTitles":["API Routes","POST /api/podcast/feed"],"fullName":"API Routes POST /api/podcast/feed should return podcast episodes with valid feed URL","status":"passed","title":"should return podcast episodes with valid feed URL","duration":155.04140000000007,"failureMessages":[],"location":{"line":119,"column":5},"meta":{}},{"ancestorTitles":["API Routes","POST /api/podcast/feed"],"fullName":"API Routes POST /api/podcast/feed should reject missing feedUrl","status":"passed","title":"should reject missing feedUrl","duration":7.414499999998952,"failureMessages":[],"location":{"line":129,"column":5},"meta":{}},{"ancestorTitles":["API Routes","POST /api/podcast/feed"],"fullName":"API Routes POST /api/podcast/feed should reject localhost URLs (SSRF protection)","status":"passed","title":"should reject localhost URLs (SSRF protection)","duration":6.086200000001554,"failureMessages":[],"location":{"line":138,"column":5},"meta":{}},{"ancestorTitles":["API Routes","POST /api/podcast/feed"],"fullName":"API Routes POST /api/podcast/feed should reject private IP addresses (SSRF protection)","status":"passed","title":"should reject private IP addresses (SSRF protection)","duration":4.953700000000026,"failureMessages":[],"location":{"line":147,"column":5},"meta":{}},{"ancestorTitles":["API Routes","POST /api/podcast/feed"],"fullName":"API Routes POST /api/podcast/feed should validate limit parameter","status":"passed","title":"should validate limit parameter","duration":4.288300000000163,"failureMessages":[],"location":{"line":156,"column":5},"meta":{}},{"ancestorTitles":["API Routes","GET /api/podcast/audio-proxy"],"fullName":"API Routes GET /api/podcast/audio-proxy should reject missing URL parameter","status":"passed","title":"should reject missing URL parameter","duration":3.4915000000000873,"failureMessages":[],"location":{"line":167,"column":5},"meta":{}},{"ancestorTitles":["API Routes","GET /api/podcast/audio-proxy"],"fullName":"API Routes GET /api/podcast/audio-proxy should reject unauthorized domains","status":"passed","title":"should reject unauthorized domains","duration":4.124200000000201,"failureMessages":[],"location":{"line":175,"column":5},"meta":{}},{"ancestorTitles":["API Routes","GET /api/podcast/audio-proxy"],"fullName":"API Routes GET /api/podcast/audio-proxy should reject localhost URLs","status":"passed","title":"should reject localhost URLs","duration":4.003399999999601,"failureMessages":[],"location":{"line":183,"column":5},"meta":{}},{"ancestorTitles":["API Routes","GET /api/etsy/shop/:shopId/listings"],"fullName":"API Routes GET /api/etsy/shop/:shopId/listings should return shop listings with valid shop ID","status":"passed","title":"should return shop listings with valid shop ID","duration":3.950300000000425,"failureMessages":[],"location":{"line":193,"column":5},"meta":{}},{"ancestorTitles":["API Routes","GET /api/etsy/shop/:shopId/listings"],"fullName":"API Routes GET /api/etsy/shop/:shopId/listings should reject invalid shop ID format","status":"passed","title":"should reject invalid shop ID format","duration":3.26549999999952,"failureMessages":[],"location":{"line":201,"column":5},"meta":{}},{"ancestorTitles":["API Routes","GET /api/etsy/shop/:shopId/listings"],"fullName":"API Routes GET /api/etsy/shop/:shopId/listings should validate limit parameter","status":"passed","title":"should validate limit parameter","duration":3.187099999999191,"failureMessages":[],"location":{"line":209,"column":5},"meta":{}},{"ancestorTitles":["API Routes","GET /api/etsy/shop/:shopId/listings"],"fullName":"API Routes GET /api/etsy/shop/:shopId/listings should handle errors from Etsy API","status":"passed","title":"should handle errors from Etsy API","duration":6.022799999998824,"failureMessages":[],"location":{"line":217,"column":5},"meta":{}},{"ancestorTitles":["API Routes","GET /api/dndbeyond/character/:characterId"],"fullName":"API Routes GET /api/dndbeyond/character/:characterId should return character data with valid character ID","status":"passed","title":"should return character data with valid character ID","duration":3.7507000000005064,"failureMessages":[],"location":{"line":230,"column":5},"meta":{}},{"ancestorTitles":["API Routes","GET /api/dndbeyond/character/:characterId"],"fullName":"API Routes GET /api/dndbeyond/character/:characterId should reject invalid character ID format","status":"passed","title":"should reject invalid character ID format","duration":3.493000000000393,"failureMessages":[],"location":{"line":240,"column":5},"meta":{}},{"ancestorTitles":["API Routes","GET /api/dndbeyond/character/:characterId"],"fullName":"API Routes GET /api/dndbeyond/character/:characterId should reject non-numeric character IDs","status":"passed","title":"should reject non-numeric character IDs","duration":3.4745999999995547,"failureMessages":[],"location":{"line":248,"column":5},"meta":{}},{"ancestorTitles":["API Routes","GET /api/dndbeyond/character/:characterId"],"fullName":"API Routes GET /api/dndbeyond/character/:characterId should handle errors from D&D Beyond API","status":"passed","title":"should handle errors from D&D Beyond API","duration":3.5921999999991385,"failureMessages":[],"location":{"line":256,"column":5},"meta":{}},{"ancestorTitles":["API Routes","Error Handling and Security"],"fullName":"API Routes Error Handling and Security should handle API errors gracefully","status":"passed","title":"should handle API errors gracefully","duration":4.1247999999995955,"failureMessages":[],"location":{"line":269,"column":5},"meta":{}},{"ancestorTitles":["API Routes","Error Handling and Security"],"fullName":"API Routes Error Handling and Security should not leak internal error details in production","status":"passed","title":"should not leak internal error details in production","duration":3.8069999999988795,"failureMessages":[],"location":{"line":281,"column":5},"meta":{}},{"ancestorTitles":["API Routes","Error Handling and Security"],"fullName":"API Routes Error Handling and Security should log errors without exposing sensitive data","status":"passed","title":"should log errors without exposing sensitive data","duration":3.501399999999194,"failureMessages":[],"location":{"line":302,"column":5},"meta":{}},{"ancestorTitles":["API Routes","Error Handling and Security"],"fullName":"API Routes Error Handling and Security should return 400 for malformed JSON in request body","status":"passed","title":"should return 400 for malformed JSON in request body","duration":4.291799999999057,"failureMessages":[],"location":{"line":321,"column":5},"meta":{}},{"ancestorTitles":["API Routes","Error Handling and Security"],"fullName":"API Routes Error Handling and Security should handle missing required fields in POST requests","status":"passed","title":"should handle missing required fields in POST requests","duration":3.1416000000008353,"failureMessages":[],"location":{"line":332,"column":5},"meta":{}},{"ancestorTitles":["API Routes","Error Handling and Security"],"fullName":"API Routes Error Handling and Security should validate content-type for POST requests","status":"passed","title":"should validate content-type for POST requests","duration":3.777199999998629,"failureMessages":[],"location":{"line":342,"column":5},"meta":{}},{"ancestorTitles":["API Routes","Error Handling and Security"],"fullName":"API Routes Error Handling and Security should handle very long URLs gracefully","status":"passed","title":"should handle very long URLs gracefully","duration":3.7533000000003085,"failureMessages":[],"location":{"line":352,"column":5},"meta":{}},{"ancestorTitles":["API Routes","Error Handling and Security"],"fullName":"API Routes Error Handling and Security should handle special characters in parameters safely","status":"passed","title":"should handle special characters in parameters safely","duration":4.082600000001548,"failureMessages":[],"location":{"line":363,"column":5},"meta":{}},{"ancestorTitles":["API Routes","Error Handling and Security"],"fullName":"API Routes Error Handling and Security should handle null bytes in input","status":"passed","title":"should handle null bytes in input","duration":3.466099999999642,"failureMessages":[],"location":{"line":372,"column":5},"meta":{}},{"ancestorTitles":["API Routes","Error Handling and Security"],"fullName":"API Routes Error Handling and Security should rate limit excessive requests (if implemented)","status":"passed","title":"should rate limit excessive requests (if implemented)","duration":18.876400000001013,"failureMessages":[],"location":{"line":380,"column":5},"meta":{}},{"ancestorTitles":["API Routes","Error Handling and Security"],"fullName":"API Routes Error Handling and Security should handle concurrent requests to same resource","status":"passed","title":"should handle concurrent requests to same resource","duration":10.848900000000867,"failureMessages":[],"location":{"line":393,"column":5},"meta":{}},{"ancestorTitles":["API Routes","Error Handling and Security"],"fullName":"API Routes Error Handling and Security should set appropriate security headers","status":"passed","title":"should set appropriate security headers","duration":6.38760000000002,"failureMessages":[],"location":{"line":407,"column":5},"meta":{}},{"ancestorTitles":["API Routes","Error Handling and Security"],"fullName":"API Routes Error Handling and Security should handle timeout scenarios gracefully","status":"passed","title":"should handle timeout scenarios gracefully","duration":106.50140000000101,"failureMessages":[],"location":{"line":417,"column":5},"meta":{}}],"startTime":1767278526513,"endTime":1767278526955.5015,"status":"passed","message":"","name":"C:/Users/Preston/git/toa-website/test/routes.test.ts"},{"assertionResults":[{"ancestorTitles":["API Contract Tests","YouTube API Contract"],"fullName":"API Contract Tests YouTube API Contract should return array of videos with required fields","status":"passed","title":"should return array of videos with required fields","duration":26.326100000000224,"failureMessages":[],"location":{"line":40,"column":5},"meta":{}},{"ancestorTitles":["API Contract Tests","YouTube API Contract"],"fullName":"API Contract Tests YouTube API Contract should validate playlist ID format","status":"passed","title":"should validate playlist ID format","duration":6.274100000000544,"failureMessages":[],"location":{"line":70,"column":5},"meta":{}},{"ancestorTitles":["API Contract Tests","YouTube API Contract"],"fullName":"API Contract Tests YouTube API Contract should validate maxResults parameter","status":"passed","title":"should validate maxResults parameter","duration":4.546299999999974,"failureMessages":[],"location":{"line":78,"column":5},"meta":{}},{"ancestorTitles":["API Contract Tests","Error Response Contract"],"fullName":"API Contract Tests Error Response Contract should return consistent error format for invalid requests","status":"passed","title":"should return consistent error format for invalid requests","duration":5.0252999999993335,"failureMessages":[],"location":{"line":88,"column":5},"meta":{}},{"ancestorTitles":["API Contract Tests","Backward Compatibility"],"fullName":"API Contract Tests Backward Compatibility should maintain field names","status":"passed","title":"should maintain field names","duration":5.439099999999598,"failureMessages":[],"location":{"line":99,"column":5},"meta":{}}],"startTime":1767278526503,"endTime":1767278526550.4392,"status":"passed","message":"","name":"C:/Users/Preston/git/toa-website/test/contract/api.contract.test.ts"},{"assertionResults":[{"ancestorTitles":["Health Check Endpoints","GET /api/health"],"fullName":"Health Check Endpoints GET /api/health returns comprehensive health status","status":"passed","title":"returns comprehensive health status","duration":25.677299999999377,"failureMessages":[],"location":{"line":16,"column":5},"meta":{}},{"ancestorTitles":["Health Check Endpoints","GET /api/health"],"fullName":"Health Check Endpoints GET /api/health includes all component checks","status":"passed","title":"includes all component checks","duration":8.476399999999558,"failureMessages":[],"location":{"line":28,"column":5},"meta":{}},{"ancestorTitles":["Health Check Endpoints","GET /api/health"],"fullName":"Health Check Endpoints GET /api/health each check has required fields","status":"passed","title":"each check has required fields","duration":8.160800000001473,"failureMessages":[],"location":{"line":38,"column":5},"meta":{}},{"ancestorTitles":["Health Check Endpoints","GET /api/health"],"fullName":"Health Check Endpoints GET /api/health returns valid status values","status":"passed","title":"returns valid status values","duration":9.645399999997608,"failureMessages":[],"location":{"line":49,"column":5},"meta":{}},{"ancestorTitles":["Health Check Endpoints","GET /api/ready"],"fullName":"Health Check Endpoints GET /api/ready returns readiness status","status":"passed","title":"returns readiness status","duration":5.938799999999901,"failureMessages":[],"location":{"line":61,"column":5},"meta":{}},{"ancestorTitles":["Health Check Endpoints","GET /api/alive"],"fullName":"Health Check Endpoints GET /api/alive returns liveness status","status":"passed","title":"returns liveness status","duration":5.255199999999604,"failureMessages":[],"location":{"line":72,"column":5},"meta":{}},{"ancestorTitles":["Health Check Endpoints","GET /api/alive"],"fullName":"Health Check Endpoints GET /api/alive responds quickly","status":"passed","title":"responds quickly","duration":5.563200000000506,"failureMessages":[],"location":{"line":81,"column":5},"meta":{}},{"ancestorTitles":["Health Check Endpoints","GET /api/startup"],"fullName":"Health Check Endpoints GET /api/startup returns startup status","status":"passed","title":"returns startup status","duration":3.4962999999988824,"failureMessages":[],"location":{"line":92,"column":5},"meta":{}},{"ancestorTitles":["Health Check Endpoints","Performance"],"fullName":"Health Check Endpoints Performance health endpoint responds in under 2 seconds","status":"passed","title":"health endpoint responds in under 2 seconds","duration":7.3135999999976775,"failureMessages":[],"location":{"line":102,"column":5},"meta":{}},{"ancestorTitles":["Health Check Endpoints","Performance"],"fullName":"Health Check Endpoints Performance handles concurrent requests","status":"passed","title":"handles concurrent requests","duration":40.40980000000127,"failureMessages":[],"location":{"line":111,"column":5},"meta":{}}],"startTime":1767278544177,"endTime":1767278544297.41,"status":"passed","message":"","name":"C:/Users/Preston/git/toa-website/test/integration/health.test.ts"}]}