{"numTotalTestSuites":10,"numPassedTestSuites":10,"numFailedTestSuites":0,"numPendingTestSuites":0,"numTotalTests":19,"numPassedTests":19,"numFailedTests":0,"numPendingTests":0,"numTodoTests":0,"snapshot":{"added":0,"failure":false,"filesAdded":0,"filesRemoved":0,"filesRemovedList":[],"filesUnmatched":0,"filesUpdated":0,"matched":0,"total":0,"unchecked":0,"uncheckedKeysByFile":[],"unmatched":0,"updated":0,"didUpdate":false},"startTime":1767281304216,"success":true,"testResults":[{"assertionResults":[{"ancestorTitles":["Feature Flags","isEnabled"],"fullName":"Feature Flags isEnabled should return true for globally enabled flags","status":"passed","title":"should return true for globally enabled flags","duration":1.2227000000000317,"failureMessages":[],"location":{"line":12,"column":5},"meta":{}},{"ancestorTitles":["Feature Flags","isEnabled"],"fullName":"Feature Flags isEnabled should respect environment overrides in development","status":"passed","title":"should respect environment overrides in development","duration":0.297800000000052,"failureMessages":[],"location":{"line":16,"column":5},"meta":{}},{"ancestorTitles":["Feature Flags","isEnabled"],"fullName":"Feature Flags isEnabled should return false for non-existent flags","status":"passed","title":"should return false for non-existent flags","duration":1.4995999999999867,"failureMessages":[],"location":{"line":25,"column":5},"meta":{}},{"ancestorTitles":["Feature Flags","isEnabled"],"fullName":"Feature Flags isEnabled should respect environment restrictions","status":"passed","title":"should respect environment restrictions","duration":0.19190000000003238,"failureMessages":[],"location":{"line":29,"column":5},"meta":{}},{"ancestorTitles":["Feature Flags","isEnabled"],"fullName":"Feature Flags isEnabled should handle percentage rollout correctly","status":"passed","title":"should handle percentage rollout correctly","duration":0.4396000000000413,"failureMessages":[],"location":{"line":34,"column":5},"meta":{}},{"ancestorTitles":["Feature Flags","isEnabled"],"fullName":"Feature Flags isEnabled should enable for specific users","status":"passed","title":"should enable for specific users","duration":0.24139999999999873,"failureMessages":[],"location":{"line":52,"column":5},"meta":{}},{"ancestorTitles":["Feature Flags","getAllFlags"],"fullName":"Feature Flags getAllFlags should return all feature flags","status":"passed","title":"should return all feature flags","duration":0.3108999999999469,"failureMessages":[],"location":{"line":65,"column":5},"meta":{}},{"ancestorTitles":["Feature Flags","getAllFlags"],"fullName":"Feature Flags getAllFlags should return copies to prevent mutation","status":"passed","title":"should return copies to prevent mutation","duration":0.8197999999999865,"failureMessages":[],"location":{"line":72,"column":5},"meta":{}},{"ancestorTitles":["Feature Flags","getFlag"],"fullName":"Feature Flags getFlag should return flag configuration","status":"passed","title":"should return flag configuration","duration":0.2500999999999749,"failureMessages":[],"location":{"line":80,"column":5},"meta":{}},{"ancestorTitles":["Feature Flags","getFlag"],"fullName":"Feature Flags getFlag should return undefined for non-existent flags","status":"passed","title":"should return undefined for non-existent flags","duration":0.21680000000003474,"failureMessages":[],"location":{"line":87,"column":5},"meta":{}},{"ancestorTitles":["Feature Flags","override"],"fullName":"Feature Flags override should override flag state","status":"passed","title":"should override flag state","duration":0.1209999999999809,"failureMessages":[],"location":{"line":93,"column":5},"meta":{}},{"ancestorTitles":["Feature Flags","override"],"fullName":"Feature Flags override should not affect non-existent flags","status":"passed","title":"should not affect non-existent flags","duration":0.2502999999999247,"failureMessages":[],"location":{"line":98,"column":5},"meta":{}},{"ancestorTitles":["Feature Flags","reset"],"fullName":"Feature Flags reset should reset all overrides","status":"passed","title":"should reset all overrides","duration":0.19249999999999545,"failureMessages":[],"location":{"line":105,"column":5},"meta":{}},{"ancestorTitles":["Feature Flags","environment-specific behavior"],"fullName":"Feature Flags environment-specific behavior should enable experimental features in development","status":"passed","title":"should enable experimental features in development","duration":0.25500000000010914,"failureMessages":[],"location":{"line":117,"column":5},"meta":{}},{"ancestorTitles":["Feature Flags","environment-specific behavior"],"fullName":"Feature Flags environment-specific behavior should disable experimental features in production","status":"passed","title":"should disable experimental features in production","duration":0.12869999999998072,"failureMessages":[],"location":{"line":122,"column":5},"meta":{}},{"ancestorTitles":["Feature Flags","environment-specific behavior"],"fullName":"Feature Flags environment-specific behavior should have different rollout percentages per environment","status":"passed","title":"should have different rollout percentages per environment","duration":0.17839999999989686,"failureMessages":[],"location":{"line":127,"column":5},"meta":{}},{"ancestorTitles":["Feature Flags","integration scenarios"],"fullName":"Feature Flags integration scenarios should work with request context","status":"passed","title":"should work with request context","duration":0.11780000000010205,"failureMessages":[],"location":{"line":141,"column":5},"meta":{}},{"ancestorTitles":["Feature Flags","integration scenarios"],"fullName":"Feature Flags integration scenarios should handle missing context gracefully","status":"passed","title":"should handle missing context gracefully","duration":0.5872000000000526,"failureMessages":[],"location":{"line":152,"column":5},"meta":{}},{"ancestorTitles":["Feature Flag Middleware"],"fullName":"Feature Flag Middleware should add featureFlags to request object","status":"passed","title":"should add featureFlags to request object","duration":0.08780000000001564,"failureMessages":[],"location":{"line":160,"column":3},"meta":{}}],"startTime":1767281305540,"endTime":1767281305548.088,"status":"passed","message":"","name":"C:/Users/Preston/git/toa-website/test/unit/feature-flags.test.ts"}]}