{"numTotalTestSuites":28,"numPassedTestSuites":28,"numFailedTestSuites":0,"numPendingTestSuites":0,"numTotalTests":60,"numPassedTests":60,"numFailedTests":0,"numPendingTests":0,"numTodoTests":0,"snapshot":{"added":0,"failure":false,"filesAdded":0,"filesRemoved":0,"filesRemovedList":[],"filesUnmatched":0,"filesUpdated":0,"matched":0,"total":0,"unchecked":0,"uncheckedKeysByFile":[],"unmatched":0,"updated":0,"didUpdate":false},"startTime":1767282118101,"success":true,"testResults":[{"assertionResults":[{"ancestorTitles":["API Routes","GET /api/metrics"],"fullName":"API Routes GET /api/metrics should return application metrics","status":"passed","title":"should return application metrics","duration":32.49170000000004,"failureMessages":[],"location":{"line":69,"column":5},"meta":{}},{"ancestorTitles":["API Routes","GET /api/youtube/playlist/:playlistId"],"fullName":"API Routes GET /api/youtube/playlist/:playlistId should return playlist videos with valid playlist ID","status":"passed","title":"should return playlist videos with valid playlist ID","duration":7.500099999999975,"failureMessages":[],"location":{"line":84,"column":5},"meta":{}},{"ancestorTitles":["API Routes","GET /api/youtube/playlist/:playlistId"],"fullName":"API Routes GET /api/youtube/playlist/:playlistId should reject invalid playlist ID format","status":"passed","title":"should reject invalid playlist ID format","duration":6.162900000000036,"failureMessages":[],"location":{"line":94,"column":5},"meta":{}},{"ancestorTitles":["API Routes","GET /api/youtube/playlist/:playlistId"],"fullName":"API Routes GET /api/youtube/playlist/:playlistId should validate maxResults parameter","status":"passed","title":"should validate maxResults parameter","duration":7.595100000000002,"failureMessages":[],"location":{"line":103,"column":5},"meta":{}},{"ancestorTitles":["API Routes","GET /api/youtube/playlist/:playlistId"],"fullName":"API Routes GET /api/youtube/playlist/:playlistId should accept valid maxResults parameter","status":"passed","title":"should accept valid maxResults parameter","duration":5.919399999999996,"failureMessages":[],"location":{"line":111,"column":5},"meta":{}},{"ancestorTitles":["API Routes","POST /api/podcast/feed"],"fullName":"API Routes POST /api/podcast/feed should return podcast episodes with valid feed URL","status":"passed","title":"should return podcast episodes with valid feed URL","duration":21.27170000000001,"failureMessages":[],"location":{"line":119,"column":5},"meta":{}},{"ancestorTitles":["API Routes","POST /api/podcast/feed"],"fullName":"API Routes POST /api/podcast/feed should reject missing feedUrl","status":"passed","title":"should reject missing feedUrl","duration":5.452399999999898,"failureMessages":[],"location":{"line":129,"column":5},"meta":{}},{"ancestorTitles":["API Routes","POST /api/podcast/feed"],"fullName":"API Routes POST /api/podcast/feed should reject localhost URLs (SSRF protection)","status":"passed","title":"should reject localhost URLs (SSRF protection)","duration":4.72869999999989,"failureMessages":[],"location":{"line":138,"column":5},"meta":{}},{"ancestorTitles":["API Routes","POST /api/podcast/feed"],"fullName":"API Routes POST /api/podcast/feed should reject private IP addresses (SSRF protection)","status":"passed","title":"should reject private IP addresses (SSRF protection)","duration":6.337800000000016,"failureMessages":[],"location":{"line":147,"column":5},"meta":{}},{"ancestorTitles":["API Routes","POST /api/podcast/feed"],"fullName":"API Routes POST /api/podcast/feed should validate limit parameter","status":"passed","title":"should validate limit parameter","duration":5.869099999999889,"failureMessages":[],"location":{"line":156,"column":5},"meta":{}},{"ancestorTitles":["API Routes","GET /api/podcast/audio-proxy"],"fullName":"API Routes GET /api/podcast/audio-proxy should reject missing URL parameter","status":"passed","title":"should reject missing URL parameter","duration":4.290400000000091,"failureMessages":[],"location":{"line":167,"column":5},"meta":{}},{"ancestorTitles":["API Routes","GET /api/podcast/audio-proxy"],"fullName":"API Routes GET /api/podcast/audio-proxy should reject unauthorized domains","status":"passed","title":"should reject unauthorized domains","duration":6.666600000000017,"failureMessages":[],"location":{"line":175,"column":5},"meta":{}},{"ancestorTitles":["API Routes","GET /api/podcast/audio-proxy"],"fullName":"API Routes GET /api/podcast/audio-proxy should reject localhost URLs","status":"passed","title":"should reject localhost URLs","duration":5.398300000000063,"failureMessages":[],"location":{"line":183,"column":5},"meta":{}},{"ancestorTitles":["API Routes","GET /api/etsy/shop/:shopId/listings"],"fullName":"API Routes GET /api/etsy/shop/:shopId/listings should return shop listings with valid shop ID","status":"passed","title":"should return shop listings with valid shop ID","duration":4,"failureMessages":[],"location":{"line":193,"column":5},"meta":{}},{"ancestorTitles":["API Routes","GET /api/etsy/shop/:shopId/listings"],"fullName":"API Routes GET /api/etsy/shop/:shopId/listings should reject invalid shop ID format","status":"passed","title":"should reject invalid shop ID format","duration":5.10310000000004,"failureMessages":[],"location":{"line":201,"column":5},"meta":{}},{"ancestorTitles":["API Routes","GET /api/etsy/shop/:shopId/listings"],"fullName":"API Routes GET /api/etsy/shop/:shopId/listings should validate limit parameter","status":"passed","title":"should validate limit parameter","duration":6.035899999999856,"failureMessages":[],"location":{"line":209,"column":5},"meta":{}},{"ancestorTitles":["API Routes","GET /api/etsy/shop/:shopId/listings"],"fullName":"API Routes GET /api/etsy/shop/:shopId/listings should handle errors from Etsy API","status":"passed","title":"should handle errors from Etsy API","duration":7.54079999999999,"failureMessages":[],"location":{"line":217,"column":5},"meta":{}},{"ancestorTitles":["API Routes","GET /api/dndbeyond/character/:characterId"],"fullName":"API Routes GET /api/dndbeyond/character/:characterId should return character data with valid character ID","status":"passed","title":"should return character data with valid character ID","duration":6.944899999999961,"failureMessages":[],"location":{"line":230,"column":5},"meta":{}},{"ancestorTitles":["API Routes","GET /api/dndbeyond/character/:characterId"],"fullName":"API Routes GET /api/dndbeyond/character/:characterId should reject invalid character ID format","status":"passed","title":"should reject invalid character ID format","duration":4.478199999999788,"failureMessages":[],"location":{"line":240,"column":5},"meta":{}},{"ancestorTitles":["API Routes","GET /api/dndbeyond/character/:characterId"],"fullName":"API Routes GET /api/dndbeyond/character/:characterId should reject non-numeric character IDs","status":"passed","title":"should reject non-numeric character IDs","duration":4.073699999999917,"failureMessages":[],"location":{"line":248,"column":5},"meta":{}},{"ancestorTitles":["API Routes","GET /api/dndbeyond/character/:characterId"],"fullName":"API Routes GET /api/dndbeyond/character/:characterId should handle errors from D&D Beyond API","status":"passed","title":"should handle errors from D&D Beyond API","duration":5.707699999999932,"failureMessages":[],"location":{"line":256,"column":5},"meta":{}},{"ancestorTitles":["API Routes","Error Handling and Security"],"fullName":"API Routes Error Handling and Security should handle API errors gracefully","status":"passed","title":"should handle API errors gracefully","duration":3.769599999999855,"failureMessages":[],"location":{"line":269,"column":5},"meta":{}},{"ancestorTitles":["API Routes","Error Handling and Security"],"fullName":"API Routes Error Handling and Security should not leak internal error details in production","status":"passed","title":"should not leak internal error details in production","duration":4.116800000000012,"failureMessages":[],"location":{"line":281,"column":5},"meta":{}},{"ancestorTitles":["API Routes","Error Handling and Security"],"fullName":"API Routes Error Handling and Security should log errors without exposing sensitive data","status":"passed","title":"should log errors without exposing sensitive data","duration":6.253600000000006,"failureMessages":[],"location":{"line":302,"column":5},"meta":{}},{"ancestorTitles":["API Routes","Error Handling and Security"],"fullName":"API Routes Error Handling and Security should return 400 for malformed JSON in request body","status":"passed","title":"should return 400 for malformed JSON in request body","duration":5.89610000000016,"failureMessages":[],"location":{"line":321,"column":5},"meta":{}},{"ancestorTitles":["API Routes","Error Handling and Security"],"fullName":"API Routes Error Handling and Security should handle missing required fields in POST requests","status":"passed","title":"should handle missing required fields in POST requests","duration":3.6124999999999545,"failureMessages":[],"location":{"line":332,"column":5},"meta":{}},{"ancestorTitles":["API Routes","Error Handling and Security"],"fullName":"API Routes Error Handling and Security should validate content-type for POST requests","status":"passed","title":"should validate content-type for POST requests","duration":4.325500000000147,"failureMessages":[],"location":{"line":342,"column":5},"meta":{}},{"ancestorTitles":["API Routes","Error Handling and Security"],"fullName":"API Routes Error Handling and Security should handle very long URLs gracefully","status":"passed","title":"should handle very long URLs gracefully","duration":7.481500000000096,"failureMessages":[],"location":{"line":352,"column":5},"meta":{}},{"ancestorTitles":["API Routes","Error Handling and Security"],"fullName":"API Routes Error Handling and Security should handle special characters in parameters safely","status":"passed","title":"should handle special characters in parameters safely","duration":3.5452000000000226,"failureMessages":[],"location":{"line":363,"column":5},"meta":{}},{"ancestorTitles":["API Routes","Error Handling and Security"],"fullName":"API Routes Error Handling and Security should handle null bytes in input","status":"passed","title":"should handle null bytes in input","duration":5.146200000000135,"failureMessages":[],"location":{"line":372,"column":5},"meta":{}},{"ancestorTitles":["API Routes","Error Handling and Security"],"fullName":"API Routes Error Handling and Security should rate limit excessive requests (if implemented)","status":"passed","title":"should rate limit excessive requests (if implemented)","duration":25.435000000000173,"failureMessages":[],"location":{"line":380,"column":5},"meta":{}},{"ancestorTitles":["API Routes","Error Handling and Security"],"fullName":"API Routes Error Handling and Security should handle concurrent requests to same resource","status":"passed","title":"should handle concurrent requests to same resource","duration":15.647699999999986,"failureMessages":[],"location":{"line":393,"column":5},"meta":{}},{"ancestorTitles":["API Routes","Error Handling and Security"],"fullName":"API Routes Error Handling and Security should set appropriate security headers","status":"passed","title":"should set appropriate security headers","duration":4.133600000000115,"failureMessages":[],"location":{"line":407,"column":5},"meta":{}},{"ancestorTitles":["API Routes","Error Handling and Security"],"fullName":"API Routes Error Handling and Security should handle timeout scenarios gracefully","status":"passed","title":"should handle timeout scenarios gracefully","duration":107.09209999999985,"failureMessages":[],"location":{"line":417,"column":5},"meta":{}}],"startTime":1767282120635,"endTime":1767282120997.092,"status":"passed","message":"","name":"C:/Users/Preston/git/toa-website/test/routes.test.ts"},{"assertionResults":[{"ancestorTitles":["API Contract Tests","YouTube API Contract"],"fullName":"API Contract Tests YouTube API Contract should return array of videos with required fields","status":"passed","title":"should return array of videos with required fields","duration":33.74189999999999,"failureMessages":[],"location":{"line":40,"column":5},"meta":{}},{"ancestorTitles":["API Contract Tests","YouTube API Contract"],"fullName":"API Contract Tests YouTube API Contract should validate playlist ID format","status":"passed","title":"should validate playlist ID format","duration":7.641699999999901,"failureMessages":[],"location":{"line":70,"column":5},"meta":{}},{"ancestorTitles":["API Contract Tests","YouTube API Contract"],"fullName":"API Contract Tests YouTube API Contract should validate maxResults parameter","status":"passed","title":"should validate maxResults parameter","duration":5.977399999999989,"failureMessages":[],"location":{"line":78,"column":5},"meta":{}},{"ancestorTitles":["API Contract Tests","Error Response Contract"],"fullName":"API Contract Tests Error Response Contract should return consistent error format for invalid requests","status":"passed","title":"should return consistent error format for invalid requests","duration":4.749900000000025,"failureMessages":[],"location":{"line":88,"column":5},"meta":{}},{"ancestorTitles":["API Contract Tests","Backward Compatibility"],"fullName":"API Contract Tests Backward Compatibility should maintain field names","status":"passed","title":"should maintain field names","duration":6.2503999999999,"failureMessages":[],"location":{"line":99,"column":5},"meta":{}}],"startTime":1767282120627,"endTime":1767282120685.2505,"status":"passed","message":"","name":"C:/Users/Preston/git/toa-website/test/contract/api.contract.test.ts"},{"assertionResults":[{"ancestorTitles":["Health Check Endpoints","GET /api/health"],"fullName":"Health Check Endpoints GET /api/health returns comprehensive health status","status":"passed","title":"returns comprehensive health status","duration":27.190200000000004,"failureMessages":[],"location":{"line":16,"column":5},"meta":{}},{"ancestorTitles":["Health Check Endpoints","GET /api/health"],"fullName":"Health Check Endpoints GET /api/health includes all component checks","status":"passed","title":"includes all component checks","duration":6.7391999999999825,"failureMessages":[],"location":{"line":28,"column":5},"meta":{}},{"ancestorTitles":["Health Check Endpoints","GET /api/health"],"fullName":"Health Check Endpoints GET /api/health each check has required fields","status":"passed","title":"each check has required fields","duration":7.317099999999755,"failureMessages":[],"location":{"line":38,"column":5},"meta":{}},{"ancestorTitles":["Health Check Endpoints","GET /api/health"],"fullName":"Health Check Endpoints GET /api/health returns valid status values","status":"passed","title":"returns valid status values","duration":6.3093000000003485,"failureMessages":[],"location":{"line":49,"column":5},"meta":{}},{"ancestorTitles":["Health Check Endpoints","GET /api/ready"],"fullName":"Health Check Endpoints GET /api/ready returns readiness status","status":"passed","title":"returns readiness status","duration":5.696599999999762,"failureMessages":[],"location":{"line":61,"column":5},"meta":{}},{"ancestorTitles":["Health Check Endpoints","GET /api/alive"],"fullName":"Health Check Endpoints GET /api/alive returns liveness status","status":"passed","title":"returns liveness status","duration":5.383800000000065,"failureMessages":[],"location":{"line":72,"column":5},"meta":{}},{"ancestorTitles":["Health Check Endpoints","GET /api/alive"],"fullName":"Health Check Endpoints GET /api/alive responds quickly","status":"passed","title":"responds quickly","duration":3.6788000000001375,"failureMessages":[],"location":{"line":81,"column":5},"meta":{}},{"ancestorTitles":["Health Check Endpoints","GET /api/startup"],"fullName":"Health Check Endpoints GET /api/startup returns startup status","status":"passed","title":"returns startup status","duration":3.153099999999995,"failureMessages":[],"location":{"line":92,"column":5},"meta":{}},{"ancestorTitles":["Health Check Endpoints","Performance"],"fullName":"Health Check Endpoints Performance health endpoint responds in under 2 seconds","status":"passed","title":"health endpoint responds in under 2 seconds","duration":6.913500000000113,"failureMessages":[],"location":{"line":102,"column":5},"meta":{}},{"ancestorTitles":["Health Check Endpoints","Performance"],"fullName":"Health Check Endpoints Performance handles concurrent requests","status":"passed","title":"handles concurrent requests","duration":34.317099999999755,"failureMessages":[],"location":{"line":111,"column":5},"meta":{}}],"startTime":1767282122099,"endTime":1767282122205.3171,"status":"passed","message":"","name":"C:/Users/Preston/git/toa-website/test/integration/health.test.ts"},{"assertionResults":[{"ancestorTitles":["Rate Limiter Integration Tests","API Rate Limiter"],"fullName":"Rate Limiter Integration Tests API Rate Limiter should allow requests under the limit","status":"passed","title":"should allow requests under the limit","duration":31.266599999999926,"failureMessages":[],"location":{"line":30,"column":5},"meta":{}},{"ancestorTitles":["Rate Limiter Integration Tests","API Rate Limiter"],"fullName":"Rate Limiter Integration Tests API Rate Limiter should include rate limit headers","status":"passed","title":"should include rate limit headers","duration":5.083499999999958,"failureMessages":[],"location":{"line":40,"column":5},"meta":{}},{"ancestorTitles":["Rate Limiter Integration Tests","API Rate Limiter"],"fullName":"Rate Limiter Integration Tests API Rate Limiter should reject requests after exceeding limit","status":"passed","title":"should reject requests after exceeding limit","duration":366.24800000000005,"failureMessages":[],"location":{"line":50,"column":5},"meta":{}},{"ancestorTitles":["Rate Limiter Integration Tests","Expensive Operations Rate Limiter"],"fullName":"Rate Limiter Integration Tests Expensive Operations Rate Limiter should allow requests under the limit","status":"passed","title":"should allow requests under the limit","duration":3.2542000000000826,"failureMessages":[],"location":{"line":67,"column":5},"meta":{}},{"ancestorTitles":["Rate Limiter Integration Tests","Expensive Operations Rate Limiter"],"fullName":"Rate Limiter Integration Tests Expensive Operations Rate Limiter should have stricter limits than API limiter","status":"passed","title":"should have stricter limits than API limiter","duration":4.298600000000079,"failureMessages":[],"location":{"line":75,"column":5},"meta":{}},{"ancestorTitles":["Rate Limiter Integration Tests","Expensive Operations Rate Limiter"],"fullName":"Rate Limiter Integration Tests Expensive Operations Rate Limiter should reject requests after exceeding expensive operation limit","status":"passed","title":"should reject requests after exceeding expensive operation limit","duration":32.23890000000006,"failureMessages":[],"location":{"line":85,"column":5},"meta":{}},{"ancestorTitles":["Rate Limiter Integration Tests","Unlimited Endpoints"],"fullName":"Rate Limiter Integration Tests Unlimited Endpoints should not apply rate limiting to non-protected routes","status":"passed","title":"should not apply rate limiting to non-protected routes","duration":439.8610000000001,"failureMessages":[],"location":{"line":101,"column":5},"meta":{}},{"ancestorTitles":["Rate Limiter Integration Tests","Unlimited Endpoints"],"fullName":"Rate Limiter Integration Tests Unlimited Endpoints should not include rate limit headers on unlimited routes","status":"passed","title":"should not include rate limit headers on unlimited routes","duration":2.594000000000051,"failureMessages":[],"location":{"line":109,"column":5},"meta":{}},{"ancestorTitles":["Rate Limiter Integration Tests","Rate Limit Response Format"],"fullName":"Rate Limiter Integration Tests Rate Limit Response Format should return proper error format when rate limited","status":"passed","title":"should return proper error format when rate limited","duration":66.07150000000001,"failureMessages":[],"location":{"line":120,"column":5},"meta":{}},{"ancestorTitles":["Rate Limiter Integration Tests","Rate Limiter Concurrency"],"fullName":"Rate Limiter Integration Tests Rate Limiter Concurrency should handle concurrent requests correctly","status":"passed","title":"should handle concurrent requests correctly","duration":9.852899999999863,"failureMessages":[],"location":{"line":138,"column":5},"meta":{}},{"ancestorTitles":["Rate Limiter Integration Tests","Rate Limiter Concurrency"],"fullName":"Rate Limiter Integration Tests Rate Limiter Concurrency should correctly apply rate limits under concurrent load","status":"passed","title":"should correctly apply rate limits under concurrent load","duration":20.2503999999999,"failureMessages":[],"location":{"line":153,"column":5},"meta":{}}],"startTime":1767282120389,"endTime":1767282121370.2505,"status":"passed","message":"","name":"C:/Users/Preston/git/toa-website/test/integration/rate-limiter.test.ts"}]}