{"numTotalTestSuites":4,"numPassedTestSuites":4,"numFailedTestSuites":0,"numPendingTestSuites":0,"numTotalTests":5,"numPassedTests":5,"numFailedTests":0,"numPendingTests":0,"numTodoTests":0,"snapshot":{"added":0,"failure":false,"filesAdded":0,"filesRemoved":0,"filesRemovedList":[],"filesUnmatched":0,"filesUpdated":0,"matched":0,"total":0,"unchecked":0,"uncheckedKeysByFile":[],"unmatched":0,"updated":0,"didUpdate":false},"startTime":1767325205926,"success":true,"testResults":[{"assertionResults":[{"ancestorTitles":["LatestShorts"],"fullName":"LatestShorts should display section title","status":"passed","title":"should display section title","duration":35.52710000000002,"failureMessages":[],"location":{"line":29,"column":3},"meta":{}},{"ancestorTitles":["LatestShorts"],"fullName":"LatestShorts should show configuration message when no channel ID provided","status":"passed","title":"should show configuration message when no channel ID provided","duration":4.15300000000002,"failureMessages":[],"location":{"line":34,"column":3},"meta":{}},{"ancestorTitles":["LatestShorts"],"fullName":"LatestShorts should render without crashing with channel ID","status":"passed","title":"should render without crashing with channel ID","duration":4.59820000000002,"failureMessages":[],"location":{"line":39,"column":3},"meta":{}}],"startTime":1767325630523,"endTime":1767325630567.5981,"status":"passed","message":"","name":"C:/Users/Preston/git/toa-website/test/latest-shorts.test.tsx"},{"assertionResults":[{"ancestorTitles":["PrintfulShop"],"fullName":"PrintfulShop should render without crashing","status":"passed","title":"should render without crashing","duration":35.624000000000024,"failureMessages":[],"location":{"line":30,"column":3},"meta":{}},{"ancestorTitles":["PrintfulShop"],"fullName":"PrintfulShop should render with enableCheckout prop","status":"passed","title":"should render with enableCheckout prop","duration":6.440299999999979,"failureMessages":[],"location":{"line":35,"column":3},"meta":{}}],"startTime":1767325630530,"endTime":1767325630572.4402,"status":"passed","message":"","name":"C:/Users/Preston/git/toa-website/test/printful-shop.test.tsx"}]}