{"numTotalTestSuites":15,"numPassedTestSuites":15,"numFailedTestSuites":0,"numPendingTestSuites":0,"numTotalTests":28,"numPassedTests":28,"numFailedTests":0,"numPendingTests":0,"numTodoTests":0,"snapshot":{"added":0,"failure":false,"filesAdded":0,"filesRemoved":0,"filesRemovedList":[],"filesUnmatched":0,"filesUpdated":0,"matched":0,"total":0,"unchecked":0,"uncheckedKeysByFile":[],"unmatched":0,"updated":0,"didUpdate":false},"startTime":1767226268596,"success":true,"testResults":[{"assertionResults":[{"ancestorTitles":["Fault Injection Tests","Network Failures"],"fullName":"Fault Injection Tests Network Failures should handle DNS resolution failures","status":"passed","title":"should handle DNS resolution failures","duration":149.33619999999985,"failureMessages":[],"location":{"line":6,"column":5},"meta":{}},{"ancestorTitles":["Fault Injection Tests","Network Failures"],"fullName":"Fault Injection Tests Network Failures should handle slow network responses","status":"passed","title":"should handle slow network responses","duration":216.96299999999997,"failureMessages":[],"location":{"line":17,"column":5},"meta":{}},{"ancestorTitles":["Fault Injection Tests","Network Failures"],"fullName":"Fault Injection Tests Network Failures should handle intermittent connection drops","status":"passed","title":"should handle intermittent connection drops","duration":0.5972000000001572,"failureMessages":[],"location":{"line":33,"column":5},"meta":{}},{"ancestorTitles":["Fault Injection Tests","API Response Corruption"],"fullName":"Fault Injection Tests API Response Corruption should handle malformed JSON responses","status":"passed","title":"should handle malformed JSON responses","duration":0.42480000000000473,"failureMessages":[],"location":{"line":62,"column":5},"meta":{}},{"ancestorTitles":["Fault Injection Tests","API Response Corruption"],"fullName":"Fault Injection Tests API Response Corruption should handle unexpected response structures","status":"passed","title":"should handle unexpected response structures","duration":0.29700000000002547,"failureMessages":[],"location":{"line":80,"column":5},"meta":{}},{"ancestorTitles":["Fault Injection Tests","API Response Corruption"],"fullName":"Fault Injection Tests API Response Corruption should handle missing required fields","status":"passed","title":"should handle missing required fields","duration":0.739699999999857,"failureMessages":[],"location":{"line":109,"column":5},"meta":{}},{"ancestorTitles":["Fault Injection Tests","Database Failures"],"fullName":"Fault Injection Tests Database Failures should handle transaction rollback on error","status":"passed","title":"should handle transaction rollback on error","duration":0.25,"failureMessages":[],"location":{"line":124,"column":5},"meta":{}},{"ancestorTitles":["Fault Injection Tests","Database Failures"],"fullName":"Fault Injection Tests Database Failures should handle deadlock scenarios","status":"passed","title":"should handle deadlock scenarios","duration":11.830399999999827,"failureMessages":[],"location":{"line":150,"column":5},"meta":{}},{"ancestorTitles":["Fault Injection Tests","Resource Exhaustion"],"fullName":"Fault Injection Tests Resource Exhaustion should handle file descriptor exhaustion","status":"passed","title":"should handle file descriptor exhaustion","duration":1.3708999999998923,"failureMessages":[],"location":{"line":197,"column":5},"meta":{}},{"ancestorTitles":["Fault Injection Tests","Resource Exhaustion"],"fullName":"Fault Injection Tests Resource Exhaustion should handle thread pool exhaustion","status":"passed","title":"should handle thread pool exhaustion","duration":102.30359999999996,"failureMessages":[],"location":{"line":225,"column":5},"meta":{}},{"ancestorTitles":["Fault Injection Tests","Resource Exhaustion"],"fullName":"Fault Injection Tests Resource Exhaustion should handle memory allocation failures","status":"passed","title":"should handle memory allocation failures","duration":0.3635999999999058,"failureMessages":[],"location":{"line":245,"column":5},"meta":{}},{"ancestorTitles":["Fault Injection Tests","Time-based Failures"],"fullName":"Fault Injection Tests Time-based Failures should handle cache expiration during read","status":"passed","title":"should handle cache expiration during read","duration":1.6766999999999825,"failureMessages":[],"location":{"line":267,"column":5},"meta":{}},{"ancestorTitles":["Fault Injection Tests","Time-based Failures"],"fullName":"Fault Injection Tests Time-based Failures should handle request timeout during processing","status":"passed","title":"should handle request timeout during processing","duration":0.8019999999999072,"failureMessages":[],"location":{"line":294,"column":5},"meta":{}},{"ancestorTitles":["Fault Injection Tests","Cascading Failures"],"fullName":"Fault Injection Tests Cascading Failures should handle upstream service failure propagation","status":"passed","title":"should handle upstream service failure propagation","duration":0.26350000000002183,"failureMessages":[],"location":{"line":323,"column":5},"meta":{}},{"ancestorTitles":["Fault Injection Tests","Cascading Failures"],"fullName":"Fault Injection Tests Cascading Failures should implement bulkhead pattern for isolation","status":"passed","title":"should implement bulkhead pattern for isolation","duration":103.29299999999989,"failureMessages":[],"location":{"line":360,"column":5},"meta":{}}],"startTime":1767226269854,"endTime":1767226270445.293,"status":"passed","message":"","name":"C:/Users/Preston/git/toa-website/test/chaos/fault-injection.test.ts"},{"assertionResults":[{"ancestorTitles":["Network Resilience & Chaos Tests","YouTube API Resilience"],"fullName":"Network Resilience & Chaos Tests YouTube API Resilience should handle network timeout gracefully","status":"passed","title":"should handle network timeout gracefully","duration":102.09190000000001,"failureMessages":[],"location":{"line":6,"column":5},"meta":{}},{"ancestorTitles":["Network Resilience & Chaos Tests","YouTube API Resilience"],"fullName":"Network Resilience & Chaos Tests YouTube API Resilience should retry on 5xx errors","status":"passed","title":"should retry on 5xx errors","duration":230.69900000000007,"failureMessages":[],"location":{"line":20,"column":5},"meta":{}},{"ancestorTitles":["Network Resilience & Chaos Tests","YouTube API Resilience"],"fullName":"Network Resilience & Chaos Tests YouTube API Resilience should handle rate limiting with exponential backoff","status":"passed","title":"should handle rate limiting with exponential backoff","duration":702.758,"failureMessages":[],"location":{"line":46,"column":5},"meta":{}},{"ancestorTitles":["Network Resilience & Chaos Tests","YouTube API Resilience"],"fullName":"Network Resilience & Chaos Tests YouTube API Resilience should handle partial response failures","status":"passed","title":"should handle partial response failures","duration":0.3161000000000058,"failureMessages":[],"location":{"line":70,"column":5},"meta":{}},{"ancestorTitles":["Network Resilience & Chaos Tests","Database Connection Resilience"],"fullName":"Network Resilience & Chaos Tests Database Connection Resilience should handle database connection loss","status":"passed","title":"should handle database connection loss","duration":0.31320000000005166,"failureMessages":[],"location":{"line":90,"column":5},"meta":{}},{"ancestorTitles":["Network Resilience & Chaos Tests","Database Connection Resilience"],"fullName":"Network Resilience & Chaos Tests Database Connection Resilience should implement circuit breaker pattern","status":"passed","title":"should implement circuit breaker pattern","duration":0.3708999999998923,"failureMessages":[],"location":{"line":109,"column":5},"meta":{}},{"ancestorTitles":["Network Resilience & Chaos Tests","Cache Resilience"],"fullName":"Network Resilience & Chaos Tests Cache Resilience should handle cache corruption gracefully","status":"passed","title":"should handle cache corruption gracefully","duration":0.16609999999991487,"failureMessages":[],"location":{"line":178,"column":5},"meta":{}},{"ancestorTitles":["Network Resilience & Chaos Tests","Cache Resilience"],"fullName":"Network Resilience & Chaos Tests Cache Resilience should handle missing cache files","status":"passed","title":"should handle missing cache files","duration":0.6957999999999629,"failureMessages":[],"location":{"line":191,"column":5},"meta":{}},{"ancestorTitles":["Network Resilience & Chaos Tests","Cache Resilience"],"fullName":"Network Resilience & Chaos Tests Cache Resilience should handle concurrent cache writes","status":"passed","title":"should handle concurrent cache writes","duration":22.05320000000006,"failureMessages":[],"location":{"line":210,"column":5},"meta":{}},{"ancestorTitles":["Network Resilience & Chaos Tests","API Rate Limiting"],"fullName":"Network Resilience & Chaos Tests API Rate Limiting should respect rate limits with token bucket","status":"passed","title":"should respect rate limits with token bucket","duration":0.4877000000001317,"failureMessages":[],"location":{"line":240,"column":5},"meta":{}},{"ancestorTitles":["Network Resilience & Chaos Tests","API Rate Limiting"],"fullName":"Network Resilience & Chaos Tests API Rate Limiting should implement sliding window rate limiter","status":"passed","title":"should implement sliding window rate limiter","duration":0.2562000000000353,"failureMessages":[],"location":{"line":280,"column":5},"meta":{}},{"ancestorTitles":["Network Resilience & Chaos Tests","Memory Pressure Handling"],"fullName":"Network Resilience & Chaos Tests Memory Pressure Handling should handle large payload gracefully","status":"passed","title":"should handle large payload gracefully","duration":8.585500000000138,"failureMessages":[],"location":{"line":314,"column":5},"meta":{}},{"ancestorTitles":["Network Resilience & Chaos Tests","Memory Pressure Handling"],"fullName":"Network Resilience & Chaos Tests Memory Pressure Handling should implement LRU cache eviction","status":"passed","title":"should implement LRU cache eviction","duration":0.27899999999999636,"failureMessages":[],"location":{"line":330,"column":5},"meta":{}}],"startTime":1767226269854,"endTime":1767226270923.5854,"status":"passed","message":"","name":"C:/Users/Preston/git/toa-website/test/chaos/network-resilience.test.ts"}]}