{"numTotalTestSuites":176,"numPassedTestSuites":176,"numFailedTestSuites":0,"numPendingTestSuites":0,"numTotalTests":437,"numPassedTests":425,"numFailedTests":0,"numPendingTests":12,"numTodoTests":0,"snapshot":{"added":0,"failure":false,"filesAdded":0,"filesRemoved":0,"filesRemovedList":[],"filesUnmatched":0,"filesUpdated":0,"matched":19,"total":19,"unchecked":0,"uncheckedKeysByFile":[],"unmatched":0,"updated":0,"didUpdate":false},"startTime":1767327665072,"success":true,"testResults":[{"assertionResults":[{"ancestorTitles":["Generic Cache Behavior","Cache File Operations"],"fullName":"Generic Cache Behavior Cache File Operations should create cache directory if it does not exist","status":"passed","title":"should create cache directory if it does not exist","duration":5.600300000000061,"failureMessages":[],"location":{"line":30,"column":5},"meta":{}},{"ancestorTitles":["Generic Cache Behavior","Cache File Operations"],"fullName":"Generic Cache Behavior Cache File Operations should write valid JSON to cache file","status":"passed","title":"should write valid JSON to cache file","duration":18.218399999999747,"failureMessages":[],"location":{"line":38,"column":5},"meta":{}},{"ancestorTitles":["Generic Cache Behavior","Cache File Operations"],"fullName":"Generic Cache Behavior Cache File Operations should read existing cache file","status":"passed","title":"should read existing cache file","duration":16.196899999999914,"failureMessages":[],"location":{"line":53,"column":5},"meta":{}},{"ancestorTitles":["Generic Cache Behavior","Cache File Operations"],"fullName":"Generic Cache Behavior Cache File Operations should handle non-existent cache file gracefully","status":"passed","title":"should handle non-existent cache file gracefully","duration":1.5821000000000822,"failureMessages":[],"location":{"line":63,"column":5},"meta":{}},{"ancestorTitles":["Generic Cache Behavior","Cache File Operations"],"fullName":"Generic Cache Behavior Cache File Operations should overwrite existing cache file","status":"passed","title":"should overwrite existing cache file","duration":10.601400000000012,"failureMessages":[],"location":{"line":67,"column":5},"meta":{}},{"ancestorTitles":["Generic Cache Behavior","Cache File Operations"],"fullName":"Generic Cache Behavior Cache File Operations should merge cache entries instead of overwriting","status":"passed","title":"should merge cache entries instead of overwriting","duration":6.315900000000056,"failureMessages":[],"location":{"line":80,"column":5},"meta":{}},{"ancestorTitles":["Generic Cache Behavior","Cache Expiration Logic"],"fullName":"Generic Cache Behavior Cache Expiration Logic should correctly calculate cache age","status":"passed","title":"should correctly calculate cache age","duration":0.7219999999997526,"failureMessages":[],"location":{"line":98,"column":5},"meta":{}},{"ancestorTitles":["Generic Cache Behavior","Cache Expiration Logic"],"fullName":"Generic Cache Behavior Cache Expiration Logic should validate fresh cache (within duration)","status":"passed","title":"should validate fresh cache (within duration)","duration":0.5342999999998028,"failureMessages":[],"location":{"line":110,"column":5},"meta":{}},{"ancestorTitles":["Generic Cache Behavior","Cache Expiration Logic"],"fullName":"Generic Cache Behavior Cache Expiration Logic should invalidate expired cache (beyond duration)","status":"passed","title":"should invalidate expired cache (beyond duration)","duration":0.5230999999998858,"failureMessages":[],"location":{"line":121,"column":5},"meta":{}},{"ancestorTitles":["Generic Cache Behavior","Cache Expiration Logic"],"fullName":"Generic Cache Behavior Cache Expiration Logic should handle boundary condition (exactly at duration)","status":"passed","title":"should handle boundary condition (exactly at duration)","duration":0.6033000000002176,"failureMessages":[],"location":{"line":132,"column":5},"meta":{}},{"ancestorTitles":["Generic Cache Behavior","Cache Expiration Logic"],"fullName":"Generic Cache Behavior Cache Expiration Logic should calculate age in different units","status":"passed","title":"should calculate age in different units","duration":0.6403000000000247,"failureMessages":[],"location":{"line":143,"column":5},"meta":{}},{"ancestorTitles":["Generic Cache Behavior","Cache Data Integrity"],"fullName":"Generic Cache Behavior Cache Data Integrity should preserve data types when caching","status":"passed","title":"should preserve data types when caching","duration":6.300000000000182,"failureMessages":[],"location":{"line":159,"column":5},"meta":{}},{"ancestorTitles":["Generic Cache Behavior","Cache Data Integrity"],"fullName":"Generic Cache Behavior Cache Data Integrity should handle special characters in cached strings","status":"passed","title":"should handle special characters in cached strings","duration":16.636599999999817,"failureMessages":[],"location":{"line":182,"column":5},"meta":{}},{"ancestorTitles":["Generic Cache Behavior","Cache Data Integrity"],"fullName":"Generic Cache Behavior Cache Data Integrity should handle large cache entries","status":"passed","title":"should handle large cache entries","duration":44.24360000000024,"failureMessages":[],"location":{"line":196,"column":5},"meta":{}},{"ancestorTitles":["Generic Cache Behavior","Error Handling"],"fullName":"Generic Cache Behavior Error Handling should handle corrupted JSON gracefully","status":"passed","title":"should handle corrupted JSON gracefully","duration":4.582400000000234,"failureMessages":[],"location":{"line":213,"column":5},"meta":{}},{"ancestorTitles":["Generic Cache Behavior","Error Handling"],"fullName":"Generic Cache Behavior Error Handling should handle empty cache file","status":"passed","title":"should handle empty cache file","duration":2.646600000000035,"failureMessages":[],"location":{"line":222,"column":5},"meta":{}},{"ancestorTitles":["Generic Cache Behavior","Error Handling"],"fullName":"Generic Cache Behavior Error Handling should handle invalid UTF-8 encoding","status":"passed","title":"should handle invalid UTF-8 encoding","duration":3.4322000000001935,"failureMessages":[],"location":{"line":231,"column":5},"meta":{}},{"ancestorTitles":["Generic Cache Behavior","Concurrency Considerations"],"fullName":"Generic Cache Behavior Concurrency Considerations should handle multiple sequential writes","status":"passed","title":"should handle multiple sequential writes","duration":18.65430000000015,"failureMessages":[],"location":{"line":248,"column":5},"meta":{}},{"ancestorTitles":["Generic Cache Behavior","Concurrency Considerations"],"fullName":"Generic Cache Behavior Concurrency Considerations should read the most recent write","status":"passed","title":"should read the most recent write","duration":6.1995999999999185,"failureMessages":[],"location":{"line":261,"column":5},"meta":{}},{"ancestorTitles":["Generic Cache Behavior","Cache Strategies"],"fullName":"Generic Cache Behavior Cache Strategies should implement read-through caching pattern","status":"passed","title":"should implement read-through caching pattern","duration":15.340599999999995,"failureMessages":[],"location":{"line":277,"column":5},"meta":{}},{"ancestorTitles":["Generic Cache Behavior","Cache Strategies"],"fullName":"Generic Cache Behavior Cache Strategies should implement write-through caching pattern","status":"passed","title":"should implement write-through caching pattern","duration":29.33269999999993,"failureMessages":[],"location":{"line":313,"column":5},"meta":{}}],"startTime":1767327667636,"endTime":1767327667846.3328,"status":"passed","message":"","name":"C:/Users/Preston/git/toa-website/test/cache.test.ts"},{"assertionResults":[{"ancestorTitles":["YouTube Client Library"],"fullName":"YouTube Client Library should export getPlaylistVideosClient function","status":"passed","title":"should export getPlaylistVideosClient function","duration":150.79469999999992,"failureMessages":[],"location":{"line":7,"column":3},"meta":{}},{"ancestorTitles":["YouTube Client Library"],"fullName":"YouTube Client Library should handle API errors gracefully","status":"passed","title":"should handle API errors gracefully","duration":4.283800000000156,"failureMessages":[],"location":{"line":14,"column":3},"meta":{}},{"ancestorTitles":["YouTube Client Library"],"fullName":"YouTube Client Library should format durations correctly","status":"passed","title":"should format durations correctly","duration":1.287199999999757,"failureMessages":[],"location":{"line":24,"column":3},"meta":{}},{"ancestorTitles":["Structured Data Library"],"fullName":"Structured Data Library should generate valid organization schema","status":"passed","title":"should generate valid organization schema","duration":70.36639999999989,"failureMessages":[],"location":{"line":60,"column":3},"meta":{}},{"ancestorTitles":["Structured Data Library"],"fullName":"Structured Data Library should generate valid website schema","status":"passed","title":"should generate valid website schema","duration":0.34609999999975116,"failureMessages":[],"location":{"line":69,"column":3},"meta":{}},{"ancestorTitles":["Structured Data Library"],"fullName":"Structured Data Library should generate valid breadcrumb schema","status":"passed","title":"should generate valid breadcrumb schema","duration":1.2440999999998894,"failureMessages":[],"location":{"line":77,"column":3},"meta":{}}],"startTime":1767327667531,"endTime":1767327667760.2441,"status":"passed","message":"","name":"C:/Users/Preston/git/toa-website/test/client-libs.test.ts"},{"assertionResults":[{"ancestorTitles":["Environment Validator"],"fullName":"Environment Validator should pass validation with all required variables set","status":"passed","title":"should pass validation with all required variables set","duration":7.8396999999999935,"failureMessages":[],"location":{"line":17,"column":3},"meta":{}},{"ancestorTitles":["Environment Validator"],"fullName":"Environment Validator should warn about missing optional API keys","status":"passed","title":"should warn about missing optional API keys","duration":0.7264000000000124,"failureMessages":[],"location":{"line":26,"column":3},"meta":{}},{"ancestorTitles":["Environment Validator"],"fullName":"Environment Validator should not fail when optional variables are missing","status":"passed","title":"should not fail when optional variables are missing","duration":1.9358999999999469,"failureMessages":[],"location":{"line":37,"column":3},"meta":{}}],"startTime":1767327672222,"endTime":1767327672231.9358,"status":"passed","message":"","name":"C:/Users/Preston/git/toa-website/test/env-validator.test.ts"},{"assertionResults":[{"ancestorTitles":["Health Check Endpoint","Basic Health Check"],"fullName":"Health Check Endpoint Basic Health Check should return 200 OK with healthy status","status":"passed","title":"should return 200 OK with healthy status","duration":58.08179999999993,"failureMessages":[],"location":{"line":15,"column":5},"meta":{}},{"ancestorTitles":["Health Check Endpoint","Basic Health Check"],"fullName":"Health Check Endpoint Basic Health Check should include service name and environment","status":"passed","title":"should include service name and environment","duration":101.1518000000001,"failureMessages":[],"location":{"line":28,"column":5},"meta":{}},{"ancestorTitles":["Health Check Endpoint","Basic Health Check"],"fullName":"Health Check Endpoint Basic Health Check should return uptime greater than 0","status":"passed","title":"should return uptime greater than 0","duration":149.01389999999992,"failureMessages":[],"location":{"line":35,"column":5},"meta":{}},{"ancestorTitles":["Health Check Endpoint","Basic Health Check"],"fullName":"Health Check Endpoint Basic Health Check should include version information","status":"passed","title":"should include version information","duration":12.306299999999737,"failureMessages":[],"location":{"line":41,"column":5},"meta":{}},{"ancestorTitles":["Health Check Endpoint","Detailed Health Check"],"fullName":"Health Check Endpoint Detailed Health Check should return detailed checks","status":"passed","title":"should return detailed checks","duration":11.39449999999988,"failureMessages":[],"location":{"line":50,"column":5},"meta":{}},{"ancestorTitles":["Health Check Endpoint","Detailed Health Check"],"fullName":"Health Check Endpoint Detailed Health Check should include memory usage in check","status":"passed","title":"should include memory usage in check","duration":29.39180000000033,"failureMessages":[],"location":{"line":58,"column":5},"meta":{}},{"ancestorTitles":["Health Check Endpoint","Detailed Health Check"],"fullName":"Health Check Endpoint Detailed Health Check should include storage connectivity check","status":"passed","title":"should include storage connectivity check","duration":31.58089999999993,"failureMessages":[],"location":{"line":69,"column":5},"meta":{}},{"ancestorTitles":["Health Check Endpoint","Detailed Health Check"],"fullName":"Health Check Endpoint Detailed Health Check should include cache status check","status":"passed","title":"should include cache status check","duration":296.9148,"failureMessages":[],"location":{"line":78,"column":5},"meta":{}},{"ancestorTitles":["Health Check Endpoint","Health Status Degradation"],"fullName":"Health Check Endpoint Health Status Degradation should report degraded status when memory usage is high","status":"passed","title":"should report degraded status when memory usage is high","duration":16.68690000000015,"failureMessages":[],"location":{"line":89,"column":5},"meta":{}},{"ancestorTitles":["Health Check Endpoint","Health Status Degradation"],"fullName":"Health Check Endpoint Health Status Degradation should return 200 or 503 based on overall health","status":"passed","title":"should return 200 or 503 based on overall health","duration":12.819899999999961,"failureMessages":[],"location":{"line":108,"column":5},"meta":{}},{"ancestorTitles":["Health Check Endpoint","Performance"],"fullName":"Health Check Endpoint Performance should respond in less than 100ms","status":"passed","title":"should respond in less than 100ms","duration":16.771900000000187,"failureMessages":[],"location":{"line":120,"column":5},"meta":{}},{"ancestorTitles":["Health Check Endpoint","Performance"],"fullName":"Health Check Endpoint Performance should handle concurrent requests","status":"passed","title":"should handle concurrent requests","duration":115.85480000000007,"failureMessages":[],"location":{"line":128,"column":5},"meta":{}},{"ancestorTitles":["Health Check Endpoint","Response Headers"],"fullName":"Health Check Endpoint Response Headers should return JSON content type","status":"passed","title":"should return JSON content type","duration":11.208999999999833,"failureMessages":[],"location":{"line":143,"column":5},"meta":{}}],"startTime":1767327668460,"endTime":1767327669324.209,"status":"passed","message":"","name":"C:/Users/Preston/git/toa-website/test/health-check.test.ts"},{"assertionResults":[{"ancestorTitles":["LatestShorts"],"fullName":"LatestShorts should display section title","status":"passed","title":"should display section title","duration":75.46000000000004,"failureMessages":[],"location":{"line":29,"column":3},"meta":{}},{"ancestorTitles":["LatestShorts"],"fullName":"LatestShorts should show configuration message when no channel ID provided","status":"passed","title":"should show configuration message when no channel ID provided","duration":8.83869999999979,"failureMessages":[],"location":{"line":34,"column":3},"meta":{}},{"ancestorTitles":["LatestShorts"],"fullName":"LatestShorts should render without crashing with channel ID","status":"passed","title":"should render without crashing with channel ID","duration":7.810900000000402,"failureMessages":[],"location":{"line":39,"column":3},"meta":{}}],"startTime":1767327670310,"endTime":1767327670401.8108,"status":"passed","message":"","name":"C:/Users/Preston/git/toa-website/test/latest-shorts.test.tsx"},{"assertionResults":[{"ancestorTitles":["MetricsCache","Basic Operations"],"fullName":"MetricsCache Basic Operations should store and retrieve values","status":"passed","title":"should store and retrieve values","duration":2.8221000000003187,"failureMessages":[],"location":{"line":14,"column":5},"meta":{}},{"ancestorTitles":["MetricsCache","Basic Operations"],"fullName":"MetricsCache Basic Operations should return undefined for non-existent keys","status":"passed","title":"should return undefined for non-existent keys","duration":0.4472000000000662,"failureMessages":[],"location":{"line":19,"column":5},"meta":{}},{"ancestorTitles":["MetricsCache","Basic Operations"],"fullName":"MetricsCache Basic Operations should delete values","status":"passed","title":"should delete values","duration":0.4029000000000451,"failureMessages":[],"location":{"line":23,"column":5},"meta":{}},{"ancestorTitles":["MetricsCache","Basic Operations"],"fullName":"MetricsCache Basic Operations should check if key exists","status":"passed","title":"should check if key exists","duration":0.4545000000002801,"failureMessages":[],"location":{"line":29,"column":5},"meta":{}},{"ancestorTitles":["MetricsCache","Basic Operations"],"fullName":"MetricsCache Basic Operations should clear all entries","status":"passed","title":"should clear all entries","duration":0.4124000000001615,"failureMessages":[],"location":{"line":35,"column":5},"meta":{}},{"ancestorTitles":["MetricsCache","Basic Operations"],"fullName":"MetricsCache Basic Operations should return cache size","status":"passed","title":"should return cache size","duration":0.4070000000001528,"failureMessages":[],"location":{"line":42,"column":5},"meta":{}},{"ancestorTitles":["MetricsCache","TTL Expiration"],"fullName":"MetricsCache TTL Expiration should expire entries after TTL","status":"passed","title":"should expire entries after TTL","duration":150.6519000000003,"failureMessages":[],"location":{"line":50,"column":5},"meta":{}},{"ancestorTitles":["MetricsCache","TTL Expiration"],"fullName":"MetricsCache TTL Expiration should use default TTL","status":"passed","title":"should use default TTL","duration":151.6795000000002,"failureMessages":[],"location":{"line":60,"column":5},"meta":{}},{"ancestorTitles":["MetricsCache","TTL Expiration"],"fullName":"MetricsCache TTL Expiration should remove expired entries on has check","status":"passed","title":"should remove expired entries on has check","duration":158.38989999999967,"failureMessages":[],"location":{"line":71,"column":5},"meta":{}},{"ancestorTitles":["MetricsCache","TTL Expiration"],"fullName":"MetricsCache TTL Expiration should clean expired entries on size calculation","status":"passed","title":"should clean expired entries on size calculation","duration":152.51379999999972,"failureMessages":[],"location":{"line":81,"column":5},"meta":{}},{"ancestorTitles":["MetricsCache","Metrics Tracking"],"fullName":"MetricsCache Metrics Tracking should track cache hits","status":"passed","title":"should track cache hits","duration":0.7154000000000451,"failureMessages":[],"location":{"line":94,"column":5},"meta":{}},{"ancestorTitles":["MetricsCache","Metrics Tracking"],"fullName":"MetricsCache Metrics Tracking should track cache misses","status":"passed","title":"should track cache misses","duration":0.28350000000000364,"failureMessages":[],"location":{"line":103,"column":5},"meta":{}},{"ancestorTitles":["MetricsCache","Metrics Tracking"],"fullName":"MetricsCache Metrics Tracking should track cache sets","status":"passed","title":"should track cache sets","duration":0.2072000000002845,"failureMessages":[],"location":{"line":111,"column":5},"meta":{}},{"ancestorTitles":["MetricsCache","Metrics Tracking"],"fullName":"MetricsCache Metrics Tracking should track cache deletes","status":"passed","title":"should track cache deletes","duration":0.1875,"failureMessages":[],"location":{"line":119,"column":5},"meta":{}},{"ancestorTitles":["MetricsCache","Metrics Tracking"],"fullName":"MetricsCache Metrics Tracking should track deletes on clear","status":"passed","title":"should track deletes on clear","duration":0.22919999999976426,"failureMessages":[],"location":{"line":127,"column":5},"meta":{}},{"ancestorTitles":["MetricsCache","Metrics Tracking"],"fullName":"MetricsCache Metrics Tracking should calculate cache hit rate","status":"passed","title":"should calculate cache hit rate","duration":0.3639000000002852,"failureMessages":[],"location":{"line":137,"column":5},"meta":{}},{"ancestorTitles":["MetricsCache","Metrics Tracking"],"fullName":"MetricsCache Metrics Tracking should track misses for expired entries","status":"passed","title":"should track misses for expired entries","duration":151.07909999999993,"failureMessages":[],"location":{"line":147,"column":5},"meta":{}},{"ancestorTitles":["MetricsCache","Data Types"],"fullName":"MetricsCache Data Types should handle strings","status":"passed","title":"should handle strings","duration":1.327099999999973,"failureMessages":[],"location":{"line":161,"column":5},"meta":{}},{"ancestorTitles":["MetricsCache","Data Types"],"fullName":"MetricsCache Data Types should handle numbers","status":"passed","title":"should handle numbers","duration":0.3528999999998632,"failureMessages":[],"location":{"line":166,"column":5},"meta":{}},{"ancestorTitles":["MetricsCache","Data Types"],"fullName":"MetricsCache Data Types should handle objects","status":"passed","title":"should handle objects","duration":1.2287000000001171,"failureMessages":[],"location":{"line":171,"column":5},"meta":{}},{"ancestorTitles":["MetricsCache","Data Types"],"fullName":"MetricsCache Data Types should handle arrays","status":"passed","title":"should handle arrays","duration":0.34960000000000946,"failureMessages":[],"location":{"line":177,"column":5},"meta":{}},{"ancestorTitles":["MetricsCache","Data Types"],"fullName":"MetricsCache Data Types should handle null and undefined","status":"passed","title":"should handle null and undefined","duration":0.2883999999999105,"failureMessages":[],"location":{"line":183,"column":5},"meta":{}},{"ancestorTitles":["MetricsCache","Edge Cases"],"fullName":"MetricsCache Edge Cases should handle rapid set/get operations","status":"passed","title":"should handle rapid set/get operations","duration":4.004799999999705,"failureMessages":[],"location":{"line":192,"column":5},"meta":{}},{"ancestorTitles":["MetricsCache","Edge Cases"],"fullName":"MetricsCache Edge Cases should overwrite existing keys","status":"passed","title":"should overwrite existing keys","duration":0.457300000000032,"failureMessages":[],"location":{"line":204,"column":5},"meta":{}},{"ancestorTitles":["MetricsCache","Edge Cases"],"fullName":"MetricsCache Edge Cases should handle very short TTL","status":"passed","title":"should handle very short TTL","duration":36.527900000000045,"failureMessages":[],"location":{"line":211,"column":5},"meta":{}},{"ancestorTitles":["MetricsCache","Edge Cases"],"fullName":"MetricsCache Edge Cases should handle very long TTL","status":"passed","title":"should handle very long TTL","duration":1.0648000000001048,"failureMessages":[],"location":{"line":221,"column":5},"meta":{}}],"startTime":1767327667697,"endTime":1767327668515.0647,"status":"passed","message":"","name":"C:/Users/Preston/git/toa-website/test/metrics-cache.test.ts"},{"assertionResults":[{"ancestorTitles":["Monitoring & Metrics","Metrics Collection"],"fullName":"Monitoring & Metrics Metrics Collection should track successful API calls","status":"passed","title":"should track successful API calls","duration":54.56359999999995,"failureMessages":[],"location":{"line":31,"column":5},"meta":{}},{"ancestorTitles":["Monitoring & Metrics","Metrics Collection"],"fullName":"Monitoring & Metrics Metrics Collection should track error rates - SKIPPED: test isolation issue with async middleware","status":"skipped","title":"should track error rates - SKIPPED: test isolation issue with async middleware","failureMessages":[],"location":{"line":43,"column":10},"meta":{}},{"ancestorTitles":["Monitoring & Metrics","Metrics Collection"],"fullName":"Monitoring & Metrics Metrics Collection should calculate latency percentiles","status":"passed","title":"should calculate latency percentiles","duration":129.20609999999988,"failureMessages":[],"location":{"line":70,"column":5},"meta":{}},{"ancestorTitles":["Monitoring & Metrics","Metrics Collection"],"fullName":"Monitoring & Metrics Metrics Collection should track requests per second","status":"passed","title":"should track requests per second","duration":27.948300000000017,"failureMessages":[],"location":{"line":87,"column":5},"meta":{}},{"ancestorTitles":["Monitoring & Metrics","Metrics Collection"],"fullName":"Monitoring & Metrics Metrics Collection should track cache hit rate","status":"passed","title":"should track cache hit rate","duration":1.067700000000059,"failureMessages":[],"location":{"line":96,"column":5},"meta":{}},{"ancestorTitles":["Monitoring & Metrics","Metrics Collection"],"fullName":"Monitoring & Metrics Metrics Collection should track error types","status":"passed","title":"should track error types","duration":0.7186999999998989,"failureMessages":[],"location":{"line":108,"column":5},"meta":{}},{"ancestorTitles":["Monitoring & Metrics","Metrics Collection"],"fullName":"Monitoring & Metrics Metrics Collection should track uptime","status":"passed","title":"should track uptime","duration":108.66570000000002,"failureMessages":[],"location":{"line":119,"column":5},"meta":{}},{"ancestorTitles":["Monitoring & Metrics","Metrics Endpoint"],"fullName":"Monitoring & Metrics Metrics Endpoint should return metrics in JSON format","status":"passed","title":"should return metrics in JSON format","duration":22.959400000000187,"failureMessages":[],"location":{"line":131,"column":5},"meta":{}},{"ancestorTitles":["Monitoring & Metrics","Metrics Endpoint"],"fullName":"Monitoring & Metrics Metrics Endpoint should show cache metrics","status":"passed","title":"should show cache metrics","duration":9.526500000000397,"failureMessages":[],"location":{"line":144,"column":5},"meta":{}},{"ancestorTitles":["Monitoring & Metrics","Performance Tracking"],"fullName":"Monitoring & Metrics Performance Tracking should limit stored latency samples to 1000 per endpoint","status":"passed","title":"should limit stored latency samples to 1000 per endpoint","duration":8297.2638,"failureMessages":[],"location":{"line":159,"column":5},"meta":{}},{"ancestorTitles":["Monitoring & Metrics","Performance Tracking"],"fullName":"Monitoring & Metrics Performance Tracking should handle concurrent requests","status":"passed","title":"should handle concurrent requests","duration":40.67249999999876,"failureMessages":[],"location":{"line":171,"column":5},"meta":{}},{"ancestorTitles":["Monitoring & Metrics","Metrics Reset"],"fullName":"Monitoring & Metrics Metrics Reset should reset all metrics","status":"passed","title":"should reset all metrics","duration":10.383700000000317,"failureMessages":[],"location":{"line":187,"column":5},"meta":{}}],"startTime":1767327668158,"endTime":1767327676861.3838,"status":"passed","message":"","name":"C:/Users/Preston/git/toa-website/test/monitoring.test.ts"},{"assertionResults":[{"ancestorTitles":["Mutation Testing Demo","add function"],"fullName":"Mutation Testing Demo add function adds two positive numbers","status":"passed","title":"adds two positive numbers","duration":2.251900000000205,"failureMessages":[],"location":{"line":20,"column":5},"meta":{}},{"ancestorTitles":["Mutation Testing Demo","add function"],"fullName":"Mutation Testing Demo add function adds negative numbers","status":"passed","title":"adds negative numbers","duration":0.38610000000016953,"failureMessages":[],"location":{"line":24,"column":5},"meta":{}},{"ancestorTitles":["Mutation Testing Demo","add function"],"fullName":"Mutation Testing Demo add function adds zero","status":"passed","title":"adds zero","duration":0.24089999999978318,"failureMessages":[],"location":{"line":28,"column":5},"meta":{}},{"ancestorTitles":["Mutation Testing Demo","add function"],"fullName":"Mutation Testing Demo add function is commutative","status":"passed","title":"is commutative","duration":0.16089999999985594,"failureMessages":[],"location":{"line":34,"column":5},"meta":{}},{"ancestorTitles":["Mutation Testing Demo","isEven function"],"fullName":"Mutation Testing Demo isEven function returns true for even numbers","status":"passed","title":"returns true for even numbers","duration":0.35359999999991487,"failureMessages":[],"location":{"line":40,"column":5},"meta":{}},{"ancestorTitles":["Mutation Testing Demo","isEven function"],"fullName":"Mutation Testing Demo isEven function returns false for odd numbers","status":"passed","title":"returns false for odd numbers","duration":0.25500000000010914,"failureMessages":[],"location":{"line":47,"column":5},"meta":{}},{"ancestorTitles":["Mutation Testing Demo","max function"],"fullName":"Mutation Testing Demo max function returns larger number when a > b","status":"passed","title":"returns larger number when a > b","duration":0.259900000000016,"failureMessages":[],"location":{"line":55,"column":5},"meta":{}},{"ancestorTitles":["Mutation Testing Demo","max function"],"fullName":"Mutation Testing Demo max function returns larger number when b > a","status":"passed","title":"returns larger number when b > a","duration":0.203899999999976,"failureMessages":[],"location":{"line":59,"column":5},"meta":{}},{"ancestorTitles":["Mutation Testing Demo","max function"],"fullName":"Mutation Testing Demo max function returns either when equal","status":"passed","title":"returns either when equal","duration":0.17770000000018626,"failureMessages":[],"location":{"line":63,"column":5},"meta":{}},{"ancestorTitles":["Mutation Testing Demo","max function"],"fullName":"Mutation Testing Demo max function handles negative numbers","status":"passed","title":"handles negative numbers","duration":0.17860000000018772,"failureMessages":[],"location":{"line":67,"column":5},"meta":{}},{"ancestorTitles":["Mutation Testing Demo","max function"],"fullName":"Mutation Testing Demo max function handles boundary correctly","status":"passed","title":"handles boundary correctly","duration":0.2207999999995991,"failureMessages":[],"location":{"line":72,"column":5},"meta":{}},{"ancestorTitles":["Mutation Testing Demo","greet function"],"fullName":"Mutation Testing Demo greet function greets by name when name provided","status":"passed","title":"greets by name when name provided","duration":0.2318000000000211,"failureMessages":[],"location":{"line":79,"column":5},"meta":{}},{"ancestorTitles":["Mutation Testing Demo","greet function"],"fullName":"Mutation Testing Demo greet function uses default greeting for null","status":"passed","title":"uses default greeting for null","duration":0.1659999999997126,"failureMessages":[],"location":{"line":83,"column":5},"meta":{}},{"ancestorTitles":["Mutation Testing Demo","greet function"],"fullName":"Mutation Testing Demo greet function uses default greeting for empty string","status":"passed","title":"uses default greeting for empty string","duration":0.17839999999978318,"failureMessages":[],"location":{"line":87,"column":5},"meta":{}},{"ancestorTitles":["Mutation Testing Demo","greet function"],"fullName":"Mutation Testing Demo greet function uses default greeting for whitespace","status":"passed","title":"uses default greeting for whitespace","duration":0.18360000000029686,"failureMessages":[],"location":{"line":91,"column":5},"meta":{}},{"ancestorTitles":["Mutation Testing Demo","greet function"],"fullName":"Mutation Testing Demo greet function trims whitespace from name","status":"passed","title":"trims whitespace from name","duration":0.1999999999998181,"failureMessages":[],"location":{"line":96,"column":5},"meta":{}},{"ancestorTitles":["Mutation Testing Demo","calculateDiscount function"],"fullName":"Mutation Testing Demo calculateDiscount function calculates 10% discount correctly","status":"passed","title":"calculates 10% discount correctly","duration":0.23900000000003274,"failureMessages":[],"location":{"line":102,"column":5},"meta":{}},{"ancestorTitles":["Mutation Testing Demo","calculateDiscount function"],"fullName":"Mutation Testing Demo calculateDiscount function calculates 50% discount correctly","status":"passed","title":"calculates 50% discount correctly","duration":0.17309999999997672,"failureMessages":[],"location":{"line":106,"column":5},"meta":{}},{"ancestorTitles":["Mutation Testing Demo","calculateDiscount function"],"fullName":"Mutation Testing Demo calculateDiscount function handles 0% discount","status":"passed","title":"handles 0% discount","duration":0.15929999999980282,"failureMessages":[],"location":{"line":110,"column":5},"meta":{}},{"ancestorTitles":["Mutation Testing Demo","calculateDiscount function"],"fullName":"Mutation Testing Demo calculateDiscount function handles 100% discount","status":"passed","title":"handles 100% discount","duration":0.18010000000003856,"failureMessages":[],"location":{"line":114,"column":5},"meta":{}},{"ancestorTitles":["Mutation Testing Demo","calculateDiscount function"],"fullName":"Mutation Testing Demo calculateDiscount function throws for negative discount","status":"passed","title":"throws for negative discount","duration":1.4956999999999425,"failureMessages":[],"location":{"line":118,"column":5},"meta":{}},{"ancestorTitles":["Mutation Testing Demo","calculateDiscount function"],"fullName":"Mutation Testing Demo calculateDiscount function throws for discount over 100","status":"passed","title":"throws for discount over 100","duration":0.3578000000002248,"failureMessages":[],"location":{"line":122,"column":5},"meta":{}},{"ancestorTitles":["Mutation Testing Demo","calculateDiscount function"],"fullName":"Mutation Testing Demo calculateDiscount function handles boundary values","status":"passed","title":"handles boundary values","duration":0.4881000000000313,"failureMessages":[],"location":{"line":127,"column":5},"meta":{}},{"ancestorTitles":["Mutation Testing Demo","calculateDiscount function"],"fullName":"Mutation Testing Demo calculateDiscount function discount amount is proportional to price","status":"passed","title":"discount amount is proportional to price","duration":0.18420000000014625,"failureMessages":[],"location":{"line":133,"column":5},"meta":{}},{"ancestorTitles":["Mutation Testing Demo","isPalindrome function"],"fullName":"Mutation Testing Demo isPalindrome function returns true for palindromes","status":"passed","title":"returns true for palindromes","duration":0.39669999999978245,"failureMessages":[],"location":{"line":141,"column":5},"meta":{}},{"ancestorTitles":["Mutation Testing Demo","isPalindrome function"],"fullName":"Mutation Testing Demo isPalindrome function returns false for non-palindromes","status":"passed","title":"returns false for non-palindromes","duration":0.2418999999999869,"failureMessages":[],"location":{"line":146,"column":5},"meta":{}},{"ancestorTitles":["Mutation Testing Demo","isPalindrome function"],"fullName":"Mutation Testing Demo isPalindrome function handles empty string","status":"passed","title":"handles empty string","duration":0.18740000000025248,"failureMessages":[],"location":{"line":151,"column":5},"meta":{}},{"ancestorTitles":["Mutation Testing Demo","isPalindrome function"],"fullName":"Mutation Testing Demo isPalindrome function handles single character","status":"passed","title":"handles single character","duration":0.15830000000005384,"failureMessages":[],"location":{"line":155,"column":5},"meta":{}},{"ancestorTitles":["Mutation Testing Demo","isPalindrome function"],"fullName":"Mutation Testing Demo isPalindrome function is case insensitive","status":"passed","title":"is case insensitive","duration":0.1734999999998763,"failureMessages":[],"location":{"line":159,"column":5},"meta":{}},{"ancestorTitles":["Mutation Testing Demo","isPalindrome function"],"fullName":"Mutation Testing Demo isPalindrome function ignores non-alphanumeric characters","status":"passed","title":"ignores non-alphanumeric characters","duration":0.17180000000007567,"failureMessages":[],"location":{"line":163,"column":5},"meta":{}}],"startTime":1767327671796,"endTime":1767327671807.1736,"status":"passed","message":"","name":"C:/Users/Preston/git/toa-website/test/mutation-demo.test.ts"},{"assertionResults":[{"ancestorTitles":["PrintfulShop"],"fullName":"PrintfulShop should render without crashing","status":"passed","title":"should render without crashing","duration":71.75580000000036,"failureMessages":[],"location":{"line":30,"column":3},"meta":{}},{"ancestorTitles":["PrintfulShop"],"fullName":"PrintfulShop should render with enableCheckout prop","status":"passed","title":"should render with enableCheckout prop","duration":13.257500000000164,"failureMessages":[],"location":{"line":35,"column":3},"meta":{}}],"startTime":1767327668104,"endTime":1767327668189.2576,"status":"passed","message":"","name":"C:/Users/Preston/git/toa-website/test/printful-shop.test.tsx"},{"assertionResults":[{"ancestorTitles":["API Routes","GET /api/metrics"],"fullName":"API Routes GET /api/metrics should return application metrics","status":"passed","title":"should return application metrics","duration":89.29739999999993,"failureMessages":[],"location":{"line":69,"column":5},"meta":{}},{"ancestorTitles":["API Routes","GET /api/youtube/playlist/:playlistId"],"fullName":"API Routes GET /api/youtube/playlist/:playlistId should return playlist videos with valid playlist ID","status":"passed","title":"should return playlist videos with valid playlist ID","duration":11.74369999999999,"failureMessages":[],"location":{"line":84,"column":5},"meta":{}},{"ancestorTitles":["API Routes","GET /api/youtube/playlist/:playlistId"],"fullName":"API Routes GET /api/youtube/playlist/:playlistId should reject invalid playlist ID format","status":"passed","title":"should reject invalid playlist ID format","duration":10.922999999999774,"failureMessages":[],"location":{"line":94,"column":5},"meta":{}},{"ancestorTitles":["API Routes","GET /api/youtube/playlist/:playlistId"],"fullName":"API Routes GET /api/youtube/playlist/:playlistId should validate maxResults parameter","status":"passed","title":"should validate maxResults parameter","duration":12.275400000000445,"failureMessages":[],"location":{"line":103,"column":5},"meta":{}},{"ancestorTitles":["API Routes","GET /api/youtube/playlist/:playlistId"],"fullName":"API Routes GET /api/youtube/playlist/:playlistId should accept valid maxResults parameter","status":"passed","title":"should accept valid maxResults parameter","duration":12.608699999999772,"failureMessages":[],"location":{"line":111,"column":5},"meta":{}},{"ancestorTitles":["API Routes","POST /api/podcast/feed"],"fullName":"API Routes POST /api/podcast/feed should return podcast episodes with valid feed URL","status":"passed","title":"should return podcast episodes with valid feed URL","duration":33.75870000000032,"failureMessages":[],"location":{"line":119,"column":5},"meta":{}},{"ancestorTitles":["API Routes","POST /api/podcast/feed"],"fullName":"API Routes POST /api/podcast/feed should reject missing feedUrl","status":"passed","title":"should reject missing feedUrl","duration":12.29700000000048,"failureMessages":[],"location":{"line":129,"column":5},"meta":{}},{"ancestorTitles":["API Routes","POST /api/podcast/feed"],"fullName":"API Routes POST /api/podcast/feed should reject localhost URLs (SSRF protection)","status":"passed","title":"should reject localhost URLs (SSRF protection)","duration":15.68080000000009,"failureMessages":[],"location":{"line":138,"column":5},"meta":{}},{"ancestorTitles":["API Routes","POST /api/podcast/feed"],"fullName":"API Routes POST /api/podcast/feed should reject private IP addresses (SSRF protection)","status":"passed","title":"should reject private IP addresses (SSRF protection)","duration":10.601399999999558,"failureMessages":[],"location":{"line":147,"column":5},"meta":{}},{"ancestorTitles":["API Routes","POST /api/podcast/feed"],"fullName":"API Routes POST /api/podcast/feed should validate limit parameter","status":"passed","title":"should validate limit parameter","duration":12.112600000000384,"failureMessages":[],"location":{"line":156,"column":5},"meta":{}},{"ancestorTitles":["API Routes","GET /api/podcast/audio-proxy"],"fullName":"API Routes GET /api/podcast/audio-proxy should reject missing URL parameter","status":"passed","title":"should reject missing URL parameter","duration":14.11239999999998,"failureMessages":[],"location":{"line":167,"column":5},"meta":{}},{"ancestorTitles":["API Routes","GET /api/podcast/audio-proxy"],"fullName":"API Routes GET /api/podcast/audio-proxy should reject unauthorized domains","status":"passed","title":"should reject unauthorized domains","duration":10.736499999999978,"failureMessages":[],"location":{"line":175,"column":5},"meta":{}},{"ancestorTitles":["API Routes","GET /api/podcast/audio-proxy"],"fullName":"API Routes GET /api/podcast/audio-proxy should reject localhost URLs","status":"passed","title":"should reject localhost URLs","duration":26.59019999999964,"failureMessages":[],"location":{"line":183,"column":5},"meta":{}},{"ancestorTitles":["API Routes","GET /api/etsy/shop/:shopId/listings"],"fullName":"API Routes GET /api/etsy/shop/:shopId/listings should return shop listings with valid shop ID","status":"passed","title":"should return shop listings with valid shop ID","duration":10.218899999999849,"failureMessages":[],"location":{"line":193,"column":5},"meta":{}},{"ancestorTitles":["API Routes","GET /api/etsy/shop/:shopId/listings"],"fullName":"API Routes GET /api/etsy/shop/:shopId/listings should reject invalid shop ID format","status":"passed","title":"should reject invalid shop ID format","duration":7.4266999999999825,"failureMessages":[],"location":{"line":201,"column":5},"meta":{}},{"ancestorTitles":["API Routes","GET /api/etsy/shop/:shopId/listings"],"fullName":"API Routes GET /api/etsy/shop/:shopId/listings should validate limit parameter","status":"passed","title":"should validate limit parameter","duration":8.6882999999998,"failureMessages":[],"location":{"line":209,"column":5},"meta":{}},{"ancestorTitles":["API Routes","GET /api/etsy/shop/:shopId/listings"],"fullName":"API Routes GET /api/etsy/shop/:shopId/listings should handle errors from Etsy API","status":"passed","title":"should handle errors from Etsy API","duration":21.740499999999884,"failureMessages":[],"location":{"line":217,"column":5},"meta":{}},{"ancestorTitles":["API Routes","GET /api/dndbeyond/character/:characterId"],"fullName":"API Routes GET /api/dndbeyond/character/:characterId should return character data with valid character ID","status":"passed","title":"should return character data with valid character ID","duration":9.878700000000208,"failureMessages":[],"location":{"line":230,"column":5},"meta":{}},{"ancestorTitles":["API Routes","GET /api/dndbeyond/character/:characterId"],"fullName":"API Routes GET /api/dndbeyond/character/:characterId should reject invalid character ID format","status":"passed","title":"should reject invalid character ID format","duration":8.333200000000033,"failureMessages":[],"location":{"line":240,"column":5},"meta":{}},{"ancestorTitles":["API Routes","GET /api/dndbeyond/character/:characterId"],"fullName":"API Routes GET /api/dndbeyond/character/:characterId should reject non-numeric character IDs","status":"passed","title":"should reject non-numeric character IDs","duration":9.105099999999766,"failureMessages":[],"location":{"line":248,"column":5},"meta":{}},{"ancestorTitles":["API Routes","GET /api/dndbeyond/character/:characterId"],"fullName":"API Routes GET /api/dndbeyond/character/:characterId should handle errors from D&D Beyond API","status":"passed","title":"should handle errors from D&D Beyond API","duration":9.337800000000243,"failureMessages":[],"location":{"line":256,"column":5},"meta":{}},{"ancestorTitles":["API Routes","Error Handling and Security"],"fullName":"API Routes Error Handling and Security should handle API errors gracefully","status":"passed","title":"should handle API errors gracefully","duration":15.235599999999977,"failureMessages":[],"location":{"line":269,"column":5},"meta":{}},{"ancestorTitles":["API Routes","Error Handling and Security"],"fullName":"API Routes Error Handling and Security should not leak internal error details in production","status":"passed","title":"should not leak internal error details in production","duration":13.45510000000013,"failureMessages":[],"location":{"line":281,"column":5},"meta":{}},{"ancestorTitles":["API Routes","Error Handling and Security"],"fullName":"API Routes Error Handling and Security should log errors without exposing sensitive data","status":"passed","title":"should log errors without exposing sensitive data","duration":22.134399999999914,"failureMessages":[],"location":{"line":302,"column":5},"meta":{}},{"ancestorTitles":["API Routes","Error Handling and Security"],"fullName":"API Routes Error Handling and Security should return 400 for malformed JSON in request body","status":"passed","title":"should return 400 for malformed JSON in request body","duration":13.795999999999367,"failureMessages":[],"location":{"line":321,"column":5},"meta":{}},{"ancestorTitles":["API Routes","Error Handling and Security"],"fullName":"API Routes Error Handling and Security should handle missing required fields in POST requests","status":"passed","title":"should handle missing required fields in POST requests","duration":15.405099999999948,"failureMessages":[],"location":{"line":332,"column":5},"meta":{}},{"ancestorTitles":["API Routes","Error Handling and Security"],"fullName":"API Routes Error Handling and Security should validate content-type for POST requests","status":"passed","title":"should validate content-type for POST requests","duration":9.67909999999938,"failureMessages":[],"location":{"line":342,"column":5},"meta":{}},{"ancestorTitles":["API Routes","Error Handling and Security"],"fullName":"API Routes Error Handling and Security should handle very long URLs gracefully","status":"passed","title":"should handle very long URLs gracefully","duration":12.55749999999989,"failureMessages":[],"location":{"line":352,"column":5},"meta":{}},{"ancestorTitles":["API Routes","Error Handling and Security"],"fullName":"API Routes Error Handling and Security should handle special characters in parameters safely","status":"passed","title":"should handle special characters in parameters safely","duration":8.936599999999999,"failureMessages":[],"location":{"line":363,"column":5},"meta":{}},{"ancestorTitles":["API Routes","Error Handling and Security"],"fullName":"API Routes Error Handling and Security should handle null bytes in input","status":"passed","title":"should handle null bytes in input","duration":20.72109999999975,"failureMessages":[],"location":{"line":372,"column":5},"meta":{}},{"ancestorTitles":["API Routes","Error Handling and Security"],"fullName":"API Routes Error Handling and Security should rate limit excessive requests (if implemented)","status":"passed","title":"should rate limit excessive requests (if implemented)","duration":115.98610000000008,"failureMessages":[],"location":{"line":380,"column":5},"meta":{}},{"ancestorTitles":["API Routes","Error Handling and Security"],"fullName":"API Routes Error Handling and Security should handle concurrent requests to same resource","status":"passed","title":"should handle concurrent requests to same resource","duration":36.384500000000116,"failureMessages":[],"location":{"line":393,"column":5},"meta":{}},{"ancestorTitles":["API Routes","Error Handling and Security"],"fullName":"API Routes Error Handling and Security should set appropriate security headers","status":"passed","title":"should set appropriate security headers","duration":13.410499999999956,"failureMessages":[],"location":{"line":407,"column":5},"meta":{}},{"ancestorTitles":["API Routes","Error Handling and Security"],"fullName":"API Routes Error Handling and Security should handle timeout scenarios gracefully","status":"passed","title":"should handle timeout scenarios gracefully","duration":111.38290000000052,"failureMessages":[],"location":{"line":417,"column":5},"meta":{}}],"startTime":1767327669233,"endTime":1767327670000.3828,"status":"passed","message":"","name":"C:/Users/Preston/git/toa-website/test/routes.test.ts"},{"assertionResults":[{"ancestorTitles":["Security - Input Validation","validateUrl"],"fullName":"Security - Input Validation validateUrl should accept valid HTTPS URLs","status":"passed","title":"should accept valid HTTPS URLs","duration":4.541200000000117,"failureMessages":[],"location":{"line":6,"column":5},"meta":{}},{"ancestorTitles":["Security - Input Validation","validateUrl"],"fullName":"Security - Input Validation validateUrl should accept valid HTTP URLs","status":"passed","title":"should accept valid HTTP URLs","duration":0.9151000000001659,"failureMessages":[],"location":{"line":11,"column":5},"meta":{}},{"ancestorTitles":["Security - Input Validation","validateUrl"],"fullName":"Security - Input Validation validateUrl should reject URLs without protocol","status":"passed","title":"should reject URLs without protocol","duration":0.22290000000020882,"failureMessages":[],"location":{"line":16,"column":5},"meta":{}},{"ancestorTitles":["Security - Input Validation","validateUrl"],"fullName":"Security - Input Validation validateUrl should reject localhost URLs","status":"passed","title":"should reject localhost URLs","duration":0.19070000000010623,"failureMessages":[],"location":{"line":22,"column":5},"meta":{}},{"ancestorTitles":["Security - Input Validation","validateUrl"],"fullName":"Security - Input Validation validateUrl should reject 127.0.0.1 URLs","status":"passed","title":"should reject 127.0.0.1 URLs","duration":0.22129999999970096,"failureMessages":[],"location":{"line":28,"column":5},"meta":{}},{"ancestorTitles":["Security - Input Validation","validateUrl"],"fullName":"Security - Input Validation validateUrl should reject private IP addresses (10.x.x.x)","status":"passed","title":"should reject private IP addresses (10.x.x.x)","duration":0.24990000000025248,"failureMessages":[],"location":{"line":34,"column":5},"meta":{}},{"ancestorTitles":["Security - Input Validation","validateUrl"],"fullName":"Security - Input Validation validateUrl should reject private IP addresses (192.168.x.x)","status":"passed","title":"should reject private IP addresses (192.168.x.x)","duration":0.25509999999985666,"failureMessages":[],"location":{"line":40,"column":5},"meta":{}},{"ancestorTitles":["Security - Input Validation","validateUrl"],"fullName":"Security - Input Validation validateUrl should reject private IP addresses (172.16-31.x.x)","status":"passed","title":"should reject private IP addresses (172.16-31.x.x)","duration":0.24789999999984502,"failureMessages":[],"location":{"line":46,"column":5},"meta":{}},{"ancestorTitles":["Security - Input Validation","validateUrl"],"fullName":"Security - Input Validation validateUrl should reject AWS metadata service IP","status":"passed","title":"should reject AWS metadata service IP","duration":0.22970000000032087,"failureMessages":[],"location":{"line":52,"column":5},"meta":{}},{"ancestorTitles":["Security - Input Validation","validateUrl"],"fullName":"Security - Input Validation validateUrl should reject malformed URLs","status":"passed","title":"should reject malformed URLs","duration":0.22530000000006112,"failureMessages":[],"location":{"line":58,"column":5},"meta":{}},{"ancestorTitles":["Security - Input Validation","validateNumber"],"fullName":"Security - Input Validation validateNumber should accept valid numbers within range","status":"passed","title":"should accept valid numbers within range","duration":0.49610000000029686,"failureMessages":[],"location":{"line":66,"column":5},"meta":{}},{"ancestorTitles":["Security - Input Validation","validateNumber"],"fullName":"Security - Input Validation validateNumber should accept minimum value","status":"passed","title":"should accept minimum value","duration":0.20380000000022847,"failureMessages":[],"location":{"line":72,"column":5},"meta":{}},{"ancestorTitles":["Security - Input Validation","validateNumber"],"fullName":"Security - Input Validation validateNumber should accept maximum value","status":"passed","title":"should accept maximum value","duration":0.15779999999995198,"failureMessages":[],"location":{"line":78,"column":5},"meta":{}},{"ancestorTitles":["Security - Input Validation","validateNumber"],"fullName":"Security - Input Validation validateNumber should reject numbers below minimum","status":"passed","title":"should reject numbers below minimum","duration":0.2132000000001426,"failureMessages":[],"location":{"line":84,"column":5},"meta":{}},{"ancestorTitles":["Security - Input Validation","validateNumber"],"fullName":"Security - Input Validation validateNumber should reject numbers above maximum","status":"passed","title":"should reject numbers above maximum","duration":0.2211000000002059,"failureMessages":[],"location":{"line":90,"column":5},"meta":{}},{"ancestorTitles":["Security - Input Validation","validateNumber"],"fullName":"Security - Input Validation validateNumber should reject non-numeric strings","status":"passed","title":"should reject non-numeric strings","duration":0.21129999999993743,"failureMessages":[],"location":{"line":96,"column":5},"meta":{}},{"ancestorTitles":["Security - Input Validation","validateNumber"],"fullName":"Security - Input Validation validateNumber should reject empty strings","status":"passed","title":"should reject empty strings","duration":0.22529999999960637,"failureMessages":[],"location":{"line":102,"column":5},"meta":{}},{"ancestorTitles":["Security - Input Validation","validateString"],"fullName":"Security - Input Validation validateString should accept valid strings","status":"passed","title":"should accept valid strings","duration":0.6428000000000793,"failureMessages":[],"location":{"line":110,"column":5},"meta":{}},{"ancestorTitles":["Security - Input Validation","validateString"],"fullName":"Security - Input Validation validateString should trim whitespace","status":"passed","title":"should trim whitespace","duration":0.6201999999998407,"failureMessages":[],"location":{"line":116,"column":5},"meta":{}},{"ancestorTitles":["Security - Input Validation","validateString"],"fullName":"Security - Input Validation validateString should reject empty strings","status":"passed","title":"should reject empty strings","duration":0.19920000000001892,"failureMessages":[],"location":{"line":122,"column":5},"meta":{}},{"ancestorTitles":["Security - Input Validation","validateString"],"fullName":"Security - Input Validation validateString should reject non-string inputs","status":"passed","title":"should reject non-string inputs","duration":0.14570000000003347,"failureMessages":[],"location":{"line":128,"column":5},"meta":{}},{"ancestorTitles":["Security - Input Validation","validateString"],"fullName":"Security - Input Validation validateString should reject strings exceeding max length","status":"passed","title":"should reject strings exceeding max length","duration":0.1574999999997999,"failureMessages":[],"location":{"line":134,"column":5},"meta":{}},{"ancestorTitles":["Security - Input Validation","validateString"],"fullName":"Security - Input Validation validateString should escape HTML characters","status":"passed","title":"should escape HTML characters","duration":0.30569999999988795,"failureMessages":[],"location":{"line":141,"column":5},"meta":{}}],"startTime":1767327671980,"endTime":1767327671992.3057,"status":"passed","message":"","name":"C:/Users/Preston/git/toa-website/test/security.test.ts"},{"assertionResults":[{"ancestorTitles":["SEO Component"],"fullName":"SEO Component should render meta tags with provided props","status":"passed","title":"should render meta tags with provided props","duration":27.33739999999989,"failureMessages":[],"location":{"line":6,"column":3},"meta":{}},{"ancestorTitles":["SEO Component"],"fullName":"SEO Component should render Open Graph meta tags","status":"passed","title":"should render Open Graph meta tags","duration":3.4081999999998516,"failureMessages":[],"location":{"line":29,"column":3},"meta":{}},{"ancestorTitles":["SEO Component"],"fullName":"SEO Component should render Twitter Card meta tags","status":"passed","title":"should render Twitter Card meta tags","duration":3.1304999999997563,"failureMessages":[],"location":{"line":49,"column":3},"meta":{}},{"ancestorTitles":["SEO Component"],"fullName":"SEO Component should handle JSON-LD structured data","status":"passed","title":"should handle JSON-LD structured data","duration":3.026499999999942,"failureMessages":[],"location":{"line":63,"column":3},"meta":{}}],"startTime":1767327670738,"endTime":1767327670775.0266,"status":"passed","message":"","name":"C:/Users/Preston/git/toa-website/test/seo.test.tsx"},{"assertionResults":[{"ancestorTitles":["Sponsors Page"],"fullName":"Sponsors Page should render the sponsors page with all sections","status":"passed","title":"should render the sponsors page with all sections","duration":153.06820000000016,"failureMessages":[],"location":{"line":21,"column":3},"meta":{}},{"ancestorTitles":["Sponsors Page"],"fullName":"Sponsors Page should display \"Become Our First Sponsor\" when no sponsors exist","status":"passed","title":"should display \"Become Our First Sponsor\" when no sponsors exist","duration":91.60710000000017,"failureMessages":[],"location":{"line":32,"column":3},"meta":{}},{"ancestorTitles":["Sponsors Page"],"fullName":"Sponsors Page should render all three sponsorship tiers","status":"passed","title":"should render all three sponsorship tiers","duration":82.89309999999978,"failureMessages":[],"location":{"line":42,"column":3},"meta":{}},{"ancestorTitles":["Sponsors Page"],"fullName":"Sponsors Page should render community metrics section","status":"passed","title":"should render community metrics section","duration":53.202400000000125,"failureMessages":[],"location":{"line":54,"column":3},"meta":{}},{"ancestorTitles":["Sponsors Page"],"fullName":"Sponsors Page should open mailto link when \"Become Sponsor\" button is clicked","status":"passed","title":"should open mailto link when \"Become Sponsor\" button is clicked","duration":50.09090000000015,"failureMessages":[],"location":{"line":67,"column":3},"meta":{}},{"ancestorTitles":["Sponsors Page"],"fullName":"Sponsors Page should open mailto link when main CTA button is clicked","status":"passed","title":"should open mailto link when main CTA button is clicked","duration":50.185199999999895,"failureMessages":[],"location":{"line":82,"column":3},"meta":{}},{"ancestorTitles":["Sponsors Page"],"fullName":"Sponsors Page should open mailto with tier-specific content when tier inquiry button is clicked","status":"passed","title":"should open mailto with tier-specific content when tier inquiry button is clicked","duration":43.62950000000001,"failureMessages":[],"location":{"line":96,"column":3},"meta":{}},{"ancestorTitles":["Sponsors Page"],"fullName":"Sponsors Page should navigate to press kit when press kit button is clicked","status":"passed","title":"should navigate to press kit when press kit button is clicked","duration":40.70919999999978,"failureMessages":[],"location":{"line":110,"column":3},"meta":{}},{"ancestorTitles":["Sponsors Page"],"fullName":"Sponsors Page should render all sponsorship tier benefits","status":"passed","title":"should render all sponsorship tier benefits","duration":68.0980999999997,"failureMessages":[],"location":{"line":123,"column":3},"meta":{}},{"ancestorTitles":["Sponsors Page"],"fullName":"Sponsors Page should display \"Why Partner With Us\" section","status":"passed","title":"should display \"Why Partner With Us\" section","duration":88.80479999999989,"failureMessages":[],"location":{"line":141,"column":3},"meta":{}},{"ancestorTitles":["Sponsors Page"],"fullName":"Sponsors Page should display target audience section","status":"passed","title":"should display target audience section","duration":79.11100000000033,"failureMessages":[],"location":{"line":155,"column":3},"meta":{}},{"ancestorTitles":["Sponsors Page"],"fullName":"Sponsors Page should have proper SEO metadata","status":"passed","title":"should have proper SEO metadata","duration":56.7502999999997,"failureMessages":[],"location":{"line":168,"column":3},"meta":{}},{"ancestorTitles":["Sponsors Page"],"fullName":"Sponsors Page should encode email subject and body properly","status":"passed","title":"should encode email subject and body properly","duration":105.83560000000034,"failureMessages":[],"location":{"line":179,"column":3},"meta":{}}],"startTime":1767327668205,"endTime":1767327669169.8357,"status":"passed","message":"","name":"C:/Users/Preston/git/toa-website/test/sponsors.test.tsx"},{"assertionResults":[{"ancestorTitles":["Structured Data Snapshot Tests","Organization Schema"],"fullName":"Structured Data Snapshot Tests Organization Schema generates valid organization schema","status":"passed","title":"generates valid organization schema","duration":6.798800000000028,"failureMessages":[],"location":{"line":20,"column":5},"meta":{}},{"ancestorTitles":["Structured Data Snapshot Tests","Organization Schema"],"fullName":"Structured Data Snapshot Tests Organization Schema includes all social media links","status":"passed","title":"includes all social media links","duration":1.11200000000008,"failureMessages":[],"location":{"line":33,"column":5},"meta":{}},{"ancestorTitles":["Structured Data Snapshot Tests","Organization Schema"],"fullName":"Structured Data Snapshot Tests Organization Schema includes contact information","status":"passed","title":"includes contact information","duration":0.4841000000001259,"failureMessages":[],"location":{"line":48,"column":5},"meta":{}},{"ancestorTitles":["Structured Data Snapshot Tests","WebSite Schema"],"fullName":"Structured Data Snapshot Tests WebSite Schema generates valid website schema","status":"passed","title":"generates valid website schema","duration":1.017399999999725,"failureMessages":[],"location":{"line":60,"column":5},"meta":{}},{"ancestorTitles":["Structured Data Snapshot Tests","WebSite Schema"],"fullName":"Structured Data Snapshot Tests WebSite Schema includes search action","status":"passed","title":"includes search action","duration":0.8894999999997708,"failureMessages":[],"location":{"line":71,"column":5},"meta":{}},{"ancestorTitles":["Structured Data Snapshot Tests","WebSite Schema"],"fullName":"Structured Data Snapshot Tests WebSite Schema includes publisher information","status":"passed","title":"includes publisher information","duration":0.7975000000001273,"failureMessages":[],"location":{"line":81,"column":5},"meta":{}},{"ancestorTitles":["Structured Data Snapshot Tests","Breadcrumb Schema"],"fullName":"Structured Data Snapshot Tests Breadcrumb Schema generates breadcrumb for homepage","status":"passed","title":"generates breadcrumb for homepage","duration":3.224500000000262,"failureMessages":[],"location":{"line":93,"column":5},"meta":{}},{"ancestorTitles":["Structured Data Snapshot Tests","Breadcrumb Schema"],"fullName":"Structured Data Snapshot Tests Breadcrumb Schema generates breadcrumb for nested pages","status":"passed","title":"generates breadcrumb for nested pages","duration":1.2269999999998618,"failureMessages":[],"location":{"line":105,"column":5},"meta":{}},{"ancestorTitles":["Structured Data Snapshot Tests","Breadcrumb Schema"],"fullName":"Structured Data Snapshot Tests Breadcrumb Schema handles empty breadcrumb","status":"passed","title":"handles empty breadcrumb","duration":0.552599999999984,"failureMessages":[],"location":{"line":124,"column":5},"meta":{}},{"ancestorTitles":["Structured Data Snapshot Tests","Video Schema"],"fullName":"Structured Data Snapshot Tests Video Schema generates complete video schema","status":"passed","title":"generates complete video schema","duration":0.9924999999998363,"failureMessages":[],"location":{"line":133,"column":5},"meta":{}},{"ancestorTitles":["Structured Data Snapshot Tests","Video Schema"],"fullName":"Structured Data Snapshot Tests Video Schema generates video schema with minimal data","status":"passed","title":"generates video schema with minimal data","duration":0.6613000000002103,"failureMessages":[],"location":{"line":153,"column":5},"meta":{}},{"ancestorTitles":["Structured Data Snapshot Tests","Video Schema"],"fullName":"Structured Data Snapshot Tests Video Schema includes publisher information","status":"passed","title":"includes publisher information","duration":0.5127000000002226,"failureMessages":[],"location":{"line":168,"column":5},"meta":{}},{"ancestorTitles":["Structured Data Snapshot Tests","Person Schema"],"fullName":"Structured Data Snapshot Tests Person Schema generates complete person schema","status":"passed","title":"generates complete person schema","duration":0.5374000000001615,"failureMessages":[],"location":{"line":187,"column":5},"meta":{}},{"ancestorTitles":["Structured Data Snapshot Tests","Person Schema"],"fullName":"Structured Data Snapshot Tests Person Schema generates person schema with minimal data","status":"passed","title":"generates person schema with minimal data","duration":0.43260000000009313,"failureMessages":[],"location":{"line":207,"column":5},"meta":{}},{"ancestorTitles":["Structured Data Snapshot Tests","Person Schema"],"fullName":"Structured Data Snapshot Tests Person Schema includes organization membership","status":"passed","title":"includes organization membership","duration":0.40219999999999345,"failureMessages":[],"location":{"line":220,"column":5},"meta":{}},{"ancestorTitles":["Structured Data Snapshot Tests","CreativeWork Schema"],"fullName":"Structured Data Snapshot Tests CreativeWork Schema generates character creative work schema","status":"passed","title":"generates character creative work schema","duration":0.5791999999996733,"failureMessages":[],"location":{"line":236,"column":5},"meta":{}},{"ancestorTitles":["Structured Data Snapshot Tests","CreativeWork Schema"],"fullName":"Structured Data Snapshot Tests CreativeWork Schema includes genre information","status":"passed","title":"includes genre information","duration":1.0455000000001746,"failureMessages":[],"location":{"line":253,"column":5},"meta":{}},{"ancestorTitles":["Structured Data Snapshot Tests","CreativeWork Schema"],"fullName":"Structured Data Snapshot Tests CreativeWork Schema links to creative work series","status":"passed","title":"links to creative work series","duration":0.5425999999997657,"failureMessages":[],"location":{"line":270,"column":5},"meta":{}},{"ancestorTitles":["Structured Data Snapshot Tests","CreativeWork Schema"],"fullName":"Structured Data Snapshot Tests CreativeWork Schema handles missing image","status":"passed","title":"handles missing image","duration":0.41840000000001965,"failureMessages":[],"location":{"line":286,"column":5},"meta":{}},{"ancestorTitles":["Structured Data Snapshot Tests","Schema.org Compliance"],"fullName":"Structured Data Snapshot Tests Schema.org Compliance all schemas have @context","status":"passed","title":"all schemas have @context","duration":0.533900000000358,"failureMessages":[],"location":{"line":301,"column":5},"meta":{}},{"ancestorTitles":["Structured Data Snapshot Tests","Schema.org Compliance"],"fullName":"Structured Data Snapshot Tests Schema.org Compliance all schemas have @type","status":"passed","title":"all schemas have @type","duration":0.4944000000000415,"failureMessages":[],"location":{"line":325,"column":5},"meta":{}},{"ancestorTitles":["Structured Data Snapshot Tests","Schema.org Compliance"],"fullName":"Structured Data Snapshot Tests Schema.org Compliance schemas are valid JSON","status":"passed","title":"schemas are valid JSON","duration":2.926300000000083,"failureMessages":[],"location":{"line":355,"column":5},"meta":{}}],"startTime":1767327671398,"endTime":1767327671425.9263,"status":"passed","message":"","name":"C:/Users/Preston/git/toa-website/test/structured-data.snapshot.test.ts"},{"assertionResults":[{"ancestorTitles":["YouTube API Integration Tests","API Error Handling"],"fullName":"YouTube API Integration Tests API Error Handling should handle 429 rate limit errors","status":"passed","title":"should handle 429 rate limit errors","duration":3.7579000000000633,"failureMessages":[],"location":{"line":27,"column":5},"meta":{}},{"ancestorTitles":["YouTube API Integration Tests","API Error Handling"],"fullName":"YouTube API Integration Tests API Error Handling should handle 403 forbidden errors","status":"passed","title":"should handle 403 forbidden errors","duration":0.8090000000001965,"failureMessages":[],"location":{"line":54,"column":5},"meta":{}},{"ancestorTitles":["YouTube API Integration Tests","API Error Handling"],"fullName":"YouTube API Integration Tests API Error Handling should handle 404 playlist not found","status":"passed","title":"should handle 404 playlist not found","duration":0.5629000000003543,"failureMessages":[],"location":{"line":74,"column":5},"meta":{}},{"ancestorTitles":["YouTube API Integration Tests","API Error Handling"],"fullName":"YouTube API Integration Tests API Error Handling should handle network errors","status":"passed","title":"should handle network errors","duration":3.1404999999999745,"failureMessages":[],"location":{"line":94,"column":5},"meta":{}},{"ancestorTitles":["YouTube API Integration Tests","API Error Handling"],"fullName":"YouTube API Integration Tests API Error Handling should handle malformed JSON responses","status":"passed","title":"should handle malformed JSON responses","duration":0.8090000000001965,"failureMessages":[],"location":{"line":102,"column":5},"meta":{}},{"ancestorTitles":["YouTube API Integration Tests","API Error Handling"],"fullName":"YouTube API Integration Tests API Error Handling should handle empty response bodies","status":"passed","title":"should handle empty response bodies","duration":1.4157000000000153,"failureMessages":[],"location":{"line":117,"column":5},"meta":{}},{"ancestorTitles":["YouTube API Integration Tests","API Error Handling"],"fullName":"YouTube API Integration Tests API Error Handling should handle missing items array","status":"passed","title":"should handle missing items array","duration":0.5915999999997439,"failureMessages":[],"location":{"line":131,"column":5},"meta":{}},{"ancestorTitles":["YouTube API Integration Tests","Pagination Handling"],"fullName":"YouTube API Integration Tests Pagination Handling should handle multiple pages of results","status":"passed","title":"should handle multiple pages of results","duration":2.009099999999762,"failureMessages":[],"location":{"line":151,"column":5},"meta":{}},{"ancestorTitles":["YouTube API Integration Tests","Pagination Handling"],"fullName":"YouTube API Integration Tests Pagination Handling should stop pagination when no nextPageToken","status":"passed","title":"should stop pagination when no nextPageToken","duration":0.8245999999999185,"failureMessages":[],"location":{"line":192,"column":5},"meta":{}},{"ancestorTitles":["YouTube API Integration Tests","Pagination Handling"],"fullName":"YouTube API Integration Tests Pagination Handling should handle very large playlists (1000+ videos)","status":"passed","title":"should handle very large playlists (1000+ videos)","duration":1.2485999999998967,"failureMessages":[],"location":{"line":209,"column":5},"meta":{}},{"ancestorTitles":["YouTube API Integration Tests","Data Transformation"],"fullName":"YouTube API Integration Tests Data Transformation should handle videos with missing thumbnails","status":"passed","title":"should handle videos with missing thumbnails","duration":0.5678000000002612,"failureMessages":[],"location":{"line":244,"column":5},"meta":{}},{"ancestorTitles":["YouTube API Integration Tests","Data Transformation"],"fullName":"YouTube API Integration Tests Data Transformation should handle videos with missing statistics","status":"passed","title":"should handle videos with missing statistics","duration":0.5140999999998712,"failureMessages":[],"location":{"line":276,"column":5},"meta":{}},{"ancestorTitles":["YouTube API Integration Tests","Data Transformation"],"fullName":"YouTube API Integration Tests Data Transformation should handle videos with malformed duration","status":"passed","title":"should handle videos with malformed duration","duration":0.4803999999999178,"failureMessages":[],"location":{"line":304,"column":5},"meta":{}},{"ancestorTitles":["YouTube API Integration Tests","Cache Stale Fallback Integration"],"fullName":"YouTube API Integration Tests Cache Stale Fallback Integration should use stale cache when API fails","status":"passed","title":"should use stale cache when API fails","duration":15.643400000000383,"failureMessages":[],"location":{"line":333,"column":5},"meta":{}},{"ancestorTitles":["YouTube API Integration Tests","Cache Stale Fallback Integration"],"fullName":"YouTube API Integration Tests Cache Stale Fallback Integration should return empty array when no cache and API fails","status":"passed","title":"should return empty array when no cache and API fails","duration":1.0154999999999745,"failureMessages":[],"location":{"line":366,"column":5},"meta":{}},{"ancestorTitles":["YouTube API Integration Tests","Concurrent Request Handling"],"fullName":"YouTube API Integration Tests Concurrent Request Handling should handle concurrent requests to same playlist","status":"passed","title":"should handle concurrent requests to same playlist","duration":1.6907000000001062,"failureMessages":[],"location":{"line":385,"column":5},"meta":{}},{"ancestorTitles":["YouTube API Integration Tests","Concurrent Request Handling"],"fullName":"YouTube API Integration Tests Concurrent Request Handling should handle concurrent requests to different playlists","status":"passed","title":"should handle concurrent requests to different playlists","duration":0.7115999999996347,"failureMessages":[],"location":{"line":411,"column":5},"meta":{}}],"startTime":1767327671080,"endTime":1767327671116.7117,"status":"passed","message":"","name":"C:/Users/Preston/git/toa-website/test/youtube-integration.test.ts"},{"assertionResults":[{"ancestorTitles":["YouTube Cache System","Multi-Playlist Cache"],"fullName":"YouTube Cache System Multi-Playlist Cache should cache multiple playlists independently","status":"passed","title":"should cache multiple playlists independently","duration":18.476799999999912,"failureMessages":[],"location":{"line":38,"column":5},"meta":{}},{"ancestorTitles":["YouTube Cache System","Multi-Playlist Cache"],"fullName":"YouTube Cache System Multi-Playlist Cache should not overwrite existing playlist cache when adding new one","status":"passed","title":"should not overwrite existing playlist cache when adding new one","duration":29.64780000000019,"failureMessages":[],"location":{"line":64,"column":5},"meta":{}},{"ancestorTitles":["YouTube Cache System","Multi-Playlist Cache"],"fullName":"YouTube Cache System Multi-Playlist Cache should handle expired cache per playlist","status":"passed","title":"should handle expired cache per playlist","duration":16.3121000000001,"failureMessages":[],"location":{"line":94,"column":5},"meta":{}},{"ancestorTitles":["YouTube Cache System","Multi-Playlist Cache"],"fullName":"YouTube Cache System Multi-Playlist Cache should create cache directory if it does not exist","status":"passed","title":"should create cache directory if it does not exist","duration":2.052799999999934,"failureMessages":[],"location":{"line":123,"column":5},"meta":{}},{"ancestorTitles":["YouTube Cache System","Cache Fallback on API Failure"],"fullName":"YouTube Cache System Cache Fallback on API Failure should return stale cache when API fails","status":"passed","title":"should return stale cache when API fails","duration":15.518299999999726,"failureMessages":[],"location":{"line":150,"column":5},"meta":{}},{"ancestorTitles":["YouTube Cache System","Cache Fallback on API Failure"],"fullName":"YouTube Cache System Cache Fallback on API Failure should handle missing cache gracefully","status":"passed","title":"should handle missing cache gracefully","duration":0.5779999999999745,"failureMessages":[],"location":{"line":175,"column":5},"meta":{}},{"ancestorTitles":["YouTube Cache System","Cache Fallback on API Failure"],"fullName":"YouTube Cache System Cache Fallback on API Failure should handle corrupted cache file","status":"passed","title":"should handle corrupted cache file","duration":5.771799999999985,"failureMessages":[],"location":{"line":184,"column":5},"meta":{}},{"ancestorTitles":["YouTube Formatters","formatDuration"],"fullName":"YouTube Formatters formatDuration should format hours, minutes, seconds: PT1H30M45S -> 1:30:45","status":"passed","title":"should format hours, minutes, seconds: PT1H30M45S -> 1:30:45","duration":0.8087999999997919,"failureMessages":[],"location":{"line":215,"column":7},"meta":{}},{"ancestorTitles":["YouTube Formatters","formatDuration"],"fullName":"YouTube Formatters formatDuration should format minutes and seconds: PT5M20S -> 5:20","status":"passed","title":"should format minutes and seconds: PT5M20S -> 5:20","duration":0.30629999999973734,"failureMessages":[],"location":{"line":215,"column":7},"meta":{}},{"ancestorTitles":["YouTube Formatters","formatDuration"],"fullName":"YouTube Formatters formatDuration should format only seconds: PT45S -> 0:45","status":"passed","title":"should format only seconds: PT45S -> 0:45","duration":0.139299999999821,"failureMessages":[],"location":{"line":215,"column":7},"meta":{}},{"ancestorTitles":["YouTube Formatters","formatDuration"],"fullName":"YouTube Formatters formatDuration should format hours and seconds (no minutes): PT1H5S -> 1:00:05","status":"passed","title":"should format hours and seconds (no minutes): PT1H5S -> 1:00:05","duration":0.27309999999988577,"failureMessages":[],"location":{"line":215,"column":7},"meta":{}},{"ancestorTitles":["YouTube Formatters","formatDuration"],"fullName":"YouTube Formatters formatDuration should format only hours: PT2H -> 2:00:00","status":"passed","title":"should format only hours: PT2H -> 2:00:00","duration":0.1893000000000029,"failureMessages":[],"location":{"line":215,"column":7},"meta":{}},{"ancestorTitles":["YouTube Formatters","formatDuration"],"fullName":"YouTube Formatters formatDuration should format only minutes: PT10M -> 10:00","status":"passed","title":"should format only minutes: PT10M -> 10:00","duration":0.13239999999996144,"failureMessages":[],"location":{"line":215,"column":7},"meta":{}},{"ancestorTitles":["YouTube Formatters","formatDuration"],"fullName":"YouTube Formatters formatDuration should format zero duration: PT0S -> 0:00","status":"passed","title":"should format zero duration: PT0S -> 0:00","duration":0.11890000000039436,"failureMessages":[],"location":{"line":215,"column":7},"meta":{}},{"ancestorTitles":["YouTube Formatters","formatDuration"],"fullName":"YouTube Formatters formatDuration should format invalid format: invalid -> 0:00","status":"passed","title":"should format invalid format: invalid -> 0:00","duration":0.10770000000002256,"failureMessages":[],"location":{"line":215,"column":7},"meta":{}},{"ancestorTitles":["YouTube Formatters","formatDuration"],"fullName":"YouTube Formatters formatDuration should format empty string:  -> 0:00","status":"passed","title":"should format empty string:  -> 0:00","duration":0.104200000000219,"failureMessages":[],"location":{"line":215,"column":7},"meta":{}},{"ancestorTitles":["YouTube Formatters","formatViewCount"],"fullName":"YouTube Formatters formatViewCount should format less than 1K: 999 -> 999","status":"passed","title":"should format less t
[...]
,0],"5":[0,0],"6":[0,0],"7":[0,0],"8":[0,0],"9":[0,0],"10":[0,0],"11":[0,0],"12":[0,0],"13":[0,0],"14":[0,0],"15":[0,0],"16":[0,0],"17":[0,0],"18":[0,0],"19":[0,0],"20":[0,0],"21":[0,0],"22":[0,0],"23":[0,0],"24":[0,0],"25":[0,0,0],"26":[0,0],"27":[0,0],"28":[0],"29":[0,0],"30":[0,0],"31":[0,0],"32":[0,0],"33":[0,0,0],"34":[0,0,0],"35":[0,0],"36":[0,0,0],"37":[0,0],"38":[0,0],"39":[0,0],"40":[0,0],"41":[0,0],"42":[0,0],"43":[0,0],"44":[0,0],"45":[0,0],"46":[0,0],"47":[0,0,0],"48":[0,0],"49":[0,0],"50":[0,0],"51":[0,0],"52":[0],"53":[0,0],"54":[0,0],"55":[0,0],"56":[0,0],"57":[0,0],"58":[0,0],"59":[0,0],"60":[0,0],"61":[0,0],"62":[0,0],"63":[0,0],"64":[0,0],"65":[0,0],"66":[0,0],"67":[0,0,0],"68":[0,0],"69":[0,0],"70":[0,0],"71":[0,0],"72":[0,0],"73":[0,0],"74":[0,0],"75":[0,0],"76":[0,0],"77":[0,0],"78":[0,0],"79":[0,0],"80":[0,0],"81":[0,0],"82":[0,0],"83":[0,0],"84":[0],"85":[0,0,0]},"meta":{"lastBranch":86,"lastFunction":24,"lastStatement":277,"seen":{"s:7:18:7:Infinity":0,"s:8:19:8:Infinity":1,"s:9:23:9:Infinity":2,"f:11:15:11:32":0,"b:12:2:14:Infinity:undefined:undefined:undefined:undefined":0,"s:12:2:14:Infinity":3,"b:12:6:12:28:12:28:12:70:12:70:12:143":1,"s:13:4:13:Infinity":4,"s:16:19:16:Infinity":5,"s:17:23:21:Infinity":6,"b:18:6:18:Infinity:19:6:21:Infinity":2,"b:20:6:20:Infinity:21:6:21:Infinity":3,"b:23:2:25:Infinity:undefined:undefined:undefined:undefined":4,"s:23:2:25:Infinity":7,"s:24:4:24:Infinity":8,"s:27:2:35:Infinity":9,"f:35:9:35:16":1,"s:35:16:35:26":10,"f:35:33:35:41":2,"s:35:41:35:56":11,"s:37:22:37:Infinity":12,"b:37:22:37:68:37:68:37:Infinity":5,"b:39:2:41:Infinity:undefined:undefined:undefined:undefined":6,"s:39:2:41:Infinity":13,"b:39:6:39:29:39:29:39:43":7,"s:40:4:40:Infinity":14,"s:42:2:42:Infinity":15,"f:45:22:45:51":3,"b:47:2:52:Infinity:undefined:undefined:undefined:undefined":8,"s:47:2:52:Infinity":16,"s:48:4:51:Infinity":17,"s:55:22:55:Infinity":18,"s:57:23:57:Infinity":19,"s:58:2:60:Infinity":20,"s:62:2:62:Infinity":21,"f:94:9:94:22":4,"s:95:14:95:Infinity":22,"s:96:14:96:Infinity":23,"s:97:2:97:Infinity":24,"f:100:9:100:19":5,"s:101:2:125:Infinity":25,"b:102:4:104:Infinity:undefined:undefined:undefined:undefined":9,"s:102:4:104:Infinity":26,"s:103:6:103:Infinity":27,"s:106:25:106:Infinity":28,"s:107:43:107:Infinity":29,"s:109:23:109:Infinity":30,"b:110:4:112:Infinity:undefined:undefined:undefined:undefined":10,"s:110:4:112:Infinity":31,"s:111:6:111:Infinity":32,"b:114:4:118:Infinity:undefined:undefined:undefined:undefined":11,"s:114:4:118:Infinity":33,"s:115:23:115:Infinity":34,"s:116:6:116:Infinity":35,"s:117:6:117:Infinity":36,"s:120:4:120:Infinity":37,"s:121:4:121:Infinity":38,"s:123:4:123:Infinity":39,"s:124:4:124:Infinity":40,"f:128:9:128:20":6,"s:129:2:155:Infinity":41,"b:130:4:132:Infinity:undefined:undefined:undefined:undefined":12,"s:130:4:132:Infinity":42,"s:131:6:131:Infinity":43,"s:135:41:135:Infinity":44,"b:136:4:143:Infinity:undefined:undefined:undefined:undefined":13,"s:136:4:143:Infinity":45,"s:137:6:142:Infinity":46,"s:138:25:138:Infinity":47,"s:139:8:139:Infinity":48,"s:141:8:141:Infinity":49,"s:146:4:149:Infinity":50,"s:151:4:151:Infinity":51,"s:152:4:152:Infinity":52,"s:154:4:154:Infinity":53,"f:158:15:158:42":7,"s:159:17:159:Infinity":54,"s:160:30:160:Infinity":55,"s:161:42:161:Infinity":56,"s:164:2:194:Infinity":57,"s:165:16:165:Infinity":58,"s:166:4:166:Infinity":59,"s:167:4:167:Infinity":60,"s:168:4:168:Infinity":61,"s:169:4:169:Infinity":62,"b:170:4:172:Infinity:undefined:undefined:undefined:undefined":14,"s:170:4:172:Infinity":63,"s:171:6:171:Infinity":64,"s:174:21:174:Infinity":65,"b:176:4:179:Infinity:undefined:undefined:undefined:undefined":15,"s:176:4:179:Infinity":66,"s:177:20:177:Infinity":67,"s:178:6:178:Infinity":68,"s:181:17:181:Infinity":69,"b:183:4:185:Infinity:undefined:undefined:undefined:undefined":16,"s:183:4:185:Infinity":70,"b:183:8:183:23:183:23:183:48":17,"s:184:6:184:Infinity":71,"s:187:21:189:Infinity":72,"f:188:11:188:12":8,"s:188:26:188:54":73,"s:191:4:191:Infinity":74,"s:192:4:192:Infinity":75,"b:196:2:198:Infinity:undefined:undefined:undefined:undefined":18,"s:196:2:198:Infinity":76,"s:197:4:197:Infinity":77,"s:201:33:201:Infinity":78,"s:202:2:245:Infinity":79,"s:202:15:202:18":80,"s:203:21:203:Infinity":81,"s:205:16:205:Infinity":82,"s:206:4:206:Infinity":83,"s:207:4:207:Infinity":84,"s:208:4:208:Infinity":85,"s:210:21:210:Infinity":86,"b:212:4:215:Infinity:undefined:undefined:undefined:undefined":19,"s:212:4:215:Infinity":87,"s:213:20:213:Infinity":88,"s:214:6:214:Infinity":89,"s:217:17:217:Infinity":90,"s:219:10:242:Infinity":91,"b:219:33:219:47:219:47:219:51":20,"f:219:55:219:56":9,"s:220:22:220:Infinity":92,"s:221:25:221:Infinity":93,"s:222:29:222:Infinity":94,"s:224:24:226:Infinity":95,"b:225:10:225:Infinity:226:10:226:Infinity":21,"s:228:26:228:Infinity":96,"b:228:26:228:54:228:54:228:Infinity":22,"s:229:23:229:Infinity":97,"s:230:30:230:Infinity":98,"s:232:6:241:Infinity":99,"b:233:12:233:24:233:24:233:Infinity":23,"b:234:15:234:33:234:33:234:Infinity":24,"b:235:19:235:53:235:53:235:90:235:90:235:Infinity":25,"b:237:21:237:45:237:45:237:Infinity":26,"b:239:21:239:45:239:45:239:Infinity":27,"s:244:4:244:Infinity":100,"s:248:2:252:Infinity":101,"f:248:17:248:18":10,"s:249:18:249:Infinity":102,"s:250:18:250:Infinity":103,"s:251:4:251:Infinity":104,"s:255:2:255:Infinity":105,"s:257:2:257:Infinity":106,"f:261:22:261:40":11,"b:261:81:261:109":28,"s:263:23:263:Infinity":107,"b:264:2:266:Infinity:undefined:undefined:undefined:undefined":29,"s:264:2:266:Infinity":108,"s:265:4:265:Infinity":109,"s:269:2:405:Infinity":110,"b:271:4:293:Infinity:undefined:undefined:undefined:undefined":30,"s:271:4:293:Infinity":111,"s:272:6:292:Infinity":112,"s:273:8:273:Infinity":113,"s:275:25:275:Infinity":114,"b:275:25:275:60:275:60:275:Infinity":31,"b:277:8:291:Infinity:289:15:291:Infinity":32,"s:277:8:291:Infinity":115,"b:277:12:277:44:277:44:277:98:277:98:277:128":33,"s:278:10:278:Infinity":116,"s:281:34:282:Infinity":117,"b:281:34:281:Infinity:282:13:282:42:282:42:282:Infinity":34,"b:284:10:288:Infinity:undefined:undefined:undefined:undefined":35,"s:284:10:288:Infinity":118,"s:285:12:285:Infinity":119,"s:286:12:286:Infinity":120,"s:287:12:287:Infinity":121,"s:290:10:290:Infinity":122,"s:296:28:297:Infinity":123,"b:296:28:296:Infinity:297:7:297:36:297:36:297:Infinity":36,"b:299:4:302:Infinity:undefined:undefined:undefined:undefined":37,"s:299:4:302:Infinity":124,"b:299:8:299:28:299:28:299:58":38,"s:300:6:300:Infinity":125,"s:301:6:301:Infinity":126,"s:304:20:304:Infinity":127,"s:306:32:306:Infinity":128,"s:307:44:307:Infinity":129,"s:310:4:329:Infinity":130,"s:311:23:316:Infinity":131,"b:318:6:320:Infinity:undefined:undefined:undefined:undefined":39,"s:318:6:320:Infinity":132,"b:318:10:318:34:318:34:318:68":40,"s:319:8:319:Infinity":133,"s:322:23:324:Infinity":134,"f:323:13:323:14":12,"s:323:28:323:56":135,"s:326:6:326:Infinity":136,"s:327:6:327:Infinity":137,"b:331:4:333:Infinity:undefined:undefined:undefined:undefined":41,"s:331:4:333:Infinity":138,"s:332:6:332:Infinity":139,"s:336:35:336:Infinity":140,"s:337:4:371:Infinity":141,"s:337:17:337:20":142,"s:338:23:338:Infinity":143,"s:340:29:343:Infinity":144,"s:345:12:368:Infinity":145,"b:345:35:345:64:345:64:345:68":42,"f:345:72:345:73":13,"s:346:24:346:Infinity":146,"s:347:27:347:Infinity":147,"s:348:31:348:Infinity":148,"s:350:26:352:Infinity":149,"b:351:12:351:Infinity:352:12:352:Infinity":43,"s:354:28:354:Infinity":150,"b:354:28:354:56:354:56:354:Infinity":44,"s:355:25:355:Infinity":151,"s:356:32:356:Infinity":152,"s:358:8:367:Infinity":153,"b:359:14:359:26:359:26:359:Infinity":45,"b:360:17:360:35:360:35:360:Infinity":46,"b:361:21:361:55:361:55:361:92:361:92:361:Infinity":47,"b:363:23:363:47:363:47:363:Infinity":48,"b:365:23:365:47:365:47:365:Infinity":49,"s:370:6:370:Infinity":154,"s:374:4:378:Infinity":155,"f:374:19:374:20":14,"s:375:20:375:Infinity":156,"s:376:20:376:Infinity":157,"s:377:6:377:Infinity":158,"s:381:4:381:Infinity":159,"s:383:4:383:Infinity":160,"s:385:4:385:Infinity":161,"s:388:4:400:Infinity":162,"b:389:6:397:Infinity:undefined:undefined:undefined:undefined":50,"s:389:6:397:Infinity":163,"s:390:29:390:Infinity":164,"s:391:47:391:Infinity":165,"s:392:27:392:Infinity":166,"b:393:8:396:Infinity:undefined:undefined:undefined:undefined":51,"s:393:8:396:Infinity":167,"s:394:10:394:Infinity":168,"s:395:10:395:Infinity":169,"s:399:6:399:Infinity":170,"s:403:4:403:Infinity":171,"s:404:4:404:Infinity":172,"f:416:22:416:39":15,"b:416:79:416:105":52,"s:418:23:418:Infinity":173,"b:419:2:421:Infinity:undefined:undefined:undefined:undefined":53,"s:419:2:421:Infinity":174,"s:420:4:420:Infinity":175,"s:424:2:563:Infinity":176,"s:425:19:425:Infinity":177,"b:427:4:430:Infinity:undefined:undefined:undefined:undefined":54,"s:427:4:430:Infinity":178,"s:428:6:428:Infinity":179,"s:429:6:429:Infinity":180,"s:432:32:432:Infinity":181,"s:433:44:433:Infinity":182,"s:436:4:474:Infinity":183,"s:437:18:437:Infinity":184,"s:438:6:438:Infinity":185,"s:439:6:439:Infinity":186,"s:440:6:440:Infinity":187,"s:441:6:441:Infinity":188,"s:442:6:442:Infinity":189,"s:443:6:443:Infinity":190,"b:444:6:446:Infinity:undefined:undefined:undefined:undefined":55,"s:444:6:446:Infinity":191,"s:445:8:445:Infinity":192,"s:448:23:448:Infinity":193,"b:450:6:453:Infinity:undefined:undefined:undefined:undefined":56,"s:450:6:453:Infinity":194,"s:451:22:451:Infinity":195,"s:452:8:452:Infinity":196,"s:455:19:455:Infinity":197,"b:457:6:459:Infinity:undefined:undefined:undefined:undefined":57,"s:457:6:459:Infinity":198,"b:457:10:457:25:457:25:457:50":58,"s:458:8:458:Infinity":199,"s:461:23:463:Infinity":200,"f:462:13:462:14":16,"s:462:28:462:44":201,"s:465:6:465:Infinity":202,"s:466:6:466:Infinity":203,"b:469:6:472:Infinity:undefined:undefined:undefined:undefined":59,"s:469:6:472:Infinity":204,"s:470:8:470:Infinity":205,"s:471:8:471:Infinity":206,"b:476:4:479:Infinity:undefined:undefined:undefined:undefined":60,"s:476:4:479:Infinity":207,"s:477:6:477:Infinity":208,"s:478:6:478:Infinity":209,"s:481:4:481:Infinity":210,"s:484:35:484:Infinity":211,"s:485:4:528:Infinity":212,"s:485:17:485:20":213,"s:486:23:486:Infinity":214,"s:488:18:488:Infinity":215,"s:489:6:489:Infinity":216,"s:490:6:490:Infinity":217,"s:491:6:491:Infinity":218,"s:493:23:493:Infinity":219,"b:495:6:498:Infinity:undefined:undefined:undefined:undefined":61,"s:495:6:498:Infinity":220,"s:496:22:496:Infinity":221,"s:497:8:497:Infinity":222,"s:500:19:500:Infinity":223,"s:502:12:525:Infinity":224,"b:502:35:502:49:502:49:502:53":62,"f:502:57:502:58":17,"s:503:24:503:Infinity":225,"s:504:27:504:Infinity":226,"s:505:31:505:Infinity":227,"s:507:26:509:Infinity":228,"b:508:12:508:Infinity:509:12:509:Infinity":63,"s:511:28:511:Infinity":229,"b:511:28:511:56:511:56:511:Infinity":64,"s:512:25:512:Infinity":230,"s:513:32:513:Infinity":231,"s:515:8:524:Infinity":232,"b:516:14:516:26:516:26:516:Infinity":65,"b:517:17:517:35:517:35:517:Infinity":66,"b:518:21:518:55:518:55:518:92:518:92:518:Infinity":67,"b:520:23:520:47:520:47:520:Infinity":68,"b:522:23:522:47:522:47:522:Infinity":69,"s:527:6:527:Infinity":233,"s:531:4:535:Infinity":234,"f:531:19:531:20":18,"s:532:20:532:Infinity":235,"s:533:20:533:Infinity":236,"s:534:6:534:Infinity":237,"s:538:4:538:Infinity":238,"s:540:4:540:Infinity":239,"s:541:4:541:Infinity":240,"s:544:4:544:Infinity":241,"s:547:4:559:Infinity":242,"b:548:6:556:Infinity:undefined:undefined:undefined:undefined":70,"s:548:6:556:Infinity":243,"s:549:29:549:Infinity":244,"s:550:46:550:Infinity":245,"s:551:27:551:Infinity":246,"b:552:8:555:Infinity:undefined:undefined:undefined:undefined":71,"s:552:8:555:Infinity":247,"b:552:12:552:26:552:26:552:45":72,"s:553:10:553:Infinity":248,"s:554:10:554:Infinity":249,"s:561:4:561:Infinity":250,"s:562:4:562:Infinity":251,"f:566:9:566:25":19,"b:567:2:571:Infinity:569:2:571:Infinity":73,"s:567:2:571:Infinity":252,"s:568:4:568:Infinity":253,"b:569:2:571:Infinity:undefined:undefined:undefined:undefined":74,"s:569:2:571:Infinity":254,"s:570:4:570:Infinity":255,"s:572:2:572:Infinity":256,"f:575:9:575:24":20,"s:576:16:576:Infinity":257,"b:577:2:577:Infinity:undefined:undefined:undefined:undefined":75,"s:577:2:577:Infinity":258,"s:577:14:577:Infinity":259,"s:579:16:579:Infinity":260,"b:579:25:579:37:579:37:579:40":76,"s:580:18:580:Infinity":261,"b:580:27:580:39:580:39:580:42":77,"s:581:18:581:Infinity":262,"b:581:27:581:39:581:39:581:42":78,"b:583:2:585:Infinity:undefined:undefined:undefined:undefined":79,"s:583:2:585:Infinity":263,"s:584:4:584:Infinity":264,"s:586:2:586:Infinity":265,"f:589:9:589:30":21,"s:590:16:590:Infinity":266,"b:591:2:591:Infinity:undefined:undefined:undefined:undefined":80,"s:591:2:591:Infinity":267,"s:591:14:591:Infinity":268,"s:593:16:593:Infinity":269,"b:593:25:593:37:593:37:593:40":81,"s:594:18:594:Infinity":270,"b:594:27:594:39:594:39:594:42":82,"s:595:18:595:Infinity":271,"b:595:27:595:39:595:39:595:42":83,"s:597:2:597:Infinity":272,"f:608:22:608:39":22,"b:608:79:608:105":84,"s:610:20:610:Infinity":273,"s:613:17:615:Infinity":274,"f:613:34:613:43":23,"s:614:4:614:Infinity":275,"b:614:11:614:50:614:50:614:79:614:79:614:Infinity":85,"s:617:2:617:Infinity":276}}},"C:\\Users\\Preston\\git\\toa-website\\client\\src\\App.tsx":{"path":"C:\\Users\\Preston\\git\\toa-website\\client\\src\\App.tsx","statementMap":{"0":{"start":{"line":19,"column":17},"end":{"line":19,"column":null}},"1":{"start":{"line":21,"column":2},"end":{"line":23,"column":null}},"2":{"start":{"line":22,"column":4},"end":{"line":22,"column":null}},"3":{"start":{"line":25,"column":2},"end":{"line":25,"column":null}},"4":{"start":{"line":29,"column":2},"end":{"line":44,"column":null}},"5":{"start":{"line":49,"column":2},"end":{"line":55,"column":null}}},"fnMap":{"0":{"name":"ScrollToTop","decl":{"start":{"line":18,"column":9},"end":{"line":18,"column":23}},"loc":{"start":{"line":18,"column":23},"end":{"line":26,"column":null}},"line":18},"1":{"name":"(anonymous_1)","decl":{"start":{"line":21,"column":12},"end":{"line":21,"column":18}},"loc":{"start":{"line":21,"column":18},"end":{"line":23,"column":5}},"line":21},"2":{"name":"Router","decl":{"start":{"line":28,"column":9},"end":{"line":28,"column":18}},"loc":{"start":{"line":28,"column":18},"end":{"line":46,"column":null}},"line":28},"3":{"name":"App","decl":{"start":{"line":48,"column":9},"end":{"line":48,"column":15}},"loc":{"start":{"line":48,"column":15},"end":{"line":57,"column":null}},"line":48}},"branchMap":{},"s":{"0":0,"1":0,"2":0,"3":0,"4":0,"5":0},"f":{"0":0,"1":0,"2":0,"3":0},"b":{},"meta":{"lastBranch":0,"lastFunction":4,"lastStatement":6,"seen":{"f:18:9:18:23":0,"s:19:17:19:Infinity":0,"s:21:2:23:Infinity":1,"f:21:12:21:18":1,"s:22:4:22:Infinity":2,"s:25:2:25:Infinity":3,"f:28:9:28:18":2,"s:29:2:44:Infinity":4,"f:48:9:48:15":3,"s:49:2:55:Infinity":5}}},"C:\\Users\\Preston\\git\\toa-website\\server\\logger.ts":{"path":"C:\\Users\\Preston\\git\\toa-website\\server\\logger.ts","statementMap":{"0":{"start":{"line":3,"column":22},"end":{"line":3,"column":null}},"1":{"start":{"line":5,"column":13},"end":{"line":47,"column":null}},"2":{"start":{"line":9,"column":23},"end":{"line":9,"column":null}},"3":{"start":{"line":10,"column":29},"end":{"line":14,"column":null}},"4":{"start":{"line":51,"column":2},"end":{"line":75,"column":null}},"5":{"start":{"line":52,"column":18},"end":{"line":52,"column":null}},"6":{"start":{"line":54,"column":4},"end":{"line":72,"column":null}},"7":{"start":{"line":55,"column":23},"end":{"line":55,"column":null}},"8":{"start":{"line":56,"column":22},"end":{"line":63,"column":null}},"9":{"start":{"line":65,"column":6},"end":{"line":71,"column":null}},"10":{"start":{"line":66,"column":8},"end":{"line":66,"column":null}},"11":{"start":{"line":67,"column":6},"end":{"line":71,"column":null}},"12":{"start":{"line":68,"column":8},"end":{"line":68,"column":null}},"13":{"start":{"line":70,"column":8},"end":{"line":70,"column":null}},"14":{"start":{"line":74,"column":4},"end":{"line":74,"column":null}},"15":{"start":{"line":80,"column":2},"end":{"line":90,"column":null}},"16":{"start":{"line":95,"column":2},"end":{"line":102,"column":null}}},"fnMap":{"0":{"name":"(anonymous_0)","decl":{"start":{"line":9,"column":11},"end":{"line":9,"column":12}},"loc":{"start":{"line":9,"column":23},"end":{"line":9,"column":null}},"line":9},"1":{"name":"(anonymous_1)","decl":{"start":{"line":10,"column":14},"end":{"line":10,"column":15}},"loc":{"start":{"line":10,"column":29},"end":{"line":14,"column":null}},"line":10},"2":{"name":"expressLogger","decl":{"start":{"line":50,"column":16},"end":{"line":50,"column":32}},"loc":{"start":{"line":50,"column":32},"end":{"line":76,"column":null}},"line":50},"3":{"name":"(anonymous_3)","decl":{"start":{"line":51,"column":9},"end":{"line":51,"column":10}},"loc":{"start":{"line":51,"column":44},"end":{"line":75,"column":null}},"line":51},"4":{"name":"(anonymous_4)","decl":{"start":{"line":54,"column":21},"end":{"line":54,"column":27}},"loc":{"start":{"line":54,"column":27},"end":{"line":72,"column":5}},"line":54},"5":{"name":"logError","decl":{"start":{"line":79,"column":16},"end":{"line":79,"column":25}},"loc":{"start":{"line":79,"column":70},"end":{"line":91,"column":null}},"line":79},"6":{"name":"logPerformance","decl":{"start":{"line":94,"column":16},"end":{"line":94,"column":31}},"loc":{"start":{"line":94,"column":99},"end":{"line":103,"column":null}},"line":94}},"branchMap":{"0":{"loc":{"start":{"line":6,"column":9},"end":{"line":6,"column":null}},"type":"binary-expr","locations":[{"start":{"line":6,"column":9},"end":{"line":6,"column":35}},{"start":{"line":6,"column":35},"end":{"line":6,"column":null}}],"line":6},"1":{"loc":{"start":{"line":6,"column":35},"end":{"line":6,"column":null}},"type":"cond-expr","locations":[{"start":{"line":6,"column":51},"end":{"line":6,"column":61}},{"start":{"line":6,"column":61},"end":{"line":6,"column":null}}],"line":6},"2":{"loc":{"start":{"line":37,"column":13},"end":{"line":46,"column":null}},"type":"cond-expr","locations":[{"start":{"line":38,"column":6},"end":{"line":45,"column":null}},{"start":{"line":46,"column":6},"end":{"line":46,"column":null}}],"line":37},"3":{"loc":{"start":{"line":62,"column":12},"end":{"line":62,"column":null}},"type":"binary-expr","locations":[{"start":{"line":62,"column":12},"end":{"line":62,"column":22}},{"start":{"line":62,"column":22},"end":{"line":62,"column":null}}],"line":62},"4":{"loc":{"start":{"line":65,"column":6},"end":{"line":71,"column":null}},"type":"if","locations":[{"start":{"line":65,"column":6},"end":{"line":71,"column":null}},{"start":{"line":67,"column":6},"end":{"line":71,"column":null}}],"line":65},"5":{"loc":{"start":{"line":67,"column":6},"end":{"line":71,"column":null}},"type":"if","locations":[{"start":{"line":67,"column":6},"end":{"line":71,"column":null}},{"start":{"line":69,"column":13},"end":{"line":71,"column":null}}],"line":67}},"s":{"0":0,"1":0,"2":0,"3":0,"4":0,"5":0,"6":0,"7":0,"8":0,"9":0,"10":0,"11":0,"12":0,"13":0,"14":0,"15":0,"16":0},"f":{"0":0,"1":0,"2":0,"3":0,"4":0,"5":0,"6":0},"b":{"0":[0,0],"1":[0,0],"2":[0,0],"3":[0,0],"4":[0,0],"5":[0,0]},"meta":{"lastBranch":6,"lastFunction":7,"lastStatement":17,"seen":{"s:3:22:3:Infinity":0,"s:5:13:47:Infinity":1,"b:6:9:6:35:6:35:6:Infinity":0,"b:6:51:6:61:6:61:6:Infinity":1,"f:9:11:9:12":0,"s:9:23:9:Infinity":2,"f:10:14:10:15":1,"s:10:29:14:Infinity":3,"b:38:6:45:Infinity:46:6:46:Infinity":2,"f:50:16:50:32":2,"s:51:2:75:Infinity":4,"f:51:9:51:10":3,"s:52:18:52:Infinity":5,"s:54:4:72:Infinity":6,"f:54:21:54:27":4,"s:55:23:55:Infinity":7,"s:56:22:63:Infinity":8,"b:62:12:62:22:62:22:62:Infinity":3,"b:65:6:71:Infinity:67:6:71:Infinity":4,"s:65:6:71:Infinity":9,"s:66:8:66:Infinity":10,"b:67:6:71:Infinity:69:13:71:Infinity":5,"s:67:6:71:Infinity":11,"s:68:8:68:Infinity":12,"s:70:8:70:Infinity":13,"s:74:4:74:Infinity":14,"f:79:16:79:25":5,"s:80:2:90:Infinity":15,"f:94:16:94:31":6,"s:95:2:102:Infinity":16}}}}}