{"numTotalTestSuites":126,"numPassedTestSuites":126,"numFailedTestSuites":0,"numPendingTestSuites":0,"numTotalTests":349,"numPassedTests":348,"numFailedTests":0,"numPendingTests":1,"numTodoTests":0,"snapshot":{"added":0,"failure":false,"filesAdded":0,"filesRemoved":0,"filesRemovedList":[],"filesUnmatched":0,"filesUpdated":0,"matched":19,"total":19,"unchecked":0,"uncheckedKeysByFile":[],"unmatched":0,"updated":0,"didUpdate":false},"startTime":1767226624855,"success":true,"testResults":[{"assertionResults":[{"ancestorTitles":["Generic Cache Behavior","Cache File Operations"],"fullName":"Generic Cache Behavior Cache File Operations should create cache directory if it does not exist","status":"passed","title":"should create cache directory if it does not exist","duration":3.381900000000087,"failureMessages":[],"location":{"line":30,"column":5},"meta":{}},{"ancestorTitles":["Generic Cache Behavior","Cache File Operations"],"fullName":"Generic Cache Behavior Cache File Operations should write valid JSON to cache file","status":"passed","title":"should write valid JSON to cache file","duration":11.773400000000038,"failureMessages":[],"location":{"line":38,"column":5},"meta":{}},{"ancestorTitles":["Generic Cache Behavior","Cache File Operations"],"fullName":"Generic Cache Behavior Cache File Operations should read existing cache file","status":"passed","title":"should read existing cache file","duration":11.498900000000049,"failureMessages":[],"location":{"line":53,"column":5},"meta":{}},{"ancestorTitles":["Generic Cache Behavior","Cache File Operations"],"fullName":"Generic Cache Behavior Cache File Operations should handle non-existent cache file gracefully","status":"passed","title":"should handle non-existent cache file gracefully","duration":0.6965999999999894,"failureMessages":[],"location":{"line":63,"column":5},"meta":{}},{"ancestorTitles":["Generic Cache Behavior","Cache File Operations"],"fullName":"Generic Cache Behavior Cache File Operations should overwrite existing cache file","status":"passed","title":"should overwrite existing cache file","duration":20.084500000000162,"failureMessages":[],"location":{"line":67,"column":5},"meta":{}},{"ancestorTitles":["Generic Cache Behavior","Cache File Operations"],"fullName":"Generic Cache Behavior Cache File Operations should merge cache entries instead of overwriting","status":"passed","title":"should merge cache entries instead of overwriting","duration":21.33979999999997,"failureMessages":[],"location":{"line":80,"column":5},"meta":{}},{"ancestorTitles":["Generic Cache Behavior","Cache Expiration Logic"],"fullName":"Generic Cache Behavior Cache Expiration Logic should correctly calculate cache age","status":"passed","title":"should correctly calculate cache age","duration":0.6289999999999054,"failureMessages":[],"location":{"line":98,"column":5},"meta":{}},{"ancestorTitles":["Generic Cache Behavior","Cache Expiration Logic"],"fullName":"Generic Cache Behavior Cache Expiration Logic should validate fresh cache (within duration)","status":"passed","title":"should validate fresh cache (within duration)","duration":0.5336000000002059,"failureMessages":[],"location":{"line":110,"column":5},"meta":{}},{"ancestorTitles":["Generic Cache Behavior","Cache Expiration Logic"],"fullName":"Generic Cache Behavior Cache Expiration Logic should invalidate expired cache (beyond duration)","status":"passed","title":"should invalidate expired cache (beyond duration)","duration":0.6184000000000651,"failureMessages":[],"location":{"line":121,"column":5},"meta":{}},{"ancestorTitles":["Generic Cache Behavior","Cache Expiration Logic"],"fullName":"Generic Cache Behavior Cache Expiration Logic should handle boundary condition (exactly at duration)","status":"passed","title":"should handle boundary condition (exactly at duration)","duration":0.5328999999999269,"failureMessages":[],"location":{"line":132,"column":5},"meta":{}},{"ancestorTitles":["Generic Cache Behavior","Cache Expiration Logic"],"fullName":"Generic Cache Behavior Cache Expiration Logic should calculate age in different units","status":"passed","title":"should calculate age in different units","duration":0.6727999999998246,"failureMessages":[],"location":{"line":143,"column":5},"meta":{}},{"ancestorTitles":["Generic Cache Behavior","Cache Data Integrity"],"fullName":"Generic Cache Behavior Cache Data Integrity should preserve data types when caching","status":"passed","title":"should preserve data types when caching","duration":11.20230000000015,"failureMessages":[],"location":{"line":159,"column":5},"meta":{}},{"ancestorTitles":["Generic Cache Behavior","Cache Data Integrity"],"fullName":"Generic Cache Behavior Cache Data Integrity should handle special characters in cached strings","status":"passed","title":"should handle special characters in cached strings","duration":11.894400000000132,"failureMessages":[],"location":{"line":182,"column":5},"meta":{}},{"ancestorTitles":["Generic Cache Behavior","Cache Data Integrity"],"fullName":"Generic Cache Behavior Cache Data Integrity should handle large cache entries","status":"passed","title":"should handle large cache entries","duration":17.274500000000216,"failureMessages":[],"location":{"line":196,"column":5},"meta":{}},{"ancestorTitles":["Generic Cache Behavior","Error Handling"],"fullName":"Generic Cache Behavior Error Handling should handle corrupted JSON gracefully","status":"passed","title":"should handle corrupted JSON gracefully","duration":13.488799999999856,"failureMessages":[],"location":{"line":213,"column":5},"meta":{}},{"ancestorTitles":["Generic Cache Behavior","Error Handling"],"fullName":"Generic Cache Behavior Error Handling should handle empty cache file","status":"passed","title":"should handle empty cache file","duration":2.7454999999999927,"failureMessages":[],"location":{"line":222,"column":5},"meta":{}},{"ancestorTitles":["Generic Cache Behavior","Error Handling"],"fullName":"Generic Cache Behavior Error Handling should handle invalid UTF-8 encoding","status":"passed","title":"should handle invalid UTF-8 encoding","duration":3.398100000000113,"failureMessages":[],"location":{"line":231,"column":5},"meta":{}},{"ancestorTitles":["Generic Cache Behavior","Concurrency Considerations"],"fullName":"Generic Cache Behavior Concurrency Considerations should handle multiple sequential writes","status":"passed","title":"should handle multiple sequential writes","duration":67.64429999999993,"failureMessages":[],"location":{"line":248,"column":5},"meta":{}},{"ancestorTitles":["Generic Cache Behavior","Concurrency Considerations"],"fullName":"Generic Cache Behavior Concurrency Considerations should read the most recent write","status":"passed","title":"should read the most recent write","duration":10.273200000000088,"failureMessages":[],"location":{"line":261,"column":5},"meta":{}},{"ancestorTitles":["Generic Cache Behavior","Cache Strategies"],"fullName":"Generic Cache Behavior Cache Strategies should implement read-through caching pattern","status":"passed","title":"should implement read-through caching pattern","duration":11.483900000000176,"failureMessages":[],"location":{"line":277,"column":5},"meta":{}},{"ancestorTitles":["Generic Cache Behavior","Cache Strategies"],"fullName":"Generic Cache Behavior Cache Strategies should implement write-through caching pattern","status":"passed","title":"should implement write-through caching pattern","duration":19.978599999999915,"failureMessages":[],"location":{"line":313,"column":5},"meta":{}}],"startTime":1767226626547,"endTime":1767226626789.9785,"status":"passed","message":"","name":"C:/Users/Preston/git/toa-website/test/cache.test.ts"},{"assertionResults":[{"ancestorTitles":["YouTube Client Library"],"fullName":"YouTube Client Library should export getPlaylistVideosClient function","status":"passed","title":"should export getPlaylistVideosClient function","duration":24.486400000000003,"failureMessages":[],"location":{"line":7,"column":3},"meta":{}},{"ancestorTitles":["YouTube Client Library"],"fullName":"YouTube Client Library should handle API errors gracefully","status":"passed","title":"should handle API errors gracefully","duration":3.0092999999999392,"failureMessages":[],"location":{"line":14,"column":3},"meta":{}},{"ancestorTitles":["YouTube Client Library"],"fullName":"YouTube Client Library should format durations correctly","status":"passed","title":"should format durations correctly","duration":1.3311000000001059,"failureMessages":[],"location":{"line":24,"column":3},"meta":{}},{"ancestorTitles":["Structured Data Library"],"fullName":"Structured Data Library should generate valid organization schema","status":"passed","title":"should generate valid organization schema","duration":25.049199999999928,"failureMessages":[],"location":{"line":60,"column":3},"meta":{}},{"ancestorTitles":["Structured Data Library"],"fullName":"Structured Data Library should generate valid website schema","status":"passed","title":"should generate valid website schema","duration":0.36380000000008295,"failureMessages":[],"location":{"line":69,"column":3},"meta":{}},{"ancestorTitles":["Structured Data Library"],"fullName":"Structured Data Library should generate valid breadcrumb schema","status":"passed","title":"should generate valid breadcrumb schema","duration":0.8911000000000513,"failureMessages":[],"location":{"line":77,"column":3},"meta":{}}],"startTime":1767226627810,"endTime":1767226627864.891,"status":"passed","message":"","name":"C:/Users/Preston/git/toa-website/test/client-libs.test.ts"},{"assertionResults":[{"ancestorTitles":["Environment Validator"],"fullName":"Environment Validator should pass validation with all required variables set","status":"passed","title":"should pass validation with all required variables set","duration":3.267600000000016,"failureMessages":[],"location":{"line":17,"column":3},"meta":{}},{"ancestorTitles":["Environment Validator"],"fullName":"Environment Validator should warn about missing optional API keys","status":"passed","title":"should warn about missing optional API keys","duration":0.5169999999999391,"failureMessages":[],"location":{"line":26,"column":3},"meta":{}},{"ancestorTitles":["Environment Validator"],"fullName":"Environment Validator should not fail when optional variables are missing","status":"passed","title":"should not fail when optional variables are missing","duration":1.0714000000000397,"failureMessages":[],"location":{"line":37,"column":3},"meta":{}}],"startTime":1767226631056,"endTime":1767226631061.0713,"status":"passed","message":"","name":"C:/Users/Preston/git/toa-website/test/env-validator.test.ts"},{"assertionResults":[{"ancestorTitles":["MetricsCache","Basic Operations"],"fullName":"MetricsCache Basic Operations should store and retrieve values","status":"passed","title":"should store and retrieve values","duration":1.9819000000002234,"failureMessages":[],"location":{"line":14,"column":5},"meta":{}},{"ancestorTitles":["MetricsCache","Basic Operations"],"fullName":"MetricsCache Basic Operations should return undefined for non-existent keys","status":"passed","title":"should return undefined for non-existent keys","duration":0.4775999999999385,"failureMessages":[],"location":{"line":19,"column":5},"meta":{}},{"ancestorTitles":["MetricsCache","Basic Operations"],"fullName":"MetricsCache Basic Operations should delete values","status":"passed","title":"should delete values","duration":0.6026999999999134,"failureMessages":[],"location":{"line":23,"column":5},"meta":{}},{"ancestorTitles":["MetricsCache","Basic Operations"],"fullName":"MetricsCache Basic Operations should check if key exists","status":"passed","title":"should check if key exists","duration":0.30179999999995744,"failureMessages":[],"location":{"line":29,"column":5},"meta":{}},{"ancestorTitles":["MetricsCache","Basic Operations"],"fullName":"MetricsCache Basic Operations should clear all entries","status":"passed","title":"should clear all entries","duration":0.623700000000099,"failureMessages":[],"location":{"line":35,"column":5},"meta":{}},{"ancestorTitles":["MetricsCache","Basic Operations"],"fullName":"MetricsCache Basic Operations should return cache size","status":"passed","title":"should return cache size","duration":0.2671999999997752,"failureMessages":[],"location":{"line":42,"column":5},"meta":{}},{"ancestorTitles":["MetricsCache","TTL Expiration"],"fullName":"MetricsCache TTL Expiration should expire entries after TTL","status":"passed","title":"should expire entries after TTL","duration":151.3279,"failureMessages":[],"location":{"line":50,"column":5},"meta":{}},{"ancestorTitles":["MetricsCache","TTL Expiration"],"fullName":"MetricsCache TTL Expiration should use default TTL","status":"passed","title":"should use default TTL","duration":150.0888,"failureMessages":[],"location":{"line":60,"column":5},"meta":{}},{"ancestorTitles":["MetricsCache","TTL Expiration"],"fullName":"MetricsCache TTL Expiration should remove expired entries on has check","status":"passed","title":"should remove expired entries on has check","duration":151.7844,"failureMessages":[],"location":{"line":71,"column":5},"meta":{}},{"ancestorTitles":["MetricsCache","TTL Expiration"],"fullName":"MetricsCache TTL Expiration should clean expired entries on size calculation","status":"passed","title":"should clean expired entries on size calculation","duration":150.01520000000005,"failureMessages":[],"location":{"line":81,"column":5},"meta":{}},{"ancestorTitles":["MetricsCache","Metrics Tracking"],"fullName":"MetricsCache Metrics Tracking should track cache hits","status":"passed","title":"should track cache hits","duration":0.5218999999999596,"failureMessages":[],"location":{"line":94,"column":5},"meta":{}},{"ancestorTitles":["MetricsCache","Metrics Tracking"],"fullName":"MetricsCache Metrics Tracking should track cache misses","status":"passed","title":"should track cache misses","duration":0.22270000000003165,"failureMessages":[],"location":{"line":103,"column":5},"meta":{}},{"ancestorTitles":["MetricsCache","Metrics Tracking"],"fullName":"MetricsCache Metrics Tracking should track cache sets","status":"passed","title":"should track cache sets","duration":0.12999999999988177,"failureMessages":[],"location":{"line":111,"column":5},"meta":{}},{"ancestorTitles":["MetricsCache","Metrics Tracking"],"fullName":"MetricsCache Metrics Tracking should track cache deletes","status":"passed","title":"should track cache deletes","duration":0.34380000000010114,"failureMessages":[],"location":{"line":119,"column":5},"meta":{}},{"ancestorTitles":["MetricsCache","Metrics Tracking"],"fullName":"MetricsCache Metrics Tracking should track deletes on clear","status":"passed","title":"should track deletes on clear","duration":0.15409999999997126,"failureMessages":[],"location":{"line":127,"column":5},"meta":{}},{"ancestorTitles":["MetricsCache","Metrics Tracking"],"fullName":"MetricsCache Metrics Tracking should calculate cache hit rate","status":"passed","title":"should calculate cache hit rate","duration":0.30979999999999563,"failureMessages":[],"location":{"line":137,"column":5},"meta":{}},{"ancestorTitles":["MetricsCache","Metrics Tracking"],"fullName":"MetricsCache Metrics Tracking should track misses for expired entries","status":"passed","title":"should track misses for expired entries","duration":150.40559999999982,"failureMessages":[],"location":{"line":147,"column":5},"meta":{}},{"ancestorTitles":["MetricsCache","Data Types"],"fullName":"MetricsCache Data Types should handle strings","status":"passed","title":"should handle strings","duration":0.20590000000038344,"failureMessages":[],"location":{"line":161,"column":5},"meta":{}},{"ancestorTitles":["MetricsCache","Data Types"],"fullName":"MetricsCache Data Types should handle numbers","status":"passed","title":"should handle numbers","duration":0.1631999999999607,"failureMessages":[],"location":{"line":166,"column":5},"meta":{}},{"ancestorTitles":["MetricsCache","Data Types"],"fullName":"MetricsCache Data Types should handle objects","status":"passed","title":"should handle objects","duration":0.7842000000000553,"failureMessages":[],"location":{"line":171,"column":5},"meta":{}},{"ancestorTitles":["MetricsCache","Data Types"],"fullName":"MetricsCache Data Types should handle arrays","status":"passed","title":"should handle arrays","duration":0.2159999999998945,"failureMessages":[],"location":{"line":177,"column":5},"meta":{}},{"ancestorTitles":["MetricsCache","Data Types"],"fullName":"MetricsCache Data Types should handle null and undefined","status":"passed","title":"should handle null and undefined","duration":0.28530000000000655,"failureMessages":[],"location":{"line":183,"column":5},"meta":{}},{"ancestorTitles":["MetricsCache","Edge Cases"],"fullName":"MetricsCache Edge Cases should handle rapid set/get operations","status":"passed","title":"should handle rapid set/get operations","duration":3.230000000000018,"failureMessages":[],"location":{"line":192,"column":5},"meta":{}},{"ancestorTitles":["MetricsCache","Edge Cases"],"fullName":"MetricsCache Edge Cases should overwrite existing keys","status":"passed","title":"should overwrite existing keys","duration":0.24060000000008586,"failureMessages":[],"location":{"line":204,"column":5},"meta":{}},{"ancestorTitles":["MetricsCache","Edge Cases"],"fullName":"MetricsCache Edge Cases should handle very short TTL","status":"passed","title":"should handle very short TTL","duration":21.02930000000015,"failureMessages":[],"location":{"line":211,"column":5},"meta":{}},{"ancestorTitles":["MetricsCache","Edge Cases"],"fullName":"MetricsCache Edge Cases should handle very long TTL","status":"passed","title":"should handle very long TTL","duration":0.21749999999974534,"failureMessages":[],"location":{"line":221,"column":5},"meta":{}}],"startTime":1767226626641,"endTime":1767226627428.2175,"status":"passed","message":"","name":"C:/Users/Preston/git/toa-website/test/metrics-cache.test.ts"},{"assertionResults":[{"ancestorTitles":["Monitoring & Metrics","Metrics Collection"],"fullName":"Monitoring & Metrics Metrics Collection should track successful API calls","status":"passed","title":"should track successful API calls","duration":34.302999999999884,"failureMessages":[],"location":{"line":29,"column":5},"meta":{}},{"ancestorTitles":["Monitoring & Metrics","Metrics Collection"],"fullName":"Monitoring & Metrics Metrics Collection should track error rates - SKIPPED: test isolation issue with async middleware","status":"skipped","title":"should track error rates - SKIPPED: test isolation issue with async middleware","failureMessages":[],"location":{"line":41,"column":10},"meta":{}},{"ancestorTitles":["Monitoring & Metrics","Metrics Collection"],"fullName":"Monitoring & Metrics Metrics Collection should calculate latency percentiles","status":"passed","title":"should calculate latency percentiles","duration":54.72640000000001,"failureMessages":[],"location":{"line":68,"column":5},"meta":{}},{"ancestorTitles":["Monitoring & Metrics","Metrics Collection"],"fullName":"Monitoring & Metrics Metrics Collection should track requests per second","status":"passed","title":"should track requests per second","duration":13.91859999999997,"failureMessages":[],"location":{"line":85,"column":5},"meta":{}},{"ancestorTitles":["Monitoring & Metrics","Metrics Collection"],"fullName":"Monitoring & Metrics Metrics Collection should track cache hit rate","status":"passed","title":"should track cache hit rate","duration":1.0211999999996806,"failureMessages":[],"location":{"line":94,"column":5},"meta":{}},{"ancestorTitles":["Monitoring & Metrics","Metrics Collection"],"fullName":"Monitoring & Metrics Metrics Collection should track error types","status":"passed","title":"should track error types","duration":0.596400000000358,"failureMessages":[],"location":{"line":106,"column":5},"meta":{}},{"ancestorTitles":["Monitoring & Metrics","Metrics Collection"],"fullName":"Monitoring & Metrics Metrics Collection should track uptime","status":"passed","title":"should track uptime","duration":100.45330000000013,"failureMessages":[],"location":{"line":117,"column":5},"meta":{}},{"ancestorTitles":["Monitoring & Metrics","Metrics Endpoint"],"fullName":"Monitoring & Metrics Metrics Endpoint should return metrics in JSON format","status":"passed","title":"should return metrics in JSON format","duration":9.933999999999742,"failureMessages":[],"location":{"line":127,"column":5},"meta":{}},{"ancestorTitles":["Monitoring & Metrics","Metrics Endpoint"],"fullName":"Monitoring & Metrics Metrics Endpoint should show cache metrics","status":"passed","title":"should show cache metrics","duration":4.928600000000188,"failureMessages":[],"location":{"line":140,"column":5},"meta":{}},{"ancestorTitles":["Monitoring & Metrics","Performance Tracking"],"fullName":"Monitoring & Metrics Performance Tracking should limit stored latency samples to 1000 per endpoint","status":"passed","title":"should limit stored latency samples to 1000 per endpoint","duration":3806.2016000000003,"failureMessages":[],"location":{"line":155,"column":5},"meta":{}},{"ancestorTitles":["Monitoring & Metrics","Performance Tracking"],"fullName":"Monitoring & Metrics Performance Tracking should handle concurrent requests","status":"passed","title":"should handle concurrent requests","duration":30.410899999999856,"failureMessages":[],"location":{"line":167,"column":5},"meta":{}},{"ancestorTitles":["Monitoring & Metrics","Metrics Reset"],"fullName":"Monitoring & Metrics Metrics Reset should reset all metrics","status":"passed","title":"should reset all metrics","duration":5.789999999999964,"failureMessages":[],"location":{"line":180,"column":5},"meta":{}}],"startTime":1767226628835,"endTime":1767226632897.79,"status":"passed","message":"","name":"C:/Users/Preston/git/toa-website/test/monitoring.test.ts"},{"assertionResults":[{"ancestorTitles":["Mutation Testing Demo","add function"],"fullName":"Mutation Testing Demo add function adds two positive numbers","status":"passed","title":"adds two positive numbers","duration":1.691000000000031,"failureMessages":[],"location":{"line":20,"column":5},"meta":{}},{"ancestorTitles":["Mutation Testing Demo","add function"],"fullName":"Mutation Testing Demo add function adds negative numbers","status":"passed","title":"adds negative numbers","duration":0.21630000000004657,"failureMessages":[],"location":{"line":24,"column":5},"meta":{}},{"ancestorTitles":["Mutation Testing Demo","add function"],"fullName":"Mutation Testing Demo add function adds zero","status":"passed","title":"adds zero","duration":0.33370000000013533,"failureMessages":[],"location":{"line":28,"column":5},"meta":{}},{"ancestorTitles":["Mutation Testing Demo","add function"],"fullName":"Mutation Testing Demo add function is commutative","status":"passed","title":"is commutative","duration":0.2239999999999327,"failureMessages":[],"location":{"line":34,"column":5},"meta":{}},{"ancestorTitles":["Mutation Testing Demo","isEven function"],"fullName":"Mutation Testing Demo isEven function returns true for even numbers","status":"passed","title":"returns true for even numbers","duration":0.3342000000000098,"failureMessages":[],"location":{"line":40,"column":5},"meta":{}},{"ancestorTitles":["Mutation Testing Demo","isEven function"],"fullName":"Mutation Testing Demo isEven function returns false for odd numbers","status":"passed","title":"returns false for odd numbers","duration":0.3028999999999087,"failureMessages":[],"location":{"line":47,"column":5},"meta":{}},{"ancestorTitles":["Mutation Testing Demo","max function"],"fullName":"Mutation Testing Demo max function returns larger number when a > b","status":"passed","title":"returns larger number when a > b","duration":0.13340000000016516,"failureMessages":[],"location":{"line":55,"column":5},"meta":{}},{"ancestorTitles":["Mutation Testing Demo","max function"],"fullName":"Mutation Testing Demo max function returns larger number when b > a","status":"passed","title":"returns larger number when b > a","duration":0.09950000000003456,"failureMessages":[],"location":{"line":59,"column":5},"meta":{}},{"ancestorTitles":["Mutation Testing Demo","max function"],"fullName":"Mutation Testing Demo max function returns either when equal","status":"passed","title":"returns either when equal","duration":0.177599999999984,"failureMessages":[],"location":{"line":63,"column":5},"meta":{}},{"ancestorTitles":["Mutation Testing Demo","max function"],"fullName":"Mutation Testing Demo max function handles negative numbers","status":"passed","title":"handles negative numbers","duration":0.13720000000012078,"failureMessages":[],"location":{"line":67,"column":5},"meta":{}},{"ancestorTitles":["Mutation Testing Demo","max function"],"fullName":"Mutation Testing Demo max function handles boundary correctly","status":"passed","title":"handles boundary correctly","duration":0.12069999999994252,"failureMessages":[],"location":{"line":72,"column":5},"meta":{}},{"ancestorTitles":["Mutation Testing Demo","greet function"],"fullName":"Mutation Testing Demo greet function greets by name when name provided","status":"passed","title":"greets by name when name provided","duration":0.14020000000004984,"failureMessages":[],"location":{"line":79,"column":5},"meta":{}},{"ancestorTitles":["Mutation Testing Demo","greet function"],"fullName":"Mutation Testing Demo greet function uses default greeting for null","status":"passed","title":"uses default greeting for null","duration":0.2135000000000673,"failureMessages":[],"location":{"line":83,"column":5},"meta":{}},{"ancestorTitles":["Mutation Testing Demo","greet function"],"fullName":"Mutation Testing Demo greet function uses default greeting for empty string","status":"passed","title":"uses default greeting for empty string","duration":0.155100000000175,"failureMessages":[],"location":{"line":87,"column":5},"meta":{}},{"ancestorTitles":["Mutation Testing Demo","greet function"],"fullName":"Mutation Testing Demo greet function uses default greeting for whitespace","status":"passed","title":"uses default greeting for whitespace","duration":0.1450999999999567,"failureMessages":[],"location":{"line":91,"column":5},"meta":{}},{"ancestorTitles":["Mutation Testing Demo","greet function"],"fullName":"Mutation Testing Demo greet function trims whitespace from name","status":"passed","title":"trims whitespace from name","duration":0.09560000000010405,"failureMessages":[],"location":{"line":96,"column":5},"meta":{}},{"ancestorTitles":["Mutation Testing Demo","calculateDiscount function"],"fullName":"Mutation Testing Demo calculateDiscount function calculates 10% discount correctly","status":"passed","title":"calculates 10% discount correctly","duration":0.13380000000006476,"failureMessages":[],"location":{"line":102,"column":5},"meta":{}},{"ancestorTitles":["Mutation Testing Demo","calculateDiscount function"],"fullName":"Mutation Testing Demo calculateDiscount function calculates 50% discount correctly","status":"passed","title":"calculates 50% discount correctly","duration":0.08809999999994034,"failureMessages":[],"location":{"line":106,"column":5},"meta":{}},{"ancestorTitles":["Mutation Testing Demo","calculateDiscount function"],"fullName":"Mutation Testing Demo calculateDiscount function handles 0% discount","status":"passed","title":"handles 0% discount","duration":0.07799999999997453,"failureMessages":[],"location":{"line":110,"column":5},"meta":{}},{"ancestorTitles":["Mutation Testing Demo","calculateDiscount function"],"fullName":"Mutation Testing Demo calculateDiscount function handles 100% discount","status":"passed","title":"handles 100% discount","duration":0.1251999999999498,"failureMessages":[],"location":{"line":114,"column":5},"meta":{}},{"ancestorTitles":["Mutation Testing Demo","calculateDiscount function"],"fullName":"Mutation Testing Demo calculateDiscount function throws for negative discount","status":"passed","title":"throws for negative discount","duration":0.6865000000000236,"failureMessages":[],"location":{"line":118,"column":5},"meta":{}},{"ancestorTitles":["Mutation Testing Demo","calculateDiscount function"],"fullName":"Mutation Testing Demo calculateDiscount function throws for discount over 100","status":"passed","title":"throws for discount over 100","duration":0.17360000000007858,"failureMessages":[],"location":{"line":122,"column":5},"meta":{}},{"ancestorTitles":["Mutation Testing Demo","calculateDiscount function"],"fullName":"Mutation Testing Demo calculateDiscount function handles boundary values","status":"passed","title":"handles boundary values","duration":0.21829999999999927,"failureMessages":[],"location":{"line":127,"column":5},"meta":{}},{"ancestorTitles":["Mutation Testing Demo","calculateDiscount function"],"fullName":"Mutation Testing Demo calculateDiscount function discount amount is proportional to price","status":"passed","title":"discount amount is proportional to price","duration":0.08240000000000691,"failureMessages":[],"location":{"line":133,"column":5},"meta":{}},{"ancestorTitles":["Mutation Testing Demo","isPalindrome function"],"fullName":"Mutation Testing Demo isPalindrome function returns true for palindromes","status":"passed","title":"returns true for palindromes","duration":0.2060999999998785,"failureMessages":[],"location":{"line":141,"column":5},"meta":{}},{"ancestorTitles":["Mutation Testing Demo","isPalindrome function"],"fullName":"Mutation Testing Demo isPalindrome function returns false for non-palindromes","status":"passed","title":"returns false for non-palindromes","duration":0.14650000000006003,"failureMessages":[],"location":{"line":146,"column":5},"meta":{}},{"ancestorTitles":["Mutation Testing Demo","isPalindrome function"],"fullName":"Mutation Testing Demo isPalindrome function handles empty string","status":"passed","title":"handles empty string","duration":0.13079999999990832,"failureMessages":[],"location":{"line":151,"column":5},"meta":{}},{"ancestorTitles":["Mutation Testing Demo","isPalindrome function"],"fullName":"Mutation Testing Demo isPalindrome function handles single character","status":"passed","title":"handles single character","duration":0.10559999999986758,"failureMessages":[],"location":{"line":155,"column":5},"meta":{}},{"ancestorTitles":["Mutation Testing Demo","isPalindrome function"],"fullName":"Mutation Testing Demo isPalindrome function is case insensitive","status":"passed","title":"is case insensitive","duration":0.07510000000002037,"failureMessages":[],"location":{"line":159,"column":5},"meta":{}},{"ancestorTitles":["Mutation Testing Demo","isPalindrome function"],"fullName":"Mutation Testing Demo isPalindrome function ignores non-alphanumeric characters","status":"passed","title":"ignores non-alphanumeric characters","duration":0.07650000000012369,"failureMessages":[],"location":{"line":163,"column":5},"meta":{}}],"startTime":1767226630065,"endTime":1767226630073.1309,"status":"passed","message":"","name":"C:/Users/Preston/git/toa-website/test/mutation-demo.test.ts"},{"assertionResults":[{"ancestorTitles":["API Routes","GET /api/youtube/playlist/:playlistId"],"fullName":"API Routes GET /api/youtube/playlist/:playlistId should return playlist videos with valid playlist ID","status":"passed","title":"should return playlist videos with valid playlist ID","duration":29.878099999999904,"failureMessages":[],"location":{"line":69,"column":5},"meta":{}},{"ancestorTitles":["API Routes","GET /api/youtube/playlist/:playlistId"],"fullName":"API Routes GET /api/youtube/playlist/:playlistId should reject invalid playlist ID format","status":"passed","title":"should reject invalid playlist ID format","duration":10.201500000000124,"failureMessages":[],"location":{"line":79,"column":5},"meta":{}},{"ancestorTitles":["API Routes","GET /api/youtube/playlist/:playlistId"],"fullName":"API Routes GET /api/youtube/playlist/:playlistId should validate maxResults parameter","status":"passed","title":"should validate maxResults parameter","duration":8.683399999999892,"failureMessages":[],"location":{"line":88,"column":5},"meta":{}},{"ancestorTitles":["API Routes","GET /api/youtube/playlist/:playlistId"],"fullName":"API Routes GET /api/youtube/playlist/:playlistId should accept valid maxResults parameter","status":"passed","title":"should accept valid maxResults parameter","duration":5.761100000000624,"failureMessages":[],"location":{"line":96,"column":5},"meta":{}},{"ancestorTitles":["API Routes","POST /api/podcast/feed"],"fullName":"API Routes POST /api/podcast/feed should return podcast episodes with valid feed URL","status":"passed","title":"should return podcast episodes with valid feed URL","duration":215.46110000000044,"failureMessages":[],"location":{"line":104,"column":5},"meta":{}},{"ancestorTitles":["API Routes","POST /api/podcast/feed"],"fullName":"API Routes POST /api/podcast/feed should reject missing feedUrl","status":"passed","title":"should reject missing feedUrl","duration":6.569100000000617,"failureMessages":[],"location":{"line":114,"column":5},"meta":{}},{"ancestorTitles":["API Routes","POST /api/podcast/feed"],"fullName":"API Routes POST /api/podcast/feed should reject localhost URLs (SSRF protection)","status":"passed","title":"should reject localhost URLs (SSRF protection)","duration":7.870299999999588,"failureMessages":[],"location":{"line":123,"column":5},"meta":{}},{"ancestorTitles":["API Routes","POST /api/podcast/feed"],"fullName":"API Routes POST /api/podcast/feed should reject private IP addresses (SSRF protection)","status":"passed","title":"should reject private IP addresses (SSRF protection)","duration":6.776100000000042,"failureMessages":[],"location":{"line":132,"column":5},"meta":{}},{"ancestorTitles":["API Routes","POST /api/podcast/feed"],"fullName":"API Routes POST /api/podcast/feed should validate limit parameter","status":"passed","title":"should validate limit parameter","duration":7.54989999999998,"failureMessages":[],"location":{"line":141,"column":5},"meta":{}},{"ancestorTitles":["API Routes","GET /api/podcast/audio-proxy"],"fullName":"API Routes GET /api/podcast/audio-proxy should reject missing URL parameter","status":"passed","title":"should reject missing URL parameter","duration":5.593400000000656,"failureMessages":[],"location":{"line":152,"column":5},"meta":{}},{"ancestorTitles":["API Routes","GET /api/podcast/audio-proxy"],"fullName":"API Routes GET /api/podcast/audio-proxy should reject unauthorized domains","status":"passed","title":"should reject unauthorized domains","duration":6.395400000000336,"failureMessages":[],"location":{"line":160,"column":5},"meta":{}},{"ancestorTitles":["API Routes","GET /api/podcast/audio-proxy"],"fullName":"API Routes GET /api/podcast/audio-proxy should reject localhost URLs","status":"passed","title":"should reject localhost URLs","duration":5.7851999999993495,"failureMessages":[],"location":{"line":168,"column":5},"meta":{}},{"ancestorTitles":["API Routes","GET /api/etsy/shop/:shopId/listings"],"fullName":"API Routes GET /api/etsy/shop/:shopId/listings should return shop listings with valid shop ID","status":"passed","title":"should return shop listings with valid shop ID","duration":5.720000000000255,"failureMessages":[],"location":{"line":178,"column":5},"meta":{}},{"ancestorTitles":["API Routes","GET /api/etsy/shop/:shopId/listings"],"fullName":"API Routes GET /api/etsy/shop/:shopId/listings should reject invalid shop ID format","status":"passed","title":"should reject invalid shop ID format","duration":5.648199999999633,"failureMessages":[],"location":{"line":186,"column":5},"meta":{}},{"ancestorTitles":["API Routes","GET /api/etsy/shop/:shopId/listings"],"fullName":"API Routes GET /api/etsy/shop/:shopId/listings should validate limit parameter","status":"passed","title":"should validate limit parameter","duration":6.273600000000442,"failureMessages":[],"location":{"line":194,"column":5},"meta":{}},{"ancestorTitles":["API Routes","GET /api/dndbeyond/character/:characterId"],"fullName":"API Routes GET /api/dndbeyond/character/:characterId should return character data with valid character ID","status":"passed","title":"should return character data with valid character ID","duration":5.313999999999396,"failureMessages":[],"location":{"line":204,"column":5},"meta":{}},{"ancestorTitles":["API Routes","GET /api/dndbeyond/character/:characterId"],"fullName":"API Routes GET /api/dndbeyond/character/:characterId should reject invalid character ID format","status":"passed","title":"should reject invalid character ID format","duration":4.062599999999293,"failureMessages":[],"location":{"line":214,"column":5},"meta":{}},{"ancestorTitles":["API Routes","GET /api/dndbeyond/character/:characterId"],"fullName":"API Routes GET /api/dndbeyond/character/:characterId should reject non-numeric character IDs","status":"passed","title":"should reject non-numeric character IDs","duration":5.165599999999358,"failureMessages":[],"location":{"line":222,"column":5},"meta":{}},{"ancestorTitles":["API Routes","Error Handling and Security"],"fullName":"API Routes Error Handling and Security should handle API errors gracefully","status":"passed","title":"should handle API errors gracefully","duration":7.455300000000534,"failureMessages":[],"location":{"line":232,"column":5},"meta":{}},{"ancestorTitles":["API Routes","Error Handling and Security"],"fullName":"API Routes Error Handling and Security should not leak internal error details in production","status":"passed","title":"should not leak internal error details in production","duration":5.273799999999937,"failureMessages":[],"location":{"line":244,"column":5},"meta":{}},{"ancestorTitles":["API Routes","Error Handling and Security"],"fullName":"API Routes Error Handling and Security should log errors without exposing sensitive data","status":"passed","title":"should log errors without exposing sensitive data","duration":5.213799999999537,"failureMessages":[],"location":{"line":265,"column":5},"meta":{}},{"ancestorTitles":["API Routes","Error Handling and Security"],"fullName":"API Routes Error Handling and Security should return 400 for malformed JSON in request body","status":"passed","title":"should return 400 for malformed JSON in request body","duration":5.878000000000611,"failureMessages":[],"location":{"line":284,"column":5},"meta":{}},{"ancestorTitles":["API Routes","Error Handling and Security"],"fullName":"API Routes Error Handling and Security should handle missing required fields in POST requests","status":"passed","title":"should handle missing required fields in POST requests","duration":4.350000000000364,"failureMessages":[],"location":{"line":295,"column":5},"meta":{}},{"ancestorTitles":["API Routes","Error Handling and Security"],"fullName":"API Routes Error Handling and Security should validate content-type for POST requests","status":"passed","title":"should validate content-type for POST requests","duration":3.8042999999997846,"failureMessages":[],"location":{"line":305,"column":5},"meta":{}},{"ancestorTitles":["API Routes","Error Handling and Security"],"fullName":"API Routes Error Handling and Security should handle very long URLs gracefully","status":"passed","title":"should handle very long URLs gracefully","duration":5.466699999999946,"failureMessages":[],"location":{"line":315,"column":5},"meta":{}},{"ancestorTitles":["API Routes","Error Handling and Security"],"fullName":"API Routes Error Handling and Security should handle special characters in parameters safely","status":"passed","title":"should handle special characters in parameters safely","duration":7.156200000000354,"failureMessages":[],"location":{"line":326,"column":5},"meta":{}},{"ancestorTitles":["API Routes","Error Handling and Security"],"fullName":"API Routes Error Handling and Security should handle null bytes in input","status":"passed","title":"should handle null bytes in input","duration":3.9637000000002445,"failureMessages":[],"location":{"line":335,"column":5},"meta":{}},{"ancestorTitles":["API Routes","Error Handling and Security"],"fullName":"API Routes Error Handling and Security should rate limit excessive requests (if implemented)","status":"passed","title":"should rate limit excessive requests (if implemented)","duration":22.1216000000004,"failureMessages":[],"location":{"line":343,"column":5},"meta":{}},{"ancestorTitles":["API Routes","Error Handling and Security"],"fullName":"API Routes Error Handling and Security should handle concurrent requests to same resource","status":"passed","title":"should handle concurrent requests to same resource","duration":11.784099999999853,"failureMessages":[],"location":{"line":356,"column":5},"meta":{}},{"ancestorTitles":["API Routes","Error Handling and Security"],"fullName":"API Routes Error Handling and Security should set appropriate security headers","status":"passed","title":"should set appropriate security headers","duration":3.3414999999995416,"failureMessages":[],"location":{"line":370,"column":5},"meta":{}},{"ancestorTitles":["API Routes","Error Handling and Security"],"fullName":"API Routes Error Handling and Security should handle timeout scenarios gracefully","status":"passed","title":"should handle timeout scenarios gracefully","duration":105.6891999999998,"failureMessages":[],"location":{"line":380,"column":5},"meta":{}}],"startTime":1767226630060,"endTime":1767226630602.6892,"status":"passed","message":"","name":"C:/Users/Preston/git/toa-website/test/routes.test.ts"},{"assertionResults":[{"ancestorTitles":["Security - Input Validation","validateUrl"],"fullName":"Security - Input Validation validateUrl should accept valid HTTPS URLs","status":"passed","title":"should accept valid HTTPS URLs","duration":3.103800000000092,"failureMessages":[],"location":{"line":6,"column":5},"meta":{}},{"ancestorTitles":["Security - Input Validation","validateUrl"],"fullName":"Security - Input Validation validateUrl should accept valid HTTP URLs","status":"passed","title":"should accept valid HTTP URLs","duration":1.0079000000000633,"failureMessages":[],"location":{"line":11,"column":5},"meta":{}},{"ancestorTitles":["Security - Input Validation","validateUrl"],"fullName":"Security - Input Validation validateUrl should reject URLs without protocol","status":"passed","title":"should reject URLs without protocol","duration":0.4130999999999858,"failureMessages":[],"location":{"line":16,"column":5},"meta":{}},{"ancestorTitles":["Security - Input Validation","validateUrl"],"fullName":"Security - Input Validation validateUrl should reject localhost URLs","status":"passed","title":"should reject localhost URLs","duration":0.3574999999998454,"failureMessages":[],"location":{"line":22,"column":5},"meta":{}},{"ancestorTitles":["Security - Input Validation","validateUrl"],"fullName":"Security - Input Validation validateUrl should reject 127.0.0.1 URLs","status":"passed","title":"should reject 127.0.0.1 URLs","duration":0.27880000000004657,"failureMessages":[],"location":{"line":28,"column":5},"meta":{}},{"ancestorTitles":["Security - Input Validation","validateUrl"],"fullName":"Security - Input Validation validateUrl should reject private IP addresses (10.x.x.x)","status":"passed","title":"should reject private IP addresses (10.x.x.x)","duration":0.26119999999991705,"failureMessages":[],"location":{"line":34,"column":5},"meta":{}},{"ancestorTitles":["Security - Input Validation","validateUrl"],"fullName":"Security - Input Validation validateUrl should reject private IP addresses (192.168.x.x)","status":"passed","title":"should reject private IP addresses (192.168.x.x)","duration":0.16639999999983957,"failureMessages":[],"location":{"line":40,"column":5},"meta":{}},{"ancestorTitles":["Security - Input Validation","validateUrl"],"fullName":"Security - Input Validation validateUrl should reject private IP addresses (172.16-31.x.x)","status":"passed","title":"should reject private IP addresses (172.16-31.x.x)","duration":0.2132000000001426,"failureMessages":[],"location":{"line":46,"column":5},"meta":{}},{"ancestorTitles":["Security - Input Validation","validateUrl"],"fullName":"Security - Input Validation validateUrl should reject AWS metadata service IP","status":"passed","title":"should reject AWS metadata service IP","duration":0.2717999999999847,"failureMessages":[],"location":{"line":52,"column":5},"meta":{}},{"ancestorTitles":["Security - Input Validation","validateUrl"],"fullName":"Security - Input Validation validateUrl should reject malformed URLs","status":"passed","title":"should reject malformed URLs","duration":0.19070000000010623,"failureMessages":[],"location":{"line":58,"column":5},"meta":{}},{"ancestorTitles":["Security - Input Validation","validateNumber"],"fullName":"Security - Input Validation validateNumber should accept valid numbers within range","status":"passed","title":"should accept valid numbers within range","duration":0.24410000000011678,"failureMessages":[],"location":{"line":66,"column":5},"meta":{}},{"ancestorTitles":["Security - Input Validation","validateNumber"],"fullName":"Security - Input Validation validateNumber should accept minimum value","status":"passed","title":"should accept minimum value","duration":0.1435999999998785,"failureMessages":[],"location":{"line":72,"column":5},"meta":{}},{"ancestorTitles":["Security - Input Validation","validateNumber"],"fullName":"Security - Input Validation validateNumber should accept maximum value","status":"passed","title":"should accept maximum value","duration":0.12360000000012406,"failureMessages":[],"location":{"line":78,"column":5},"meta":{}},{"ancestorTitles":["Security - Input Validation","validateNumber"],"fullName":"Security - Input Validation validateNumber should reject numbers below minimum","status":"passed","title":"should reject numbers below minimum","duration":0.1692000000000462,"failureMessages":[],"location":{"line":84,"column":5},"meta":{}},{"ancestorTitles":["Security - Input Validation","validateNumber"],"fullName":"Security - Input Validation validateNumber should reject numbers above maximum","status":"passed","title":"should reject numbers above maximum","duration":0.19110000000000582,"failureMessages":[],"location":{"line":90,"column":5},"meta":{}},{"ancestorTitles":["Security - Input Validation","validateNumber"],"fullName":"Security - Input Validation validateNumber should reject non-numeric strings","status":"passed","title":"should reject non-numeric strings","duration":0.19690000000014152,"failureMessages":[],"location":{"line":96,"column":5},"meta":{}},{"ancestorTitles":["Security - Input Validation","validateNumber"],"fullName":"Security - Input Validation validateNumber should reject empty strings","status":"passed","title":"should reject empty strings","duration":0.15170000000011896,"failureMessages":[],"location":{"line":102,"column":5},"meta":{}},{"ancestorTitles":["Security - Input Validation","validateString"],"fullName":"Security - Input Validation validateString should accept valid strings","status":"passed","title":"should accept valid strings","duration":0.36999999999989086,"failureMessages":[],"location":{"line":110,"column":5},"meta":{}},{"ancestorTitles":["Security - Input Validation","validateString"],"fullName":"Security - Input Validation validateString should trim whitespace","status":"passed","title":"should trim whitespace","duration":0.2964999999999236,"failureMessages":[],"location":{"line":116,"column":5},"meta":{}},{"ancestorTitles":["Security - Input Validation","validateString"],"fullName":"Security - Input Validation validateString should reject empty strings","status":"passed","title":"should reject empty strings","duration":0.14069999999992433,"failureMessages":[],"location":{"line":122,"column":5},"meta":{}},{"ancestorTitles":["Security - Input Validation","validateString"],"fullName":"Security - Input Validation validateString should reject non-string inputs","status":"passed","title":"should reject non-string inputs","duration":0.0969000000000051,"failureMessages":[],"location":{"line":128,"column":5},"meta":{}},{"ancestorTitles":["Security - Input Validation","validateString"],"fullName":"Security - Input Validation validateString should reject strings exceeding max length","status":"passed","title":"should reject strings exceeding max length","duration":0.10269999999991342,"failureMessages":[],"location":{"line":134,"column":5},"meta":{}},{"ancestorTitles":["Security - Input Validation","validateString"],"fullName":"Security - Input Validation validateString should escape HTML characters","status":"passed","title":"should escape HTML characters","duration":0.1516999999998916,"failureMessages":[],"location":{"line":141,"column":5},"meta":{}}],"startTime":1767226630267,"endTime":1767226630276.2964,"status":"passed","message":"","name":"C:/Users/Preston/git/toa-website/test/security.test.ts"},{"assertionResults":[{"ancestorTitles":["SEO Component"],"fullName":"SEO Component should render meta tags with provided props","status":"passed","title":"should render meta tags with provided props","duration":16.77650000000017,"failureMessages":[],"location":{"line":6,"column":3},"meta":{}},{"ancestorTitles":["SEO Component"],"fullName":"SEO Component should render Open Graph meta tags","status":"passed","title":"should render Open Graph meta tags","duration":2.5550000000000637,"failureMessages":[],"location":{"line":29,"column":3},"meta":{}},{"ancestorTitles":["SEO Component"],"fullName":"SEO Component should render Twitter Card meta tags","status":"passed","title":"should render Twitter Card meta tags","duration":2.0938999999998487,"failureMessages":[],"location":{"line":49,"column":3},"meta":{}},{"ancestorTitles":["SEO Component"],"fullName":"SEO Component should handle JSON-LD structured data","status":"passed","title":"should handle JSON-LD structured data","duration":1.7278000000001157,"failureMessages":[],"location":{"line":63,"column":3},"meta":{}}],"startTime":1767226628572,"endTime":1767226628595.7278,"status":"passed","message":"","name":"C:/Users/Preston/git/toa-website/test/seo.test.tsx"},{"assertionResults":[{"ancestorTitles":["Structured Data Snapshot Tests","Organization Schema"],"fullName":"Structured Data Snapshot Tests Organization Schema generates valid organization schema","status":"passed","title":"generates valid organization schema","duration":4.575800000000072,"failureMessages":[],"location":{"line":20,"column":5},"meta":{}},{"ancestorTitles":["Structured Data Snapshot Tests","Organization Schema"],"fullName":"Structured Data Snapshot Tests Organization Schema includes all social media links","status":"passed","title":"includes all social media links","duration":1.1596999999999298,"failureMessages":[],"location":{"line":33,"column":5},"meta":{}},{"ancestorTitles":["Structured Data Snapshot Tests","Organization Schema"],"fullName":"Structured Data Snapshot Tests Organization Schema includes contact information","status":"passed","title":"includes contact information","duration":0.6748999999999796,"failureMessages":[],"location":{"line":48,"column":5},"meta":{}},{"ancestorTitles":["Structured Data Snapshot Tests","WebSite Schema"],"fullName":"Structured Data Snapshot Tests WebSite Schema generates valid website schema","status":"passed","title":"generates valid website schema","duration":0.9015999999999167,"failureMessages":[],"location":{"line":60,"column":5},"meta":{}},{"ancestorTitles":["Structured Data Snapshot Tests","WebSite Schema"],"fullName":"Structured Data Snapshot Tests WebSite Schema includes search action","status":"passed","title":"includes search action","duration":0.4956999999999425,"failureMessages":[],"location":{"line":71,"column":5},"meta":{}},{"ancestorTitles":["Structured Data Snapshot Tests","WebSite Schema"],"fullName":"Structured Data Snapshot Tests WebSite Schema includes publisher information","status":"passed","title":"includes publisher information","duration":0.2925000000000182,"failureMessages":[],"location":{"line":81,"column":5},"meta":{}},{"ancestorTitles":["Structured Data Snapshot Tests","Breadcrumb Schema"],"fullName":"Structured Data Snapshot Tests Breadcrumb Schema generates breadcrumb for homepage","status":"passed","title":"generates breadcrumb for homepage","duration":1.3347000000001117,"failureMessages":[],"location":{"line":93,"column":5},"meta":{}},{"ancestorTitles":["Structured Data Snapshot Tests","Breadcrumb Schema"],"fullName":"Structured Data Snapshot Tests Breadcrumb Schema generates breadcrumb for nested pages","status":"passed","title":"generates breadcrumb for nested pages","duration":0.5981999999999061,"failureMessages":[],"location":{"line":105,"column":5},"meta":{}},{"ancestorTitles":["Structured Data Snapshot Tests","Breadcrumb Schema"],"fullName":"Structured Data Snapshot Tests Breadcrumb Schema handles empty breadcrumb","status":"passed","title":"handles empty breadcrumb","duration":0.6476999999999862,"failureMessages":[],"location":{"line":124,"column":5},"meta":{}},{"ancestorTitles":["Structured Data Snapshot Tests","Video Schema"],"fullName":"Structured Data Snapshot Tests Video Schema generates complete video schema","status":"passed","title":"generates complete video schema","duration":0.8839000000000397,"failureMessages":[],"location":{"line":133,"column":5},"meta":{}},{"ancestorTitles":["Structured Data Snapshot Tests","Video Schema"],"fullName":"Structured Data Snapshot Tests Video Schema generates video schema with minimal data","status":"passed","title":"generates video schema with minimal data","duration":0.39279999999985193,"failureMessages":[],"location":{"line":153,"column":5},"meta":{}},{"ancestorTitles":["Structured Data Snapshot Tests","Video Schema"],"fullName":"Structured Data Snapshot Tests Video Schema includes publisher information","status":"passed","title":"includes publisher information","duration":0.3209999999999127,"failureMessages":[],"location":{"line":168,"column":5},"meta":{}},{"ancestorTitles":["Structured Data Snapshot Tests","Person Schema"],"fullName":"Structured Data Snapshot Tests Person Schema generates complete person schema","status":"passed","title":"generates complete person schema","duration":0.3301000000001295,"failureMessages":[],"location":{"line":187,"column":5},"meta":{}},{"ancestorTitles":["Structured Data Snapshot Tests","Person Schema"],"fullName":"Structured Data Snapshot Tests Person Schema generates person schema with minimal data","status":"passed","title":"generates person schema with minimal data","duration":0.28379999999992833,"failureMessages":[],"location":{"line":207,"column":5},"meta":{}},{"ancestorTitles":["Structured Data Snapshot Tests","Person Schema"],"fullName":"Structured Data Snapshot Tests Person Schema includes organization membership","status":"passed","title":"includes organization membership","duration":0.4821999999999207,"failureMessages":[],"location":{"line":220,"column":5},"meta":{}},{"ancestorTitles":["Structured Data Snapshot Tests","CreativeWork Schema"],"fullName":"Structured Data Snapshot Tests CreativeWork Schema generates character creative work schema","status":"passed","title":"generates character creative work schema","duration":0.31379999999990105,"failureMessages":[],"location":{"line":236,"column":5},"meta":{}},{"ancestorTitles":["Structured Data Snapshot Tests","CreativeWork Schema"],"fullName":"Structured Data Snapshot Tests CreativeWork Schema includes genre information","status":"passed","title":"includes genre information","duration":0.8360999999999876,"failureMessages":[],"location":{"line":253,"column":5},"meta":{}},{"ancestorTitles":["Structured Data Snapshot Tests","CreativeWork Schema"],"fullName":"Structured Data Snapshot Tests CreativeWork Schema links to creative work series","status":"passed","title":"links to creative work series","duration":0.3082000000001699,"failureMessages":[],"location":{"line":270,"column":5},"meta":{}},{"ancestorTitles":["Structured Data Snapshot Tests","CreativeWork Schema"],"fullName":"Structured Data Snapshot Tests CreativeWork Schema handles missing image","status":"passed","title":"handles missing image","duration":0.35639999999989413,"failureMessages":[],"location":{"line":286,"column":5},"meta":{}},{"ancestorTitles":["Structured Data Snapshot Tests","Schema.org Compliance"],"fullName":"Structured Data Snapshot Tests Schema.org Compliance all schemas have @context","status":"passed","title":"all schemas have @context","duration":0.2716000000000349,"failureMessages":[],"location":{"line":301,"column":5},"meta":{}},{"ancestorTitles":["Structured Data Snapshot Tests","Schema.org Compliance"],"fullName":"Structured Data Snapshot Tests Schema.org Compliance all schemas have @type","status":"passed","title":"all schemas have @type","duration":0.2379000000000815,"failureMessages":[],"location":{"line":325,"column":5},"meta":{}},{"ancestorTitles":["Structured Data Snapshot Tests","Schema.org Compliance"],"fullName":"Structured Data Snapshot Tests Schema.org Compliance schemas are valid JSON","status":"passed","title":"schemas are valid JSON","duration":1.8805999999999585,"failureMessages":[],"location":{"line":355,"column":5},"meta":{}}],"startTime":1767226629098,"endTime":1767226629116.8806,"status":"passed","message":"","name":"C:/Users/Preston/git/toa-website/test/structured-data.snapshot.test.ts"},{"assertionResults":[{"ancestorTitles":["YouTube API Integration Tests","API Error Handling"],"fullName":"YouTube API Integration Tests API Error Handling should handle 429 rate limit errors","status":"passed","title":"should handle 429 rate limit errors","duration":2.53879999999981,"failureMessages":[],"location":{"line":27,"column":5},"meta":{}},{"ancestorTitles":["YouTube API Integration Tests","API Error Handling"],"fullName":"YouTube API Integration Tests API Error Handling should handle 403 forbidden errors","status":"passed","title":"should handle 403 forbidden errors","duration":0.9588000000001102,"failureMessages":[],"location":{"line":54,"column":5},"meta":{}},{"ancestorTitles":["YouTube API Integration Tests","API Error Handling"],"fullName":"YouTube API Integration Tests API Error Handling should handle 404 playlist not found","status":"passed","title":"should handle 404 playlist not found","duration":0.7180000000000746,"failureMessages":[],"location":{"line":74,"column":5},"meta":{}},{"ancestorTitles":["YouTube API Integration Tests","API Error Handling"],"fullName":"YouTube API Integration Tests API Error Handling should handle network errors","status":"passed","title":"should handle network errors","duration":2.3303000000000793,"failureMessages":[],"location":{"line":94,"column":5},"meta":{}},{"ancestorTitles":["YouTube API Integration Tests","API Error Handling"],"fullName":"YouTube API Integration Tests API Error Handling should handle malformed JSON responses","status":"passed","title":"should handle malformed JSON responses","duration":0.8525999999999385,"failureMessages":[],"location":{"line":102,"column":5},"meta":{}},{"ancestorTitles":["YouTube API Integration Tests","API Error Handling"],"fullName":"YouTube API Integration Tests API Error Handling should handle empty response bodies","status":"passed","title":"should handle empty response bodies","duration":1.2971000000000004,"failureMessages":[],"location":{"line":117,"column":5},"meta":{}},{"ancestorTitles":["YouTube API Integration Tests","API Error Handling"],"fullName":"YouTube API Integration Tests API Error Handling should handle missing items array","status":"passed","title":"should handle missing items array","duration":0.6313999999999851,"failureMessages":[],"location":{"line":131,"column":5},"meta":{}},{"ancestorTitles":["YouTube API Integration Tests","Pagination Handling"],"fullName":"YouTube API Integration Tests Pagination Handling should handle multiple pages of results","status":"passed","title":"should handle multiple pages of results","duration":1.7900999999999385,"failureMessages":[],"location":{"line":151,"column":5},"meta":{}},{"ancestorTitles":["YouTube API Integration Tests","Pagination Handling"],"fullName":"YouTube API Integration Tests Pagination Handling should stop pagination when no nextPageToken","status":"passed","title":"should stop pagination when no nextPageToken","duration":0.5650000000000546,"failureMessages":[],"location":{"line":192,"column":5},"meta":{}},{"ancestorTitles":["YouTube API Integration Tests","Pagination Handling"],"fullName":"YouTube API Integration Tests Pagination Handling should handle very large playlists (1000+ videos)","status":"passed","title":"should handle very large playlists (1000+ videos)","duration":0.9457999999999629,"failureMessages":[],"location":{"line":209,"column":5},"meta":{}},{"ancestorTitles":["YouTube API Integration Tests","Data Transformation"],"fullName":"YouTube API Integration Tests Data Transformation should handle videos with missing thumbnails","status":"passed","title":"should handle videos with missing thumbnails","duration":0.33619999999996253,"failureMessages":[],"location":{"line":244,"column":5},"meta":{}},{"ancestorTitles":["YouTube API Integration Tests","Data Transformation"],"fullName":"YouTube API Integration Tests Data Transformation should handle videos with missing statistics","status":"passed","title":"should handle videos with missing statistics","duration":0.27549999999996544,"failureMessages":[],"location":{"line":276,"column":5},"meta":{}},{"ancestorTitles":["YouTube API Integration Tests","Data Transformation"],"fullName":"YouTube API Integration Tests Data Transformation should handle videos with malformed duration","status":"passed","title":"should handle videos with malformed duration","duration":0.26569999999992433,"failureMessages":[],"location":{"line":304,"column":5},"meta":{}},{"ancestorTitles":["YouTube API Integration Tests","Cache Stale Fallback Integration"],"fullName":"YouTube API Integration Tests Cache Stale Fallback Integration should use stale cache when API fails","status":"passed","title":"should use stale cache when API fails","duration":12.13779999999997,"failureMessages":[],"location":{"line":333,"column":5},"meta":{}},{"ancestorTitles":["YouTube API Integration Tests","Cache Stale Fallback Integration"],"fullName":"YouTube API Integration Tests Cache Stale Fallback Integration should return empty array when no cache and API fails","status":"passed","title":"should return empty array when no cache and API fails","duration":0.9096999999999298,"failureMessages":[],"location":{"line":366,"column":5},"meta":{}},{"ancestorTitles":["YouTube API Integration Tests","Concurrent Request Handling"],"fullName":"YouTube API Integration Tests Concurrent Request Handling should handle concurrent requests to same playlist","status":"passed","title":"should handle concurrent requests to same playlist","duration":1.8309999999999036,"failureMessages":[],"location":{"line":385,"column":5},"meta":{}},{"ancestorTitles":["YouTube API Integration Tests","Concurrent Request Handling"],"fullName":"YouTube API Integration Tests Concurrent Request Handling should handle concurrent requests to different playlists","status":"passed","title":"should handle concurrent requests to different playlists","duration":0.483600000000024,"failureMessages":[],"location":{"line":411,"column":5},"meta":{}}],"startTime":1767226628971,"endTime":1767226629000.4836,"status":"passed","message":"","name":"C:/Users/Preston/git/toa-website/test/youtube-integration.test.ts"},{"assertionResults":[{"ancestorTitles":["YouTube Cache System","Multi-Playlist Cache"],"fullName":"YouTube Cache System Multi-Playlist Cache should cache multiple playlists independently","status":"passed","title":"should cache multiple playlists independently","duration":13.877099999999928,"failureMessages":[],"location":{"line":38,"column":5},"meta":{}},{"ancestorTitles":["YouTube Cache System","Multi-Playlist Cache"],"fullName":"YouTube Cache System Multi-Playlist Cache should not overwrite existing playlist cache when adding new one","status":"passed","title":"should not overwrite existing playlist cache when adding new one","duration":21.792899999999918,"failureMessages":[],"location":{"line":64,"column":5},"meta":{}},{"ancestorTitles":["YouTube Cache System","Multi-Playlist Cache"],"fullName":"YouTube Cache System Multi-Playlist Cache should handle expired cache per playlist","status":"passed","title":"should handle expired cache per playlist","duration":13.026600000000144,"failureMessages":[],"location":{"line":94,"column":5},"meta":{}},{"ancestorTitles":["YouTube Cache System","Multi-Playlist Cache"],"fullName":"YouTube Cache System Multi-Playlist Cache should create cache directory if it does not exist","status":"passed","title":"should create cache directory if it does not exist","duration":10.390300000000025,"failureMessages":[],"location":{"line":123,"column":5},"meta":{}},{"ancestorTitles":["YouTube Cache System","Cache Fallback on API Failure"],"fullName":"YouTube Cache System Cache Fallback on API Failure should return stale cache when API fails","status":"passed","title":"should return stale cache when API fails","duration":12.339099999999917,"failureMessages":[],"location":{"line":150,"column":5},"meta":{}},{"ancestorTitles":["YouTube Cache System","Cache Fallback on API Failure"],"fullName":"YouTube Cache System Cache Fallback on API Failure should handle missing cache gracefully","status":"passed","title":"should handle missing cache gracefully","duration":0.5643999999999778,"failureMessages":[],"location":{"line":175,"column":5},"meta":{}},{"ancestorTitles":["YouTube Cache System","Cache Fallback on API Failure"],"fullName":"YouTube Cache System Cache Fallback on API Failure should handle corrupted cache file","status":"passed","title":"should handle corrupted cache file","duration":10.886799999999994,"failureMessages":[],"location":{"line":184,"column":5},"meta":{}},{"ancestorTitles":["YouTube Formatters","formatDuration"],"fullName":"YouTube Formatters formatDuration should format hours, minutes, seconds: PT1H30M45S -> 1:30:45","status":"passed","title":"should format hours, minutes, seconds: PT1H30M45S -> 1:30:45","duration":0.41840000000001965,"failureMessages":[],"location":{"line":215,"column":7},"meta":{}},{"ancestorTitles":["YouTube Formatters","formatDuration"],"fullName":"YouTube Formatters formatDuration should format minutes and seconds: PT5M20S -> 5:20","status":"passed","title":"should format minutes and seconds: PT5M20S -> 5:20","duration":0.41630000000009204,"failureMessages":[],"location":{"line":215,"column":7},"meta":{}},{"ancestorTitles":["YouTube Formatters","formatDuration"],"fullName":"YouTube Formatters formatDuration should format only seconds: PT45S -> 0:45","status":"passed","title":"should format only seconds: PT45S -> 0:45","duration":0.20109999999999673,"failureMessages":[],"location":{"line":215,"column":7},"meta":{}},{"ancestorTitles":["YouTube Formatters","formatDuration"],"fullName":"YouTube Formatters formatDuration should format hours and seconds (no minutes): PT1H5S -> 1:00:05","status":"passed","title":"should format hours and seconds (no minutes): PT1H5S -> 1:00:05","duration":0.1489000000001397,"failureMessages":[],"location":{"line":215,"column":7},"meta":{}},{"ancestorTitles":["YouTube Formatters","formatDuration"],"fullName":"YouTube Formatters formatDuration should format only hours: PT2H -> 2:00:00","status":"passed","title":"should format only hours: PT2H -> 2:00:00","duration":0.12639999999987594,"failureMessages":[],"location":{"line":215,"column":7},"meta":{}},{"ancestorTitles":["YouTube Formatters","formatDuration"],"fullName":"YouTube Formatters formatDuration should format only minutes: PT10M -> 10:00","status":"passed","title":"should format only minutes: PT10M -> 10:00","duration":0.12349999999992178,"failureMessages":[],"location":{"line":215,"column":7},"meta":{}},{"ancestorTitles":["YouTube Formatters","formatDuration"],"fullName":"YouTube Formatters formatDuration should format zero duration: PT0S -> 0:00","status":"passed","title":"should format zero duration: PT0S -> 0:00","duration":0.38999999999987267,"failureMessages":[],"location":{"line":215,"column":7},"meta":{}},{"ancestorTitles":["YouTube Formatters","formatDuration"],"fullName":"YouTube Formatters formatDuration should format invalid format: invalid -> 0:00","status":"passed","title":"should format invalid format: invalid -> 0:00","duration":0.19460000000003674,"failureMessages":[],"location":{"line":215,"column":7},"meta":{}},{"ancestorTitles":["YouTube Formatters","formatDuration"],"fullName":"YouTube Formatters formatDuration should format empty string:  -> 0:00","status":"passed","title":"should format empty string:  -> 0:00","duration":0.1228000000000975,"failureMessages":[],"location":{"line":215,"column":7},"meta":{}},{"ancestorTitles":["YouTube Formatters","formatViewCount"],"fullName":"YouTube Formatters formatViewCount should format less than 1K: 999 -> 999","status":"passed","title":"should format less than 1K: 999 -> 999","duration":0.22280000000000655,"failureMessages":[],"location":{"line":250,"column":7},"meta":{}},{"ancestorTitles":["YouTube Formatters","formatViewCount"],"fullName":"YouTube Formatters formatViewCount should format exactly 1K: 1000 -> 1.0K","status":"passed","title":"should format exactly 1K: 1000 -> 1.0K","duration":0.11130000000002838,"failureMessages":[],"location":{"line":250,"column":7},"meta":{}},{"ancestorTitles":["YouTube Formatters","formatViewCount"],"fullName":"YouTube Formatters formatViewCount should format 1.5K: 1500 -> 1.5K","status":"passed","title":"should format 1.5K: 1500 -> 1.5K","duration":0.10029999999983374,"failureMessages":[],"location":{"line":250,"column":7},"meta":{}},{"ancestorTitles":["YouTube Formatters","formatViewCount"],"fullName":"YouTube Formatters formatViewCount should format almost 1M: 999999 -> 1000.0K","status":"passed","title":"should format almost 1M: 999999 -> 1000.0K","duration":0.10379999999986467,"failureMessages":[],"location":{"line":250,"column":7},"meta":{}},{"ancestorTitles":["YouTube Formatters","formatViewCount"],"fullName":"YouTube Formatters formatViewCount should format exactly 1M: 1000000 -> 1.0M","status":"passed","title":"should format exactly 1M: 1000000 -> 1.0M","duration":0.098700000000008,"failureMessages":[],"location":{"line":250,"column":7},"meta":{}},{"ancestorTitles":["YouTube Formatters","formatViewCount"],"fullName":"YouTube Formatters formatViewCount should format 2.5M: 2500000 -> 2.5M","status":"passed","title":"should format 2.5M: 2500000 -> 2.5M","duration":0.10300000000006548,"failureMessages":[],"location":{"line":250,"column":7},"meta":{}},{"ancestorTitles":["YouTube Formatters","formatViewCount"],"fullName":"YouTube Formatters formatViewCount should format zero views: 0 -> 0","status":"passed","title":"should format zero views: 0 -> 0","duration":0.10210000000006403,"failureMessages":[],"location":{"line":250,"column":7},"meta":{}},{"ancestorTitles":["YouTube Formatters","formatViewCount"],"fullName":"YouTube Formatters formatViewCount should format small number: 42 -> 42","status":"passed","title":"should format small number: 42 -> 42","duration":0.09799999999995634,"failureMessages":[],"location":{"line":250,"column":7},"meta":{}},{"ancestorTitles":["YouTube Formatters","formatViewCount"],"fullName":"YouTube Formatters formatViewCount should format rounds millions: 1234567 -> 1.2M","status":"passed","title":"should format rounds millions: 1234567 -> 1.2M","duration":0.11300000000005639,"failureMessages":[],"location":{"line":250,"column":7},"meta":{}},{"ancestorTitles":["YouTube Formatters","Video sorting"],"fullName":"YouTube Formatters Video sorting should sort videos by publishedAt date (most recent first)","status":"passed","title":"should sort videos by publishedAt date (most recent first)","duration":0.30179999999995744,"failureMessages":[],"location":{"line":266,"column":5},"meta":{}},{"ancestorTitles":["YouTube Formatters","Video sorting"],"fullName":"YouTube Formatters Video sorting should handle invalid dates gracefully","status":"passed","title":"should handle invalid dates gracefully","duration":0.32320000000004256,"failureMessages":[],"location":{"line":284,"column":5},"meta":{}}],"startTime":1767226627891,"endTime":1767226627979.3232,"status":"passed","message":"","name":"C:/Users/Preston/git/toa-website/test/youtube.test.ts"},{"assertionResults":[{"ancestorTitles":["Fault Injection Tests","Network Failures"],"fullName":"Fault Injection Tests Network Failures should handle DNS resolution failures","status":"passed","title":"should handle DNS resolution failures","duration":209.08179999999993,"failureMessages":[],"location":{"line":6,"column":5},"meta":{}},{"ancestorTitles":["Fault Injection Tests","Network Failures"],"fullName":"Fault Injection Tests Network Failures should handle slow network responses","status":"passed","title":"should handle slow network responses","duration":227.9751000000001,"failureMessages":[],"location":{"line":17,"column":5},"meta":{}},{"ancestorTitles":["Fault Injection Tests","Network Failures"],"fullName":"Fault Injection Tests Network Failures should handle intermittent connection drops","status":"passed","title":"should handle intermittent connection drops","duration":0.6438000000000557,"failureMessages":[],"location":{"line":33,"column":5},"meta":{}},{"ancestorTitles":["Fault Injection Tests","API Response Corruption"],"fullName":"Fault Injection Tests API Response Corruption should handle malformed JSON responses","status":"passed","title":"should handle malformed JSON responses","duration":0.6313999999999851,"failureMessages":[],"location":{"line":62,"column":5},"meta":{}},{"ancestorTitles":["Fault Injection Tests","API Response Corruption"],"fullName":"Fault Injection Tests API Response Corruption should handle unexpected response structures","status":"passed","title":"should handle unexpected response structures","duration":0.33359999999993306,"failureMessages":[],"location":{"line":80,"column":5},"meta":{}},{"ancestorTitles":["Fault Injection Tests","API Response Corruption"],"fullName":"Fault Injection Tests API Response Corruption should handle missing required fields","status":"passed","title":"should handle missing required fields","duration":1.0058000000001357,"failureMessages":[],"location":{"line":109,"column":5},"meta":{}},{"ancestorTitles":["Fault Injection Tests","Database Failures"],"fullName":"Fault Injection Tests Database Failures should handle transaction rollback on error","status":"passed","title":"should handle transaction rollback on error","duration":0.4067999999999756,"failureMessages":[],"location":{"line":124,"column":5},"meta":{}},{"ancestorTitles":["Fault Injection Tests","Database Failures"],"fullName":"Fault Injection Tests Database Failures should handle deadlock scenarios","status":"passed","title":"should handle deadlock scenarios","duration":10.005600000000186,"failureMessages":[],"location":{"line":150,"column":5},"meta":{}},{"ancestorTitles":["Fault Injection Tests","Resource Exhaustion"],"fullName":"Fault Injection Tests Resource Exhaustion should handle file descriptor exhaustion","status":"passed","title":"should handle file descriptor exhaustion","duration":2.510400000000118,"failureMessages":[],"location":{"line":197,"column":5},"meta":{}},{"ancestorTitles":["Fault Injection Tests","Resource Exhaustion"],"fullName":"Fault Injection Tests Resource Exhaustion should handle thread pool exhaustion","status":"passed","title":"should handle thread pool exhaustion","duration":100.42689999999993,"failureMessages":[],"location":{"line":225,"column":5},"meta":{}},{"ancestorTitles":["Fault Injection Tests","Resource Exhaustion"],"fullName":"Fault Injection Tests Resource Exhaustion should handle memory allocation failures","status":"passed","title":"should handle memory allocation failures","duration":0.6393999999997959,"failureMessages":[],"location":{"line":245,"column":5},"meta":{}},{"ancestorTitles":["Fault Injection Tests","Time-based Failures"],"fullName":"Fault Injection Tests Time-based Failures should handle cache expiration during read","status":"passed","title":"should handle cache expiration during read","duration":2.8414000000000215,"failureMessages":[],"location":{"line":267,"column":5},"meta":{}},{"ancestorTitles":["Fault Injection Tests","Time-based Failures"],"fullName":"Fault Injection Tests Time-based Failures should handle request timeout during processing","status":"passed","title":"should handle request timeout during processing","duration":1.3623000000000047,"failureMessages":[],"location":{"line":294,"column":5},"meta":{}},{"ancestorTitles":["Fault Injection Tests","Cascading Failures"],"fullName":"Fault Injection Tests Cascading Failures should handle upstream service failure propagation","status":"passed","title":"should handle upstream service failure propagation","duration":0.46319999999991524,"failureMessages":[],"location":{"line":323,"column":5},"meta":{}},{"ancestorTitles":["Fault Injection Tests","Cascading Failures"],"fullName":"Fault Injection Tests Cascading Failures should implement bulkhead pattern for isolation","status":"passed","title":"should implement bulkhead pattern for isolation","duration":102.92009999999982,"failureMessages":[],"location":{"line":360,"column":5},"meta":{}}],"startTime":1767226626655,"endTime":1767226627317.9202,"status":"passed","message":"","name":"C:/Users/Preston/git/toa-website/test/chaos/fault-injection.test.ts"},{"assertionResults":[{"ancestorTitles":["Network Resilience & Chaos Tests","YouTube API Resilience"],"fullName":"Network Resilience & Chaos Tests YouTube API Resilience should handle network timeout gracefully","status":"passed","title":"should handle network timeout gracefully","duration":106.71000000000004,"failureMessages":[],"location":{"line":6,"column":5},"meta":{}},{"ancestorTitles":["Network Resilience & Chaos Tests","YouTube API Resilience"],"fullName":"Network Resilience & Chaos Tests YouTube API Resilience should retry on 5xx errors","status":"passed","title":"should retry on 5xx errors","duration":239.80600000000004,"failureMessages":[],"location":{"line":20,"column":5},"meta":{}},{"ancestorTitles":["Network Resilience & Chaos Tests","YouTube API Resilience"],"fullName":"Network Resilience & Chaos Tests YouTube API Resilience should handle rate limiting with exponential backoff","status":"passed","title":"should handle rate limiting with exponential backoff","duration":703.1650000000002,"failureMessages":[],"location":{"line":46,"column":5},"meta":{}},{"ancestorTitles":["Network Resilience & Chaos Tests","YouTube API Resilience"],"fullName":"Network Resilience & Chaos Tests YouTube API Resilience should handle partial response failures","status":"passed","title":"should handle partial response failures","duration":0.5342999999998028,"failureMessages":[],"location":{"line":70,"column":5},"meta":{}},{"ancestorTitles":["Network Resilience & Chaos Tests","Database Connection Resilience"],"fullName":"Network Resilience & Chaos Tests Database Connection Resilience should handle database connection loss","status":"passed","title":"should handle database connection loss","duration":0.611699999999928,"failureMessages":[],"location":{"line":90,"column":5},"meta":{}},{"ancestorTitles":["Network Resilience & Chaos Tests","Database Connection Resilience"],"fullName":"Network Resilience & Chaos Tests Database Connection Resilience should implement circuit breaker pattern","status":"passed","title":"should implement circuit breaker pattern","duration":0.6808000000000902,"failureMessages":[],"location":{"line":109,"column":5},"meta":{}},{"ancestorTitles":["Network Resilience & Chaos Tests","Cache Resilience"],"fullName":"Network Resilience & Chaos Tests Cache Resilience should handle cache corruption gracefully","status":"passed","title":"should handle cache corruption gracefully","d
[...]
{"line":454,"column":3},"meta":{}}],"startTime":1767226626554,"endTime":1767226626683.7617,"status":"passed","message":"","name":"C:/Users/Preston/git/toa-website/test/performance/benchmarks.perf.test.ts"},{"assertionResults":[{"ancestorTitles":["Property-Based Validator Tests","validatePlaylistId"],"fullName":"Property-Based Validator Tests validatePlaylistId accepts all valid YouTube playlist IDs","status":"passed","title":"accepts all valid YouTube playlist IDs","duration":90.63380000000052,"failureMessages":[],"location":{"line":24,"column":5},"meta":{}},{"ancestorTitles":["Property-Based Validator Tests","validatePlaylistId"],"fullName":"Property-Based Validator Tests validatePlaylistId rejects all invalid playlist IDs","status":"passed","title":"rejects all invalid playlist IDs","duration":26.576099999999315,"failureMessages":[],"location":{"line":40,"column":5},"meta":{}},{"ancestorTitles":["Property-Based Validator Tests","validatePlaylistId"],"fullName":"Property-Based Validator Tests validatePlaylistId rejects strings with special characters","status":"passed","title":"rejects strings with special characters","duration":4.922199999999975,"failureMessages":[],"location":{"line":56,"column":5},"meta":{}},{"ancestorTitles":["Property-Based Validator Tests","validatePlaylistId"],"fullName":"Property-Based Validator Tests validatePlaylistId handles empty and whitespace strings","status":"passed","title":"handles empty and whitespace strings","duration":2.7049999999999272,"failureMessages":[],"location":{"line":71,"column":5},"meta":{}},{"ancestorTitles":["Property-Based Validator Tests","validatePlaylistId"],"fullName":"Property-Based Validator Tests validatePlaylistId rejects null bytes and control characters","status":"passed","title":"rejects null bytes and control characters","duration":3.666900000000169,"failureMessages":[],"location":{"line":89,"column":5},"meta":{}},{"ancestorTitles":["Property-Based Validator Tests","validatePlaylistId"],"fullName":"Property-Based Validator Tests validatePlaylistId handles very long strings","status":"passed","title":"handles very long strings","duration":15.611399999999776,"failureMessages":[],"location":{"line":104,"column":5},"meta":{}},{"ancestorTitles":["Property-Based Validator Tests","validatePlaylistId"],"fullName":"Property-Based Validator Tests validatePlaylistId is case-sensitive for valid patterns","status":"passed","title":"is case-sensitive for valid patterns","duration":4.989599999999882,"failureMessages":[],"location":{"line":119,"column":5},"meta":{}},{"ancestorTitles":["Property-Based Validator Tests","validateNumber"],"fullName":"Property-Based Validator Tests validateNumber accepts all integers within valid range","status":"passed","title":"accepts all integers within valid range","duration":44.87129999999979,"failureMessages":[],"location":{"line":144,"column":5},"meta":{}},{"ancestorTitles":["Property-Based Validator Tests","validateNumber"],"fullName":"Property-Based Validator Tests validateNumber rejects all numbers outside valid range","status":"passed","title":"rejects all numbers outside valid range","duration":22.370100000000093,"failureMessages":[],"location":{"line":159,"column":5},"meta":{}},{"ancestorTitles":["Property-Based Validator Tests","validateNumber"],"fullName":"Property-Based Validator Tests validateNumber handles boundary values correctly","status":"passed","title":"handles boundary values correctly","duration":0.6094999999995707,"failureMessages":[],"location":{"line":177,"column":5},"meta":{}},{"ancestorTitles":["Property-Based Validator Tests","validateNumber"],"fullName":"Property-Based Validator Tests validateNumber rejects non-numeric strings","status":"passed","title":"rejects non-numeric strings","duration":6.912000000000262,"failureMessages":[],"location":{"line":197,"column":5},"meta":{}},{"ancestorTitles":["Property-Based Validator Tests","validateNumber"],"fullName":"Property-Based Validator Tests validateNumber handles floating point numbers","status":"passed","title":"handles floating point numbers","duration":9.533899999999448,"failureMessages":[],"location":{"line":210,"column":5},"meta":{}},{"ancestorTitles":["Property-Based Validator Tests","validateNumber"],"fullName":"Property-Based Validator Tests validateNumber handles special numeric strings","status":"passed","title":"handles special numeric strings","duration":0.43409999999948923,"failureMessages":[],"location":{"line":232,"column":5},"meta":{}},{"ancestorTitles":["Property-Based Validator Tests","validateNumber"],"fullName":"Property-Based Validator Tests validateNumber handles whitespace in numbers","status":"passed","title":"handles whitespace in numbers","duration":5.053400000000693,"failureMessages":[],"location":{"line":251,"column":5},"meta":{}},{"ancestorTitles":["Property-Based Validator Tests","validateNumber"],"fullName":"Property-Based Validator Tests validateNumber handles negative numbers based on range","status":"passed","title":"handles negative numbers based on range","duration":8.093399999999747,"failureMessages":[],"location":{"line":271,"column":5},"meta":{}},{"ancestorTitles":["Property-Based Validator Tests","validateNumber"],"fullName":"Property-Based Validator Tests validateNumber handles very large numbers","status":"passed","title":"handles very large numbers","duration":2.175999999999476,"failureMessages":[],"location":{"line":289,"column":5},"meta":{}},{"ancestorTitles":["Property-Based Validator Tests","validateNumber"],"fullName":"Property-Based Validator Tests validateNumber different ranges produce consistent results","status":"passed","title":"different ranges produce consistent results","duration":11.297599999999875,"failureMessages":[],"location":{"line":307,"column":5},"meta":{}},{"ancestorTitles":["Property-Based Validator Tests","Validator Invariants"],"fullName":"Property-Based Validator Tests Validator Invariants validatePlaylistId never throws exceptions with strings","status":"passed","title":"validatePlaylistId never throws exceptions with strings","duration":22.23609999999917,"failureMessages":[],"location":{"line":330,"column":5},"meta":{}},{"ancestorTitles":["Property-Based Validator Tests","Validator Invariants"],"fullName":"Property-Based Validator Tests Validator Invariants validateNumber never throws exceptions with strings","status":"passed","title":"validateNumber never throws exceptions with strings","duration":29.88680000000022,"failureMessages":[],"location":{"line":344,"column":5},"meta":{}},{"ancestorTitles":["Property-Based Validator Tests","Validator Invariants"],"fullName":"Property-Based Validator Tests Validator Invariants validators always return consistent structure","status":"passed","title":"validators always return consistent structure","duration":17.597099999999955,"failureMessages":[],"location":{"line":360,"column":5},"meta":{}}],"startTime":1767226630060,"endTime":1767226630391.5972,"status":"passed","message":"","name":"C:/Users/Preston/git/toa-website/test/property/validators.property.test.ts"},{"assertionResults":[{"ancestorTitles":["XSS Prevention","validateString sanitization"],"fullName":"XSS Prevention validateString sanitization should escape HTML tags","status":"passed","title":"should escape HTML tags","duration":1.4599000000000615,"failureMessages":[],"location":{"line":16,"column":5},"meta":{}},{"ancestorTitles":["XSS Prevention","validateString sanitization"],"fullName":"XSS Prevention validateString sanitization documents HTML entity escaping behavior","status":"passed","title":"documents HTML entity escaping behavior","duration":0.8145999999999276,"failureMessages":[],"location":{"line":25,"column":5},"meta":{}},{"ancestorTitles":["XSS Prevention","validateString sanitization"],"fullName":"XSS Prevention validateString sanitization should handle encoded XSS attempts","status":"passed","title":"should handle encoded XSS attempts","duration":0.3544999999999163,"failureMessages":[],"location":{"line":44,"column":5},"meta":{}},{"ancestorTitles":["XSS Prevention","validateString sanitization"],"fullName":"XSS Prevention validateString sanitization should handle Unicode XSS attempts","status":"passed","title":"should handle Unicode XSS attempts","duration":0.18399999999996908,"failureMessages":[],"location":{"line":52,"column":5},"meta":{}},{"ancestorTitles":["XSS Prevention","validateString sanitization"],"fullName":"XSS Prevention validateString sanitization documents event handler escaping","status":"passed","title":"documents event handler escaping","duration":0.5283999999999196,"failureMessages":[],"location":{"line":61,"column":5},"meta":{}},{"ancestorTitles":["XSS Prevention","validateString sanitization"],"fullName":"XSS Prevention validateString sanitization should escape quotes to prevent attribute breakout","status":"passed","title":"should escape quotes to prevent attribute breakout","duration":0.16579999999999018,"failureMessages":[],"location":{"line":80,"column":5},"meta":{}},{"ancestorTitles":["XSS Prevention","validateString sanitization"],"fullName":"XSS Prevention validateString sanitization should handle nested XSS payloads","status":"passed","title":"should handle nested XSS payloads","duration":0.20439999999985048,"failureMessages":[],"location":{"line":90,"column":5},"meta":{}},{"ancestorTitles":["XSS Prevention","Length limits prevent buffer overflow"],"fullName":"XSS Prevention Length limits prevent buffer overflow should reject strings exceeding max length","status":"passed","title":"should reject strings exceeding max length","duration":0.3754999999998745,"failureMessages":[],"location":{"line":100,"column":5},"meta":{}},{"ancestorTitles":["XSS Prevention","Length limits prevent buffer overflow"],"fullName":"XSS Prevention Length limits prevent buffer overflow should accept strings within length limit","status":"passed","title":"should accept strings within length limit","duration":0.2980999999999767,"failureMessages":[],"location":{"line":108,"column":5},"meta":{}},{"ancestorTitles":["XSS Prevention","Length limits prevent buffer overflow"],"fullName":"XSS Prevention Length limits prevent buffer overflow should handle custom max lengths","status":"passed","title":"should handle custom max lengths","duration":0.26269999999999527,"failureMessages":[],"location":{"line":115,"column":5},"meta":{}},{"ancestorTitles":["SSRF Prevention","validateUrl blocks dangerous URLs"],"fullName":"SSRF Prevention validateUrl blocks dangerous URLs should block localhost URLs","status":"passed","title":"should block localhost URLs","duration":2.7093999999999596,"failureMessages":[],"location":{"line":129,"column":5},"meta":{}},{"ancestorTitles":["SSRF Prevention","validateUrl blocks dangerous URLs"],"fullName":"SSRF Prevention validateUrl blocks dangerous URLs should block private IP addresses","status":"passed","title":"should block private IP addresses","duration":0.7299000000000433,"failureMessages":[],"location":{"line":145,"column":5},"meta":{}},{"ancestorTitles":["SSRF Prevention","validateUrl blocks dangerous URLs"],"fullName":"SSRF Prevention validateUrl blocks dangerous URLs should block AWS metadata service","status":"passed","title":"should block AWS metadata service","duration":0.18299999999999272,"failureMessages":[],"location":{"line":163,"column":5},"meta":{}},{"ancestorTitles":["SSRF Prevention","validateUrl blocks dangerous URLs"],"fullName":"SSRF Prevention validateUrl blocks dangerous URLs validates IPv6 URL format","status":"passed","title":"validates IPv6 URL format","duration":0.7506000000000768,"failureMessages":[],"location":{"line":171,"column":5},"meta":{}},{"ancestorTitles":["SSRF Prevention","validateUrl blocks dangerous URLs"],"fullName":"SSRF Prevention validateUrl blocks dangerous URLs should allow valid public URLs","status":"passed","title":"should allow valid public URLs","duration":1.3393999999998414,"failureMessages":[],"location":{"line":187,"column":5},"meta":{}},{"ancestorTitles":["SSRF Prevention","validateUrl blocks dangerous URLs"],"fullName":"SSRF Prevention validateUrl blocks dangerous URLs should require protocol in URLs","status":"passed","title":"should require protocol in URLs","duration":0.14989999999988868,"failureMessages":[],"location":{"line":200,"column":5},"meta":{}},{"ancestorTitles":["SSRF Prevention","validateUrl blocks dangerous URLs"],"fullName":"SSRF Prevention validateUrl blocks dangerous URLs should only allow http/https protocols","status":"passed","title":"should only allow http/https protocols","duration":0.18830000000002656,"failureMessages":[],"location":{"line":207,"column":5},"meta":{}},{"ancestorTitles":["Input Validation","Playlist ID validation"],"fullName":"Input Validation Playlist ID validation should reject SQL injection attempts","status":"passed","title":"should reject SQL injection attempts","duration":0.2956000000001495,"failureMessages":[],"location":{"line":225,"column":5},"meta":{}},{"ancestorTitles":["Input Validation","Playlist ID validation"],"fullName":"Input Validation Playlist ID validation should reject path traversal attempts","status":"passed","title":"should reject path traversal attempts","duration":0.1531999999999698,"failureMessages":[],"location":{"line":240,"column":5},"meta":{}},{"ancestorTitles":["Input Validation","Playlist ID validation"],"fullName":"Input Validation Playlist ID validation should reject command injection attempts","status":"passed","title":"should reject command injection attempts","duration":0.2360999999998512,"failureMessages":[],"location":{"line":253,"column":5},"meta":{}},{"ancestorTitles":["Input Validation","Playlist ID validation"],"fullName":"Input Validation Playlist ID validation should only accept valid YouTube playlist ID format","status":"passed","title":"should only accept valid YouTube playlist ID format","duration":0.13670000000001892,"failureMessages":[],"location":{"line":267,"column":5},"meta":{}},{"ancestorTitles":["Input Validation","Number validation prevents overflow"],"fullName":"Input Validation Number validation prevents overflow should reject extremely large numbers","status":"passed","title":"should reject extremely large numbers","duration":0.1876999999999498,"failureMessages":[],"location":{"line":282,"column":5},"meta":{}},{"ancestorTitles":["Input Validation","Number validation prevents overflow"],"fullName":"Input Validation Number validation prevents overflow should reject negative numbers when not in range","status":"passed","title":"should reject negative numbers when not in range","duration":0.1047000000000935,"failureMessages":[],"location":{"line":289,"column":5},"meta":{}},{"ancestorTitles":["Input Validation","Number validation prevents overflow"],"fullName":"Input Validation Number validation prevents overflow should reject Infinity","status":"passed","title":"should reject Infinity","duration":0.20260000000007494,"failureMessages":[],"location":{"line":295,"column":5},"meta":{}},{"ancestorTitles":["Input Validation","Number validation prevents overflow"],"fullName":"Input Validation Number validation prevents overflow should reject NaN","status":"passed","title":"should reject NaN","duration":0.13799999999991996,"failureMessages":[],"location":{"line":301,"column":5},"meta":{}},{"ancestorTitles":["Input Validation","Number validation prevents overflow"],"fullName":"Input Validation Number validation prevents overflow should handle scientific notation safely","status":"passed","title":"should handle scientific notation safely","duration":0.12319999999999709,"failureMessages":[],"location":{"line":307,"column":5},"meta":{}},{"ancestorTitles":["Input Validation","Type coercion safety"],"fullName":"Input Validation Type coercion safety should not accept objects as strings","status":"passed","title":"should not accept objects as strings","duration":0.1508000000001175,"failureMessages":[],"location":{"line":321,"column":5},"meta":{}},{"ancestorTitles":["Input Validation","Type coercion safety"],"fullName":"Input Validation Type coercion safety should handle null/undefined string literals","status":"passed","title":"should handle null/undefined string literals","duration":0.24049999999988358,"failureMessages":[],"location":{"line":328,"column":5},"meta":{}},{"ancestorTitles":["Input Validation","Type coercion safety"],"fullName":"Input Validation Type coercion safety should reject boolean strings in number validation","status":"passed","title":"should reject boolean strings in number validation","duration":0.15030000000001564,"failureMessages":[],"location":{"line":340,"column":5},"meta":{}},{"ancestorTitles":["Sanitization Edge Cases"],"fullName":"Sanitization Edge Cases should handle mixed content safely","status":"passed","title":"should handle mixed content safely","duration":0.24479999999994106,"failureMessages":[],"location":{"line":351,"column":3},"meta":{}},{"ancestorTitles":["Sanitization Edge Cases"],"fullName":"Sanitization Edge Cases should preserve safe content while escaping dangerous content","status":"passed","title":"should preserve safe content while escaping dangerous content","duration":0.19890000000009422,"failureMessages":[],"location":{"line":359,"column":3},"meta":{}},{"ancestorTitles":["Sanitization Edge Cases"],"fullName":"Sanitization Edge Cases should handle empty strings","status":"passed","title":"should handle empty strings","duration":0.15249999999991815,"failureMessages":[],"location":{"line":367,"column":3},"meta":{}},{"ancestorTitles":["Sanitization Edge Cases"],"fullName":"Sanitization Edge Cases should handle whitespace-only strings","status":"passed","title":"should handle whitespace-only strings","duration":0.1370999999999185,"failureMessages":[],"location":{"line":374,"column":3},"meta":{}},{"ancestorTitles":["Sanitization Edge Cases"],"fullName":"Sanitization Edge Cases should handle very long XSS payloads","status":"passed","title":"should handle very long XSS payloads","duration":0.19990000000007058,"failureMessages":[],"location":{"line":383,"column":3},"meta":{}},{"ancestorTitles":["Sanitization Edge Cases"],"fullName":"Sanitization Edge Cases should handle multiple consecutive special characters","status":"passed","title":"should handle multiple consecutive special characters","duration":0.1735999999998512,"failureMessages":[],"location":{"line":391,"column":3},"meta":{}},{"ancestorTitles":["Sanitization Edge Cases"],"fullName":"Sanitization Edge Cases should handle newlines and special whitespace","status":"passed","title":"should handle newlines and special whitespace","duration":0.1696999999999207,"failureMessages":[],"location":{"line":399,"column":3},"meta":{}},{"ancestorTitles":["Security Headers and CSP"],"fullName":"Security Headers and CSP documents required security headers","status":"passed","title":"documents required security headers","duration":1.2429000000001906,"failureMessages":[],"location":{"line":409,"column":3},"meta":{}},{"ancestorTitles":["Security Headers and CSP"],"fullName":"Security Headers and CSP documents CSP directives that should be enforced","status":"passed","title":"documents CSP directives that should be enforced","duration":0.7407999999998083,"failureMessages":[],"location":{"line":422,"column":3},"meta":{}},{"ancestorTitles":["Rate Limiting Protection"],"fullName":"Rate Limiting Protection documents rate limit configuration","status":"passed","title":"documents rate limit configuration","duration":0.24759999999992033,"failureMessages":[],"location":{"line":438,"column":3},"meta":{}},{"ancestorTitles":["Rate Limiting Protection"],"fullName":"Rate Limiting Protection calculates requests per second threshold","status":"passed","title":"calculates requests per second threshold","duration":0.23540000000002692,"failureMessages":[],"location":{"line":449,"column":3},"meta":{}}],"startTime":1767226630068,"endTime":1767226630086.2476,"status":"passed","message":"","name":"C:/Users/Preston/git/toa-website/test/security/security.test.ts"}]}