{"numTotalTestSuites":127,"numPassedTestSuites":127,"numFailedTestSuites":0,"numPendingTestSuites":0,"numTotalTests":352,"numPassedTests":351,"numFailedTests":0,"numPendingTests":1,"numTodoTests":0,"snapshot":{"added":0,"failure":false,"filesAdded":0,"filesRemoved":0,"filesRemovedList":[],"filesUnmatched":0,"filesUpdated":0,"matched":19,"total":19,"unchecked":0,"uncheckedKeysByFile":[],"unmatched":0,"updated":0,"didUpdate":false},"startTime":1767256482082,"success":true,"testResults":[{"assertionResults":[{"ancestorTitles":["Generic Cache Behavior","Cache File Operations"],"fullName":"Generic Cache Behavior Cache File Operations should create cache directory if it does not exist","status":"passed","title":"should create cache directory if it does not exist","duration":4.344500000000153,"failureMessages":[],"location":{"line":30,"column":5},"meta":{}},{"ancestorTitles":["Generic Cache Behavior","Cache File Operations"],"fullName":"Generic Cache Behavior Cache File Operations should write valid JSON to cache file","status":"passed","title":"should write valid JSON to cache file","duration":19.117500000000064,"failureMessages":[],"location":{"line":38,"column":5},"meta":{}},{"ancestorTitles":["Generic Cache Behavior","Cache File Operations"],"fullName":"Generic Cache Behavior Cache File Operations should read existing cache file","status":"passed","title":"should read existing cache file","duration":16.590200000000095,"failureMessages":[],"location":{"line":53,"column":5},"meta":{}},{"ancestorTitles":["Generic Cache Behavior","Cache File Operations"],"fullName":"Generic Cache Behavior Cache File Operations should handle non-existent cache file gracefully","status":"passed","title":"should handle non-existent cache file gracefully","duration":0.7150000000001455,"failureMessages":[],"location":{"line":63,"column":5},"meta":{}},{"ancestorTitles":["Generic Cache Behavior","Cache File Operations"],"fullName":"Generic Cache Behavior Cache File Operations should overwrite existing cache file","status":"passed","title":"should overwrite existing cache file","duration":15.927599999999984,"failureMessages":[],"location":{"line":67,"column":5},"meta":{}},{"ancestorTitles":["Generic Cache Behavior","Cache File Operations"],"fullName":"Generic Cache Behavior Cache File Operations should merge cache entries instead of overwriting","status":"passed","title":"should merge cache entries instead of overwriting","duration":30.392699999999877,"failureMessages":[],"location":{"line":80,"column":5},"meta":{}},{"ancestorTitles":["Generic Cache Behavior","Cache Expiration Logic"],"fullName":"Generic Cache Behavior Cache Expiration Logic should correctly calculate cache age","status":"passed","title":"should correctly calculate cache age","duration":1.114799999999832,"failureMessages":[],"location":{"line":98,"column":5},"meta":{}},{"ancestorTitles":["Generic Cache Behavior","Cache Expiration Logic"],"fullName":"Generic Cache Behavior Cache Expiration Logic should validate fresh cache (within duration)","status":"passed","title":"should validate fresh cache (within duration)","duration":1.2872000000002117,"failureMessages":[],"location":{"line":110,"column":5},"meta":{}},{"ancestorTitles":["Generic Cache Behavior","Cache Expiration Logic"],"fullName":"Generic Cache Behavior Cache Expiration Logic should invalidate expired cache (beyond duration)","status":"passed","title":"should invalidate expired cache (beyond duration)","duration":0.5009000000000015,"failureMessages":[],"location":{"line":121,"column":5},"meta":{}},{"ancestorTitles":["Generic Cache Behavior","Cache Expiration Logic"],"fullName":"Generic Cache Behavior Cache Expiration Logic should handle boundary condition (exactly at duration)","status":"passed","title":"should handle boundary condition (exactly at duration)","duration":0.740099999999984,"failureMessages":[],"location":{"line":132,"column":5},"meta":{}},{"ancestorTitles":["Generic Cache Behavior","Cache Expiration Logic"],"fullName":"Generic Cache Behavior Cache Expiration Logic should calculate age in different units","status":"passed","title":"should calculate age in different units","duration":1.1833000000001448,"failureMessages":[],"location":{"line":143,"column":5},"meta":{}},{"ancestorTitles":["Generic Cache Behavior","Cache Data Integrity"],"fullName":"Generic Cache Behavior Cache Data Integrity should preserve data types when caching","status":"passed","title":"should preserve data types when caching","duration":4.149499999999989,"failureMessages":[],"location":{"line":159,"column":5},"meta":{}},{"ancestorTitles":["Generic Cache Behavior","Cache Data Integrity"],"fullName":"Generic Cache Behavior Cache Data Integrity should handle special characters in cached strings","status":"passed","title":"should handle special characters in cached strings","duration":13.565700000000106,"failureMessages":[],"location":{"line":182,"column":5},"meta":{}},{"ancestorTitles":["Generic Cache Behavior","Cache Data Integrity"],"fullName":"Generic Cache Behavior Cache Data Integrity should handle large cache entries","status":"passed","title":"should handle large cache entries","duration":22.528999999999996,"failureMessages":[],"location":{"line":196,"column":5},"meta":{}},{"ancestorTitles":["Generic Cache Behavior","Error Handling"],"fullName":"Generic Cache Behavior Error Handling should handle corrupted JSON gracefully","status":"passed","title":"should handle corrupted JSON gracefully","duration":42.96250000000009,"failureMessages":[],"location":{"line":213,"column":5},"meta":{}},{"ancestorTitles":["Generic Cache Behavior","Error Handling"],"fullName":"Generic Cache Behavior Error Handling should handle empty cache file","status":"passed","title":"should handle empty cache file","duration":15.997400000000198,"failureMessages":[],"location":{"line":222,"column":5},"meta":{}},{"ancestorTitles":["Generic Cache Behavior","Error Handling"],"fullName":"Generic Cache Behavior Error Handling should handle invalid UTF-8 encoding","status":"passed","title":"should handle invalid UTF-8 encoding","duration":3.6543000000001484,"failureMessages":[],"location":{"line":231,"column":5},"meta":{}},{"ancestorTitles":["Generic Cache Behavior","Concurrency Considerations"],"fullName":"Generic Cache Behavior Concurrency Considerations should handle multiple sequential writes","status":"passed","title":"should handle multiple sequential writes","duration":35.403999999999996,"failureMessages":[],"location":{"line":248,"column":5},"meta":{}},{"ancestorTitles":["Generic Cache Behavior","Concurrency Considerations"],"fullName":"Generic Cache Behavior Concurrency Considerations should read the most recent write","status":"passed","title":"should read the most recent write","duration":9.502400000000307,"failureMessages":[],"location":{"line":261,"column":5},"meta":{}},{"ancestorTitles":["Generic Cache Behavior","Cache Strategies"],"fullName":"Generic Cache Behavior Cache Strategies should implement read-through caching pattern","status":"passed","title":"should implement read-through caching pattern","duration":15.822299999999814,"failureMessages":[],"location":{"line":277,"column":5},"meta":{}},{"ancestorTitles":["Generic Cache Behavior","Cache Strategies"],"fullName":"Generic Cache Behavior Cache Strategies should implement write-through caching pattern","status":"passed","title":"should implement write-through caching pattern","duration":22.977100000000064,"failureMessages":[],"location":{"line":313,"column":5},"meta":{}}],"startTime":1767256484202,"endTime":1767256484480.977,"status":"passed","message":"","name":"C:/Users/Preston/git/toa-website/test/cache.test.ts"},{"assertionResults":[{"ancestorTitles":["YouTube Client Library"],"fullName":"YouTube Client Library should export getPlaylistVideosClient function","status":"passed","title":"should export getPlaylistVideosClient function","duration":44.28009999999995,"failureMessages":[],"location":{"line":7,"column":3},"meta":{}},{"ancestorTitles":["YouTube Client Library"],"fullName":"YouTube Client Library should handle API errors gracefully","status":"passed","title":"should handle API errors gracefully","duration":4.5629999999998745,"failureMessages":[],"location":{"line":14,"column":3},"meta":{}},{"ancestorTitles":["YouTube Client Library"],"fullName":"YouTube Client Library should format durations correctly","status":"passed","title":"should format durations correctly","duration":1.1410000000000764,"failureMessages":[],"location":{"line":24,"column":3},"meta":{}},{"ancestorTitles":["Structured Data Library"],"fullName":"Structured Data Library should generate valid organization schema","status":"passed","title":"should generate valid organization schema","duration":2.2783999999999196,"failureMessages":[],"location":{"line":60,"column":3},"meta":{}},{"ancestorTitles":["Structured Data Library"],"fullName":"Structured Data Library should generate valid website schema","status":"passed","title":"should generate valid website schema","duration":0.40239999999994325,"failureMessages":[],"location":{"line":69,"column":3},"meta":{}},{"ancestorTitles":["Structured Data Library"],"fullName":"Structured Data Library should generate valid breadcrumb schema","status":"passed","title":"should generate valid breadcrumb schema","duration":1.3632000000002336,"failureMessages":[],"location":{"line":77,"column":3},"meta":{}}],"startTime":1767256484247,"endTime":1767256484301.3633,"status":"passed","message":"","name":"C:/Users/Preston/git/toa-website/test/client-libs.test.ts"},{"assertionResults":[{"ancestorTitles":["Environment Validator"],"fullName":"Environment Validator should pass validation with all required variables set","status":"passed","title":"should pass validation with all required variables set","duration":4.024400000000014,"failureMessages":[],"location":{"line":17,"column":3},"meta":{}},{"ancestorTitles":["Environment Validator"],"fullName":"Environment Validator should warn about missing optional API keys","status":"passed","title":"should warn about missing optional API keys","duration":0.2802999999998974,"failureMessages":[],"location":{"line":26,"column":3},"meta":{}},{"ancestorTitles":["Environment Validator"],"fullName":"Environment Validator should not fail when optional variables are missing","status":"passed","title":"should not fail when optional variables are missing","duration":1.3826000000001386,"failureMessages":[],"location":{"line":37,"column":3},"meta":{}}],"startTime":1767256485724,"endTime":1767256485729.3826,"status":"passed","message":"","name":"C:/Users/Preston/git/toa-website/test/env-validator.test.ts"},{"assertionResults":[{"ancestorTitles":["MetricsCache","Basic Operations"],"fullName":"MetricsCache Basic Operations should store and retrieve values","status":"passed","title":"should store and retrieve values","duration":2.4533000000001266,"failureMessages":[],"location":{"line":14,"column":5},"meta":{}},{"ancestorTitles":["MetricsCache","Basic Operations"],"fullName":"MetricsCache Basic Operations should return undefined for non-existent keys","status":"passed","title":"should return undefined for non-existent keys","duration":0.4097999999999047,"failureMessages":[],"location":{"line":19,"column":5},"meta":{}},{"ancestorTitles":["MetricsCache","Basic Operations"],"fullName":"MetricsCache Basic Operations should delete values","status":"passed","title":"should delete values","duration":0.31950000000006185,"failureMessages":[],"location":{"line":23,"column":5},"meta":{}},{"ancestorTitles":["MetricsCache","Basic Operations"],"fullName":"MetricsCache Basic Operations should check if key exists","status":"passed","title":"should check if key exists","duration":0.2737999999999374,"failureMessages":[],"location":{"line":29,"column":5},"meta":{}},{"ancestorTitles":["MetricsCache","Basic Operations"],"fullName":"MetricsCache Basic Operations should clear all entries","status":"passed","title":"should clear all entries","duration":0.308100000000195,"failureMessages":[],"location":{"line":35,"column":5},"meta":{}},{"ancestorTitles":["MetricsCache","Basic Operations"],"fullName":"MetricsCache Basic Operations should return cache size","status":"passed","title":"should return cache size","duration":0.21430000000009386,"failureMessages":[],"location":{"line":42,"column":5},"meta":{}},{"ancestorTitles":["MetricsCache","TTL Expiration"],"fullName":"MetricsCache TTL Expiration should expire entries after TTL","status":"passed","title":"should expire entries after TTL","duration":151.37729999999965,"failureMessages":[],"location":{"line":50,"column":5},"meta":{}},{"ancestorTitles":["MetricsCache","TTL Expiration"],"fullName":"MetricsCache TTL Expiration should use default TTL","status":"passed","title":"should use default TTL","duration":149.81259999999975,"failureMessages":[],"location":{"line":60,"column":5},"meta":{}},{"ancestorTitles":["MetricsCache","TTL Expiration"],"fullName":"MetricsCache TTL Expiration should remove expired entries on has check","status":"passed","title":"should remove expired entries on has check","duration":150.9602,"failureMessages":[],"location":{"line":71,"column":5},"meta":{}},{"ancestorTitles":["MetricsCache","TTL Expiration"],"fullName":"MetricsCache TTL Expiration should clean expired entries on size calculation","status":"passed","title":"should clean expired entries on size calculation","duration":150.82659999999987,"failureMessages":[],"location":{"line":81,"column":5},"meta":{}},{"ancestorTitles":["MetricsCache","Metrics Tracking"],"fullName":"MetricsCache Metrics Tracking should track cache hits","status":"passed","title":"should track cache hits","duration":0.5079999999998108,"failureMessages":[],"location":{"line":94,"column":5},"meta":{}},{"ancestorTitles":["MetricsCache","Metrics Tracking"],"fullName":"MetricsCache Metrics Tracking should track cache misses","status":"passed","title":"should track cache misses","duration":0.22630000000026484,"failureMessages":[],"location":{"line":103,"column":5},"meta":{}},{"ancestorTitles":["MetricsCache","Metrics Tracking"],"fullName":"MetricsCache Metrics Tracking should track cache sets","status":"passed","title":"should track cache sets","duration":0.2110000000002401,"failureMessages":[],"location":{"line":111,"column":5},"meta":{}},{"ancestorTitles":["MetricsCache","Metrics Tracking"],"fullName":"MetricsCache Metrics Tracking should track cache deletes","status":"passed","title":"should track cache deletes","duration":0.20400000000017826,"failureMessages":[],"location":{"line":119,"column":5},"meta":{}},{"ancestorTitles":["MetricsCache","Metrics Tracking"],"fullName":"MetricsCache Metrics Tracking should track deletes on clear","status":"passed","title":"should track deletes on clear","duration":0.2258999999999105,"failureMessages":[],"location":{"line":127,"column":5},"meta":{}},{"ancestorTitles":["MetricsCache","Metrics Tracking"],"fullName":"MetricsCache Metrics Tracking should calculate cache hit rate","status":"passed","title":"should calculate cache hit rate","duration":0.3302000000003318,"failureMessages":[],"location":{"line":137,"column":5},"meta":{}},{"ancestorTitles":["MetricsCache","Metrics Tracking"],"fullName":"MetricsCache Metrics Tracking should track misses for expired entries","status":"passed","title":"should track misses for expired entries","duration":152.44710000000032,"failureMessages":[],"location":{"line":147,"column":5},"meta":{}},{"ancestorTitles":["MetricsCache","Data Types"],"fullName":"MetricsCache Data Types should handle strings","status":"passed","title":"should handle strings","duration":0.23590000000012878,"failureMessages":[],"location":{"line":161,"column":5},"meta":{}},{"ancestorTitles":["MetricsCache","Data Types"],"fullName":"MetricsCache Data Types should handle numbers","status":"passed","title":"should handle numbers","duration":0.1878999999998996,"failureMessages":[],"location":{"line":166,"column":5},"meta":{}},{"ancestorTitles":["MetricsCache","Data Types"],"fullName":"MetricsCache Data Types should handle objects","status":"passed","title":"should handle objects","duration":1.0455000000001746,"failureMessages":[],"location":{"line":171,"column":5},"meta":{}},{"ancestorTitles":["MetricsCache","Data Types"],"fullName":"MetricsCache Data Types should handle arrays","status":"passed","title":"should handle arrays","duration":0.2795000000000982,"failureMessages":[],"location":{"line":177,"column":5},"meta":{}},{"ancestorTitles":["MetricsCache","Data Types"],"fullName":"MetricsCache Data Types should handle null and undefined","status":"passed","title":"should handle null and undefined","duration":0.2357999999999265,"failureMessages":[],"location":{"line":183,"column":5},"meta":{}},{"ancestorTitles":["MetricsCache","Edge Cases"],"fullName":"MetricsCache Edge Cases should handle rapid set/get operations","status":"passed","title":"should handle rapid set/get operations","duration":3.3169000000002598,"failureMessages":[],"location":{"line":192,"column":5},"meta":{}},{"ancestorTitles":["MetricsCache","Edge Cases"],"fullName":"MetricsCache Edge Cases should overwrite existing keys","status":"passed","title":"should overwrite existing keys","duration":0.38879999999971915,"failureMessages":[],"location":{"line":204,"column":5},"meta":{}},{"ancestorTitles":["MetricsCache","Edge Cases"],"fullName":"MetricsCache Edge Cases should handle very short TTL","status":"passed","title":"should handle very short TTL","duration":21.77410000000009,"failureMessages":[],"location":{"line":211,"column":5},"meta":{}},{"ancestorTitles":["MetricsCache","Edge Cases"],"fullName":"MetricsCache Edge Cases should handle very long TTL","status":"passed","title":"should handle very long TTL","duration":0.24399999999968713,"failureMessages":[],"location":{"line":221,"column":5},"meta":{}}],"startTime":1767256484309,"endTime":1767256485099.244,"status":"passed","message":"","name":"C:/Users/Preston/git/toa-website/test/metrics-cache.test.ts"},{"assertionResults":[{"ancestorTitles":["Monitoring & Metrics","Metrics Collection"],"fullName":"Monitoring & Metrics Metrics Collection should track successful API calls","status":"passed","title":"should track successful API calls","duration":34.140699999999924,"failureMessages":[],"location":{"line":29,"column":5},"meta":{}},{"ancestorTitles":["Monitoring & Metrics","Metrics Collection"],"fullName":"Monitoring & Metrics Metrics Collection should track error rates - SKIPPED: test isolation issue with async middleware","status":"skipped","title":"should track error rates - SKIPPED: test isolation issue with async middleware","failureMessages":[],"location":{"line":41,"column":10},"meta":{}},{"ancestorTitles":["Monitoring & Metrics","Metrics Collection"],"fullName":"Monitoring & Metrics Metrics Collection should calculate latency percentiles","status":"passed","title":"should calculate latency percentiles","duration":48.35500000000002,"failureMessages":[],"location":{"line":68,"column":5},"meta":{}},{"ancestorTitles":["Monitoring & Metrics","Metrics Collection"],"fullName":"Monitoring & Metrics Metrics Collection should track requests per second","status":"passed","title":"should track requests per second","duration":7.268399999999929,"failureMessages":[],"location":{"line":85,"column":5},"meta":{}},{"ancestorTitles":["Monitoring & Metrics","Metrics Collection"],"fullName":"Monitoring & Metrics Metrics Collection should track cache hit rate","status":"passed","title":"should track cache hit rate","duration":0.45289999999977226,"failureMessages":[],"location":{"line":94,"column":5},"meta":{}},{"ancestorTitles":["Monitoring & Metrics","Metrics Collection"],"fullName":"Monitoring & Metrics Metrics Collection should track error types","status":"passed","title":"should track error types","duration":0.32130000000006476,"failureMessages":[],"location":{"line":106,"column":5},"meta":{}},{"ancestorTitles":["Monitoring & Metrics","Metrics Collection"],"fullName":"Monitoring & Metrics Metrics Collection should track uptime","status":"passed","title":"should track uptime","duration":101.06060000000025,"failureMessages":[],"location":{"line":117,"column":5},"meta":{}},{"ancestorTitles":["Monitoring & Metrics","Metrics Endpoint"],"fullName":"Monitoring & Metrics Metrics Endpoint should return metrics in JSON format","status":"passed","title":"should return metrics in JSON format","duration":9.235699999999724,"failureMessages":[],"location":{"line":127,"column":5},"meta":{}},{"ancestorTitles":["Monitoring & Metrics","Metrics Endpoint"],"fullName":"Monitoring & Metrics Metrics Endpoint should show cache metrics","status":"passed","title":"should show cache metrics","duration":7.16419999999971,"failureMessages":[],"location":{"line":140,"column":5},"meta":{}},{"ancestorTitles":["Monitoring & Metrics","Performance Tracking"],"fullName":"Monitoring & Metrics Performance Tracking should limit stored latency samples to 1000 per endpoint","status":"passed","title":"should limit stored latency samples to 1000 per endpoint","duration":3537.1940000000004,"failureMessages":[],"location":{"line":155,"column":5},"meta":{}},{"ancestorTitles":["Monitoring & Metrics","Performance Tracking"],"fullName":"Monitoring & Metrics Performance Tracking should handle concurrent requests","status":"passed","title":"should handle concurrent requests","duration":26.15360000000055,"failureMessages":[],"location":{"line":167,"column":5},"meta":{}},{"ancestorTitles":["Monitoring & Metrics","Metrics Reset"],"fullName":"Monitoring & Metrics Metrics Reset should reset all metrics","status":"passed","title":"should reset all metrics","duration":5.136800000000221,"failureMessages":[],"location":{"line":180,"column":5},"meta":{}}],"startTime":1767256484842,"endTime":1767256488619.1367,"status":"passed","message":"","name":"C:/Users/Preston/git/toa-website/test/monitoring.test.ts"},{"assertionResults":[{"ancestorTitles":["Mutation Testing Demo","add function"],"fullName":"Mutation Testing Demo add function adds two positive numbers","status":"passed","title":"adds two positive numbers","duration":1.4531000000001768,"failureMessages":[],"location":{"line":20,"column":5},"meta":{}},{"ancestorTitles":["Mutation Testing Demo","add function"],"fullName":"Mutation Testing Demo add function adds negative numbers","status":"passed","title":"adds negative numbers","duration":0.16650000000004184,"failureMessages":[],"location":{"line":24,"column":5},"meta":{}},{"ancestorTitles":["Mutation Testing Demo","add function"],"fullName":"Mutation Testing Demo add function adds zero","status":"passed","title":"adds zero","duration":0.12590000000000146,"failureMessages":[],"location":{"line":28,"column":5},"meta":{}},{"ancestorTitles":["Mutation Testing Demo","add function"],"fullName":"Mutation Testing Demo add function is commutative","status":"passed","title":"is commutative","duration":0.09439999999995052,"failureMessages":[],"location":{"line":34,"column":5},"meta":{}},{"ancestorTitles":["Mutation Testing Demo","isEven function"],"fullName":"Mutation Testing Demo isEven function returns true for even numbers","status":"passed","title":"returns true for even numbers","duration":0.18599999999992178,"failureMessages":[],"location":{"line":40,"column":5},"meta":{}},{"ancestorTitles":["Mutation Testing Demo","isEven function"],"fullName":"Mutation Testing Demo isEven function returns false for odd numbers","status":"passed","title":"returns false for odd numbers","duration":0.13249999999993634,"failureMessages":[],"location":{"line":47,"column":5},"meta":{}},{"ancestorTitles":["Mutation Testing Demo","max function"],"fullName":"Mutation Testing Demo max function returns larger number when a > b","status":"passed","title":"returns larger number when a > b","duration":0.11429999999995744,"failureMessages":[],"location":{"line":55,"column":5},"meta":{}},{"ancestorTitles":["Mutation Testing Demo","max function"],"fullName":"Mutation Testing Demo max function returns larger number when b > a","status":"passed","title":"returns larger number when b > a","duration":0.09259999999994761,"failureMessages":[],"location":{"line":59,"column":5},"meta":{}},{"ancestorTitles":["Mutation Testing Demo","max function"],"fullName":"Mutation Testing Demo max function returns either when equal","status":"passed","title":"returns either when equal","duration":0.0906999999999698,"failureMessages":[],"location":{"line":63,"column":5},"meta":{}},{"ancestorTitles":["Mutation Testing Demo","max function"],"fullName":"Mutation Testing Demo max function handles negative numbers","status":"passed","title":"handles negative numbers","duration":0.10159999999996217,"failureMessages":[],"location":{"line":67,"column":5},"meta":{}},{"ancestorTitles":["Mutation Testing Demo","max function"],"fullName":"Mutation Testing Demo max function handles boundary correctly","status":"passed","title":"handles boundary correctly","duration":0.11669999999980973,"failureMessages":[],"location":{"line":72,"column":5},"meta":{}},{"ancestorTitles":["Mutation Testing Demo","greet function"],"fullName":"Mutation Testing Demo greet function greets by name when name provided","status":"passed","title":"greets by name when name provided","duration":0.12350000000014916,"failureMessages":[],"location":{"line":79,"column":5},"meta":{}},{"ancestorTitles":["Mutation Testing Demo","greet function"],"fullName":"Mutation Testing Demo greet function uses default greeting for null","status":"passed","title":"uses default greeting for null","duration":0.09230000000002292,"failureMessages":[],"location":{"line":83,"column":5},"meta":{}},{"ancestorTitles":["Mutation Testing Demo","greet function"],"fullName":"Mutation Testing Demo greet function uses default greeting for empty string","status":"passed","title":"uses default greeting for empty string","duration":0.09020000000009532,"failureMessages":[],"location":{"line":87,"column":5},"meta":{}},{"ancestorTitles":["Mutation Testing Demo","greet function"],"fullName":"Mutation Testing Demo greet function uses default greeting for whitespace","status":"passed","title":"uses default greeting for whitespace","duration":0.10599999999999454,"failureMessages":[],"location":{"line":91,"column":5},"meta":{}},{"ancestorTitles":["Mutation Testing Demo","greet function"],"fullName":"Mutation Testing Demo greet function trims whitespace from name","status":"passed","title":"trims whitespace from name","duration":0.10140000000001237,"failureMessages":[],"location":{"line":96,"column":5},"meta":{}},{"ancestorTitles":["Mutation Testing Demo","calculateDiscount function"],"fullName":"Mutation Testing Demo calculateDiscount function calculates 10% discount correctly","status":"passed","title":"calculates 10% discount correctly","duration":0.13209999999980937,"failureMessages":[],"location":{"line":102,"column":5},"meta":{}},{"ancestorTitles":["Mutation Testing Demo","calculateDiscount function"],"fullName":"Mutation Testing Demo calculateDiscount function calculates 50% discount correctly","status":"passed","title":"calculates 50% discount correctly","duration":0.09439999999995052,"failureMessages":[],"location":{"line":106,"column":5},"meta":{}},{"ancestorTitles":["Mutation Testing Demo","calculateDiscount function"],"fullName":"Mutation Testing Demo calculateDiscount function handles 0% discount","status":"passed","title":"handles 0% discount","duration":0.09760000000005675,"failureMessages":[],"location":{"line":110,"column":5},"meta":{}},{"ancestorTitles":["Mutation Testing Demo","calculateDiscount function"],"fullName":"Mutation Testing Demo calculateDiscount function handles 100% discount","status":"passed","title":"handles 100% discount","duration":0.09370000000012624,"failureMessages":[],"location":{"line":114,"column":5},"meta":{}},{"ancestorTitles":["Mutation Testing Demo","calculateDiscount function"],"fullName":"Mutation Testing Demo calculateDiscount function throws for negative discount","status":"passed","title":"throws for negative discount","duration":0.8569999999999709,"failureMessages":[],"location":{"line":118,"column":5},"meta":{}},{"ancestorTitles":["Mutation Testing Demo","calculateDiscount function"],"fullName":"Mutation Testing Demo calculateDiscount function throws for discount over 100","status":"passed","title":"throws for discount over 100","duration":0.1955000000000382,"failureMessages":[],"location":{"line":122,"column":5},"meta":{}},{"ancestorTitles":["Mutation Testing Demo","calculateDiscount function"],"fullName":"Mutation Testing Demo calculateDiscount function handles boundary values","status":"passed","title":"handles boundary values","duration":0.28730000000018663,"failureMessages":[],"location":{"line":127,"column":5},"meta":{}},{"ancestorTitles":["Mutation Testing Demo","calculateDiscount function"],"fullName":"Mutation Testing Demo calculateDiscount function discount amount is proportional to price","status":"passed","title":"discount amount is proportional to price","duration":0.11099999999987631,"failureMessages":[],"location":{"line":133,"column":5},"meta":{}},{"ancestorTitles":["Mutation Testing Demo","isPalindrome function"],"fullName":"Mutation Testing Demo isPalindrome function returns true for palindromes","status":"passed","title":"returns true for palindromes","duration":0.24489999999991596,"failureMessages":[],"location":{"line":141,"column":5},"meta":{}},{"ancestorTitles":["Mutation Testing Demo","isPalindrome function"],"fullName":"Mutation Testing Demo isPalindrome function returns false for non-palindromes","status":"passed","title":"returns false for non-palindromes","duration":0.12920000000008258,"failureMessages":[],"location":{"line":146,"column":5},"meta":{}},{"ancestorTitles":["Mutation Testing Demo","isPalindrome function"],"fullName":"Mutation Testing Demo isPalindrome function handles empty string","status":"passed","title":"handles empty string","duration":0.1009999999998854,"failureMessages":[],"location":{"line":151,"column":5},"meta":{}},{"ancestorTitles":["Mutation Testing Demo","isPalindrome function"],"fullName":"Mutation Testing Demo isPalindrome function handles single character","status":"passed","title":"handles single character","duration":0.0968000000000302,"failureMessages":[],"location":{"line":155,"column":5},"meta":{}},{"ancestorTitles":["Mutation Testing Demo","isPalindrome function"],"fullName":"Mutation Testing Demo isPalindrome function is case insensitive","status":"passed","title":"is case insensitive","duration":0.11239999999997963,"failureMessages":[],"location":{"line":159,"column":5},"meta":{}},{"ancestorTitles":["Mutation Testing Demo","isPalindrome function"],"fullName":"Mutation Testing Demo isPalindrome function ignores non-alphanumeric characters","status":"passed","title":"ignores non-alphanumeric characters","duration":0.1046000000001186,"failureMessages":[],"location":{"line":163,"column":5},"meta":{}}],"startTime":1767256485730,"endTime":1767256485736.1123,"status":"passed","message":"","name":"C:/Users/Preston/git/toa-website/test/mutation-demo.test.ts"},{"assertionResults":[{"ancestorTitles":["API Routes","GET /api/metrics"],"fullName":"API Routes GET /api/metrics should return application metrics","status":"passed","title":"should return application metrics","duration":32.83109999999988,"failureMessages":[],"location":{"line":69,"column":5},"meta":{}},{"ancestorTitles":["API Routes","GET /api/youtube/playlist/:playlistId"],"fullName":"API Routes GET /api/youtube/playlist/:playlistId should return playlist videos with valid playlist ID","status":"passed","title":"should return playlist videos with valid playlist ID","duration":7.615499999999884,"failureMessages":[],"location":{"line":84,"column":5},"meta":{}},{"ancestorTitles":["API Routes","GET /api/youtube/playlist/:playlistId"],"fullName":"API Routes GET /api/youtube/playlist/:playlistId should reject invalid playlist ID format","status":"passed","title":"should reject invalid playlist ID format","duration":9.770400000000336,"failureMessages":[],"location":{"line":94,"column":5},"meta":{}},{"ancestorTitles":["API Routes","GET /api/youtube/playlist/:playlistId"],"fullName":"API Routes GET /api/youtube/playlist/:playlistId should validate maxResults parameter","status":"passed","title":"should validate maxResults parameter","duration":10.63650000000007,"failureMessages":[],"location":{"line":103,"column":5},"meta":{}},{"ancestorTitles":["API Routes","GET /api/youtube/playlist/:playlistId"],"fullName":"API Routes GET /api/youtube/playlist/:playlistId should accept valid maxResults parameter","status":"passed","title":"should accept valid maxResults parameter","duration":8.830599999999777,"failureMessages":[],"location":{"line":111,"column":5},"meta":{}},{"ancestorTitles":["API Routes","POST /api/podcast/feed"],"fullName":"API Routes POST /api/podcast/feed should return podcast episodes with valid feed URL","status":"passed","title":"should return podcast episodes with valid feed URL","duration":26.789800000000014,"failureMessages":[],"location":{"line":119,"column":5},"meta":{}},{"ancestorTitles":["API Routes","POST /api/podcast/feed"],"fullName":"API Routes POST /api/podcast/feed should reject missing feedUrl","status":"passed","title":"should reject missing feedUrl","duration":7.005699999999706,"failureMessages":[],"location":{"line":129,"column":5},"meta":{}},{"ancestorTitles":["API Routes","POST /api/podcast/feed"],"fullName":"API Routes POST /api/podcast/feed should reject localhost URLs (SSRF protection)","status":"passed","title":"should reject localhost URLs (SSRF protection)","duration":13.999700000000303,"failureMessages":[],"location":{"line":138,"column":5},"meta":{}},{"ancestorTitles":["API Routes","POST /api/podcast/feed"],"fullName":"API Routes POST /api/podcast/feed should reject private IP addresses (SSRF protection)","status":"passed","title":"should reject private IP addresses (SSRF protection)","duration":7.935199999999895,"failureMessages":[],"location":{"line":147,"column":5},"meta":{}},{"ancestorTitles":["API Routes","POST /api/podcast/feed"],"fullName":"API Routes POST /api/podcast/feed should validate limit parameter","status":"passed","title":"should validate limit parameter","duration":5.697100000000319,"failureMessages":[],"location":{"line":156,"column":5},"meta":{}},{"ancestorTitles":["API Routes","GET /api/podcast/audio-proxy"],"fullName":"API Routes GET /api/podcast/audio-proxy should reject missing URL parameter","status":"passed","title":"should reject missing URL parameter","duration":4.551500000000033,"failureMessages":[],"location":{"line":167,"column":5},"meta":{}},{"ancestorTitles":["API Routes","GET /api/podcast/audio-proxy"],"fullName":"API Routes GET /api/podcast/audio-proxy should reject unauthorized domains","status":"passed","title":"should reject unauthorized domains","duration":5.153699999999844,"failureMessages":[],"location":{"line":175,"column":5},"meta":{}},{"ancestorTitles":["API Routes","GET /api/podcast/audio-proxy"],"fullName":"API Routes GET /api/podcast/audio-proxy should reject localhost URLs","status":"passed","title":"should reject localhost URLs","duration":4.742600000000039,"failureMessages":[],"location":{"line":183,"column":5},"meta":{}},{"ancestorTitles":["API Routes","GET /api/etsy/shop/:shopId/listings"],"fullName":"API Routes GET /api/etsy/shop/:shopId/listings should return shop listings with valid shop ID","status":"passed","title":"should return shop listings with valid shop ID","duration":5.540300000000116,"failureMessages":[],"location":{"line":193,"column":5},"meta":{}},{"ancestorTitles":["API Routes","GET /api/etsy/shop/:shopId/listings"],"fullName":"API Routes GET /api/etsy/shop/:shopId/listings should reject invalid shop ID format","status":"passed","title":"should reject invalid shop ID format","duration":4.861899999999878,"failureMessages":[],"location":{"line":201,"column":5},"meta":{}},{"ancestorTitles":["API Routes","GET /api/etsy/shop/:shopId/listings"],"fullName":"API Routes GET /api/etsy/shop/:shopId/listings should validate limit parameter","status":"passed","title":"should validate limit parameter","duration":3.9861000000000786,"failureMessages":[],"location":{"line":209,"column":5},"meta":{}},{"ancestorTitles":["API Routes","GET /api/etsy/shop/:shopId/listings"],"fullName":"API Routes GET /api/etsy/shop/:shopId/listings should handle errors from Etsy API","status":"passed","title":"should handle errors from Etsy API","duration":9.00799999999981,"failureMessages":[],"location":{"line":217,"column":5},"meta":{}},{"ancestorTitles":["API Routes","GET /api/dndbeyond/character/:characterId"],"fullName":"API Routes GET /api/dndbeyond/character/:characterId should return character data with valid character ID","status":"passed","title":"should return character data with valid character ID","duration":5.389000000000124,"failureMessages":[],"location":{"line":230,"column":5},"meta":{}},{"ancestorTitles":["API Routes","GET /api/dndbeyond/character/:characterId"],"fullName":"API Routes GET /api/dndbeyond/character/:characterId should reject invalid character ID format","status":"passed","title":"should reject invalid character ID format","duration":4.544499999999971,"failureMessages":[],"location":{"line":240,"column":5},"meta":{}},{"ancestorTitles":["API Routes","GET /api/dndbeyond/character/:characterId"],"fullName":"API Routes GET /api/dndbeyond/character/:characterId should reject non-numeric character IDs","status":"passed","title":"should reject non-numeric character IDs","duration":5.160499999999956,"failureMessages":[],"location":{"line":248,"column":5},"meta":{}},{"ancestorTitles":["API Routes","GET /api/dndbeyond/character/:characterId"],"fullName":"API Routes GET /api/dndbeyond/character/:characterId should handle errors from D&D Beyond API","status":"passed","title":"should handle errors from D&D Beyond API","duration":4.903899999999794,"failureMessages":[],"location":{"line":256,"column":5},"meta":{}},{"ancestorTitles":["API Routes","Error Handling and Security"],"fullName":"API Routes Error Handling and Security should handle API errors gracefully","status":"passed","title":"should handle API errors gracefully","duration":5.780099999999948,"failureMessages":[],"location":{"line":269,"column":5},"meta":{}},{"ancestorTitles":["API Routes","Error Handling and Security"],"fullName":"API Routes Error Handling and Security should not leak internal error details in production","status":"passed","title":"should not leak internal error details in production","duration":6.9520000000002256,"failureMessages":[],"location":{"line":281,"column":5},"meta":{}},{"ancestorTitles":["API Routes","Error Handling and Security"],"fullName":"API Routes Error Handling and Security should log errors without exposing sensitive data","status":"passed","title":"should log errors without exposing sensitive data","duration":9.724999999999909,"failureMessages":[],"location":{"line":302,"column":5},"meta":{}},{"ancestorTitles":["API Routes","Error Handling and Security"],"fullName":"API Routes Error Handling and Security should return 400 for malformed JSON in request body","status":"passed","title":"should return 400 for malformed JSON in request body","duration":7.21140000000014,"failureMessages":[],"location":{"line":321,"column":5},"meta":{}},{"ancestorTitles":["API Routes","Error Handling and Security"],"fullName":"API Routes Error Handling and Security should handle missing required fields in POST requests","status":"passed","title":"should handle missing required fields in POST requests","duration":5.570600000000013,"failureMessages":[],"location":{"line":332,"column":5},"meta":{}},{"ancestorTitles":["API Routes","Error Handling and Security"],"fullName":"API Routes Error Handling and Security should validate content-type for POST requests","status":"passed","title":"should validate content-type for POST requests","duration":3.4687000000003536,"failureMessages":[],"location":{"line":342,"column":5},"meta":{}},{"ancestorTitles":["API Routes","Error Handling and Security"],"fullName":"API Routes Error Handling and Security should handle very long URLs gracefully","status":"passed","title":"should handle very long URLs gracefully","duration":4.567500000000109,"failureMessages":[],"location":{"line":352,"column":5},"meta":{}},{"ancestorTitles":["API Routes","Error Handling and Security"],"fullName":"API Routes Error Handling and Security should handle special characters in parameters safely","status":"passed","title":"should handle special characters in parameters safely","duration":3.3457000000003063,"failureMessages":[],"location":{"line":363,"column":5},"meta":{}},{"ancestorTitles":["API Routes","Error Handling and Security"],"fullName":"API Routes Error Handling and Security should handle null bytes in input","status":"passed","title":"should handle null bytes in input","duration":4.56230000000005,"failureMessages":[],"location":{"line":372,"column":5},"meta":{}},{"ancestorTitles":["API Routes","Error Handling and Security"],"fullName":"API Routes Error Handling and Security should rate limit excessive requests (if implemented)","status":"passed","title":"should rate limit excessive requests (if implemented)","duration":25.368800000000192,"failureMessages":[],"location":{"line":380,"column":5},"meta":{}},{"ancestorTitles":["API Routes","Error Handling and Security"],"fullName":"API Routes Error Handling and Security should handle concurrent requests to same resource","status":"passed","title":"should handle concurrent requests to same resource","duration":16.5920000000001,"failureMessages":[],"location":{"line":393,"column":5},"meta":{}},{"ancestorTitles":["API Routes","Error Handling and Security"],"fullName":"API Routes Error Handling and Security should set appropriate security headers","status":"passed","title":"should set appropriate security headers","duration":5.332100000000082,"failureMessages":[],"location":{"line":407,"column":5},"meta":{}},{"ancestorTitles":["API Routes","Error Handling and Security"],"fullName":"API Routes Error Handling and Security should handle timeout scenarios gracefully","status":"passed","title":"should handle timeout scenarios gracefully","duration":107.32189999999991,"failureMessages":[],"location":{"line":417,"column":5},"meta":{}}],"startTime":1767256485091,"endTime":1767256485486.322,"status":"passed","message":"","name":"C:/Users/Preston/git/toa-website/test/routes.test.ts"},{"assertionResults":[{"ancestorTitles":["Security - Input Validation","validateUrl"],"fullName":"Security - Input Validation validateUrl should accept valid HTTPS URLs","status":"passed","title":"should accept valid HTTPS URLs","duration":3.193399999999883,"failureMessages":[],"location":{"line":6,"column":5},"meta":{}},{"ancestorTitles":["Security - Input Validation","validateUrl"],"fullName":"Security - Input Validation validateUrl should accept valid HTTP URLs","status":"passed","title":"should accept valid HTTP URLs","duration":0.8586999999999989,"failureMessages":[],"location":{"line":11,"column":5},"meta":{}},{"ancestorTitles":["Security - Input Validation","validateUrl"],"fullName":"Security - Input Validation validateUrl should reject URLs without protocol","status":"passed","title":"should reject URLs without protocol","duration":0.22669999999993706,"failureMessages":[],"location":{"line":16,"column":5},"meta":{}},{"ancestorTitles":["Security - Input Validation","validateUrl"],"fullName":"Security - Input Validation validateUrl should reject localhost URLs","status":"passed","title":"should reject localhost URLs","duration":0.2116000000000895,"failureMessages":[],"location":{"line":22,"column":5},"meta":{}},{"ancestorTitles":["Security - Input Validation","validateUrl"],"fullName":"Security - Input Validation validateUrl should reject 127.0.0.1 URLs","status":"passed","title":"should reject 127.0.0.1 URLs","duration":0.20830000000000837,"failureMessages":[],"location":{"line":28,"column":5},"meta":{}},{"ancestorTitles":["Security - Input Validation","validateUrl"],"fullName":"Security - Input Validation validateUrl should reject private IP addresses (10.x.x.x)","status":"passed","title":"should reject private IP addresses (10.x.x.x)","duration":0.17990000000008877,"failureMessages":[],"location":{"line":34,"column":5},"meta":{}},{"ancestorTitles":["Security - Input Validation","validateUrl"],"fullName":"Security - Input Validation validateUrl should reject private IP addresses (192.168.x.x)","status":"passed","title":"should reject private IP addresses (192.168.x.x)","duration":0.15030000000001564,"failureMessages":[],"location":{"line":40,"column":5},"meta":{}},{"ancestorTitles":["Security - Input Validation","validateUrl"],"fullName":"Security - Input Validation validateUrl should reject private IP addresses (172.16-31.x.x)","status":"passed","title":"should reject private IP addresses (172.16-31.x.x)","duration":0.14460000000008222,"failureMessages":[],"location":{"line":46,"column":5},"meta":{}},{"ancestorTitles":["Security - Input Validation","validateUrl"],"fullName":"Security - Input Validation validateUrl should reject AWS metadata service IP","status":"passed","title":"should reject AWS metadata service IP","duration":0.15789999999992688,"failureMessages":[],"location":{"line":52,"column":5},"meta":{}},{"ancestorTitles":["Security - Input Validation","validateUrl"],"fullName":"Security - Input Validation validateUrl should reject malformed URLs","status":"passed","title":"should reject malformed URLs","duration":0.12969999999995707,"failureMessages":[],"location":{"line":58,"column":5},"meta":{}},{"ancestorTitles":["Security - Input Validation","validateNumber"],"fullName":"Security - Input Validation validateNumber should accept valid numbers within range","status":"passed","title":"should accept valid numbers within range","duration":0.23440000000005057,"failureMessages":[],"location":{"line":66,"column":5},"meta":{}},{"ancestorTitles":["Security - Input Validation","validateNumber"],"fullName":"Security - Input Validation validateNumber should accept minimum value","status":"passed","title":"should accept minimum value","duration":0.1693000000000211,"failureMessages":[],"location":{"line":72,"column":5},"meta":{}},{"ancestorTitles":["Security - Input Validation","validateNumber"],"fullName":"Security - Input Validation validateNumber should accept maximum value","status":"passed","title":"should accept maximum value","duration":0.134900000000016,"failureMessages":[],"location":{"line":78,"column":5},"meta":{}},{"ancestorTitles":["Security - Input Validation","validateNumber"],"fullName":"Security - Input Validation validateNumber should reject numbers below minimum","status":"passed","title":"should reject numbers below minimum","duration":0.12700000000018008,"failureMessages":[],"location":{"line":84,"column":5},"meta":{}},{"ancestorTitles":["Security - Input Validation","validateNumber"],"fullName":"Security - Input Validation validateNumber should reject numbers above maximum","status":"passed","title":"should reject numbers above maximum","duration":0.14199999999982538,"failureMessages":[],"location":{"line":90,"column":5},"meta":{}},{"ancestorTitles":["Security - Input Validation","validateNumber"],"fullName":"Security - Input Validation validateNumber should reject non-numeric strings","status":"passed","title":"should reject non-numeric strings","duration":0.1230000000000473,"failureMessages":[],"location":{"line":96,"column":5},"meta":{}},{"ancestorTitles":["Security - Input Validation","validateNumber"],"fullName":"Security - Input Validation validateNumber should reject empty strings","status":"passed","title":"should reject empty strings","duration":0.12550000000010186,"failureMessages":[],"location":{"line":102,"column":5},"meta":{}},{"ancestorTitles":["Security - Input Validation","validateString"],"fullName":"Security - Input Validation validateString should accept valid strings","status":"passed","title":"should accept valid strings","duration":0.40030000000001564,"failureMessages":[],"location":{"line":110,"column":5},"meta":{}},{"ancestorTitles":["Security - Input Validation","validateString"],"fullName":"Security - Input Validation validateString should trim whitespace","status":"passed","title":"should trim whitespace","duration":0.3552999999999429,"failureMessages":[],"location":{"line":116,"column":5},"meta":{}},{"ancestorTitles":["Security - Input Validation","validateString"],"fullName":"Security - Input Validation validateString should reject empty strings","status":"passed","title":"should reject empty strings","duration":0.1324000000001888,"failureMessages":[],"location":{"line":122,"column":5},"meta":{}},{"ancestorTitles":["Security - Input Validation","validateString"],"fullName":"Security - Input Validation validateString should reject non-string inputs","status":"passed","title":"should reject non-string inputs","duration":0.11599999999998545,"failureMessages":[],"location":{"line":128,"column":5},"meta":{}},{"ancestorTitles":["Security - Input Validation","validateString"],"fullName":"Security - Input Validation validateString should reject strings exceeding max length","status":"passed","title":"should reject strings exceeding max length","duration":0.13239999999996144,"failureMessages":[],"location":{"line":134,"column":5},"meta":{}},{"ancestorTitles":["Security - Input Validation","validateString"],"fullName":"Security - Input Validation validateString should escape HTML characters","status":"passed","title":"should escape HTML characters","duration":0.17290000000002692,"failureMessages":[],"location":{"line":141,"column":5},"meta":{}}],"startTime":1767256485817,"endTime":1767256485825.1729,"status":"passed","message":"","name":"C:/Users/Preston/git/toa-website/test/security.test.ts"},{"assertionResults":[{"ancestorTitles":["SEO Component"],"fullName":"SEO Component should render meta tags with provided props","status":"passed","title":"should render meta tags with provided props","duration":27.758199999999988,"failureMessages":[],"location":{"line":6,"column":3},"meta":{}},{"ancestorTitles":["SEO Component"],"fullName":"SEO Component should render Open Graph meta tags","status":"passed","title":"should render Open Graph meta tags","duration":2.9761000000000877,"failureMessages":[],"location":{"line":29,"column":3},"meta":{}},{"ancestorTitles":["SEO Component"],"fullName":"SEO Component should render Twitter Card meta tags","status":"passed","title":"should render Twitter Card meta tags","duration":2.6608000000001084,"failureMessages":[],"location":{"line":49,"column":3},"meta":{}},{"ancestorTitles":["SEO Component"],"fullName":"SEO Component should handle JSON-LD structured data","status":"passed","title":"should handle JSON-LD structured data","duration":3.3891000000000986,"failureMessages":[],"location":{"line":63,"column":3},"meta":{}}],"startTime":1767256484277,"endTime":1767256484313.3892,"status":"passed","message":"","name":"C:/Users/Preston/git/toa-website/test/seo.test.tsx"},{"assertionResults":[{"ancestorTitles":["Structured Data Snapshot Tests","Organization Schema"],"fullName":"Structured Data Snapshot Tests Organization Schema generates valid organization schema","status":"passed","title":"generates valid organization schema","duration":5.0677999999998065,"failureMessages":[],"location":{"line":20,"column":5},"meta":{}},{"ancestorTitles":["Structured Data Snapshot Tests","Organization Schema"],"fullName":"Structured Data Snapshot Tests Organization Schema includes all social media links","status":"passed","title":"includes all social media links","duration":1.1275000000000546,"failureMessages":[],"location":{"line":33,"column":5},"meta":{}},{"ancestorTitles":["Structured Data Snapshot Tests","Organization Schema"],"fullName":"Structured Data Snapshot Tests Organization Schema includes contact information","status":"passed","title":"includes contact information","duration":0.49710000000004584,"failureMessages":[],"location":{"line":48,"column":5},"meta":{}},{"ancestorTitles":["Structured Data Snapshot Tests","WebSite Schema"],"fullName":"Structured Data Snapshot Tests WebSite Schema generates valid website schema","status":"passed","title":"generates valid website schema","duration":0.6652999999996609,"failureMessages":[],"location":{"line":60,"column":5},"meta":{}},{"ancestorTitles":["Structured Data Snapshot Tests","WebSite Schema"],"fullName":"Structured Data Snapshot Tests WebSite Schema includes search action","status":"passed","title":"includes search action","duration":0.6422000000002299,"failureMessages":[],"location":{"line":71,"column":5},"meta":{}},{"ancestorTitles":["Structured Data Snapshot Tests","WebSite Schema"],"fullName":"Structured Data Snapshot Tests WebSite Schema includes publisher information","status":"passed","title":"includes publisher information","duration":0.4292000000000371,"failureMessages":[],"location":{"line":81,"column":5},"meta":{}},{"ancestorTitles":["Structured Data Snapshot Tests","Breadcrumb Schema"],"fullName":"Structured Data Snapshot Tests Breadcrumb Schema generates breadcrumb for homepage","status":"passed","title":"generates breadcrumb for homepage","duration":1.7040999999999258,"failureMessages":[],"location":{"line":93,"column":5},"meta":{}},{"ancestorTitles":["Structured Data Snapshot Tests","Breadcrumb Schema"],"fullName":"Structured Data Snapshot Tests Breadcrumb Schema generates breadcrumb for nested pages","status":"passed","title":"generates breadcrumb for nested pages","duration":0.9593999999997322,"failureMessages":[],"location":{"line":105,"column":5},"meta":{}},{"ancestorTitles":["Structured Data Snapshot Tests","Breadcrumb Schema"],"fullName":"Structured Data Snapshot Tests Breadcrumb Schema handles empty breadcrumb","status":"passed","title":"handles empty breadcrumb","duration":0.5949000000000524,"failureMessages":[],"location":{"line":124,"column":5},"meta":{}},{"ancestorTitles":["Structured Data Snapshot Tests","Video Schema"],"fullName":"Structured Data Snapshot Tests Video Schema generates complete video schema","status":"passed","title":"generates complete video schema","duration":0.9783999999999651,"failureMessages":[],"location":{"line":133,"column":5},"meta":{}},{"ancestorTitles":["Structured Data Snapshot Tests","Video Schema"],"fullName":"Structured Data Snapshot Tests Video Schema generates video schema with minimal data","status":"passed","title":"generates video schema with minimal data","duration":0.5472999999997228,"failureMessages":[],"location":{"line":153,"column":5},"meta":{}},{"ancestorTitles":["Structured Data Snapshot Tests","Video Schema"],"fullName":"Structured Data Snapshot Tests Video Schema includes publisher information","status":"passed","title":"includes publisher information","duration":0.4519999999997708,"failureMessages":[],"location":{"line":168,"column":5},"meta":{}},{"ancestorTitles":["Structured Data Snapshot Tests","Person Schema"],"fullName":"Structured Data Snapshot Tests Person Schema generates complete person schema","status":"passed","title":"generates complete person schema","duration":0.5413000000003194,"failureMessages":[],"location":{"line":187,"column":5},"meta":{}},{"ancestorTitles":["Structured Data Snapshot Tests","Person Schema"],"fullName":"Structured Data Snapshot Tests Person Schema generates person schema with minimal data","status":"passed","title":"generates person schema with minimal data","duration":0.4013999999997395,"failureMessages":[],"location":{"line":207,"column":5},"meta":{}},{"ancestorTitles":["Structured Data Snapshot Tests","Person Schema"],"fullName":"Structured Data Snapshot Tests Person Schema includes organization membership","status":"passed","title":"includes organization membership","duration":0.5050000000001091,"failureMessages":[],"location":{"line":220,"column":5},"meta":{}},{"ancestorTitles":["Structured Data Snapshot Tests","CreativeWork Schema"],"fullName":"Structured Data Snapshot Tests CreativeWork Schema generates character creative work schema","status":"passed","title":"generates character creative work schema","duration":0.5443000000000211,"failureMessages":[],"location":{"line":236,"column":5},"meta":{}},{"ancestorTitles":["Structured Data Snapshot Tests","CreativeWork Schema"],"fullName":"Structured Data Snapshot Tests CreativeWork Schema includes genre information","status":"passed","title":"includes genre information","duration":0.9946999999997388,"failureMessages":[],"location":{"line":253,"column":5},"meta":{}},{"ancestorTitles":["Structured Data Snapshot Tests","CreativeWork Schema"],"fullName":"Structured Data Snapshot Tests CreativeWork Schema links to creative work series","status":"passed","title":"links to creative work series","duration":0.589799999999741,"failureMessages":[],"location":{"line":270,"column":5},"meta":{}},{"ancestorTitles":["Structured Data Snapshot Tests","CreativeWork Schema"],"fullName":"Structured Data Snapshot Tests CreativeWork Schema handles missing image","status":"passed","title":"handles missing image","duration":0.38160000000016225,"failureMessages":[],"location":{"line":286,"column":5},"meta":{}},{"ancestorTitles":["Structured Data Snapshot Tests","Schema.org Compliance"],"fullName":"Structured Data Snapshot Tests Schema.org Compliance all schemas have @context","status":"passed","title":"all schemas have @context","duration":0.5075000000001637,"failureMessages":[],"location":{"line":301,"column":5},"meta":{}},{"ancestorTitles":["Structured Data Snapshot Tests","Schema.org Compliance"],"fullName":"Structured Data Snapshot Tests Schema.org Compliance all schemas have @type","status":"passed","title":"all schemas have @type","duration":0.6529000000000451,"failureMessages":[],"location":{"line":325,"column":5},"meta":{}},{"ancestorTitles":["Structured Data Snapshot Tests","Schema.org Compliance"],"fullName":"Structured Data Snapshot Tests Schema.org Compliance schemas are valid JSON","status":"passed","title":"schemas are valid JSON","duration":2.6337000000003172,"failureMessages":[],"location":{"line":355,"column":5},"meta":{}}],"startTime":1767256484309,"endTime":1767256484331.6338,"status":"passed","message":"","name":"C:/Users/Preston/git/toa-website/test/structured-data.snapshot.test.ts"},{"assertionResults":[{"ancestorTitles":["YouTube API Integration Tests","API Error Handling"],"fullName":"YouTube API Integration Tests API Error Handling should handle 429 rate limit errors","status":"passed","title":"should handle 429 rate limit errors","duration":3.919800000000123,"failureMessages":[],"location":{"line":27,"column":5},"meta":{}},{"ancestorTitles":["YouTube API Integration Tests","API Error Handling"],"fullName":"YouTube API Integration Tests API Error Handling should handle 403 forbidden errors","status":"passed","title":"should handle 403 forbidden errors","duration":1.0507000000000062,"failureMessages":[],"location":{"line":54,"column":5},"meta":{}},{"ancestorTitles":["YouTube API Integration Tests","API Error Handling"],"fullName":"YouTube API Integration Tests API Error Handling should handle 404 playlist not found","status":"passed","title":"should handle 404 playlist not found","duration":0.5018000000000029,"failureMessages":[],"location":{"line":74,"column":5},"meta":{}},{"ancestorTitles":["YouTube API Integration Tests","API Error Handling"],"fullName":"YouTube API Integration Tests API Error Handling should handle network errors","status":"passed","title":"should handle network errors","duration":2.8005000000000564,"failureMessages":[],"location":{"line":94,"column":5},"meta":{}},{"ancestorTitles":["YouTube API Integration Tests","API Error Handling"],"fullName":"YouTube API Integration Tests API Error Handling should handle malformed JSON responses","status":"passed","title":"should handle malformed JSON responses","duration":0.7355000000000018,"failureMessages":[],"location":{"line":102,"column":5},"meta":{}},{"ancestorTitles":["YouTube API Integration Tests","API Error Handling"],"fullName":"YouTube API Integration Tests API Error Handling should handle empty response bodies","status":"passed","title":"should handle empty response bodies","duration":2.705800000000181,"failureMessages":[],"location":{"line":117,"column":5},"meta":{}},{"ancestorTitles":["YouTube API Integration Tests","API Error Handling"],"fullName":"YouTube API Integration Tests API Error Handling should handle missing items array","status":"passed","title":"should handle missing items array","duration":0.8480999999999312,"failureMessages":[],"location":{"line":131,"column":5},"meta":{}},{"ancestorTitles":["YouTube API Integration Tests","Pagination Handling"],"fullName":"YouTube API Integration Tests Pagination Handling should handle multiple pages of results","status":"passed","title":"should handle multiple pages of results","duration":1.8499000000001615,"failureMessages":[],"location":{"line":151,"column":5},"meta":{}},{"ancestorTitles":["YouTube API Integration Tests","Pagination Handling"],"fullName":"YouTube API Integration Tests Pagination Handling should stop pagination when no nextPageToken","status":"passed","title":"should stop pagination when no nextPageToken","duration":0.504799999999932,"failureMessages":[],"location":{"line":192,"column":5},"meta":{}},{"ancestorTitles":["YouTube API Integration Tests","Pagination Handling"],"fullName":"YouTube API Integration Tests Pagination Handling should handle very large playlists (1000+ videos)","status":"passed","title":"should handle very large playlists (1000+ videos)","duration":1.1427000000001044,"failureMessages":[],"location":{"line":209,"column":5},"meta":{}},{"ancestorTitles":["YouTube API Integration Tests","Data Transformation"],"fullName":"YouTube API Integration Tests Data Transformation should handle videos with missing thumbnails","status":"passed","title":"should handle videos with missing thumbnails","duration":0.5533000000000357,"failureMessages":[],"location":{"line":244,"column":5},"meta":{}},{"ancestorTitles":["YouTube API Integration Tests","Data Transformation"],"fullName":"YouTube API Integration Tests Data Transformation should handle videos with missing statistics","status":"passed","title":"should handle videos with missing statistics","duration":0.47689999999988686,"failureMessages":[],"location":{"line":276,"column":5},"meta":{}},{"ancestorTitles":["YouTube API Integration Tests","Data Transformation"],"fullName":"YouTube API Integration Tests Data Transformation should handle videos with malformed duration","status":"passed","title":"should handle videos with malformed duration","duration":0.49289999999996326,"failureMessages":[],"location":{"line":304,"column":5},"meta":{}},{"ancestorTitles":["YouTube API Integration Tests","Cache Stale Fallback Integration"],"fullName":"YouTube API Integration Tests Cache Stale Fallback Integration should use stale cache when API fails","status":"passed","title":"should use stale cache when API fails","duration":13.569299999999885,"failureMessages":[],"location":{"line":333,"column":5},"meta":{}},{"ancestorTitles":["YouTube API Integration Tests","Cache Stale Fallback Integration"],"fullName":"YouTube API Integration Tests Cache Stale Fallback Integration should return empty array when no cache and API fails","status":"passed","title":"should return empty array when no cache and API fails","duration":0.9742000000001099,"failureMessages":[],"location":{"line":366,"column":5},"meta":{}},{"ancestorTitles":["YouTube API Integration Tests","Concurrent Request Handling"],"fullName":"YouTube API Integration Tests Concurrent Request Handling should handle concurrent requests to same playlist","status":"passed","title":"should handle concurrent requests to same playlist","duration":2.2971999999999753,"failureMessages":[],"location":{"line":385,"column":5},"meta":{}},{"ancestorTitles":["YouTube API Integration Tests","Concurrent Request Handling"],"fullName":"YouTube API Integration Tests Concurrent Request Handling should handle concurrent requests to different playlists","status":"passed","title":"should handle concurrent requests to different playlists","duration":0.5981999999999061,"failureMessages":[],"location":{"line":411,"column":5},"meta":{}}],"startTime":1767256484261,"endTime":1767256484296.5981,"status":"passed","message":"","name":"C:/Users/Preston/git/toa-website/test/youtube-integration.test.ts"},{"assertionResults":[{"ancestorTitles":["YouTube Cache System","Multi-Playlist Cache"],"fullName":"YouTube Cache System Multi-Playlist Cache should cache multiple playlists independently","status":"passed","title":"should cache multiple playlists independently","duration":14.704299999999876,"failureMessages":[],"location":{"line":38,"column":5},"meta":{}},{"ancestorTitles":["YouTube Cache System","Multi-Playlist Cache"],"fullName":"YouTube Cache System Multi-Playlist Cache should not overwrite existing playlist cache when adding new one","status":"passed","title":"should not overwrite existing playlist cache when adding new one","duration":23.179399999999987,"failureMessages":[],"location":{"line":64,"column":5},"meta":{}},{"ancestorTitles":["YouTube Cache System","Multi-Playlist Cache"],"fullName":"YouTube Cache System Multi-Playlist Cache should handle expired cache per playlist","status":"passed","title":"should handle expired cache per playlist","duration":12.3425000000002,"failureMessages":[],"location":{"line":94,"column":5},"meta":{}},{"ancestorTitles":["YouTube Cache System","Multi-Playlist Cache"],"fullName":"YouTube Cache System Multi-Playlist Cache should create cache directory if it does not exist","status":"passed","title":"should create cache directory if it does not exist","duration":2.622400000000198,"failureMessages":[],"location":{"line":123,"column":5},"meta":{}},{"ancestorTitles":["YouTube Cache System","Cache Fallback on API Failure"],"fullName":"YouTube Cache System Cache Fallback on API Failure should return stale cache when API fails","status":"passed","title":"should return stale cache when API fails","duration":12.604600000000119,"failureMessages":[],"location":{"line":150,"column":5},"meta":{}},{"ancestorTitles":["YouTube Cache System","Cache Fallback on API Failure"],"fullName":"YouTube Cache System Cache Fallback on API Failure should handle missing cache gracefully","status":"passed","title":"should handle missing cache gracefully","duration":0.47200000000020736,"failureMessages":[],"location":{"line":175,"column":5},"meta":{}},{"ancestorTitles":["YouTube Cache System","Cache Fallback on API Failure"],"fullName":"YouTube Cache System Cache Fallback on API Failure should handle corrupted cache file","status":"passed","title":"should handle corrupted cache file","duration":13.129100000000108,"failureMessages":[],"location":{"line":184,"column":5},"meta":{}},{"ancestorTitles":["YouTube Formatters","formatDuration"],"fullName":"YouTube Formatters formatDuration should format hours, minutes, seconds: PT1H30M45S -> 1:30:45","status":"passed","title":"should format hours, minutes, seconds: PT1H30M45S -> 1:30:45","duration":0.6891000000000531,"failureMessages":[],"location":{"line":215,"column":7},"meta":{}},{"ancestorTitles":["YouTube Formatters","formatDuration"],"fullName":"YouTube Formatters formatDuration should format minutes and seconds: PT5M20S -> 5:20","status":"passed","title":"should format minutes and seconds: PT5M20S -> 5:20","duration":0.2849999999998545,"failureMessages":[],"location":{"line":215,"column":7},"meta":{}},{"ancestorTitles":["YouTube Formatters","formatDuration"],"fullName":"YouTube Formatters formatDuration should format only seconds: PT45S -> 0:45","status":"passed","title":"should format only seconds: PT45S -> 0:45","duration":0.14730000000008658,"failureMessages":[],"location":{"line":215,"column":7},"meta":{}},{"ancestorTitles":["YouTube Formatters","formatDuration"],"fullName":"YouTube Formatters formatDuration should format hours and seconds (no minutes): PT1H5S -> 1:00:05","status":"passed","title":"should format hours and seconds (no minutes): PT1H5S -> 1:00:05","duration":0.15250000000014552,"failureMessages":[],"location":{"line":215,"column":7},"meta":{}},{"ancestorTitles":["YouTube Formatters","formatDuration"],"fullName":"YouTube Formatters formatDuration should format only hours: PT2H -> 2:00:00","status":"passed","title":"should format only hours: PT2H -> 2:00:00","duration":0.12669999999980064,"failureMessages":[],"location":{"line":215,"column":7},"meta":{}},{"ancestorTitles":["YouTube Formatters","formatDuration"],"fullName":"YouTube Formatters formatDuration should format only minutes: PT10M -> 10:00","status":"passed","title":"should format only minutes: PT10M -> 10:00","duration":0.1534999999998945,"failureMessages":[],"location":{"line":215,"column":7},"meta":{}},{"ancestorTitles":["YouTube Formatters","formatDuration"],"fullName":"YouTube Formatters formatDuration should format zero duration: PT0S -> 0:00","status":"passed","title":"should format zero duration: PT0S -> 0:00","duration":0.11389999999983047,"failureMessages":[],"location":{"line":215,"column":7},"meta":{}},{"ancestorTitles":["YouTube Formatters","formatDuration"],"fullName":"YouTube Formatters formatDuration should format invalid format: invalid -> 0:00","status":"passed","title":"should format invalid format: invalid -> 0:00","duration":0.1268000000000029,"failureMessages":[],"location":{"line":215,"column":7},"meta":{}},{"ancestorTitles":["YouTube Formatters","formatDuration"],"fullName":"YouTube Formatters formatDuration should format empty string:  -> 0:00","status":"passed","title":"should format empty string:  -> 0:00","duration":0.1253999999998996,"failureMessages":[],"location":{"line":215,"column":7},"meta":{}},{"ancestorTitles":["YouTube Formatters","formatViewCount"],"fullName":"YouTube Formatters formatViewCount should format less than 1K: 999 -> 999","status":"passed","title":"should format less than 1K: 999 -> 999","duration":0.2622999999998683,"failureMessages":[],"location":{"line":250,"column":7},"meta":{}},{"ancestorTitles":["YouTube Formatters","formatViewCount"],"fullName":"YouTube Formatters formatViewCount should format exactly 1K: 1000 -> 1.0K","status":"passed","title":"should format exactly 1K: 1000 -> 1.0K","duration":0.14440000000013242,"failureMessages":[],"location":{"line":250,"column":7},"meta":{}},{"ancestorTitles":["YouTube Formatters","formatViewCount"],"fullName":"YouTube Formatters formatViewCount should format 1.5K: 1500 -> 1.5K","status":"passed","title":"should format 1.5K: 1500 -> 1.5K","duration":0.14010000000007494,"failureMessages":[],"location":{"line":250,"column":7},"meta":{}},{"ancestorTitles":["YouTube Formatters","formatViewCount"],"fullName":"YouTube Formatters formatViewCount should format almost 1M: 999999 -> 1000.0K","status":"passed","title":"should format almost 1M: 999999 -> 1000.0K","duration":0.11580000000003565,"failureMessages":[],"location":{"line":250,"column":7},"meta":{}},{"ancestorTitles":["YouTube Formatters","formatViewCount"],"fullName":"YouTube Formatters formatViewCount should format exactly 1M: 1000000 -> 1.0M","status":"passed","title":"should format exactly 1M: 1000000 -> 1.0M","duration":0.1516999999998916,"failureMessages":[],"location":{"line":250,"column":7},"meta":{}},{"ancestorTitles":["YouTube Formatters","formatViewCount"],"fullName":"YouTube Formatters formatViewCount should format 2.5M: 2500000 -> 2.5M","status":"passed","title":"should format 2.5M: 2500000 -> 2.5M","duration":0.1681999999996151,"failureMessages":[],"location":{"line":250,"column":7},"meta":{}},{"ancestorTitles":["YouTube Formatters","formatViewCount"],"fullName":"YouTube Formatters formatViewCount should format zero views: 0 -> 0","status":"passed","title":"should format zero views: 0 -> 0","duration":0.13180000000011205,"failureMessages":[],"location":{"line":250,"column":7},"meta":{}},{"ancestorTitles":["YouTube Formatters","formatViewCount"],"fullName":"YouTube Formatters formatViewCount should format small number: 42 -> 42","status":"passed","title":"should format small number: 42 -> 42","duration":0.12010000000009313,"failureMessages":[],"location":{"line":250,"column":7},"meta":{}},{"ancestorTitles":["YouTube Formatters","formatViewCount"],"fullName":"YouTube Formatters formatViewCount should format rounds millions: 1234567 -> 1.2M","status":"passed","title":"should format rounds millions: 1234567 -> 1.2M","duration":0.12489999999979773,"failureMessages":[],"location":{"line":250,"column":7},"meta":{}},{"ancestorTitles":["YouTube Formatters","Video sorting"],"fullName":"YouTube Formatters Video sorting should sort videos by publishedAt date (most recent first)","status":"passed","title":"should sort videos by publishedAt date (most recent first)","duration":0.436500000000251,"failureMessages":[],"location":{"line":266,"column":5},"meta":{}},{"ancestorTitles":["YouTube Formatters","Video sorting"],"fullName":"YouTube Formatters Video sorting should handle invalid dates gracefully","status":"passed","title":"should handle invalid dates gracefully","duration":0.554700000000139,"failureMessages":[],"location":{"line":284,"column":5},"meta":{}}],"startTime":1767256484268,"endTime":1767256484352.5547,"status":"passed","message":"","name":"C:/Users/Preston/git/toa-website/test/youtube.test.ts"},{"assertionResults":[{"ancestorTitles":["Fault Injection Tests","Network Failures"],"fullName":"Fault Injection Tests Network Failures should handle DNS resolution failures","status":"passed","title":"should handle DNS resolution failures","duration":248.44309999999996,"failureMessages":[],"location":{"line":6,"column":5},"meta":{}},{"ancestorTitles":["Fault Injection Tests","Network Failures"],"fullName":"Fault Injection Tests Network Failures should handle slow network responses","status":"passed","title":"should handle slow network responses","duration":226.51530000000002,"failureMessages":[],"location":{"line":17,"column":5},"meta":{}},{"ancestorTitles":["Fault Injection Tests","Network Failures"],"fullName":"Fault Injection Tests Network Failures should handle intermittent connection drops","status":"passed","title":"should handle intermittent connection drops","duration":0.7867999999998574,"failureMessages":[],"location":{"line":33,"column":5},"meta":{}},{"ancestorTitles":["Fault Injection Tests","API Response Corruption"],"fullName":"Fault Injection Tests API Response Corruption should handle malformed JSON responses","status":"passed","title":"should handle malformed JSON responses","duration":0.7040999999999258,"failureMessages":[],"location":{"line":62,"column":5},"meta":{}},{"ancestorTitles":["Fault Injection Tests","API Response Corruption"],"fullName":"Fault Injection Tests API Response Corruption should handle unexpected response structures","status":"passed","title":"should handle unexpected response structures","duration":0.4650000000001455,"failureMessages":[],"location":{"line":80,"column":5},"meta":{}},{"ancestorTitles":["Fault Injection Tests","API Response Corruption"],"fullName":"Fault Injection Tests API Response Corruption should handle missing required fields","status":"passed","title":"should handle missing required fields","duration":1.0729000000001179,"failureMessages":[],"location":{"line":109,"column":5},"meta":{}},{"ancestorTitles":["Fault Injection Tests","Database Failures"],"fullName":"Fault Injection Tests Database Failures should handle transaction rollback on error","status":"passed","title":"should handle transaction rollback on error","duration":0.3908999999998741,"failureMessages":[],"location":{"line":124,"column":5},"meta":{}},{"ancestorTitles":["Fault Injection Tests","Database Failures"],"fullName":"Fault Injection Tests Database Failures should handle deadlock scenarios","status":"passed","title":"should handle deadlock scenarios","duration":13.369000000000142,"failureMessages":[],"location":{"line":150,"column":5},"meta":{}},{"ancestorTitles":["Fault Injection Tests","Resource Exhaustion"],"fullName":"Fault Injection Tests Resource Exhaustion should handle file descriptor exhaustion","status":"passed","title":"should handle file descriptor exhaustion","duration":2.5549999999998363,"failureMessages":[],"location":{"line":197,"column":5},"meta":{}},{"ancestorTitles":["Fault Injection Tests","Resource Exhaustion"],"fullName":"Fault Injection Tests Resource Exhaustion should handle thread pool exhaustion","status":"passed","title":"should handle thread pool exhaustion","duration":102.21939999999995,"failureMessages":[],"location":{"line":225,"column":5},"meta":{}},{"ancestorTitles":["Fault Injection Tests","Resource Exhaustion"],"fullName":"Fault Injection Tests Resource Exhaustion should handle memory allocation failures","status":"passed","title":"should handle memory allocation failures","duration":0.5558999999998377,"failureMessages":[],"location":{"line":245,"column":5},"meta":{}},{"ancestorTitles":["Fault Injection Tests","Time-based Failures"],"fullName":"Fault Injection Tests Time-based Failures should handle cache expiration during read","status":"passed","title":"should handle cache expiration during read","duration":4.594800000000305,"failureMessages":[],"location":{"line":267,"column":5},"meta":{}},{"ancestorTitles":["Fault Injection Tests","Time-based Failures"],"fullName":"Fault Injection Tests Time-based Failures should handle request timeout during processing","status":"passed","title":"should handle request timeout during processing","duration":1.3002000000001317,"failureMessages":[],"location":{"line":294,"column":5},"meta":{}},{"ancestorTitles":["Fault Injection Tests","Cascading Failures"],"fullName":"Fault Injection Tests Cascading Failures should handle upstream service failure propagation","status":"passed","title":"should handle upstream service failure propagation","duration":0.3455000000003565,"failureMessages":[],"location":{"line":323,"column":5},"meta":{}},{"ancestorTitles":["Fault Injection Tests","Cascading Failures"],"fullName":"Fault Injection Tests Cascading Failures should implement bulkhead pattern for isolation","status":"passed","title":"should implement bulkhead pattern for isolation","duration":100.71320000000014,"failureMessages":[],"location":{"line":360,"column":5},"meta":{}}],"startTime":1767256484445,"endTime":1767256485149.7131,"status":"passed","message":"","name":"C:/Users/Preston/git/toa-website/test/chaos/fault-injection.test.ts"},{"assertionResults":[{"ancestorTitles":["Network Resilience & Chaos Tests","YouTube API Resilience"],"fullName":"Network Resilience & Chaos Tests YouTube API Resilience should handle network timeout gracefully","status":"passed","title":"should handle network timeout gracefully","duration":106.06320000000005,"failureMessages":[],"location":{"line":6,"column":5},"meta":{}},{"ancestorTitles":["Network Resilience & Chaos Tests","YouTube API Resilience"],"fullName":"Network Resilience & Chaos Tests YouTube API Resilience should retry on 5xx errors","status":"passed","title":"should retry on 5xx errors","duration":362.59479999999985,"failureMessages":[],"location":{"line":20,"column":5},"meta":{}},{"ancestorTitles":["Network Resilience & Chaos Tests","YouTube API Resilience"],"fullName":"Network Resilience & Chaos Tests YouTube API Resilience should handle rate limiting with exponential backoff","status":"passed","title":"should handle rate limiting with exponential backoff","duration":704.4472999999998,"failureMessages":[],"location":{"line":46,"column":5},"meta":{}},{"ancestorTitles":["Network Resilience & Chaos Tests","YouTube API Resilience"],"fullName":"Network Resilience & Chaos Tests YouTube API Resilience should handle partial response failures","status":"passed","title":"should handle partial response failures","duration":0.5583999999998923,"failureMessages":[],"location":{"line":70,"column":5},"meta":{}},{"ancestorTitles"
[...]
column":45},"end":{"line":227,"column":null}}],"line":227},"27":{"loc":{"start":{"line":229,"column":21},"end":{"line":229,"column":null}},"type":"binary-expr","locations":[{"start":{"line":229,"column":21},"end":{"line":229,"column":45}},{"start":{"line":229,"column":45},"end":{"line":229,"column":null}}],"line":229},"28":{"loc":{"start":{"line":250,"column":60},"end":{"line":250,"column":109}},"type":"default-arg","locations":[{"start":{"line":250,"column":81},"end":{"line":250,"column":109}}],"line":250},"29":{"loc":{"start":{"line":253,"column":2},"end":{"line":255,"column":null}},"type":"if","locations":[{"start":{"line":253,"column":2},"end":{"line":255,"column":null}},{"start":{},"end":{}}],"line":253},"30":{"loc":{"start":{"line":260,"column":4},"end":{"line":282,"column":null}},"type":"if","locations":[{"start":{"line":260,"column":4},"end":{"line":282,"column":null}},{"start":{},"end":{}}],"line":260},"31":{"loc":{"start":{"line":264,"column":25},"end":{"line":264,"column":null}},"type":"binary-expr","locations":[{"start":{"line":264,"column":25},"end":{"line":264,"column":60}},{"start":{"line":264,"column":60},"end":{"line":264,"column":null}}],"line":264},"32":{"loc":{"start":{"line":266,"column":8},"end":{"line":280,"column":null}},"type":"if","locations":[{"start":{"line":266,"column":8},"end":{"line":280,"column":null}},{"start":{"line":278,"column":15},"end":{"line":280,"column":null}}],"line":266},"33":{"loc":{"start":{"line":266,"column":12},"end":{"line":266,"column":128}},"type":"binary-expr","locations":[{"start":{"line":266,"column":12},"end":{"line":266,"column":44}},{"start":{"line":266,"column":44},"end":{"line":266,"column":98}},{"start":{"line":266,"column":98},"end":{"line":266,"column":128}}],"line":266},"34":{"loc":{"start":{"line":270,"column":34},"end":{"line":271,"column":null}},"type":"binary-expr","locations":[{"start":{"line":270,"column":34},"end":{"line":270,"column":null}},{"start":{"line":271,"column":13},"end":{"line":271,"column":42}},{"start":{"line":271,"column":42},"end":{"line":271,"column":null}}],"line":270},"35":{"loc":{"start":{"line":273,"column":10},"end":{"line":277,"column":null}},"type":"if","locations":[{"start":{"line":273,"column":10},"end":{"line":277,"column":null}},{"start":{},"end":{}}],"line":273},"36":{"loc":{"start":{"line":285,"column":28},"end":{"line":286,"column":null}},"type":"binary-expr","locations":[{"start":{"line":285,"column":28},"end":{"line":285,"column":null}},{"start":{"line":286,"column":7},"end":{"line":286,"column":36}},{"start":{"line":286,"column":36},"end":{"line":286,"column":null}}],"line":285},"37":{"loc":{"start":{"line":288,"column":4},"end":{"line":291,"column":null}},"type":"if","locations":[{"start":{"line":288,"column":4},"end":{"line":291,"column":null}},{"start":{},"end":{}}],"line":288},"38":{"loc":{"start":{"line":288,"column":8},"end":{"line":288,"column":58}},"type":"binary-expr","locations":[{"start":{"line":288,"column":8},"end":{"line":288,"column":28}},{"start":{"line":288,"column":28},"end":{"line":288,"column":58}}],"line":288},"39":{"loc":{"start":{"line":307,"column":6},"end":{"line":309,"column":null}},"type":"if","locations":[{"start":{"line":307,"column":6},"end":{"line":309,"column":null}},{"start":{},"end":{}}],"line":307},"40":{"loc":{"start":{"line":307,"column":10},"end":{"line":307,"column":68}},"type":"binary-expr","locations":[{"start":{"line":307,"column":10},"end":{"line":307,"column":34}},{"start":{"line":307,"column":34},"end":{"line":307,"column":68}}],"line":307},"41":{"loc":{"start":{"line":320,"column":4},"end":{"line":322,"column":null}},"type":"if","locations":[{"start":{"line":320,"column":4},"end":{"line":322,"column":null}},{"start":{},"end":{}}],"line":320},"42":{"loc":{"start":{"line":334,"column":35},"end":{"line":334,"column":68}},"type":"binary-expr","locations":[{"start":{"line":334,"column":35},"end":{"line":334,"column":64}},{"start":{"line":334,"column":64},"end":{"line":334,"column":68}}],"line":334},"43":{"loc":{"start":{"line":339,"column":26},"end":{"line":341,"column":null}},"type":"cond-expr","locations":[{"start":{"line":340,"column":12},"end":{"line":340,"column":null}},{"start":{"line":341,"column":12},"end":{"line":341,"column":null}}],"line":339},"44":{"loc":{"start":{"line":343,"column":25},"end":{"line":345,"column":null}},"type":"cond-expr","locations":[{"start":{"line":344,"column":12},"end":{"line":344,"column":null}},{"start":{"line":345,"column":12},"end":{"line":345,"column":null}}],"line":343},"45":{"loc":{"start":{"line":348,"column":14},"end":{"line":348,"column":null}},"type":"binary-expr","locations":[{"start":{"line":348,"column":14},"end":{"line":348,"column":26}},{"start":{"line":348,"column":26},"end":{"line":348,"column":null}}],"line":348},"46":{"loc":{"start":{"line":349,"column":17},"end":{"line":349,"column":null}},"type":"binary-expr","locations":[{"start":{"line":349,"column":17},"end":{"line":349,"column":35}},{"start":{"line":349,"column":35},"end":{"line":349,"column":null}}],"line":349},"47":{"loc":{"start":{"line":350,"column":21},"end":{"line":350,"column":null}},"type":"binary-expr","locations":[{"start":{"line":350,"column":21},"end":{"line":350,"column":55}},{"start":{"line":350,"column":55},"end":{"line":350,"column":92}},{"start":{"line":350,"column":92},"end":{"line":350,"column":null}}],"line":350},"48":{"loc":{"start":{"line":352,"column":23},"end":{"line":352,"column":null}},"type":"binary-expr","locations":[{"start":{"line":352,"column":23},"end":{"line":352,"column":47}},{"start":{"line":352,"column":47},"end":{"line":352,"column":null}}],"line":352},"49":{"loc":{"start":{"line":354,"column":23},"end":{"line":354,"column":null}},"type":"binary-expr","locations":[{"start":{"line":354,"column":23},"end":{"line":354,"column":47}},{"start":{"line":354,"column":47},"end":{"line":354,"column":null}}],"line":354},"50":{"loc":{"start":{"line":377,"column":6},"end":{"line":385,"column":null}},"type":"if","locations":[{"start":{"line":377,"column":6},"end":{"line":385,"column":null}},{"start":{},"end":{}}],"line":377},"51":{"loc":{"start":{"line":381,"column":8},"end":{"line":384,"column":null}},"type":"if","locations":[{"start":{"line":381,"column":8},"end":{"line":384,"column":null}},{"start":{},"end":{}}],"line":381},"52":{"loc":{"start":{"line":397,"column":2},"end":{"line":401,"column":null}},"type":"if","locations":[{"start":{"line":397,"column":2},"end":{"line":401,"column":null}},{"start":{"line":399,"column":2},"end":{"line":401,"column":null}}],"line":397},"53":{"loc":{"start":{"line":399,"column":2},"end":{"line":401,"column":null}},"type":"if","locations":[{"start":{"line":399,"column":2},"end":{"line":401,"column":null}},{"start":{},"end":{}}],"line":399},"54":{"loc":{"start":{"line":407,"column":2},"end":{"line":407,"column":null}},"type":"if","locations":[{"start":{"line":407,"column":2},"end":{"line":407,"column":null}},{"start":{},"end":{}}],"line":407},"55":{"loc":{"start":{"line":409,"column":25},"end":{"line":409,"column":40}},"type":"binary-expr","locations":[{"start":{"line":409,"column":25},"end":{"line":409,"column":37}},{"start":{"line":409,"column":37},"end":{"line":409,"column":40}}],"line":409},"56":{"loc":{"start":{"line":410,"column":27},"end":{"line":410,"column":42}},"type":"binary-expr","locations":[{"start":{"line":410,"column":27},"end":{"line":410,"column":39}},{"start":{"line":410,"column":39},"end":{"line":410,"column":42}}],"line":410},"57":{"loc":{"start":{"line":411,"column":27},"end":{"line":411,"column":42}},"type":"binary-expr","locations":[{"start":{"line":411,"column":27},"end":{"line":411,"column":39}},{"start":{"line":411,"column":39},"end":{"line":411,"column":42}}],"line":411},"58":{"loc":{"start":{"line":413,"column":2},"end":{"line":415,"column":null}},"type":"if","locations":[{"start":{"line":413,"column":2},"end":{"line":415,"column":null}},{"start":{},"end":{}}],"line":413}},"s":{"0":1,"1":1,"2":1,"3":0,"4":0,"5":0,"6":0,"7":0,"8":0,"9":0,"10":0,"11":0,"12":0,"13":0,"14":0,"15":0,"16":0,"17":0,"18":0,"19":0,"20":0,"21":0,"22":0,"23":0,"24":0,"25":0,"26":0,"27":0,"28":0,"29":0,"30":0,"31":0,"32":0,"33":0,"34":0,"35":0,"36":0,"37":0,"38":0,"39":0,"40":0,"41":0,"42":0,"43":0,"44":0,"45":0,"46":0,"47":0,"48":0,"49":0,"50":0,"51":0,"52":0,"53":0,"54":0,"55":0,"56":0,"57":0,"58":0,"59":0,"60":0,"61":0,"62":0,"63":0,"64":0,"65":0,"66":0,"67":0,"68":0,"69":0,"70":0,"71":0,"72":0,"73":0,"74":0,"75":0,"76":0,"77":0,"78":0,"79":0,"80":0,"81":0,"82":0,"83":0,"84":0,"85":0,"86":0,"87":0,"88":0,"89":0,"90":0,"91":0,"92":0,"93":0,"94":0,"95":0,"96":0,"97":0,"98":0,"99":0,"100":0,"101":0,"102":0,"103":0,"104":0,"105":0,"106":0,"107":0,"108":0,"109":0,"110":0,"111":0,"112":0,"113":0,"114":0,"115":0,"116":0,"117":0,"118":0,"119":0,"120":0,"121":0,"122":0,"123":0,"124":0,"125":0,"126":0,"127":0,"128":0,"129":0,"130":0,"131":0,"132":0,"133":0,"134":0,"135":0,"136":0,"137":0,"138":0,"139":0,"140":0,"141":0,"142":0,"143":0,"144":0,"145":0,"146":0,"147":0,"148":0,"149":0,"150":0,"151":0,"152":0,"153":0,"154":0,"155":0,"156":0,"157":0,"158":0,"159":0,"160":0,"161":0,"162":0,"163":0,"164":0,"165":0,"166":0,"167":0,"168":0,"169":0,"170":0,"171":0,"172":0,"173":0,"174":0,"175":0,"176":0,"177":0,"178":0,"179":0,"180":0,"181":0,"182":0},"f":{"0":0,"1":0,"2":0,"3":0,"4":0,"5":0,"6":0,"7":0,"8":0,"9":0,"10":0,"11":0,"12":0,"13":0,"14":0,"15":0,"16":0},"b":{"0":[0,0],"1":[0,0,0],"2":[0,0],"3":[0,0],"4":[0,0],"5":[0,0],"6":[0,0],"7":[0,0],"8":[0,0],"9":[0,0],"10":[0,0],"11":[0,0],"12":[0,0],"13":[0,0],"14":[0,0],"15":[0,0],"16":[0,0],"17":[0,0],"18":[0,0],"19":[0,0],"20":[0,0],"21":[0,0],"22":[0,0],"23":[0,0],"24":[0,0],"25":[0,0,0],"26":[0,0],"27":[0,0],"28":[0],"29":[0,0],"30":[0,0],"31":[0,0],"32":[0,0],"33":[0,0,0],"34":[0,0,0],"35":[0,0],"36":[0,0,0],"37":[0,0],"38":[0,0],"39":[0,0],"40":[0,0],"41":[0,0],"42":[0,0],"43":[0,0],"44":[0,0],"45":[0,0],"46":[0,0],"47":[0,0,0],"48":[0,0],"49":[0,0],"50":[0,0],"51":[0,0],"52":[0,0],"53":[0,0],"54":[0,0],"55":[0,0],"56":[0,0],"57":[0,0],"58":[0,0]},"meta":{"lastBranch":59,"lastFunction":17,"lastStatement":183,"seen":{"s:7:18:7:Infinity":0,"s:8:19:8:Infinity":1,"s:9:23:9:Infinity":2,"f:11:15:11:32":0,"b:12:2:14:Infinity:undefined:undefined:undefined:undefined":0,"s:12:2:14:Infinity":3,"b:12:6:12:28:12:28:12:70:12:70:12:143":1,"s:13:4:13:Infinity":4,"s:16:19:16:Infinity":5,"s:17:23:21:Infinity":6,"b:18:6:18:Infinity:19:6:21:Infinity":2,"b:20:6:20:Infinity:21:6:21:Infinity":3,"b:23:2:25:Infinity:undefined:undefined:undefined:undefined":4,"s:23:2:25:Infinity":7,"s:24:4:24:Infinity":8,"s:27:2:35:Infinity":9,"f:35:9:35:16":1,"s:35:16:35:26":10,"f:35:33:35:41":2,"s:35:41:35:56":11,"s:37:22:37:Infinity":12,"b:37:22:37:68:37:68:37:Infinity":5,"b:39:2:41:Infinity:undefined:undefined:undefined:undefined":6,"s:39:2:41:Infinity":13,"b:39:6:39:29:39:29:39:43":7,"s:40:4:40:Infinity":14,"s:42:2:42:Infinity":15,"f:45:22:45:51":3,"b:47:2:52:Infinity:undefined:undefined:undefined:undefined":8,"s:47:2:52:Infinity":16,"s:48:4:51:Infinity":17,"s:55:22:55:Infinity":18,"s:57:23:57:Infinity":19,"s:58:2:60:Infinity":20,"s:62:2:62:Infinity":21,"f:84:9:84:22":4,"s:85:14:85:Infinity":22,"s:86:14:86:Infinity":23,"s:87:2:87:Infinity":24,"f:90:9:90:19":5,"s:91:2:115:Infinity":25,"b:92:4:94:Infinity:undefined:undefined:undefined:undefined":9,"s:92:4:94:Infinity":26,"s:93:6:93:Infinity":27,"s:96:25:96:Infinity":28,"s:97:43:97:Infinity":29,"s:99:23:99:Infinity":30,"b:100:4:102:Infinity:undefined:undefined:undefined:undefined":10,"s:100:4:102:Infinity":31,"s:101:6:101:Infinity":32,"b:104:4:108:Infinity:undefined:undefined:undefined:undefined":11,"s:104:4:108:Infinity":33,"s:105:23:105:Infinity":34,"s:106:6:106:Infinity":35,"s:107:6:107:Infinity":36,"s:110:4:110:Infinity":37,"s:111:4:111:Infinity":38,"s:113:4:113:Infinity":39,"s:114:4:114:Infinity":40,"f:118:9:118:20":6,"s:119:2:145:Infinity":41,"b:120:4:122:Infinity:undefined:undefined:undefined:undefined":12,"s:120:4:122:Infinity":42,"s:121:6:121:Infinity":43,"s:125:41:125:Infinity":44,"b:126:4:133:Infinity:undefined:undefined:undefined:undefined":13,"s:126:4:133:Infinity":45,"s:127:6:132:Infinity":46,"s:128:25:128:Infinity":47,"s:129:8:129:Infinity":48,"s:131:8:131:Infinity":49,"s:136:4:139:Infinity":50,"s:141:4:141:Infinity":51,"s:142:4:142:Infinity":52,"s:144:4:144:Infinity":53,"f:148:15:148:42":7,"s:149:17:149:Infinity":54,"s:150:30:150:Infinity":55,"s:151:42:151:Infinity":56,"s:154:2:184:Infinity":57,"s:155:16:155:Infinity":58,"s:156:4:156:Infinity":59,"s:157:4:157:Infinity":60,"s:158:4:158:Infinity":61,"s:159:4:159:Infinity":62,"b:160:4:162:Infinity:undefined:undefined:undefined:undefined":14,"s:160:4:162:Infinity":63,"s:161:6:161:Infinity":64,"s:164:21:164:Infinity":65,"b:166:4:169:Infinity:undefined:undefined:undefined:undefined":15,"s:166:4:169:Infinity":66,"s:167:20:167:Infinity":67,"s:168:6:168:Infinity":68,"s:171:17:171:Infinity":69,"b:173:4:175:Infinity:undefined:undefined:undefined:undefined":16,"s:173:4:175:Infinity":70,"b:173:8:173:23:173:23:173:48":17,"s:174:6:174:Infinity":71,"s:177:21:179:Infinity":72,"f:178:11:178:12":8,"s:178:26:178:54":73,"s:181:4:181:Infinity":74,"s:182:4:182:Infinity":75,"b:186:2:188:Infinity:undefined:undefined:undefined:undefined":18,"s:186:2:188:Infinity":76,"s:187:4:187:Infinity":77,"s:191:33:191:Infinity":78,"s:192:2:234:Infinity":79,"s:192:15:192:18":80,"s:193:21:193:Infinity":81,"s:195:16:195:Infinity":82,"s:196:4:196:Infinity":83,"s:197:4:197:Infinity":84,"s:198:4:198:Infinity":85,"s:200:21:200:Infinity":86,"b:202:4:205:Infinity:undefined:undefined:undefined:undefined":19,"s:202:4:205:Infinity":87,"s:203:20:203:Infinity":88,"s:204:6:204:Infinity":89,"s:207:17:207:Infinity":90,"s:209:10:231:Infinity":91,"b:209:33:209:47:209:47:209:51":20,"f:209:55:209:56":9,"s:210:22:210:Infinity":92,"s:211:25:211:Infinity":93,"s:212:29:212:Infinity":94,"s:214:24:216:Infinity":95,"b:215:10:215:Infinity:216:10:216:Infinity":21,"s:218:23:220:Infinity":96,"b:219:10:219:Infinity:220:10:220:Infinity":22,"s:222:6:230:Infinity":97,"b:223:12:223:24:223:24:223:Infinity":23,"b:224:15:224:33:224:33:224:Infinity":24,"b:225:19:225:53:225:53:225:90:225:90:225:Infinity":25,"b:227:21:227:45:227:45:227:Infinity":26,"b:229:21:229:45:229:45:229:Infinity":27,"s:233:4:233:Infinity":98,"s:237:2:241:Infinity":99,"f:237:17:237:18":10,"s:238:18:238:Infinity":100,"s:239:18:239:Infinity":101,"s:240:4:240:Infinity":102,"s:244:2:244:Infinity":103,"s:246:2:246:Infinity":104,"f:250:22:250:40":11,"b:250:81:250:109":28,"s:252:23:252:Infinity":105,"b:253:2:255:Infinity:undefined:undefined:undefined:undefined":29,"s:253:2:255:Infinity":106,"s:254:4:254:Infinity":107,"s:258:2:393:Infinity":108,"b:260:4:282:Infinity:undefined:undefined:undefined:undefined":30,"s:260:4:282:Infinity":109,"s:261:6:281:Infinity":110,"s:262:8:262:Infinity":111,"s:264:25:264:Infinity":112,"b:264:25:264:60:264:60:264:Infinity":31,"b:266:8:280:Infinity:278:15:280:Infinity":32,"s:266:8:280:Infinity":113,"b:266:12:266:44:266:44:266:98:266:98:266:128":33,"s:267:10:267:Infinity":114,"s:270:34:271:Infinity":115,"b:270:34:270:Infinity:271:13:271:42:271:42:271:Infinity":34,"b:273:10:277:Infinity:undefined:undefined:undefined:undefined":35,"s:273:10:277:Infinity":116,"s:274:12:274:Infinity":117,"s:275:12:275:Infinity":118,"s:276:12:276:Infinity":119,"s:279:10:279:Infinity":120,"s:285:28:286:Infinity":121,"b:285:28:285:Infinity:286:7:286:36:286:36:286:Infinity":36,"b:288:4:291:Infinity:undefined:undefined:undefined:undefined":37,"s:288:4:291:Infinity":122,"b:288:8:288:28:288:28:288:58":38,"s:289:6:289:Infinity":123,"s:290:6:290:Infinity":124,"s:293:20:293:Infinity":125,"s:295:32:295:Infinity":126,"s:296:44:296:Infinity":127,"s:299:4:318:Infinity":128,"s:300:23:305:Infinity":129,"b:307:6:309:Infinity:undefined:undefined:undefined:undefined":39,"s:307:6:309:Infinity":130,"b:307:10:307:34:307:34:307:68":40,"s:308:8:308:Infinity":131,"s:311:23:313:Infinity":132,"f:312:13:312:14":12,"s:312:28:312:56":133,"s:315:6:315:Infinity":134,"s:316:6:316:Infinity":135,"b:320:4:322:Infinity:undefined:undefined:undefined:undefined":41,"s:320:4:322:Infinity":136,"s:321:6:321:Infinity":137,"s:325:35:325:Infinity":138,"s:326:4:359:Infinity":139,"s:326:17:326:20":140,"s:327:23:327:Infinity":141,"s:329:29:332:Infinity":142,"s:334:12:356:Infinity":143,"b:334:35:334:64:334:64:334:68":42,"f:334:72:334:73":13,"s:335:24:335:Infinity":144,"s:336:27:336:Infinity":145,"s:337:31:337:Infinity":146,"s:339:26:341:Infinity":147,"b:340:12:340:Infinity:341:12:341:Infinity":43,"s:343:25:345:Infinity":148,"b:344:12:344:Infinity:345:12:345:Infinity":44,"s:347:8:355:Infinity":149,"b:348:14:348:26:348:26:348:Infinity":45,"b:349:17:349:35:349:35:349:Infinity":46,"b:350:21:350:55:350:55:350:92:350:92:350:Infinity":47,"b:352:23:352:47:352:47:352:Infinity":48,"b:354:23:354:47:354:47:354:Infinity":49,"s:358:6:358:Infinity":150,"s:362:4:366:Infinity":151,"f:362:19:362:20":14,"s:363:20:363:Infinity":152,"s:364:20:364:Infinity":153,"s:365:6:365:Infinity":154,"s:369:4:369:Infinity":155,"s:371:4:371:Infinity":156,"s:373:4:373:Infinity":157,"s:376:4:388:Infinity":158,"b:377:6:385:Infinity:undefined:undefined:undefined:undefined":50,"s:377:6:385:Infinity":159,"s:378:29:378:Infinity":160,"s:379:47:379:Infinity":161,"s:380:27:380:Infinity":162,"b:381:8:384:Infinity:undefined:undefined:undefined:undefined":51,"s:381:8:384:Infinity":163,"s:382:10:382:Infinity":164,"s:383:10:383:Infinity":165,"s:387:6:387:Infinity":166,"s:391:4:391:Infinity":167,"s:392:4:392:Infinity":168,"f:396:9:396:25":15,"b:397:2:401:Infinity:399:2:401:Infinity":52,"s:397:2:401:Infinity":169,"s:398:4:398:Infinity":170,"b:399:2:401:Infinity:undefined:undefined:undefined:undefined":53,"s:399:2:401:Infinity":171,"s:400:4:400:Infinity":172,"s:402:2:402:Infinity":173,"f:405:9:405:24":16,"s:406:16:406:Infinity":174,"b:407:2:407:Infinity:undefined:undefined:undefined:undefined":54,"s:407:2:407:Infinity":175,"s:407:14:407:Infinity":176,"s:409:16:409:Infinity":177,"b:409:25:409:37:409:37:409:40":55,"s:410:18:410:Infinity":178,"b:410:27:410:39:410:39:410:42":56,"s:411:18:411:Infinity":179,"b:411:27:411:39:411:39:411:42":57,"b:413:2:415:Infinity:undefined:undefined:undefined:undefined":58,"s:413:2:415:Infinity":180,"s:414:4:414:Infinity":181,"s:416:2:416:Infinity":182}}},"C:\\Users\\Preston\\git\\toa-website\\client\\src\\App.tsx":{"path":"C:\\Users\\Preston\\git\\toa-website\\client\\src\\App.tsx","statementMap":{"0":{"start":{"line":17,"column":17},"end":{"line":17,"column":null}},"1":{"start":{"line":19,"column":2},"end":{"line":21,"column":null}},"2":{"start":{"line":20,"column":4},"end":{"line":20,"column":null}},"3":{"start":{"line":23,"column":2},"end":{"line":23,"column":null}},"4":{"start":{"line":27,"column":2},"end":{"line":40,"column":null}},"5":{"start":{"line":45,"column":2},"end":{"line":51,"column":null}}},"fnMap":{"0":{"name":"ScrollToTop","decl":{"start":{"line":16,"column":9},"end":{"line":16,"column":23}},"loc":{"start":{"line":16,"column":23},"end":{"line":24,"column":null}},"line":16},"1":{"name":"(anonymous_1)","decl":{"start":{"line":19,"column":12},"end":{"line":19,"column":18}},"loc":{"start":{"line":19,"column":18},"end":{"line":21,"column":5}},"line":19},"2":{"name":"Router","decl":{"start":{"line":26,"column":9},"end":{"line":26,"column":18}},"loc":{"start":{"line":26,"column":18},"end":{"line":42,"column":null}},"line":26},"3":{"name":"App","decl":{"start":{"line":44,"column":9},"end":{"line":44,"column":15}},"loc":{"start":{"line":44,"column":15},"end":{"line":53,"column":null}},"line":44}},"branchMap":{},"s":{"0":0,"1":0,"2":0,"3":0,"4":0,"5":0},"f":{"0":0,"1":0,"2":0,"3":0},"b":{},"meta":{"lastBranch":0,"lastFunction":4,"lastStatement":6,"seen":{"f:16:9:16:23":0,"s:17:17:17:Infinity":0,"s:19:2:21:Infinity":1,"f:19:12:19:18":1,"s:20:4:20:Infinity":2,"s:23:2:23:Infinity":3,"f:26:9:26:18":2,"s:27:2:40:Infinity":4,"f:44:9:44:15":3,"s:45:2:51:Infinity":5}}}}}