{"numTotalTestSuites":14,"numPassedTestSuites":14,"numFailedTestSuites":0,"numPendingTestSuites":0,"numTotalTests":19,"numPassedTests":19,"numFailedTests":0,"numPendingTests":0,"numTodoTests":0,"snapshot":{"added":0,"failure":false,"filesAdded":0,"filesRemoved":0,"filesRemovedList":[],"filesUnmatched":0,"filesUpdated":0,"matched":0,"total":0,"unchecked":0,"uncheckedKeysByFile":[],"unmatched":0,"updated":0,"didUpdate":false},"startTime":1767225736712,"success":true,"testResults":[{"assertionResults":[{"ancestorTitles":["API Contract Tests","YouTube API Contract"],"fullName":"API Contract Tests YouTube API Contract should return array of videos with required fields","status":"passed","title":"should return array of videos with required fields","duration":24.13449999999989,"failureMessages":[],"location":{"line":40,"column":5},"meta":{}},{"ancestorTitles":["API Contract Tests","YouTube API Contract"],"fullName":"API Contract Tests YouTube API Contract should validate playlist ID format","status":"passed","title":"should validate playlist ID format","duration":5.538299999999936,"failureMessages":[],"location":{"line":70,"column":5},"meta":{}},{"ancestorTitles":["API Contract Tests","YouTube API Contract"],"fullName":"API Contract Tests YouTube API Contract should validate maxResults parameter","status":"passed","title":"should validate maxResults parameter","duration":4.179200000000037,"failureMessages":[],"location":{"line":78,"column":5},"meta":{}},{"ancestorTitles":["API Contract Tests","Error Response Contract"],"fullName":"API Contract Tests Error Response Contract should return consistent error format for invalid requests","status":"passed","title":"should return consistent error format for invalid requests","duration":4.909599999999955,"failureMessages":[],"location":{"line":88,"column":5},"meta":{}},{"ancestorTitles":["API Contract Tests","Backward Compatibility"],"fullName":"API Contract Tests Backward Compatibility should maintain field names","status":"passed","title":"should maintain field names","duration":6.517699999999877,"failureMessages":[],"location":{"line":99,"column":5},"meta":{}}],"startTime":1767225738459,"endTime":1767225738504.5176,"status":"passed","message":"","name":"C:/Users/Preston/git/toa-website/test/contract/api.contract.test.ts"},{"assertionResults":[{"ancestorTitles":["YouTube Service Contract","Video Object Contract"],"fullName":"YouTube Service Contract Video Object Contract should return videos with all required fields","status":"passed","title":"should return videos with all required fields","duration":2.101799999999912,"failureMessages":[],"location":{"line":41,"column":5},"meta":{}},{"ancestorTitles":["YouTube Service Contract","Video Object Contract"],"fullName":"YouTube Service Contract Video Object Contract should format URLs correctly","status":"passed","title":"should format URLs correctly","duration":0.5781999999999243,"failureMessages":[],"location":{"line":63,"column":5},"meta":{}},{"ancestorTitles":["YouTube Service Contract","Video Object Contract"],"fullName":"YouTube Service Contract Video Object Contract should have valid ISO 8601 dates","status":"passed","title":"should have valid ISO 8601 dates","duration":1.8940000000002328,"failureMessages":[],"location":{"line":72,"column":5},"meta":{}},{"ancestorTitles":["YouTube Service Contract","Video Object Contract"],"fullName":"YouTube Service Contract Video Object Contract should maintain backward compatibility with field names","status":"passed","title":"should maintain backward compatibility with field names","duration":0.830199999999877,"failureMessages":[],"location":{"line":82,"column":5},"meta":{}},{"ancestorTitles":["YouTube Service Contract","Type Safety Contract"],"fullName":"YouTube Service Contract Type Safety Contract should match VideoItem interface","status":"passed","title":"should match VideoItem interface","duration":0.8270999999999731,"failureMessages":[],"location":{"line":96,"column":5},"meta":{}}],"startTime":1767225739246,"endTime":1767225739251.8271,"status":"passed","message":"","name":"C:/Users/Preston/git/toa-website/test/contract/youtube.contract.test.ts"},{"assertionResults":[{"ancestorTitles":["YouTube API Contract Tests","PlaylistItems Endpoint"],"fullName":"YouTube API Contract Tests PlaylistItems Endpoint returns correct structure for playlistItems","status":"passed","title":"returns correct structure for playlistItems","duration":11.118400000000065,"failureMessages":[],"location":{"line":23,"column":5},"meta":{}},{"ancestorTitles":["YouTube API Contract Tests","PlaylistItems Endpoint"],"fullName":"YouTube API Contract Tests PlaylistItems Endpoint handles pagination with nextPageToken","status":"passed","title":"handles pagination with nextPageToken","duration":2.936300000000074,"failureMessages":[],"location":{"line":109,"column":5},"meta":{}},{"ancestorTitles":["YouTube API Contract Tests","PlaylistItems Endpoint"],"fullName":"YouTube API Contract Tests PlaylistItems Endpoint handles 403 Forbidden (API key invalid)","status":"passed","title":"handles 403 Forbidden (API key invalid)","duration":1.125099999999975,"failureMessages":[],"location":{"line":156,"column":5},"meta":{}},{"ancestorTitles":["YouTube API Contract Tests","PlaylistItems Endpoint"],"fullName":"YouTube API Contract Tests PlaylistItems Endpoint handles 429 Rate Limit Exceeded","status":"passed","title":"handles 429 Rate Limit Exceeded","duration":1.149900000000116,"failureMessages":[],"location":{"line":191,"column":5},"meta":{}},{"ancestorTitles":["YouTube API Contract Tests","PlaylistItems Endpoint"],"fullName":"YouTube API Contract Tests PlaylistItems Endpoint handles 404 Not Found (playlist does not exist)","status":"passed","title":"handles 404 Not Found (playlist does not exist)","duration":0.9980000000000473,"failureMessages":[],"location":{"line":226,"column":5},"meta":{}},{"ancestorTitles":["YouTube API Contract Tests","Videos Endpoint"],"fullName":"YouTube API Contract Tests Videos Endpoint returns correct structure for videos","status":"passed","title":"returns correct structure for videos","duration":1.20049999999992,"failureMessages":[],"location":{"line":261,"column":5},"meta":{}},{"ancestorTitles":["YouTube API Contract Tests","Videos Endpoint"],"fullName":"YouTube API Contract Tests Videos Endpoint handles batch video requests","status":"passed","title":"handles batch video requests","duration":1.7133000000001175,"failureMessages":[],"location":{"line":323,"column":5},"meta":{}},{"ancestorTitles":["YouTube API Contract Tests","Videos Endpoint"],"fullName":"YouTube API Contract Tests Videos Endpoint handles missing optional fields gracefully","status":"passed","title":"handles missing optional fields gracefully","duration":1.044399999999996,"failureMessages":[],"location":{"line":358,"column":5},"meta":{}},{"ancestorTitles":["YouTube API Contract Tests","API Error Response Format"],"fullName":"YouTube API Contract Tests API Error Response Format all errors follow consistent structure","status":"passed","title":"all errors follow consistent structure","duration":6.318499999999858,"failureMessages":[],"location":{"line":396,"column":5},"meta":{}}],"startTime":1767225738065,"endTime":1767225738093.3186,"status":"passed","message":"","name":"C:/Users/Preston/git/toa-website/test/contracts/youtube-api.contract.test.ts"}]}