{"numTotalTestSuites":176,"numPassedTestSuites":176,"numFailedTestSuites":0,"numPendingTestSuites":0,"numTotalTests":439,"numPassedTests":421,"numFailedTests":0,"numPendingTests":18,"numTodoTests":0,"snapshot":{"added":0,"failure":false,"filesAdded":0,"filesRemoved":0,"filesRemovedList":[],"filesUnmatched":0,"filesUpdated":0,"matched":19,"total":19,"unchecked":0,"uncheckedKeysByFile":[],"unmatched":0,"updated":0,"didUpdate":false},"startTime":1767338022425,"success":true,"testResults":[{"assertionResults":[{"ancestorTitles":["Generic Cache Behavior","Cache File Operations"],"fullName":"Generic Cache Behavior Cache File Operations should create cache directory if it does not exist","status":"passed","title":"should create cache directory if it does not exist","duration":5.224899999999707,"failureMessages":[],"location":{"line":31,"column":5},"meta":{}},{"ancestorTitles":["Generic Cache Behavior","Cache File Operations"],"fullName":"Generic Cache Behavior Cache File Operations should write valid JSON to cache file","status":"passed","title":"should write valid JSON to cache file","duration":15.661799999999857,"failureMessages":[],"location":{"line":39,"column":5},"meta":{}},{"ancestorTitles":["Generic Cache Behavior","Cache File Operations"],"fullName":"Generic Cache Behavior Cache File Operations should read existing cache file","status":"passed","title":"should read existing cache file","duration":11.169200000000274,"failureMessages":[],"location":{"line":54,"column":5},"meta":{}},{"ancestorTitles":["Generic Cache Behavior","Cache File Operations"],"fullName":"Generic Cache Behavior Cache File Operations should handle non-existent cache file gracefully","status":"passed","title":"should handle non-existent cache file gracefully","duration":0.7683999999999287,"failureMessages":[],"location":{"line":64,"column":5},"meta":{}},{"ancestorTitles":["Generic Cache Behavior","Cache File Operations"],"fullName":"Generic Cache Behavior Cache File Operations should overwrite existing cache file","status":"passed","title":"should overwrite existing cache file","duration":5.201599999999871,"failureMessages":[],"location":{"line":68,"column":5},"meta":{}},{"ancestorTitles":["Generic Cache Behavior","Cache File Operations"],"fullName":"Generic Cache Behavior Cache File Operations should merge cache entries instead of overwriting","status":"passed","title":"should merge cache entries instead of overwriting","duration":5.578399999999874,"failureMessages":[],"location":{"line":81,"column":5},"meta":{}},{"ancestorTitles":["Generic Cache Behavior","Cache Expiration Logic"],"fullName":"Generic Cache Behavior Cache Expiration Logic should correctly calculate cache age","status":"passed","title":"should correctly calculate cache age","duration":0.6350999999999658,"failureMessages":[],"location":{"line":99,"column":5},"meta":{}},{"ancestorTitles":["Generic Cache Behavior","Cache Expiration Logic"],"fullName":"Generic Cache Behavior Cache Expiration Logic should validate fresh cache (within duration)","status":"passed","title":"should validate fresh cache (within duration)","duration":0.56670000000031,"failureMessages":[],"location":{"line":111,"column":5},"meta":{}},{"ancestorTitles":["Generic Cache Behavior","Cache Expiration Logic"],"fullName":"Generic Cache Behavior Cache Expiration Logic should invalidate expired cache (beyond duration)","status":"passed","title":"should invalidate expired cache (beyond duration)","duration":0.5030000000001564,"failureMessages":[],"location":{"line":122,"column":5},"meta":{}},{"ancestorTitles":["Generic Cache Behavior","Cache Expiration Logic"],"fullName":"Generic Cache Behavior Cache Expiration Logic should handle boundary condition (exactly at duration)","status":"passed","title":"should handle boundary condition (exactly at duration)","duration":0.54950000000008,"failureMessages":[],"location":{"line":133,"column":5},"meta":{}},{"ancestorTitles":["Generic Cache Behavior","Cache Expiration Logic"],"fullName":"Generic Cache Behavior Cache Expiration Logic should calculate age in different units","status":"passed","title":"should calculate age in different units","duration":0.5805000000000291,"failureMessages":[],"location":{"line":144,"column":5},"meta":{}},{"ancestorTitles":["Generic Cache Behavior","Cache Data Integrity"],"fullName":"Generic Cache Behavior Cache Data Integrity should preserve data types when caching","status":"passed","title":"should preserve data types when caching","duration":4.410399999999754,"failureMessages":[],"location":{"line":160,"column":5},"meta":{}},{"ancestorTitles":["Generic Cache Behavior","Cache Data Integrity"],"fullName":"Generic Cache Behavior Cache Data Integrity should handle special characters in cached strings","status":"passed","title":"should handle special characters in cached strings","duration":5.215799999999945,"failureMessages":[],"location":{"line":183,"column":5},"meta":{}},{"ancestorTitles":["Generic Cache Behavior","Cache Data Integrity"],"fullName":"Generic Cache Behavior Cache Data Integrity should handle large cache entries","status":"passed","title":"should handle large cache entries","duration":29.363000000000284,"failureMessages":[],"location":{"line":197,"column":5},"meta":{}},{"ancestorTitles":["Generic Cache Behavior","Error Handling"],"fullName":"Generic Cache Behavior Error Handling should handle corrupted JSON gracefully","status":"passed","title":"should handle corrupted JSON gracefully","duration":4.3429000000001,"failureMessages":[],"location":{"line":214,"column":5},"meta":{}},{"ancestorTitles":["Generic Cache Behavior","Error Handling"],"fullName":"Generic Cache Behavior Error Handling should handle empty cache file","status":"passed","title":"should handle empty cache file","duration":2.5845000000003893,"failureMessages":[],"location":{"line":223,"column":5},"meta":{}},{"ancestorTitles":["Generic Cache Behavior","Error Handling"],"fullName":"Generic Cache Behavior Error Handling should handle invalid UTF-8 encoding","status":"passed","title":"should handle invalid UTF-8 encoding","duration":3.199999999999818,"failureMessages":[],"location":{"line":232,"column":5},"meta":{}},{"ancestorTitles":["Generic Cache Behavior","Concurrency Considerations"],"fullName":"Generic Cache Behavior Concurrency Considerations should handle multiple sequential writes","status":"passed","title":"should handle multiple sequential writes","duration":90.9395999999997,"failureMessages":[],"location":{"line":249,"column":5},"meta":{}},{"ancestorTitles":["Generic Cache Behavior","Concurrency Considerations"],"fullName":"Generic Cache Behavior Concurrency Considerations should read the most recent write","status":"passed","title":"should read the most recent write","duration":8.0628999999999,"failureMessages":[],"location":{"line":262,"column":5},"meta":{}},{"ancestorTitles":["Generic Cache Behavior","Cache Strategies"],"fullName":"Generic Cache Behavior Cache Strategies should implement read-through caching pattern","status":"passed","title":"should implement read-through caching pattern","duration":19.81970000000001,"failureMessages":[],"location":{"line":278,"column":5},"meta":{}},{"ancestorTitles":["Generic Cache Behavior","Cache Strategies"],"fullName":"Generic Cache Behavior Cache Strategies should implement write-through caching pattern","status":"passed","title":"should implement write-through caching pattern","duration":30.685899999999947,"failureMessages":[],"location":{"line":314,"column":5},"meta":{}}],"startTime":1767338024974,"endTime":1767338025220.6858,"status":"passed","message":"","name":"C:/Users/Preston/git/toa-website/test/cache.test.ts"},{"assertionResults":[{"ancestorTitles":["YouTube Client Library"],"fullName":"YouTube Client Library should export getPlaylistVideosClient function","status":"passed","title":"should export getPlaylistVideosClient function","duration":172.28639999999996,"failureMessages":[],"location":{"line":7,"column":3},"meta":{}},{"ancestorTitles":["YouTube Client Library"],"fullName":"YouTube Client Library should handle API errors gracefully","status":"passed","title":"should handle API errors gracefully","duration":4.146900000000187,"failureMessages":[],"location":{"line":14,"column":3},"meta":{}},{"ancestorTitles":["YouTube Client Library"],"fullName":"YouTube Client Library should format durations correctly","status":"passed","title":"should format durations correctly","duration":1.136700000000019,"failureMessages":[],"location":{"line":24,"column":3},"meta":{}},{"ancestorTitles":["Structured Data Library"],"fullName":"Structured Data Library should generate valid organization schema","status":"passed","title":"should generate valid organization schema","duration":67.95010000000002,"failureMessages":[],"location":{"line":60,"column":3},"meta":{}},{"ancestorTitles":["Structured Data Library"],"fullName":"Structured Data Library should generate valid website schema","status":"passed","title":"should generate valid website schema","duration":0.6651999999999134,"failureMessages":[],"location":{"line":69,"column":3},"meta":{}},{"ancestorTitles":["Structured Data Library"],"fullName":"Structured Data Library should generate valid breadcrumb schema","status":"passed","title":"should generate valid breadcrumb schema","duration":1.5325000000002547,"failureMessages":[],"location":{"line":77,"column":3},"meta":{}}],"startTime":1767338024842,"endTime":1767338025090.5325,"status":"passed","message":"","name":"C:/Users/Preston/git/toa-website/test/client-libs.test.ts"},{"assertionResults":[{"ancestorTitles":["Environment Validator"],"fullName":"Environment Validator should pass validation with all required variables set","status":"passed","title":"should pass validation with all required variables set","duration":5.91560000000004,"failureMessages":[],"location":{"line":18,"column":3},"meta":{}},{"ancestorTitles":["Environment Validator"],"fullName":"Environment Validator should warn about missing optional API keys","status":"passed","title":"should warn about missing optional API keys","duration":0.5794000000000779,"failureMessages":[],"location":{"line":27,"column":3},"meta":{}},{"ancestorTitles":["Environment Validator"],"fullName":"Environment Validator should not fail when optional variables are missing","status":"passed","title":"should not fail when optional variables are missing","duration":1.5760000000000218,"failureMessages":[],"location":{"line":38,"column":3},"meta":{}}],"startTime":1767338029343,"endTime":1767338029350.576,"status":"passed","message":"","name":"C:/Users/Preston/git/toa-website/test/env-validator.test.ts"},{"assertionResults":[{"ancestorTitles":["Health Check Endpoint","Basic Health Check"],"fullName":"Health Check Endpoint Basic Health Check should return 200 OK with healthy status","status":"passed","title":"should return 200 OK with healthy status","duration":47.784799999999905,"failureMessages":[],"location":{"line":16,"column":5},"meta":{}},{"ancestorTitles":["Health Check Endpoint","Basic Health Check"],"fullName":"Health Check Endpoint Basic Health Check should include service name and environment","status":"passed","title":"should include service name and environment","duration":78.38379999999961,"failureMessages":[],"location":{"line":29,"column":5},"meta":{}},{"ancestorTitles":["Health Check Endpoint","Basic Health Check"],"fullName":"Health Check Endpoint Basic Health Check should return uptime greater than 0","status":"passed","title":"should return uptime greater than 0","duration":208.308,"failureMessages":[],"location":{"line":36,"column":5},"meta":{}},{"ancestorTitles":["Health Check Endpoint","Basic Health Check"],"fullName":"Health Check Endpoint Basic Health Check should include version information","status":"passed","title":"should include version information","duration":19.227499999999964,"failureMessages":[],"location":{"line":42,"column":5},"meta":{}},{"ancestorTitles":["Health Check Endpoint","Detailed Health Check"],"fullName":"Health Check Endpoint Detailed Health Check should return detailed checks","status":"passed","title":"should return detailed checks","duration":15.852499999999964,"failureMessages":[],"location":{"line":51,"column":5},"meta":{}},{"ancestorTitles":["Health Check Endpoint","Detailed Health Check"],"fullName":"Health Check Endpoint Detailed Health Check should include memory usage in check","status":"passed","title":"should include memory usage in check","duration":11.865999999999985,"failureMessages":[],"location":{"line":59,"column":5},"meta":{}},{"ancestorTitles":["Health Check Endpoint","Detailed Health Check"],"fullName":"Health Check Endpoint Detailed Health Check should include storage connectivity check","status":"passed","title":"should include storage connectivity check","duration":22.2820999999999,"failureMessages":[],"location":{"line":70,"column":5},"meta":{}},{"ancestorTitles":["Health Check Endpoint","Detailed Health Check"],"fullName":"Health Check Endpoint Detailed Health Check should include cache status check","status":"passed","title":"should include cache status check","duration":13.08030000000008,"failureMessages":[],"location":{"line":79,"column":5},"meta":{}},{"ancestorTitles":["Health Check Endpoint","Health Status Degradation"],"fullName":"Health Check Endpoint Health Status Degradation should report degraded status when memory usage is high","status":"passed","title":"should report degraded status when memory usage is high","duration":23.441800000000057,"failureMessages":[],"location":{"line":90,"column":5},"meta":{}},{"ancestorTitles":["Health Check Endpoint","Health Status Degradation"],"fullName":"Health Check Endpoint Health Status Degradation should return 200 or 503 based on overall health","status":"passed","title":"should return 200 or 503 based on overall health","duration":12.33620000000019,"failureMessages":[],"location":{"line":109,"column":5},"meta":{}},{"ancestorTitles":["Health Check Endpoint","Performance"],"fullName":"Health Check Endpoint Performance should respond in less than 100ms","status":"passed","title":"should respond in less than 100ms","duration":26.93080000000009,"failureMessages":[],"location":{"line":121,"column":5},"meta":{}},{"ancestorTitles":["Health Check Endpoint","Performance"],"fullName":"Health Check Endpoint Performance should handle concurrent requests","status":"passed","title":"should handle concurrent requests","duration":76.10210000000006,"failureMessages":[],"location":{"line":129,"column":5},"meta":{}},{"ancestorTitles":["Health Check Endpoint","Response Headers"],"fullName":"Health Check Endpoint Response Headers should return JSON content type","status":"passed","title":"should return JSON content type","duration":15.621000000000095,"failureMessages":[],"location":{"line":144,"column":5},"meta":{}}],"startTime":1767338025733,"endTime":1767338026305.621,"status":"passed","message":"","name":"C:/Users/Preston/git/toa-website/test/health-check.test.ts"},{"assertionResults":[{"ancestorTitles":["LatestShorts"],"fullName":"LatestShorts should display section title","status":"passed","title":"should display section title","duration":76.02430000000004,"failureMessages":[],"location":{"line":30,"column":3},"meta":{}},{"ancestorTitles":["LatestShorts"],"fullName":"LatestShorts should show configuration message when no channel ID provided","status":"passed","title":"should show configuration message when no channel ID provided","duration":5.753200000000106,"failureMessages":[],"location":{"line":35,"column":3},"meta":{}},{"ancestorTitles":["LatestShorts"],"fullName":"LatestShorts should render without crashing with channel ID","status":"passed","title":"should render without crashing with channel ID","duration":8.795599999999922,"failureMessages":[],"location":{"line":40,"column":3},"meta":{}}],"startTime":1767338025407,"endTime":1767338025497.7957,"status":"passed","message":"","name":"C:/Users/Preston/git/toa-website/test/latest-shorts.test.tsx"},{"assertionResults":[{"ancestorTitles":["MetricsCache","Basic Operations"],"fullName":"MetricsCache Basic Operations should store and retrieve values","status":"passed","title":"should store and retrieve values","duration":2.694800000000214,"failureMessages":[],"location":{"line":15,"column":5},"meta":{}},{"ancestorTitles":["MetricsCache","Basic Operations"],"fullName":"MetricsCache Basic Operations should return undefined for non-existent keys","status":"passed","title":"should return undefined for non-existent keys","duration":0.4562999999998283,"failureMessages":[],"location":{"line":20,"column":5},"meta":{}},{"ancestorTitles":["MetricsCache","Basic Operations"],"fullName":"MetricsCache Basic Operations should delete values","status":"passed","title":"should delete values","duration":0.47359999999980573,"failureMessages":[],"location":{"line":24,"column":5},"meta":{}},{"ancestorTitles":["MetricsCache","Basic Operations"],"fullName":"MetricsCache Basic Operations should check if key exists","status":"passed","title":"should check if key exists","duration":0.2863000000002103,"failureMessages":[],"location":{"line":30,"column":5},"meta":{}},{"ancestorTitles":["MetricsCache","Basic Operations"],"fullName":"MetricsCache Basic Operations should clear all entries","status":"passed","title":"should clear all entries","duration":0.3449000000000524,"failureMessages":[],"location":{"line":36,"column":5},"meta":{}},{"ancestorTitles":["MetricsCache","Basic Operations"],"fullName":"MetricsCache Basic Operations should return cache size","status":"passed","title":"should return cache size","duration":0.20669999999972788,"failureMessages":[],"location":{"line":43,"column":5},"meta":{}},{"ancestorTitles":["MetricsCache","TTL Expiration"],"fullName":"MetricsCache TTL Expiration should expire entries after TTL","status":"passed","title":"should expire entries after TTL","duration":153.33989999999994,"failureMessages":[],"location":{"line":51,"column":5},"meta":{}},{"ancestorTitles":["MetricsCache","TTL Expiration"],"fullName":"MetricsCache TTL Expiration should use default TTL","status":"passed","title":"should use default TTL","duration":151.6286,"failureMessages":[],"location":{"line":61,"column":5},"meta":{}},{"ancestorTitles":["MetricsCache","TTL Expiration"],"fullName":"MetricsCache TTL Expiration should remove expired entries on has check","status":"passed","title":"should remove expired entries on has check","duration":153.17669999999998,"failureMessages":[],"location":{"line":72,"column":5},"meta":{}},{"ancestorTitles":["MetricsCache","TTL Expiration"],"fullName":"MetricsCache TTL Expiration should clean expired entries on size calculation","status":"passed","title":"should clean expired entries on size calculation","duration":152.83390000000009,"failureMessages":[],"location":{"line":82,"column":5},"meta":{}},{"ancestorTitles":["MetricsCache","Metrics Tracking"],"fullName":"MetricsCache Metrics Tracking should track cache hits","status":"passed","title":"should track cache hits","duration":0.5217999999999847,"failureMessages":[],"location":{"line":95,"column":5},"meta":{}},{"ancestorTitles":["MetricsCache","Metrics Tracking"],"fullName":"MetricsCache Metrics Tracking should track cache misses","status":"passed","title":"should track cache misses","duration":0.3105000000000473,"failureMessages":[],"location":{"line":104,"column":5},"meta":{}},{"ancestorTitles":["MetricsCache","Metrics Tracking"],"fullName":"MetricsCache Metrics Tracking should track cache sets","status":"passed","title":"should track cache sets","duration":0.3488000000002103,"failureMessages":[],"location":{"line":112,"column":5},"meta":{}},{"ancestorTitles":["MetricsCache","Metrics Tracking"],"fullName":"MetricsCache Metrics Tracking should track cache deletes","status":"passed","title":"should track cache deletes","duration":0.21920000000000073,"failureMessages":[],"location":{"line":120,"column":5},"meta":{}},{"ancestorTitles":["MetricsCache","Metrics Tracking"],"fullName":"MetricsCache Metrics Tracking should track deletes on clear","status":"passed","title":"should track deletes on clear","duration":0.20979999999963184,"failureMessages":[],"location":{"line":128,"column":5},"meta":{}},{"ancestorTitles":["MetricsCache","Metrics Tracking"],"fullName":"MetricsCache Metrics Tracking should calculate cache hit rate","status":"passed","title":"should calculate cache hit rate","duration":0.34920000000010987,"failureMessages":[],"location":{"line":138,"column":5},"meta":{}},{"ancestorTitles":["MetricsCache","Metrics Tracking"],"fullName":"MetricsCache Metrics Tracking should track misses for expired entries","status":"passed","title":"should track misses for expired entries","duration":152.56820000000016,"failureMessages":[],"location":{"line":148,"column":5},"meta":{}},{"ancestorTitles":["MetricsCache","Data Types"],"fullName":"MetricsCache Data Types should handle strings","status":"passed","title":"should handle strings","duration":0.3829000000000633,"failureMessages":[],"location":{"line":162,"column":5},"meta":{}},{"ancestorTitles":["MetricsCache","Data Types"],"fullName":"MetricsCache Data Types should handle numbers","status":"passed","title":"should handle numbers","duration":0.2588999999998123,"failureMessages":[],"location":{"line":167,"column":5},"meta":{}},{"ancestorTitles":["MetricsCache","Data Types"],"fullName":"MetricsCache Data Types should handle objects","status":"passed","title":"should handle objects","duration":1.2468000000003485,"failureMessages":[],"location":{"line":172,"column":5},"meta":{}},{"ancestorTitles":["MetricsCache","Data Types"],"fullName":"MetricsCache Data Types should handle arrays","status":"passed","title":"should handle arrays","duration":0.33390000000008513,"failureMessages":[],"location":{"line":178,"column":5},"meta":{}},{"ancestorTitles":["MetricsCache","Data Types"],"fullName":"MetricsCache Data Types should handle null and undefined","status":"passed","title":"should handle null and undefined","duration":0.244499999999789,"failureMessages":[],"location":{"line":184,"column":5},"meta":{}},{"ancestorTitles":["MetricsCache","Edge Cases"],"fullName":"MetricsCache Edge Cases should handle rapid set/get operations","status":"passed","title":"should handle rapid set/get operations","duration":3.6651999999999134,"failureMessages":[],"location":{"line":193,"column":5},"meta":{}},{"ancestorTitles":["MetricsCache","Edge Cases"],"fullName":"MetricsCache Edge Cases should overwrite existing keys","status":"passed","title":"should overwrite existing keys","duration":0.337800000000243,"failureMessages":[],"location":{"line":205,"column":5},"meta":{}},{"ancestorTitles":["MetricsCache","Edge Cases"],"fullName":"MetricsCache Edge Cases should handle very short TTL","status":"passed","title":"should handle very short TTL","duration":34.25279999999975,"failureMessages":[],"location":{"line":212,"column":5},"meta":{}},{"ancestorTitles":["MetricsCache","Edge Cases"],"fullName":"MetricsCache Edge Cases should handle very long TTL","status":"passed","title":"should handle very long TTL","duration":0.44179999999960273,"failureMessages":[],"location":{"line":222,"column":5},"meta":{}}],"startTime":1767338025064,"endTime":1767338025876.442,"status":"passed","message":"","name":"C:/Users/Preston/git/toa-website/test/metrics-cache.test.ts"},{"assertionResults":[{"ancestorTitles":["Monitoring & Metrics","Metrics Collection"],"fullName":"Monitoring & Metrics Metrics Collection should track successful API calls","status":"passed","title":"should track successful API calls","duration":48.16859999999997,"failureMessages":[],"location":{"line":31,"column":5},"meta":{}},{"ancestorTitles":["Monitoring & Metrics","Metrics Collection"],"fullName":"Monitoring & Metrics Metrics Collection should track error rates - SKIPPED: test isolation issue with async middleware","status":"skipped","title":"should track error rates - SKIPPED: test isolation issue with async middleware","failureMessages":[],"location":{"line":43,"column":10},"meta":{}},{"ancestorTitles":["Monitoring & Metrics","Metrics Collection"],"fullName":"Monitoring & Metrics Metrics Collection should calculate latency percentiles","status":"passed","title":"should calculate latency percentiles","duration":72.13720000000012,"failureMessages":[],"location":{"line":70,"column":5},"meta":{}},{"ancestorTitles":["Monitoring & Metrics","Metrics Collection"],"fullName":"Monitoring & Metrics Metrics Collection should track requests per second","status":"passed","title":"should track requests per second","duration":14.7195999999999,"failureMessages":[],"location":{"line":87,"column":5},"meta":{}},{"ancestorTitles":["Monitoring & Metrics","Metrics Collection"],"fullName":"Monitoring & Metrics Metrics Collection should track cache hit rate","status":"passed","title":"should track cache hit rate","duration":0.8733999999999469,"failureMessages":[],"location":{"line":96,"column":5},"meta":{}},{"ancestorTitles":["Monitoring & Metrics","Metrics Collection"],"fullName":"Monitoring & Metrics Metrics Collection should track error types","status":"passed","title":"should track error types","duration":0.5865999999996347,"failureMessages":[],"location":{"line":108,"column":5},"meta":{}},{"ancestorTitles":["Monitoring & Metrics","Metrics Collection"],"fullName":"Monitoring & Metrics Metrics Collection should track uptime","status":"passed","title":"should track uptime","duration":100.98680000000013,"failureMessages":[],"location":{"line":119,"column":5},"meta":{}},{"ancestorTitles":["Monitoring & Metrics","Metrics Endpoint"],"fullName":"Monitoring & Metrics Metrics Endpoint should return metrics in JSON format","status":"passed","title":"should return metrics in JSON format","duration":13.406800000000203,"failureMessages":[],"location":{"line":131,"column":5},"meta":{}},{"ancestorTitles":["Monitoring & Metrics","Metrics Endpoint"],"fullName":"Monitoring & Metrics Metrics Endpoint should show cache metrics","status":"passed","title":"should show cache metrics","duration":5.982400000000325,"failureMessages":[],"location":{"line":144,"column":5},"meta":{}},{"ancestorTitles":["Monitoring & Metrics","Performance Tracking"],"fullName":"Monitoring & Metrics Performance Tracking should limit stored latency samples to 1000 per endpoint","status":"passed","title":"should limit stored latency samples to 1000 per endpoint","duration":6856.3436,"failureMessages":[],"location":{"line":159,"column":5},"meta":{}},{"ancestorTitles":["Monitoring & Metrics","Performance Tracking"],"fullName":"Monitoring & Metrics Performance Tracking should handle concurrent requests","status":"passed","title":"should handle concurrent requests","duration":31.144500000000335,"failureMessages":[],"location":{"line":171,"column":5},"meta":{}},{"ancestorTitles":["Monitoring & Metrics","Metrics Reset"],"fullName":"Monitoring & Metrics Metrics Reset should reset all metrics","status":"passed","title":"should reset all metrics","duration":8.274999999999636,"failureMessages":[],"location":{"line":187,"column":5},"meta":{}}],"startTime":1767338025573,"endTime":1767338032727.275,"status":"passed","message":"","name":"C:/Users/Preston/git/toa-website/test/monitoring.test.ts"},{"assertionResults":[{"ancestorTitles":["Mutation Testing Demo","add function"],"fullName":"Mutation Testing Demo add function adds two positive numbers","status":"passed","title":"adds two positive numbers","duration":1.8719999999998436,"failureMessages":[],"location":{"line":21,"column":5},"meta":{}},{"ancestorTitles":["Mutation Testing Demo","add function"],"fullName":"Mutation Testing Demo add function adds negative numbers","status":"passed","title":"adds negative numbers","duration":0.27959999999984575,"failureMessages":[],"location":{"line":25,"column":5},"meta":{}},{"ancestorTitles":["Mutation Testing Demo","add function"],"fullName":"Mutation Testing Demo add function adds zero","status":"passed","title":"adds zero","duration":0.2219000000000051,"failureMessages":[],"location":{"line":29,"column":5},"meta":{}},{"ancestorTitles":["Mutation Testing Demo","add function"],"fullName":"Mutation Testing Demo add function is commutative","status":"passed","title":"is commutative","duration":0.1956000000000131,"failureMessages":[],"location":{"line":35,"column":5},"meta":{}},{"ancestorTitles":["Mutation Testing Demo","isEven function"],"fullName":"Mutation Testing Demo isEven function returns true for even numbers","status":"passed","title":"returns true for even numbers","duration":0.3429999999998472,"failureMessages":[],"location":{"line":41,"column":5},"meta":{}},{"ancestorTitles":["Mutation Testing Demo","isEven function"],"fullName":"Mutation Testing Demo isEven function returns false for odd numbers","status":"passed","title":"returns false for odd numbers","duration":0.20620000000008076,"failureMessages":[],"location":{"line":48,"column":5},"meta":{}},{"ancestorTitles":["Mutation Testing Demo","max function"],"fullName":"Mutation Testing Demo max function returns larger number when a > b","status":"passed","title":"returns larger number when a > b","duration":0.1594000000000051,"failureMessages":[],"location":{"line":56,"column":5},"meta":{}},{"ancestorTitles":["Mutation Testing Demo","max function"],"fullName":"Mutation Testing Demo max function returns larger number when b > a","status":"passed","title":"returns larger number when b > a","duration":0.1957999999999629,"failureMessages":[],"location":{"line":60,"column":5},"meta":{}},{"ancestorTitles":["Mutation Testing Demo","max function"],"fullName":"Mutation Testing Demo max function returns either when equal","status":"passed","title":"returns either when equal","duration":0.1529000000000451,"failureMessages":[],"location":{"line":64,"column":5},"meta":{}},{"ancestorTitles":["Mutation Testing Demo","max function"],"fullName":"Mutation Testing Demo max function handles negative numbers","status":"passed","title":"handles negative numbers","duration":0.11130000000002838,"failureMessages":[],"location":{"line":68,"column":5},"meta":{}},{"ancestorTitles":["Mutation Testing Demo","max function"],"fullName":"Mutation Testing Demo max function handles boundary correctly","status":"passed","title":"handles boundary correctly","duration":0.1329000000000633,"failureMessages":[],"location":{"line":73,"column":5},"meta":{}},{"ancestorTitles":["Mutation Testing Demo","greet function"],"fullName":"Mutation Testing Demo greet function greets by name when name provided","status":"passed","title":"greets by name when name provided","duration":0.14289999999982683,"failureMessages":[],"location":{"line":80,"column":5},"meta":{}},{"ancestorTitles":["Mutation Testing Demo","greet function"],"fullName":"Mutation Testing Demo greet function uses default greeting for null","status":"passed","title":"uses default greeting for null","duration":0.09819999999990614,"failureMessages":[],"location":{"line":84,"column":5},"meta":{}},{"ancestorTitles":["Mutation Testing Demo","greet function"],"fullName":"Mutation Testing Demo greet function uses default greeting for empty string","status":"passed","title":"uses default greeting for empty string","duration":0.10030000000006112,"failureMessages":[],"location":{"line":88,"column":5},"meta":{}},{"ancestorTitles":["Mutation Testing Demo","greet function"],"fullName":"Mutation Testing Demo greet function uses default greeting for whitespace","status":"passed","title":"uses default greeting for whitespace","duration":0.09659999999985303,"failureMessages":[],"location":{"line":92,"column":5},"meta":{}},{"ancestorTitles":["Mutation Testing Demo","greet function"],"fullName":"Mutation Testing Demo greet function trims whitespace from name","status":"passed","title":"trims whitespace from name","duration":0.09879999999975553,"failureMessages":[],"location":{"line":97,"column":5},"meta":{}},{"ancestorTitles":["Mutation Testing Demo","calculateDiscount function"],"fullName":"Mutation Testing Demo calculateDiscount function calculates 10% discount correctly","status":"passed","title":"calculates 10% discount correctly","duration":0.12940000000025975,"failureMessages":[],"location":{"line":103,"column":5},"meta":{}},{"ancestorTitles":["Mutation Testing Demo","calculateDiscount function"],"fullName":"Mutation Testing Demo calculateDiscount function calculates 50% discount correctly","status":"passed","title":"calculates 50% discount correctly","duration":0.09740000000010696,"failureMessages":[],"location":{"line":107,"column":5},"meta":{}},{"ancestorTitles":["Mutation Testing Demo","calculateDiscount function"],"fullName":"Mutation Testing Demo calculateDiscount function handles 0% discount","status":"passed","title":"handles 0% discount","duration":0.10140000000001237,"failureMessages":[],"location":{"line":111,"column":5},"meta":{}},{"ancestorTitles":["Mutation Testing Demo","calculateDiscount function"],"fullName":"Mutation Testing Demo calculateDiscount function handles 100% discount","status":"passed","title":"handles 100% discount","duration":0.12119999999958964,"failureMessages":[],"location":{"line":115,"column":5},"meta":{}},{"ancestorTitles":["Mutation Testing Demo","calculateDiscount function"],"fullName":"Mutation Testing Demo calculateDiscount function throws for negative discount","status":"passed","title":"throws for negative discount","duration":0.9703999999996995,"failureMessages":[],"location":{"line":119,"column":5},"meta":{}},{"ancestorTitles":["Mutation Testing Demo","calculateDiscount function"],"fullName":"Mutation Testing Demo calculateDiscount function throws for discount over 100","status":"passed","title":"throws for discount over 100","duration":0.21189999999978681,"failureMessages":[],"location":{"line":123,"column":5},"meta":{}},{"ancestorTitles":["Mutation Testing Demo","calculateDiscount function"],"fullName":"Mutation Testing Demo calculateDiscount function handles boundary values","status":"passed","title":"handles boundary values","duration":0.3204000000000633,"failureMessages":[],"location":{"line":128,"column":5},"meta":{}},{"ancestorTitles":["Mutation Testing Demo","calculateDiscount function"],"fullName":"Mutation Testing Demo calculateDiscount function discount amount is proportional to price","status":"passed","title":"discount amount is proportional to price","duration":0.17659999999978027,"failureMessages":[],"location":{"line":134,"column":5},"meta":{}},{"ancestorTitles":["Mutation Testing Demo","isPalindrome function"],"fullName":"Mutation Testing Demo isPalindrome function returns true for palindromes","status":"passed","title":"returns true for palindromes","duration":0.4420999999997548,"failureMessages":[],"location":{"line":142,"column":5},"meta":{}},{"ancestorTitles":["Mutation Testing Demo","isPalindrome function"],"fullName":"Mutation Testing Demo isPalindrome function returns false for non-palindromes","status":"passed","title":"returns false for non-palindromes","duration":0.2379000000000815,"failureMessages":[],"location":{"line":147,"column":5},"meta":{}},{"ancestorTitles":["Mutation Testing Demo","isPalindrome function"],"fullName":"Mutation Testing Demo isPalindrome function handles empty string","status":"passed","title":"handles empty string","duration":0.17470000000002983,"failureMessages":[],"location":{"line":152,"column":5},"meta":{}},{"ancestorTitles":["Mutation Testing Demo","isPalindrome function"],"fullName":"Mutation Testing Demo isPalindrome function handles single character","status":"passed","title":"handles single character","duration":0.16269999999985885,"failureMessages":[],"location":{"line":156,"column":5},"meta":{}},{"ancestorTitles":["Mutation Testing Demo","isPalindrome function"],"fullName":"Mutation Testing Demo isPalindrome function is case insensitive","status":"passed","title":"is case insensitive","duration":0.1756000000000313,"failureMessages":[],"location":{"line":160,"column":5},"meta":{}},{"ancestorTitles":["Mutation Testing Demo","isPalindrome function"],"fullName":"Mutation Testing Demo isPalindrome function ignores non-alphanumeric characters","status":"passed","title":"ignores non-alphanumeric characters","duration":0.1635999999998603,"failureMessages":[],"location":{"line":164,"column":5},"meta":{}}],"startTime":1767338029106,"endTime":1767338029115.1636,"status":"passed","message":"","name":"C:/Users/Preston/git/toa-website/test/mutation-demo.test.ts"},{"assertionResults":[{"ancestorTitles":["PrintfulShop"],"fullName":"PrintfulShop should render loading state initially","status":"passed","title":"should render loading state initially","duration":55.434299999999894,"failureMessages":[],"location":{"line":31,"column":3},"meta":{}},{"ancestorTitles":["PrintfulShop"],"fullName":"PrintfulShop should render with enableCheckout prop","status":"passed","title":"should render with enableCheckout prop","duration":4.7094999999999345,"failureMessages":[],"location":{"line":38,"column":3},"meta":{}},{"ancestorTitles":["PrintfulShop"],"fullName":"PrintfulShop should show empty state when no products","status":"passed","title":"should show empty state when no products","duration":34.4389000000001,"failureMessages":[],"location":{"line":45,"column":3},"meta":{}}],"startTime":1767338025703,"endTime":1767338025797.439,"status":"passed","message":"","name":"C:/Users/Preston/git/toa-website/test/printful-shop.test.tsx"},{"assertionResults":[{"ancestorTitles":["API Routes","GET /api/metrics"],"fullName":"API Routes GET /api/metrics should return application metrics","status":"passed","title":"should return application metrics","duration":57.19240000000036,"failureMessages":[],"location":{"line":70,"column":5},"meta":{}},{"ancestorTitles":["API Routes","GET /api/youtube/playlist/:playlistId"],"fullName":"API Routes GET /api/youtube/playlist/:playlistId should return playlist videos with valid playlist ID","status":"passed","title":"should return playlist videos with valid playlist ID","duration":9.756900000000314,"failureMessages":[],"location":{"line":85,"column":5},"meta":{}},{"ancestorTitles":["API Routes","GET /api/youtube/playlist/:playlistId"],"fullName":"API Routes GET /api/youtube/playlist/:playlistId should reject invalid playlist ID format","status":"passed","title":"should reject invalid playlist ID format","duration":8.894000000000233,"failureMessages":[],"location":{"line":95,"column":5},"meta":{}},{"ancestorTitles":["API Routes","GET /api/youtube/playlist/:playlistId"],"fullName":"API Routes GET /api/youtube/playlist/:playlistId should validate maxResults parameter","status":"passed","title":"should validate maxResults parameter","duration":17.63259999999991,"failureMessages":[],"location":{"line":104,"column":5},"meta":{}},{"ancestorTitles":["API Routes","GET /api/youtube/playlist/:playlistId"],"fullName":"API Routes GET /api/youtube/playlist/:playlistId should accept valid maxResults parameter","status":"passed","title":"should accept valid maxResults parameter","duration":11.156100000000151,"failureMessages":[],"location":{"line":112,"column":5},"meta":{}},{"ancestorTitles":["API Routes","POST /api/podcast/feed"],"fullName":"API Routes POST /api/podcast/feed should return podcast episodes with valid feed URL","status":"passed","title":"should return podcast episodes with valid feed URL","duration":33.17500000000018,"failureMessages":[],"location":{"line":120,"column":5},"meta":{}},{"ancestorTitles":["API Routes","POST /api/podcast/feed"],"fullName":"API Routes POST /api/podcast/feed should reject missing feedUrl","status":"passed","title":"should reject missing feedUrl","duration":10.277399999999943,"failureMessages":[],"location":{"line":130,"column":5},"meta":{}},{"ancestorTitles":["API Routes","POST /api/podcast/feed"],"fullName":"API Routes POST /api/podcast/feed should reject localhost URLs (SSRF protection)","status":"passed","title":"should reject localhost URLs (SSRF protection)","duration":36.43669999999929,"failureMessages":[],"location":{"line":139,"column":5},"meta":{}},{"ancestorTitles":["API Routes","POST /api/podcast/feed"],"fullName":"API Routes POST /api/podcast/feed should reject private IP addresses (SSRF protection)","status":"passed","title":"should reject private IP addresses (SSRF protection)","duration":8.19459999999981,"failureMessages":[],"location":{"line":148,"column":5},"meta":{}},{"ancestorTitles":["API Routes","POST /api/podcast/feed"],"fullName":"API Routes POST /api/podcast/feed should validate limit parameter","status":"passed","title":"should validate limit parameter","duration":20.116399999999885,"failureMessages":[],"location":{"line":157,"column":5},"meta":{}},{"ancestorTitles":["API Routes","GET /api/podcast/audio-proxy"],"fullName":"API Routes GET /api/podcast/audio-proxy should reject missing URL parameter","status":"passed","title":"should reject missing URL parameter","duration":7.410600000000159,"failureMessages":[],"location":{"line":168,"column":5},"meta":{}},{"ancestorTitles":["API Routes","GET /api/podcast/audio-proxy"],"fullName":"API Routes GET /api/podcast/audio-proxy should reject unauthorized domains","status":"passed","title":"should reject unauthorized domains","duration":7.882399999999507,"failureMessages":[],"location":{"line":176,"column":5},"meta":{}},{"ancestorTitles":["API Routes","GET /api/podcast/audio-proxy"],"fullName":"API Routes GET /api/podcast/audio-proxy should reject localhost URLs","status":"passed","title":"should reject localhost URLs","duration":13.536000000000058,"failureMessages":[],"location":{"line":184,"column":5},"meta":{}},{"ancestorTitles":["API Routes","GET /api/etsy/shop/:shopId/listings"],"fullName":"API Routes GET /api/etsy/shop/:shopId/listings should return shop listings with valid shop ID","status":"passed","title":"should return shop listings with valid shop ID","duration":10.121500000000196,"failureMessages":[],"location":{"line":194,"column":5},"meta":{}},{"ancestorTitles":["API Routes","GET /api/etsy/shop/:shopId/listings"],"fullName":"API Routes GET /api/etsy/shop/:shopId/listings should reject invalid shop ID format","status":"passed","title":"should reject invalid shop ID format","duration":7.507099999999809,"failureMessages":[],"location":{"line":202,"column":5},"meta":{}},{"ancestorTitles":["API Routes","GET /api/etsy/shop/:shopId/listings"],"fullName":"API Routes GET /api/etsy/shop/:shopId/listings should validate limit parameter","status":"passed","title":"should validate limit parameter","duration":5.8221999999996115,"failureMessages":[],"location":{"line":210,"column":5},"meta":{}},{"ancestorTitles":["API Routes","GET /api/etsy/shop/:shopId/listings"],"fullName":"API Routes GET /api/etsy/shop/:shopId/listings should handle errors from Etsy API","status":"passed","title":"should handle errors from Etsy API","duration":15.871000000000095,"failureMessages":[],"location":{"line":218,"column":5},"meta":{}},{"ancestorTitles":["API Routes","GET /api/dndbeyond/character/:characterId"],"fullName":"API Routes GET /api/dndbeyond/character/:characterId should return character data with valid character ID","status":"passed","title":"should return character data with valid character ID","duration":8.753600000000006,"failureMessages":[],"location":{"line":231,"column":5},"meta":{}},{"ancestorTitles":["API Routes","GET /api/dndbeyond/character/:characterId"],"fullName":"API Routes GET /api/dndbeyond/character/:characterId should reject invalid character ID format","status":"passed","title":"should reject invalid character ID format","duration":6.775800000000345,"failureMessages":[],"location":{"line":241,"column":5},"meta":{}},{"ancestorTitles":["API Routes","GET /api/dndbeyond/character/:characterId"],"fullName":"API Routes GET /api/dndbeyond/character/:characterId should reject non-numeric character IDs","status":"passed","title":"should reject non-numeric character IDs","duration":10.56840000000011,"failureMessages":[],"location":{"line":249,"column":5},"meta":{}},{"ancestorTitles":["API Routes","GET /api/dndbeyond/character/:characterId"],"fullName":"API Routes GET /api/dndbeyond/character/:characterId should handle errors from D&D Beyond API","status":"passed","title":"should handle errors from D&D Beyond API","duration":7.577800000000025,"failureMessages":[],"location":{"line":257,"column":5},"meta":{}},{"ancestorTitles":["API Routes","Error Handling and Security"],"fullName":"API Routes Error Handling and Security should handle API errors gracefully","status":"passed","title":"should handle API errors gracefully","duration":9.339500000000044,"failureMessages":[],"location":{"line":270,"column":5},"meta":{}},{"ancestorTitles":["API Routes","Error Handling and Security"],"fullName":"API Routes Error Handling and Security should not leak internal error details in production","status":"passed","title":"should not leak internal error details in production","duration":7.566399999999703,"failureMessages":[],"location":{"line":282,"column":5},"meta":{}},{"ancestorTitles":["API Routes","Error Handling and Security"],"fullName":"API Routes Error Handling and Security should log errors without exposing sensitive data","status":"passed","title":"should log errors without exposing sensitive data","duration":9.525900000000547,"failureMessages":[],"location":{"line":303,"column":5},"meta":{}},{"ancestorTitles":["API Routes","Error Handling and Security"],"fullName":"API Routes Error Handling and Security should return 400 for malformed JSON in request body","status":"passed","title":"should return 400 for malformed JSON in request body","duration":9.694900000000416,"failureMessages":[],"location":{"line":322,"column":5},"meta":{}},{"ancestorTitles":["API Routes","Error Handling and Security"],"fullName":"API Routes Error Handling and Security should handle missing required fields in POST requests","status":"passed","title":"should handle missing required fields in POST requests","duration":7.979800000000068,"failureMessages":[],"location":{"line":333,"column":5},"meta":{}},{"ancestorTitles":["API Routes","Error Handling and Security"],"fullName":"API Routes Error Handling and Security should validate content-type for POST requests","status":"passed","title":"should validate content-type for POST requests","duration":5.417200000000776,"failureMessages":[],"location":{"line":343,"column":5},"meta":{}},{"ancestorTitles":["API Routes","Error Handling and Security"],"fullName":"API Routes Error Handling and Security should handle very long URLs gracefully","status":"passed","title":"should handle very long URLs gracefully","duration":8.277500000000146,"failureMessages":[],"location":{"line":353,"column":5},"meta":{}},{"ancestorTitles":["API Routes","Error Handling and Security"],"fullName":"API Routes Error Handling and Security should handle special characters in parameters safely","status":"passed","title":"should handle special characters in parameters safely","duration":5.604700000000776,"failureMessages":[],"location":{"line":364,"column":5},"meta":{}},{"ancestorTitles":["API Routes","Error Handling and Security"],"fullName":"API Routes Error Handling and Security should handle null bytes in input","status":"passed","title":"should handle null bytes in input","duration":28.404700000000048,"failureMessages":[],"location":{"line":373,"column":5},"meta":{}},{"ancestorTitles":["API Routes","Error Handling and Security"],"fullName":"API Routes Error Handling and Security should rate limit excessive requests (if implemented)","status":"passed","title":"should rate limit excessive requests (if implemented)","duration":64.86169999999947,"failureMessages":[],"location":{"line":381,"column":5},"meta":{}},{"ancestorTitles":["API Routes","Error Handling and Security"],"fullName":"API Routes Error Handling and Security should handle concurrent requests to same resource","status":"passed","title":"should handle concurrent requests to same resource","duration":48.79809999999998,"failureMessages":[],"location":{"line":394,"column":5},"meta":{}},{"ancestorTitles":["API Routes","Error Handling and Security"],"fullName":"API Routes Error Handling and Security should set appropriate security headers","status":"passed","title":"should set appropriate security headers","duration":14.541400000000067,"failureMessages":[],"location":{"line":408,"column":5},"meta":{}},{"ancestorTitles":["API Routes","Error Handling and Security"],"fullName":"API Routes Error Handling and Security should handle timeout scenarios gracefully","status":"passed","title":"should handle timeout scenarios gracefully","duration":111.70409999999993,"failureMessages":[],"location":{"line":418,"column":5},"meta":{}}],"startTime":1767338026583,"endTime":1767338027230.704,"status":"passed","message":"","name":"C:/Users/Preston/git/toa-website/test/routes.test.ts"},{"assertionResults":[{"ancestorTitles":["Security - Input Validation","validateUrl"],"fullName":"Security - Input Validation validateUrl should accept valid HTTPS URLs","status":"passed","title":"should accept valid HTTPS URLs","duration":4.955500000000029,"failureMessages":[],"location":{"line":7,"column":5},"meta":{}},{"ancestorTitles":["Security - Input Validation","validateUrl"],"fullName":"Security - Input Validation validateUrl should accept valid HTTP URLs","status":"passed","title":"should accept valid HTTP URLs","duration":1.2172999999997955,"failureMessages":[],"location":{"line":12,"column":5},"meta":{}},{"ancestorTitles":["Security - Input Validation","validateUrl"],"fullName":"Security - Input Validation validateUrl should reject URLs without protocol","status":"passed","title":"should reject URLs without protocol","duration":0.2897000000002663,"failureMessages":[],"location":{"line":17,"column":5},"meta":{}},{"ancestorTitles":["Security - Input Validation","validateUrl"],"fullName":"Security - Input Validation validateUrl should reject localhost URLs","status":"passed","title":"should reject localhost URLs","duration":0.3350000000000364,"failureMessages":[],"location":{"line":23,"column":5},"meta":{}},{"ancestorTitles":["Security - Input Validation","validateUrl"],"fullName":"Security - Input Validation validateUrl should reject 127.0.0.1 URLs","status":"passed","title":"should reject 127.0.0.1 URLs","duration":0.3910999999998239,"failureMessages":[],"location":{"line":29,"column":5},"meta":{}},{"ancestorTitles":["Security - Input Validation","validateUrl"],"fullName":"Security - Input Validation validateUrl should reject private IP addresses (10.x.x.x)","status":"passed","title":"should reject private IP addresses (10.x.x.x)","duration":0.2486999999996442,"failureMessages":[],"location":{"line":35,"column":5},"meta":{}},{"ancestorTitles":["Security - Input Validation","validateUrl"],"fullName":"Security - Input Validation validateUrl should reject private IP addresses (192.168.x.x)","status":"passed","title":"should reject private IP addresses (192.168.x.x)","duration":0.2512000000001535,"failureMessages":[],"location":{"line":41,"column":5},"meta":{}},{"ancestorTitles":["Security - Input Validation","validateUrl"],"fullName":"Security - Input Validation validateUrl should reject private IP addresses (172.16-31.x.x)","status":"passed","title":"should reject private IP addresses (172.16-31.x.x)","duration":0.2590999999997621,"failureMessages":[],"location":{"line":47,"column":5},"meta":{}},{"ancestorTitles":["Security - Input Validation","validateUrl"],"fullName":"Security - Input Validation validateUrl should reject AWS metadata service IP","status":"passed","title":"should reject AWS metadata service IP","duration":0.28190000000040527,"failureMessages":[],"location":{"line":53,"column":5},"meta":{}},{"ancestorTitles":["Security - Input Validation","validateUrl"],"fullName":"Security - Input Validation validateUrl should reject malformed URLs","status":"passed","title":"should reject malformed URLs","duration":0.2397000000000844,"failureMessages":[],"location":{"line":59,"column":5},"meta":{}},{"ancestorTitles":["Security - Input Validation","validateNumber"],"fullName":"Security - Input Validation validateNumber should accept valid numbers within range","status":"passed","title":"should accept valid numbers within range","duration":0.49810000000024957,"failureMessages":[],"location":{"line":67,"column":5},"meta":{}},{"ancestorTitles":["Security - Input Validation","validateNumber"],"fullName":"Security - Input Validation validateNumber should accept minimum value","status":"passed","title":"should accept minimum value","duration":0.3079000000002452,"failureMessages":[],"location":{"line":73,"column":5},"meta":{}},{"ancestorTitles":["Security - Input Validation","validateNumber"],"fullName":"Security - Input Validation validateNumber should accept maximum value","status":"passed","title":"should accept maximum value","duration":0.23469999999997526,"failureMessages":[],"location":{"line":79,"column":5},"meta":{}},{"ancestorTitles":["Security - Input Validation","validateNumber"],"fullName":"Security - Input Validation validateNumber should reject numbers below minimum","status":"passed","title":"should reject numbers below minimum","duration":0.2031000000001768,"failureMessages":[],"location":{"line":85,"column":5},"meta":{}},{"ancestorTitles":["Security - Input Validation","validateNumber"],"fullName":"Security - Input Validation validateNumber should reject numbers above maximum","status":"passed","title":"should reject numbers above maximum","duration":0.22820000000001528,"failureMessages":[],"location":{"line":91,"column":5},"meta":{}},{"ancestorTitles":["Security - Input Validation","validateNumber"],"fullName":"Security - Input Validation validateNumber should reject non-numeric strings","status":"passed","title":"should reject non-numeric strings","duration":0.21900000000005093,"failureMessages":[],"location":{"line":97,"column":5},"meta":{}},{"ancestorTitles":["Security - Input Validation","validateNumber"],"fullName":"Security - Input Validation validateNumber should reject empty strings","status":"passed","title":"should reject empty strings","duration":0.21479999999974098,"failureMessages":[],"location":{"line":103,"column":5},"meta":{}},{"ancestorTitles":["Security - Input Validation","validateString"],"fullName":"Security - Input Validation validateString should accept valid strings","status":"passed","title":"should accept valid strings","duration":0.7824000000000524,"failureMessages":[],"location":{"line":111,"column":5},"meta":{}},{"ancestorTitles":["Security - Input Validation","validateString"],"fullName":"Security - Input Validation validateString should trim whitespace","status":"passed","title":"should trim whitespace","duration":0.7186000000001513,"failureMessages":[],"location":{"line":117,"column":5},"meta":{}},{"ancestorTitles":["Security - Input Validation","validateString"],"fullName":"Security - Input Validation validateString should reject empty strings","status":"passed","title":"should reject empty strings","duration":0.32609999999976935,"failureMessages":[],"location":{"line":123,"column":5},"meta":{}},{"ancestorTitles":["Security - Input Validation","validateString"],"fullName":"Security - Input Validation validateString should reject non-string inputs","status":"passed","title":"should reject non-string inputs","duration":0.2507999999997992,"failureMessages":[],"location":{"line":129,"column":5},"meta":{}},{"ancestorTitles":["Security - Input Validation","validateString"],"fullName":"Security - Input Validation validateString should reject strings exceeding max length","status":"passed","title":"should reject strings exceeding max length","duration":0.25549999999975626,"failureMessages":[],"location":{"line":135,"column":5},"meta":{}},{"ancestorTitles":["Security - Input Validation","validateString"],"fullName":"Security - Input Validation validateString should escape HTML characters","status":"passed","title":"should escape HTML characters","duration":0.3348000000000866,"failureMessages":[],"location":{"line":142,"column":5},"meta":{}}],"startTime":1767338028918,"endTime":1767338028932.3347,"status":"passed","message":"","name":"C:/Users/Preston/git/toa-website/test/security.test.ts"},{"assertionResults":[{"ancestorTitles":["SEO Component"],"fullName":"SEO Component should render meta tags with provided props","status":"passed","title":"should render meta tags with provided props","duration":28.590700000000197,"failureMessages":[],"location":{"line":7,"column":3},"meta":{}},{"ancestorTitles":["SEO Component"],"fullName":"SEO Component should render Open Graph meta tags","status":"passed","title":"should render Open Graph meta tags","duration":2.970600000000104,"failureMessages":[],"location":{"line":30,"column":3},"meta":{}},{"ancestorTitles":["SEO Component"],"fullName":"SEO Component should render Twitter Card meta tags","status":"passed","title":"should render Twitter Card meta tags","duration":3.5312000000003536,"failureMessages":[],"location":{"line":50,"column":3},"meta":{}},{"ancestorTitles":["SEO Component"],"fullName":"SEO Component should handle JSON-LD structured data","status":"passed","title":"should handle JSON-LD structured data","duration":3.3225000000002183,"failureMessages":[],"location":{"line":64,"column":3},"meta":{}}],"startTime":1767338028312,"endTime":1767338028350.3225,"status":"passed","message":"","name":"C:/Users/Preston/git/toa-website/test/seo.test.tsx"},{"assertionResults":[{"ancestorTitles":["Sponsors Page"],"fullName":"Sponsors Page should render the sponsors page with all sections","status":"passed","title":"should render the sponsors page with all sections","duration":168.21010000000024,"failureMessages":[],"location":{"line":22,"column":3},"meta":{}},{"ancestorTitles":["Sponsors Page"],"fullName":"Sponsors Page should display \"Become Our First Sponsor\" when no sponsors exist","status":"passed","title":"should display \"Become Our First Sponsor\" when no sponsors exist","duration":102.33830000000034,"failureMessages":[],"location":{"line":33,"column":3},"meta":{}},{"ancestorTitles":["Sponsors Page"],"fullName":"Sponsors Page should render all three sponsorship tiers","status":"passed","title":"should render all three sponsorship tiers","duration":75.6577000000002,"failureMessages":[],"location":{"line":43,"column":3},"meta":{}},{"ancestorTitles":["Sponsors Page"],"fullName":"Sponsors Page should render community metrics section","status":"passed","title":"should render community metrics section","duration":52.320500000000266,"failureMessages":[],"location":{"line":55,"column":3},"meta":{}},{"ancestorTitles":["Sponsors Page"],"fullName":"Sponsors Page should open mailto link when \"Become Sponsor\" button is clicked","status":"passed","title":"should open mailto link when \"Become Sponsor\" button is clicked","duration":101.57969999999978,"failureMessages":[],"location":{"line":68,"column":3},"meta":{}},{"ancestorTitles":["Sponsors Page"],"fullName":"Sponsors Page should render sponsorship contact form with all fields","status":"passed","title":"should render sponsorship contact form with all fields","duration":65.64960000000019,"failureMessages":[],"location":{"line":83,"column":3},"meta":{}},{"ancestorTitles":["Sponsors Page"],"fullName":"Sponsors Page should open mailto when sponsorship form is submitted","status":"passed","title":"should open mailto when sponsorship form is submitted","duration":65.51850000000013,"failureMessages":[],"location":{"line":102,"column":3},"meta":{}},{"ancestorTitles":["Sponsors Page"],"fullName":"Sponsors Page should open mailto with tier-specific content when tier inquiry button is clicked","status":"passed","title":"should open mailto with tier-specific content when tier inquiry button is clicked","duration":58.86290000000008,"failureMessages":[],"location":{"line":128,"column":3},"meta":{}},{"ancestorTitles":["Sponsors Page"],"fullName":"Sponsors Page should navigate to press kit when press kit button is clicked","status":"passed","title":"should navigate to press kit when press kit button is clicked","duration":55.189800000000105,"failureMessages":[],"location":{"line":142,"column":3},"meta":{}},{"ancestorTitles":["Sponsors Page"],"fullName":"Sponsors Page should render all sponsorship tier benefits","status":"passed","title":"should render all sponsorship tier benefits","duration":82.64829999999984,"failureMessages":[],"location":{"line":155,"column":3},"meta":{}},{"ancestorTitles":["Sponsors Page"],"fullName":"Sponsors Page should display \"Why Partner With Us\" section","status":"passed","title":"should display \"Why Partner With Us\" section","duration":111.77129999999988,"failureMessages":[],"location":{"line":173,"column":3},"meta":{}},{"ancestorTitles":["Sponsors Page"],"fullName":"Sponsors Page should display target audience section","status":"passed","title":"should display target audience section","duration":72.85370000000057,"failureMessages":[],"location":{"line":187,"column":3},"meta":{}},{"ancestorTitles":["Sponsors Page"],"fullName":"Sponsors Page should have proper SEO metadata","status":"passed","title":"should have proper SEO metadata","duration":52.547599999999875,"failureMessages":[],"location":{"line":200,"column":3},"meta":{}},{"ancestorTitles":["Sponsors Page"],"fullName":"Sponsors Page should properly encode special characters in form submission","status":"passed","title":"should properly encode special characters in form submission","duration":93.39890000000014,"failureMessages":[],"location":{"line":211,"column":3},"meta":{}}],"startTime":1767338025648,"endTime":1767338026806.399,"status":"passed","message":"","name":"C:/Users/Preston/git/toa-website/test/sponsors.test.tsx"},{"assertionResults":[{"ancestorTitles":["Structured Data Snapshot Tests","Organization Schema"],"fullName":"Structured Data Snapshot Tests Organization Schema generates valid organization schema","status":"passed","title":"generates valid organization schema","duration":6.5130999999996675,"failureMessages":[],"location":{"line":21,"column":5},"meta":{}},{"ancestorTitles":["Structured Data Snapshot Tests","Organization Schema"],"fullName":"Structured Data Snapshot Tests Organization Schema includes all social media links","status":"passed","title":"includes all social media links","duration":1.1489999999998872,"failureMessages":[],"location":{"line":34,"column":5},"meta":{}},{"ancestorTitles":["Structured Data Snapshot Tests","Organization Schema"],"fullName":"Structured Data Snapshot Tests Organization Schema includes contact information","status":"passed","title":"includes contact information","duration":0.5096000000003187,"failureMessages":[],"location":{"line":49,"column":5},"meta":{}},{"ancestorTitles":["Structured Data Snapshot Tests","WebSite Schema"],"fullName":"Structured Data Snapshot Tests WebSite Schema generates valid website schema","status":"passed","title":"generates valid website schema","duration":0.6959000000001652,"failureMessages":[],"location":{"line":61,"column":5},"meta":{}},{"ancestorTitles":["Structured Data Snapshot Tests","WebSite Schema"],"fullName":"Structured Data Snapshot Tests WebSite Schema includes search action","status":"passed","title":"includes search action","duration":0.7250000000003638,"failureMessages":[],"location":{"line":72,"column":5},"meta":{}},{"ancestorTitles":["Structured Data Snapshot Tests","WebSite Schema"],"fullName":"Structured Data Snapshot Tests WebSite Schema includes publisher information","status":"passed","title":"includes publisher information","duration":0.4517000000000735,"failureMessages":[],"location":{"line":82,"column":5},"meta":{}},{"ancestorTitles":["Structured Data Snapshot Tests","Breadcrumb Schema"],"fullName":"Structured Data Snapshot Tests Breadcrumb Schema generates breadcrumb for homepage","status":"passed","title":"generates breadcrumb for homepage","duration":2.026600000000144,"failureMessages":[],"location":{"line":94,"column":5},"meta":{}},{"ancestorTitles":["Structured Data Snapshot Tests","Breadcrumb Schema"],"fullName":"Structured Data Snapshot Tests Breadcrumb Schema generates breadcrumb for nested pages","status":"passed","title":"generates breadcrumb for nested pages","duration":1.1159999999999854,"failureMessages":[],"location":{"line":106,"column":5},"meta":{}},{"ancestorTitles":["Structured Data Snapshot Tests","Breadcrumb Schema"],"fullName":"Structured Data Snapshot Tests Breadcrumb Schema handles empty breadcrumb","status":"passed","title":"handles empty breadcrumb","duration":0.611699999999928,"failureMessages":[],"location":{"line":125,"column":5},"meta":{}},{"ancestorTitles":["Structured Data Snapshot Tests","Video Schema"],"fullName":"Structured Data Snapshot Tests Video Schema generates complete video schema","status":"passed","title":"generates complete video schema","duration":0.9365999999999985,"failureMessages":[],"location":{"line":134,"column":5},"meta":{}},{"ancestorTitles":["Structured Data Snapshot Tests","Video Schema"],"fullName":"Structured Data Snapshot Tests Video Schema generates video schema with minimal data","status":"passed","title":"generates video schema with minimal data","duration":0.6826999999998407,"failureMessages":[],"location":{"line":154,"column":5},"meta":{}},{"ancestorTitles":["Structured Data Snapshot Tests","Video Schema"],"fullName":"Structured Data Snapshot Tests Video Schema includes publisher information","status":"passed","title":"includes publisher information","duration":0.6024000000002161,"failureMessages":[],"location":{"line":169,"column":5},"meta":{}},{"ancestorTitles":["Structured Data Snapshot Tests","Person Schema"],"fullName":"Structured Data Snapshot Tests Person Schema generates complete person schema","status":"passed","title":"generates complete person schema","duration":0.6921999999999571,"failureMessages":[],"location":{"line":188,"column":5},"meta":{}},{"ancestorTitles":["Structured Data Snapshot Tests","Person Schema"],"fullName":"Structured Data Snapshot Tests Person Schema generates person schema with minimal data","status":"passed","title":"generates person schema with minimal data","duration":0.47779999999966094,"failureMessages":[],"location":{"line":208,"column":5},"meta":{}},{"ancestorTitles":["Structured Data Snapshot Tests","Person Schema"],"fullName":"Structured Data Snapshot Tests Person Schema includes organization membership","status":"passed","title":"includes organization membership","duration":0.4806000000003223,"failureMessages":[],"location":{"line":221,"column":5},"meta":{}},{"ancestorTitles":["Structured Data Snapshot Tests","CreativeWork Schema"],"fullName":"Structured Data Snapshot Tests CreativeWork Schema generates character creative work schema","status":"passed","title":"generates character creative work schema","duration":0.6680999999998676,"failureMessages":[],"location":{"line":237,"column":5},"meta":{}},{"ancestorTitles":["Structured Data Snapshot Tests","CreativeWork Schema"],"fullName":"Structured Data Snapshot Tests CreativeWork Schema includes genre information","status":"passed","title":"includes genre information","duration":0.9502999999999702,"failureMessages":[],"location":{"line":254,"column":5},"meta":{}},{"ancestorTitles":["Structured Data Snapshot Tests","CreativeWork Schema"],"fullName":"Structured Data Snapshot Tests CreativeWork Schema links to creative work series","status":"passed","title":"links to creative work series","duration":0.47460000000000946,"failureMessages":[],"location":{"line":271,"column":5},"meta":{}},{"ancestorTitles":["Structured Data Snapshot Tests","CreativeWork Schema"],"fullName":"Structured Data Snapshot Tests CreativeWork Schema handles missing image","status":"passed","title":"handles missing image","duration":0.43089999999983775,"failureMessages":[],"location":{"line":287,"column":5},"meta":{}},{"ancestorTitles":["Structured Data Snapshot Tests","Schema.org Compliance"],"fullName":"Structured Data Snapshot Tests Schema.org Compliance all schemas have @context","status":"passed","title":"all schemas have @context","duration":0.4744999999998072,"failureMessages":[],"location":{"line":302,"column":5},"meta":{}},{"ancestorTitles":["Structured Data Snapshot Tests","Schema.org Compliance"],"fullName":"Structured Data Snapshot Tests Schema.org Compliance all schemas have @type","status":"passed","title":"all schemas have @type","duration":0.49530000000004293,"failureMessages":[],"location":{"line":326,"column":5},"meta":{}},{"ancestorTitles":["Structured Data Snapshot Tests","Schema.org Compliance"],"fullName":"Structured Data Snapshot Tests Schema.org Compliance schemas are valid JSON","status":"passed","title":"schemas are valid JSON","duration":2.6336999999998625,"failureMessages":[],"location":{"line":356,"column":5},"meta":{}}],"startTime":1767338028606,"endTime":1767338028630.6338,"status":"passed","message":"","name":"C:/Users/Preston/git/toa-website/test/structured-data.snapshot.test.ts"},{"assertionResults":[{"ancestorTitles":["YouTube API Integration Tests","API Error Handling"],"fullName":"YouTube API Integration Tests API Error Handling should handle 429 rate limit errors","status":"passed","title":"should handle 429 rate limit errors","duration":3.4945000000002437,"failureMessages":[],"location":{"line":28,"column":5},"meta":{}},{"ancestorTitles":["YouTube API Integration Tests","API Error Handling"],"fullName":"YouTube API Integration Tests API Error Handling should handle 403 forbidden errors","status":"passed","title":"should handle 403 forbidden errors","duration":0.6873999999997977,"failureMessages":[],"location":{"line":55,"column":5},"meta":{}},{"ancestorTitles":["YouTube API Integration Tests","API Error Handling"],"fullName":"YouTube API Integration Tests API Error Handling should handle 404 playlist not found","status":"passed","title":"should handle 404 playlist not found","duration":0.6941999999999098,"failureMessages":[],"location":{"line":75,"column":5},"meta":{}},{"ancestorTitles":["YouTube API Integration Tests","API Error Handling"],"fullName":"YouTube API Integration Tests API Error Handling should handle network errors","status":"passed","title":"should handle network errors","duration":3.297700000000077,"failureMessages":[],"location":{"line":95,"column":5},"meta":{}},{"ancestorTitles":["YouTube API Integration Tests","API Error Handling"],"fullName":"YouTube API Integration Tests API Error Handling should handle malformed JSON responses","status":"passed","title":"should handle malformed JSON responses","duration":0.9870999999998276,"failureMessages":[],"location":{"line":103,"column":5},"meta":{}},{"ancestorTitles":["YouTube API Integration Tests","API Error Handling"],"fullName":"YouTube API Integration Tests API Error Handling should handle empty response bodies","status":"passed","title":"should handle empty response bodies","duration":1.566599999999653,"failureMessages":[],"location":{"line":118,"column":5},"meta":{}},{"ancestorTitles":["YouTube API Integration Tests","API Error Handling"],"fullName":"YouTube API Integration Tests API Error Handling should handle missing items array","status":"passed","title":"should handle missing items array","duration":0.6468999999997322,"failureMessages":[],"location":{"line":132,"column":5},"meta":{}},{"ancestorTitles":["YouTube API Integration Tests","Pagination Handling"],"fullName":"YouTube API Integration Tests Pagination Handling should handle multiple pages of results","status":"passed","title":"should handle multiple pages of results","duration":2.0907999999999447,"failureMessages":[],"location":{"line":152,"column":5},"meta":{}},{"ancestorTitles":["YouTube API Integration Tests","Pagination Handling"],"fullName":"YouTube API Integration Tests Pagination Handling should stop pagination when no nextPageToken","status":"passed","title":"should stop pagination when no nextPageToken","duration":0.563799999999901,"failureMessages":[],"location":{"line":193,"column":5},"meta":{}},{"ancestorTitles":["YouTube API Integration Tests","Pagination Handling"],"fullName":"YouTube API Integration Tests Pagination Handling should handle very large playlists (1000+ videos)","status":"passed","title":"should handle very large playlists (1000+ videos)","duration":1.1981000000000677,"failureMessages":[],"location":{"line":210,"column":5},"meta":{}},{"ancestorTitles":["YouTube API Integration Tests","Data Transformation"],"fullName":"YouTube API Integration Tests Data Transformation should handle videos with missing thumbnails","status":"passed","title":"should handle videos with missing thumbnails","duration":0.5743000000002212,"failureMessages":[],"location":{"line":245,"column":5},"meta":{}},{"ancestorTitles":["YouTube API Integration Tests","Data Transformation"],"fullName":"YouTube API Integration Tests Data Transformation should handle videos with missing statistics","status":"passed","title":"should handle videos with missing statistics","duration":0.5203999999998814,"failureMessages":[],"location":{"line":277,"column":5},"meta":{}},{"ancestorTitles":["YouTube API Integration Tests","Data Transformation"],"fullName":"YouTube API Integration Tests Data Transformation should handle videos with malformed duration","status":"passed","title":"should handle videos with malformed duration","duration":0.48450000000002547,"failureMessages":[],"location":{"line":305,"column":5},"meta":{}},{"ancestorTitles":["YouTube API Integration Tests","Cache Stale Fallback Integration"],"fullName":"YouTube API Integration Tests Cache Stale Fallback Integration should use stale cache when API fails","status":"passed","title":"should use stale cache when API fails","duration":17.73869999999988,"failureMessages":[],"location":{"line":334,"column":5},"meta":{}},{"ancestorTitles":["YouTube API Integration Tests","Cache Stale Fallback Integration"],"fullName":"YouTube API Integration Tests Cache Stale Fallback Integration should return empty array when no cache and API fails","status":"passed","title":"should return empty array when no cache and API fails","duration":0.7272000000002663,"failureMessages":[],"location":{"line":367,"column":5},"meta":{}},{"ancestorTitles":["YouTube API Integration Tests","Concurrent Request Handling"],"fullName":"YouTube API Integration Tests Concurrent Request Handling should handle concurrent requests to same playlist","status":"passed","title":"should handle concurrent requests to same playlist","duration":1.3546000000001186,"failureMessages":[],"location":{"line":386,"column":5},"meta":{}},{"ancestorTitles":["YouTube API Integration Tests","Concurrent Request Handling"],"fullName":"YouTube API Integration Tests Concurrent Request Handling should handle concurrent requests to different playlists","status":"passed","title":"should handle concurrent requests to different playlists","duration":0.5174000000001797,"failureMessages":[],"location":{"line":412,"column":5},"meta":{}}],"startTime":1767338028350,"endTime":1767338028388.5173,"status":"passed","message":"","name":"C:/Users/Preston/git/toa-website/test/youtube-integration.test.ts"},{"assertionResults":[{"ancestorTitles":["YouTube Cache System","Multi-Playlist Cache"],"fullName":"YouTube Cache System Multi-Playlist Cache should cache multiple playlists independently","status":"passed","title":"should cache multiple playlists independently","duration":22.887500000000273,"failureMessages":[],"location":{"line":39,"column":5},"meta":{}},{"ancestorTitles":["YouTube Cache System","Multi-Playlist Cache"],"fullName":"YouTube Cache System Multi-Playlist Cache should not overwrite existing playlist cache when adding new one","status":"passed","title":"should not overwrite existing playlist cache when adding new one","duration":25.78690000000006,"failureMessages":[],"location":{"line":65,"column":5},"meta":{}},{"ancestorTitles":["YouTube Cache System","Multi-Playlist Cache"],"fullName":"YouTube Cache System Multi-Playlist Cache should handle expired cache per playlist","status":"passed","title":"should handle expired cache per playlist","duration":15.989199999999983,"failureMessages":[],"location":{"line":95,"column":5},"meta":{}},{"ancestorTitles":["YouTube Cache System","Multi-Playlist Cache"],"fullName":"YouTube Cache System Multi-Playlist Cache should create cache directory if it does not exist","status":"passed","title":"should create cache directory if it does not exist","duration":3.0174000000001797,"failureMessages":[],"location":{"line":124,"column":5},"meta":{}},{"ancestorTitles":["YouTube Cache System","Cache Fallback on API Failure"],"fullName":"YouTube Cache System Cache Fallback on API Failure should return stale cache when API fails","status":"passed","title":"should return stale cache when API fails","duration":12.045599999999922,"failureMessages":[],"location":{"line":151,"column":5},"meta":{}},{"ancestorTitles":["YouTube Cache System","Cache Fallback on API Failure"],"fullName":"YouTube Cache System Cache Fallback on API Failure should handle missing cache gracefully","status":"passed","title":"should handle missing cache gracefully","duration":0.5365000000001601,"failureMessages":[],"location":{"line":176,"column":5},"meta":{}},{"ancestorTitles":["YouTube Cache System","Cache Fallback on API Failure"],"fullName":"YouTube Cache System Cache Fallback on API Failure should handle corrupted cache file","status":"passed","title":"should handle corrupted cache file","duration":4.47609999999986,"failureMessages":[],"location":{"line":185,"column":5},"meta":{}},{"ancestorTitles":["YouTube Formatters","formatDuration"],"fullName":"YouTube Formatters formatDuration should format hours, minutes, seconds: PT1H30M45S -> 1:30:45","status":"passed","title":"should format hours, minutes, seconds: PT1H30M45S -> 1:30:45","duration":0.7552000000000589,"failureMessages":[],"location":{"line":216,"column":7},"meta":{}},{"ancestorTitles":["YouTube Formatters","formatDuration"],"fullName":"YouTube Formatters formatDuration should format minutes and seconds: PT5M20S -> 5:20","status":"passed","title":"should format minutes and seconds: PT5M20S -> 5:20","duration":0.254399999999805,"failureMessages":[],"location":{"line":216,"column":7},"meta":{}},{"ancestorTitles":["YouTube Formatters","formatDuration"],"fullName":"YouTube Formatters formatDuration should format only seconds: PT45S -> 0:45","status":"passed","title":"should format only seconds: PT45S -> 0:45","duration":0.1479999999996835,"failureMessages":[],"location":{"line":216,"column":7},"meta":{}},{"ancestorTitles":["YouTube Formatters","formatDuration"],"fullName":"YouTube Formatters formatDuration should format hours and seconds (no minutes): PT1H5S -> 1:00:05","status":"passed","title":"should format hours and seconds (no minutes): PT1H5S -> 1:00:05","duration":0.13730000000032305,"failureMessages":[],"location":{"line":216,"column":7},"meta":{}},{"ancestorTitles":["YouTube Formatters","formatDuration"],"fullName":"YouTube Formatters formatDuration should format only hours: PT2H -> 2:00:00","status":"passed","title":"should format only hours: PT2H -> 2:00:00","duration":0.1347000000000662,"failureMessages":[],"location":{"line":216,"column":7},"meta":{}},{"ancestorTitles":["YouTube Formatters","formatDuration"],"fullName":"YouTube Formatters formatDuration should format only minutes: PT10M -> 10:00","status":"passed","title":"should format only minutes: PT10M -> 10:00","duration":0.13869999999997162,"failureMessages":[],"location":{"line":216,"column":7},"meta":{}},{"ancestorTitles":["YouTube Formatters","formatDuration"],"fullName":"YouTube Formatters formatDuration should format zero duration: PT0S -> 0:00","status":"passed","title":"should format zero duration: PT0S -> 0:00","duration":0.3445000000001528,"failureMessages":[],"location":{"line":216,"column":7},"meta":{}},{"ancestorTitles":["YouTube Formatters","formatDuration"],"fullName":"YouTube Formatters formatDuration should format invalid format: invalid -> 0:00","status":"passed","title":"should format invalid format: invalid -> 0:00","duratio
[...]
,0],"4":[0,0],"5":[0,0],"6":[0,0],"7":[0,0],"8":[0,0],"9":[0,0],"10":[0,0],"11":[0,0],"12":[0,0],"13":[0,0],"14":[0,0],"15":[0,0],"16":[0,0],"17":[0,0],"18":[0,0],"19":[0,0],"20":[0,0],"21":[0,0],"22":[0,0],"23":[0,0],"24":[0,0],"25":[0,0,0],"26":[0,0],"27":[0,0],"28":[0],"29":[0,0],"30":[0,0],"31":[0,0],"32":[0,0],"33":[0,0,0],"34":[0,0,0],"35":[0,0],"36":[0,0,0],"37":[0,0],"38":[0,0],"39":[0,0],"40":[0,0],"41":[0,0],"42":[0,0],"43":[0,0],"44":[0,0],"45":[0,0],"46":[0,0],"47":[0,0,0],"48":[0,0],"49":[0,0],"50":[0,0],"51":[0,0],"52":[0],"53":[0,0],"54":[0,0],"55":[0,0],"56":[0,0],"57":[0,0],"58":[0,0],"59":[0,0],"60":[0,0],"61":[0,0],"62":[0,0],"63":[0,0],"64":[0,0],"65":[0,0],"66":[0,0],"67":[0,0,0],"68":[0,0],"69":[0,0],"70":[0,0],"71":[0,0],"72":[0,0],"73":[0,0],"74":[0,0],"75":[0,0],"76":[0,0],"77":[0,0],"78":[0,0],"79":[0,0],"80":[0,0],"81":[0,0],"82":[0,0],"83":[0,0],"84":[0],"85":[0,0,0]},"meta":{"lastBranch":86,"lastFunction":24,"lastStatement":277,"seen":{"s:8:18:8:Infinity":0,"s:9:19:9:Infinity":1,"s:10:23:10:Infinity":2,"f:12:15:12:32":0,"b:13:2:15:Infinity:undefined:undefined:undefined:undefined":0,"s:13:2:15:Infinity":3,"b:13:6:13:28:13:28:13:70:13:70:13:143":1,"s:14:4:14:Infinity":4,"s:17:19:17:Infinity":5,"s:18:23:22:Infinity":6,"b:19:6:19:Infinity:20:6:22:Infinity":2,"b:21:6:21:Infinity:22:6:22:Infinity":3,"b:24:2:26:Infinity:undefined:undefined:undefined:undefined":4,"s:24:2:26:Infinity":7,"s:25:4:25:Infinity":8,"s:28:2:36:Infinity":9,"f:36:9:36:16":1,"s:36:16:36:26":10,"f:36:33:36:41":2,"s:36:41:36:56":11,"s:38:22:38:Infinity":12,"b:38:22:38:68:38:68:38:Infinity":5,"b:40:2:42:Infinity:undefined:undefined:undefined:undefined":6,"s:40:2:42:Infinity":13,"b:40:6:40:29:40:29:40:43":7,"s:41:4:41:Infinity":14,"s:43:2:43:Infinity":15,"f:46:22:46:51":3,"b:48:2:53:Infinity:undefined:undefined:undefined:undefined":8,"s:48:2:53:Infinity":16,"s:49:4:52:Infinity":17,"s:56:22:56:Infinity":18,"s:58:23:58:Infinity":19,"s:59:2:61:Infinity":20,"s:63:2:63:Infinity":21,"f:95:9:95:22":4,"s:96:14:96:Infinity":22,"s:97:14:97:Infinity":23,"s:98:2:98:Infinity":24,"f:101:9:101:19":5,"s:102:2:126:Infinity":25,"b:103:4:105:Infinity:undefined:undefined:undefined:undefined":9,"s:103:4:105:Infinity":26,"s:104:6:104:Infinity":27,"s:107:25:107:Infinity":28,"s:108:43:108:Infinity":29,"s:110:23:110:Infinity":30,"b:111:4:113:Infinity:undefined:undefined:undefined:undefined":10,"s:111:4:113:Infinity":31,"s:112:6:112:Infinity":32,"b:115:4:119:Infinity:undefined:undefined:undefined:undefined":11,"s:115:4:119:Infinity":33,"s:116:23:116:Infinity":34,"s:117:6:117:Infinity":35,"s:118:6:118:Infinity":36,"s:121:4:121:Infinity":37,"s:122:4:122:Infinity":38,"s:124:4:124:Infinity":39,"s:125:4:125:Infinity":40,"f:129:9:129:20":6,"s:130:2:156:Infinity":41,"b:131:4:133:Infinity:undefined:undefined:undefined:undefined":12,"s:131:4:133:Infinity":42,"s:132:6:132:Infinity":43,"s:136:41:136:Infinity":44,"b:137:4:144:Infinity:undefined:undefined:undefined:undefined":13,"s:137:4:144:Infinity":45,"s:138:6:143:Infinity":46,"s:139:25:139:Infinity":47,"s:140:8:140:Infinity":48,"s:142:8:142:Infinity":49,"s:147:4:150:Infinity":50,"s:152:4:152:Infinity":51,"s:153:4:153:Infinity":52,"s:155:4:155:Infinity":53,"f:159:15:159:42":7,"s:160:17:160:Infinity":54,"s:161:32:161:Infinity":55,"s:162:42:162:Infinity":56,"s:165:2:195:Infinity":57,"s:166:16:166:Infinity":58,"s:167:4:167:Infinity":59,"s:168:4:168:Infinity":60,"s:169:4:169:Infinity":61,"s:170:4:170:Infinity":62,"b:171:4:173:Infinity:undefined:undefined:undefined:undefined":14,"s:171:4:173:Infinity":63,"s:172:6:172:Infinity":64,"s:175:21:175:Infinity":65,"b:177:4:180:Infinity:undefined:undefined:undefined:undefined":15,"s:177:4:180:Infinity":66,"s:178:20:178:Infinity":67,"s:179:6:179:Infinity":68,"s:182:17:182:Infinity":69,"b:184:4:186:Infinity:undefined:undefined:undefined:undefined":16,"s:184:4:186:Infinity":70,"b:184:8:184:23:184:23:184:48":17,"s:185:6:185:Infinity":71,"s:188:21:190:Infinity":72,"f:189:11:189:12":8,"s:189:26:189:54":73,"s:192:4:192:Infinity":74,"s:193:4:193:Infinity":75,"b:197:2:199:Infinity:undefined:undefined:undefined:undefined":18,"s:197:2:199:Infinity":76,"s:198:4:198:Infinity":77,"s:202:33:202:Infinity":78,"s:203:2:246:Infinity":79,"s:203:15:203:18":80,"s:204:21:204:Infinity":81,"s:206:16:206:Infinity":82,"s:207:4:207:Infinity":83,"s:208:4:208:Infinity":84,"s:209:4:209:Infinity":85,"s:211:21:211:Infinity":86,"b:213:4:216:Infinity:undefined:undefined:undefined:undefined":19,"s:213:4:216:Infinity":87,"s:214:20:214:Infinity":88,"s:215:6:215:Infinity":89,"s:218:17:218:Infinity":90,"s:220:10:243:Infinity":91,"b:220:33:220:47:220:47:220:51":20,"f:220:55:220:56":9,"s:221:22:221:Infinity":92,"s:222:25:222:Infinity":93,"s:223:29:223:Infinity":94,"s:225:24:227:Infinity":95,"b:226:10:226:Infinity:227:10:227:Infinity":21,"s:229:26:229:Infinity":96,"b:229:26:229:54:229:54:229:Infinity":22,"s:230:23:230:Infinity":97,"s:231:30:231:Infinity":98,"s:233:6:242:Infinity":99,"b:234:12:234:24:234:24:234:Infinity":23,"b:235:15:235:33:235:33:235:Infinity":24,"b:236:19:236:53:236:53:236:90:236:90:236:Infinity":25,"b:238:21:238:45:238:45:238:Infinity":26,"b:240:21:240:45:240:45:240:Infinity":27,"s:245:4:245:Infinity":100,"s:249:2:253:Infinity":101,"f:249:17:249:18":10,"s:250:18:250:Infinity":102,"s:251:18:251:Infinity":103,"s:252:4:252:Infinity":104,"s:256:2:256:Infinity":105,"s:258:2:258:Infinity":106,"f:262:22:262:40":11,"b:262:81:262:109":28,"s:264:23:264:Infinity":107,"b:265:2:267:Infinity:undefined:undefined:undefined:undefined":29,"s:265:2:267:Infinity":108,"s:266:4:266:Infinity":109,"s:270:2:406:Infinity":110,"b:272:4:294:Infinity:undefined:undefined:undefined:undefined":30,"s:272:4:294:Infinity":111,"s:273:6:293:Infinity":112,"s:274:8:274:Infinity":113,"s:276:25:276:Infinity":114,"b:276:25:276:60:276:60:276:Infinity":31,"b:278:8:292:Infinity:290:15:292:Infinity":32,"s:278:8:292:Infinity":115,"b:278:12:278:44:278:44:278:98:278:98:278:128":33,"s:279:10:279:Infinity":116,"s:282:34:283:Infinity":117,"b:282:34:282:Infinity:283:13:283:42:283:42:283:Infinity":34,"b:285:10:289:Infinity:undefined:undefined:undefined:undefined":35,"s:285:10:289:Infinity":118,"s:286:12:286:Infinity":119,"s:287:12:287:Infinity":120,"s:288:12:288:Infinity":121,"s:291:10:291:Infinity":122,"s:297:28:298:Infinity":123,"b:297:28:297:Infinity:298:7:298:36:298:36:298:Infinity":36,"b:300:4:303:Infinity:undefined:undefined:undefined:undefined":37,"s:300:4:303:Infinity":124,"b:300:8:300:28:300:28:300:58":38,"s:301:6:301:Infinity":125,"s:302:6:302:Infinity":126,"s:305:20:305:Infinity":127,"s:307:34:307:Infinity":128,"s:308:44:308:Infinity":129,"s:311:4:330:Infinity":130,"s:312:23:317:Infinity":131,"b:319:6:321:Infinity:undefined:undefined:undefined:undefined":39,"s:319:6:321:Infinity":132,"b:319:10:319:34:319:34:319:68":40,"s:320:8:320:Infinity":133,"s:323:23:325:Infinity":134,"f:324:13:324:14":12,"s:324:28:324:56":135,"s:327:6:327:Infinity":136,"s:328:6:328:Infinity":137,"b:332:4:334:Infinity:undefined:undefined:undefined:undefined":41,"s:332:4:334:Infinity":138,"s:333:6:333:Infinity":139,"s:337:35:337:Infinity":140,"s:338:4:372:Infinity":141,"s:338:17:338:20":142,"s:339:23:339:Infinity":143,"s:341:29:344:Infinity":144,"s:346:12:369:Infinity":145,"b:346:35:346:64:346:64:346:68":42,"f:346:72:346:73":13,"s:347:24:347:Infinity":146,"s:348:27:348:Infinity":147,"s:349:31:349:Infinity":148,"s:351:26:353:Infinity":149,"b:352:12:352:Infinity:353:12:353:Infinity":43,"s:355:28:355:Infinity":150,"b:355:28:355:56:355:56:355:Infinity":44,"s:356:25:356:Infinity":151,"s:357:32:357:Infinity":152,"s:359:8:368:Infinity":153,"b:360:14:360:26:360:26:360:Infinity":45,"b:361:17:361:35:361:35:361:Infinity":46,"b:362:21:362:55:362:55:362:92:362:92:362:Infinity":47,"b:364:23:364:47:364:47:364:Infinity":48,"b:366:23:366:47:366:47:366:Infinity":49,"s:371:6:371:Infinity":154,"s:375:4:379:Infinity":155,"f:375:19:375:20":14,"s:376:20:376:Infinity":156,"s:377:20:377:Infinity":157,"s:378:6:378:Infinity":158,"s:382:4:382:Infinity":159,"s:384:4:384:Infinity":160,"s:386:4:386:Infinity":161,"s:389:4:401:Infinity":162,"b:390:6:398:Infinity:undefined:undefined:undefined:undefined":50,"s:390:6:398:Infinity":163,"s:391:29:391:Infinity":164,"s:392:47:392:Infinity":165,"s:393:27:393:Infinity":166,"b:394:8:397:Infinity:undefined:undefined:undefined:undefined":51,"s:394:8:397:Infinity":167,"s:395:10:395:Infinity":168,"s:396:10:396:Infinity":169,"s:400:6:400:Infinity":170,"s:404:4:404:Infinity":171,"s:405:4:405:Infinity":172,"f:417:22:417:39":15,"b:417:79:417:105":52,"s:419:23:419:Infinity":173,"b:420:2:422:Infinity:undefined:undefined:undefined:undefined":53,"s:420:2:422:Infinity":174,"s:421:4:421:Infinity":175,"s:425:2:564:Infinity":176,"s:426:19:426:Infinity":177,"b:428:4:431:Infinity:undefined:undefined:undefined:undefined":54,"s:428:4:431:Infinity":178,"s:429:6:429:Infinity":179,"s:430:6:430:Infinity":180,"s:433:32:433:Infinity":181,"s:434:44:434:Infinity":182,"s:437:4:475:Infinity":183,"s:438:18:438:Infinity":184,"s:439:6:439:Infinity":185,"s:440:6:440:Infinity":186,"s:441:6:441:Infinity":187,"s:442:6:442:Infinity":188,"s:443:6:443:Infinity":189,"s:444:6:444:Infinity":190,"b:445:6:447:Infinity:undefined:undefined:undefined:undefined":55,"s:445:6:447:Infinity":191,"s:446:8:446:Infinity":192,"s:449:23:449:Infinity":193,"b:451:6:454:Infinity:undefined:undefined:undefined:undefined":56,"s:451:6:454:Infinity":194,"s:452:22:452:Infinity":195,"s:453:8:453:Infinity":196,"s:456:19:456:Infinity":197,"b:458:6:460:Infinity:undefined:undefined:undefined:undefined":57,"s:458:6:460:Infinity":198,"b:458:10:458:25:458:25:458:50":58,"s:459:8:459:Infinity":199,"s:462:23:464:Infinity":200,"f:463:13:463:14":16,"s:463:28:463:44":201,"s:466:6:466:Infinity":202,"s:467:6:467:Infinity":203,"b:470:6:473:Infinity:undefined:undefined:undefined:undefined":59,"s:470:6:473:Infinity":204,"s:471:8:471:Infinity":205,"s:472:8:472:Infinity":206,"b:477:4:480:Infinity:undefined:undefined:undefined:undefined":60,"s:477:4:480:Infinity":207,"s:478:6:478:Infinity":208,"s:479:6:479:Infinity":209,"s:482:4:482:Infinity":210,"s:485:35:485:Infinity":211,"s:486:4:529:Infinity":212,"s:486:17:486:20":213,"s:487:23:487:Infinity":214,"s:489:18:489:Infinity":215,"s:490:6:490:Infinity":216,"s:491:6:491:Infinity":217,"s:492:6:492:Infinity":218,"s:494:23:494:Infinity":219,"b:496:6:499:Infinity:undefined:undefined:undefined:undefined":61,"s:496:6:499:Infinity":220,"s:497:22:497:Infinity":221,"s:498:8:498:Infinity":222,"s:501:19:501:Infinity":223,"s:503:12:526:Infinity":224,"b:503:35:503:49:503:49:503:53":62,"f:503:57:503:58":17,"s:504:24:504:Infinity":225,"s:505:27:505:Infinity":226,"s:506:31:506:Infinity":227,"s:508:26:510:Infinity":228,"b:509:12:509:Infinity:510:12:510:Infinity":63,"s:512:28:512:Infinity":229,"b:512:28:512:56:512:56:512:Infinity":64,"s:513:25:513:Infinity":230,"s:514:32:514:Infinity":231,"s:516:8:525:Infinity":232,"b:517:14:517:26:517:26:517:Infinity":65,"b:518:17:518:35:518:35:518:Infinity":66,"b:519:21:519:55:519:55:519:92:519:92:519:Infinity":67,"b:521:23:521:47:521:47:521:Infinity":68,"b:523:23:523:47:523:47:523:Infinity":69,"s:528:6:528:Infinity":233,"s:532:4:536:Infinity":234,"f:532:19:532:20":18,"s:533:20:533:Infinity":235,"s:534:20:534:Infinity":236,"s:535:6:535:Infinity":237,"s:539:4:539:Infinity":238,"s:541:4:541:Infinity":239,"s:542:4:542:Infinity":240,"s:545:4:545:Infinity":241,"s:548:4:560:Infinity":242,"b:549:6:557:Infinity:undefined:undefined:undefined:undefined":70,"s:549:6:557:Infinity":243,"s:550:29:550:Infinity":244,"s:551:46:551:Infinity":245,"s:552:27:552:Infinity":246,"b:553:8:556:Infinity:undefined:undefined:undefined:undefined":71,"s:553:8:556:Infinity":247,"b:553:12:553:26:553:26:553:45":72,"s:554:10:554:Infinity":248,"s:555:10:555:Infinity":249,"s:562:4:562:Infinity":250,"s:563:4:563:Infinity":251,"f:567:9:567:25":19,"b:568:2:572:Infinity:570:2:572:Infinity":73,"s:568:2:572:Infinity":252,"s:569:4:569:Infinity":253,"b:570:2:572:Infinity:undefined:undefined:undefined:undefined":74,"s:570:2:572:Infinity":254,"s:571:4:571:Infinity":255,"s:573:2:573:Infinity":256,"f:576:9:576:24":20,"s:577:16:577:Infinity":257,"b:578:2:578:Infinity:undefined:undefined:undefined:undefined":75,"s:578:2:578:Infinity":258,"s:578:15:578:29":259,"s:580:16:580:Infinity":260,"b:580:25:580:37:580:37:580:40":76,"s:581:18:581:Infinity":261,"b:581:27:581:39:581:39:581:42":77,"s:582:18:582:Infinity":262,"b:582:27:582:39:582:39:582:42":78,"b:584:2:586:Infinity:undefined:undefined:undefined:undefined":79,"s:584:2:586:Infinity":263,"s:585:4:585:Infinity":264,"s:587:2:587:Infinity":265,"f:590:9:590:30":21,"s:591:16:591:Infinity":266,"b:592:2:592:Infinity:undefined:undefined:undefined:undefined":80,"s:592:2:592:Infinity":267,"s:592:15:592:24":268,"s:594:16:594:Infinity":269,"b:594:25:594:37:594:37:594:40":81,"s:595:18:595:Infinity":270,"b:595:27:595:39:595:39:595:42":82,"s:596:18:596:Infinity":271,"b:596:27:596:39:596:39:596:42":83,"s:598:2:598:Infinity":272,"f:609:22:609:39":22,"b:609:79:609:105":84,"s:611:20:611:Infinity":273,"s:614:17:616:Infinity":274,"f:614:34:614:43":23,"s:615:4:615:Infinity":275,"b:615:11:615:50:615:50:615:79:615:79:615:Infinity":85,"s:618:2:618:Infinity":276}}},"C:\\Users\\Preston\\git\\toa-website\\client\\src\\App.tsx":{"path":"C:\\Users\\Preston\\git\\toa-website\\client\\src\\App.tsx","statementMap":{"0":{"start":{"line":23,"column":17},"end":{"line":23,"column":null}},"1":{"start":{"line":25,"column":2},"end":{"line":27,"column":null}},"2":{"start":{"line":26,"column":4},"end":{"line":26,"column":null}},"3":{"start":{"line":29,"column":2},"end":{"line":29,"column":null}},"4":{"start":{"line":33,"column":2},"end":{"line":49,"column":null}},"5":{"start":{"line":54,"column":2},"end":{"line":60,"column":null}}},"fnMap":{"0":{"name":"ScrollToTop","decl":{"start":{"line":22,"column":9},"end":{"line":22,"column":23}},"loc":{"start":{"line":22,"column":23},"end":{"line":30,"column":null}},"line":22},"1":{"name":"(anonymous_1)","decl":{"start":{"line":25,"column":12},"end":{"line":25,"column":18}},"loc":{"start":{"line":25,"column":18},"end":{"line":27,"column":5}},"line":25},"2":{"name":"Router","decl":{"start":{"line":32,"column":9},"end":{"line":32,"column":18}},"loc":{"start":{"line":32,"column":18},"end":{"line":51,"column":null}},"line":32},"3":{"name":"App","decl":{"start":{"line":53,"column":9},"end":{"line":53,"column":15}},"loc":{"start":{"line":53,"column":15},"end":{"line":62,"column":null}},"line":53}},"branchMap":{},"s":{"0":0,"1":0,"2":0,"3":0,"4":0,"5":0},"f":{"0":0,"1":0,"2":0,"3":0},"b":{},"meta":{"lastBranch":0,"lastFunction":4,"lastStatement":6,"seen":{"f:22:9:22:23":0,"s:23:17:23:Infinity":0,"s:25:2:27:Infinity":1,"f:25:12:25:18":1,"s:26:4:26:Infinity":2,"s:29:2:29:Infinity":3,"f:32:9:32:18":2,"s:33:2:49:Infinity":4,"f:53:9:53:15":3,"s:54:2:60:Infinity":5}}},"C:\\Users\\Preston\\git\\toa-website\\server\\logger.ts":{"path":"C:\\Users\\Preston\\git\\toa-website\\server\\logger.ts","statementMap":{"0":{"start":{"line":3,"column":22},"end":{"line":3,"column":null}},"1":{"start":{"line":5,"column":13},"end":{"line":47,"column":null}},"2":{"start":{"line":9,"column":23},"end":{"line":9,"column":null}},"3":{"start":{"line":10,"column":29},"end":{"line":14,"column":null}},"4":{"start":{"line":51,"column":2},"end":{"line":75,"column":null}},"5":{"start":{"line":52,"column":18},"end":{"line":52,"column":null}},"6":{"start":{"line":54,"column":4},"end":{"line":72,"column":null}},"7":{"start":{"line":55,"column":23},"end":{"line":55,"column":null}},"8":{"start":{"line":56,"column":22},"end":{"line":63,"column":null}},"9":{"start":{"line":65,"column":6},"end":{"line":71,"column":null}},"10":{"start":{"line":66,"column":8},"end":{"line":66,"column":null}},"11":{"start":{"line":67,"column":6},"end":{"line":71,"column":null}},"12":{"start":{"line":68,"column":8},"end":{"line":68,"column":null}},"13":{"start":{"line":70,"column":8},"end":{"line":70,"column":null}},"14":{"start":{"line":74,"column":4},"end":{"line":74,"column":null}},"15":{"start":{"line":80,"column":2},"end":{"line":90,"column":null}},"16":{"start":{"line":95,"column":2},"end":{"line":102,"column":null}}},"fnMap":{"0":{"name":"(anonymous_0)","decl":{"start":{"line":9,"column":11},"end":{"line":9,"column":12}},"loc":{"start":{"line":9,"column":23},"end":{"line":9,"column":null}},"line":9},"1":{"name":"(anonymous_1)","decl":{"start":{"line":10,"column":14},"end":{"line":10,"column":15}},"loc":{"start":{"line":10,"column":29},"end":{"line":14,"column":null}},"line":10},"2":{"name":"expressLogger","decl":{"start":{"line":50,"column":16},"end":{"line":50,"column":32}},"loc":{"start":{"line":50,"column":32},"end":{"line":76,"column":null}},"line":50},"3":{"name":"(anonymous_3)","decl":{"start":{"line":51,"column":9},"end":{"line":51,"column":10}},"loc":{"start":{"line":51,"column":44},"end":{"line":75,"column":null}},"line":51},"4":{"name":"(anonymous_4)","decl":{"start":{"line":54,"column":21},"end":{"line":54,"column":27}},"loc":{"start":{"line":54,"column":27},"end":{"line":72,"column":5}},"line":54},"5":{"name":"logError","decl":{"start":{"line":79,"column":16},"end":{"line":79,"column":25}},"loc":{"start":{"line":79,"column":70},"end":{"line":91,"column":null}},"line":79},"6":{"name":"logPerformance","decl":{"start":{"line":94,"column":16},"end":{"line":94,"column":31}},"loc":{"start":{"line":94,"column":99},"end":{"line":103,"column":null}},"line":94}},"branchMap":{"0":{"loc":{"start":{"line":6,"column":9},"end":{"line":6,"column":null}},"type":"binary-expr","locations":[{"start":{"line":6,"column":9},"end":{"line":6,"column":35}},{"start":{"line":6,"column":35},"end":{"line":6,"column":null}}],"line":6},"1":{"loc":{"start":{"line":6,"column":35},"end":{"line":6,"column":null}},"type":"cond-expr","locations":[{"start":{"line":6,"column":51},"end":{"line":6,"column":61}},{"start":{"line":6,"column":61},"end":{"line":6,"column":null}}],"line":6},"2":{"loc":{"start":{"line":37,"column":13},"end":{"line":46,"column":null}},"type":"cond-expr","locations":[{"start":{"line":38,"column":6},"end":{"line":45,"column":null}},{"start":{"line":46,"column":6},"end":{"line":46,"column":null}}],"line":37},"3":{"loc":{"start":{"line":62,"column":12},"end":{"line":62,"column":null}},"type":"binary-expr","locations":[{"start":{"line":62,"column":12},"end":{"line":62,"column":22}},{"start":{"line":62,"column":22},"end":{"line":62,"column":null}}],"line":62},"4":{"loc":{"start":{"line":65,"column":6},"end":{"line":71,"column":null}},"type":"if","locations":[{"start":{"line":65,"column":6},"end":{"line":71,"column":null}},{"start":{"line":67,"column":6},"end":{"line":71,"column":null}}],"line":65},"5":{"loc":{"start":{"line":67,"column":6},"end":{"line":71,"column":null}},"type":"if","locations":[{"start":{"line":67,"column":6},"end":{"line":71,"column":null}},{"start":{"line":69,"column":13},"end":{"line":71,"column":null}}],"line":67}},"s":{"0":0,"1":0,"2":0,"3":0,"4":0,"5":0,"6":0,"7":0,"8":0,"9":0,"10":0,"11":0,"12":0,"13":0,"14":0,"15":0,"16":0},"f":{"0":0,"1":0,"2":0,"3":0,"4":0,"5":0,"6":0},"b":{"0":[0,0],"1":[0,0],"2":[0,0],"3":[0,0],"4":[0,0],"5":[0,0]},"meta":{"lastBranch":6,"lastFunction":7,"lastStatement":17,"seen":{"s:3:22:3:Infinity":0,"s:5:13:47:Infinity":1,"b:6:9:6:35:6:35:6:Infinity":0,"b:6:51:6:61:6:61:6:Infinity":1,"f:9:11:9:12":0,"s:9:23:9:Infinity":2,"f:10:14:10:15":1,"s:10:29:14:Infinity":3,"b:38:6:45:Infinity:46:6:46:Infinity":2,"f:50:16:50:32":2,"s:51:2:75:Infinity":4,"f:51:9:51:10":3,"s:52:18:52:Infinity":5,"s:54:4:72:Infinity":6,"f:54:21:54:27":4,"s:55:23:55:Infinity":7,"s:56:22:63:Infinity":8,"b:62:12:62:22:62:22:62:Infinity":3,"b:65:6:71:Infinity:67:6:71:Infinity":4,"s:65:6:71:Infinity":9,"s:66:8:66:Infinity":10,"b:67:6:71:Infinity:69:13:71:Infinity":5,"s:67:6:71:Infinity":11,"s:68:8:68:Infinity":12,"s:70:8:70:Infinity":13,"s:74:4:74:Infinity":14,"f:79:16:79:25":5,"s:80:2:90:Infinity":15,"f:94:16:94:31":6,"s:95:2:102:Infinity":16}}}}}