{"numTotalTestSuites":6,"numPassedTestSuites":3,"numFailedTestSuites":3,"numPendingTestSuites":0,"numTotalTests":12,"numPassedTests":1,"numFailedTests":1,"numPendingTests":10,"numTodoTests":0,"snapshot":{"added":0,"failure":false,"filesAdded":0,"filesRemoved":0,"filesRemovedList":[],"filesUnmatched":0,"filesUpdated":0,"matched":0,"total":0,"unchecked":0,"uncheckedKeysByFile":[],"unmatched":0,"updated":0,"didUpdate":false},"startTime":1767225209380,"success":false,"testResults":[{"assertionResults":[{"ancestorTitles":["Monitoring & Metrics","Metrics Collection"],"fullName":"Monitoring & Metrics Metrics Collection should track successful API calls","status":"skipped","title":"should track successful API calls","failureMessages":[],"location":{"line":29,"column":5},"meta":{}},{"ancestorTitles":["Monitoring & Metrics","Metrics Collection"],"fullName":"Monitoring & Metrics Metrics Collection should track error rates","status":"failed","title":"should track error rates","duration":33.01389999999992,"failureMessages":["AssertionError: expected 4 to be 2 // Object.is equality\n    at C:/Users/Preston/git/toa-website/test/monitoring.test.ts:59:40\n    at processTicksAndRejections (node:internal/process/task_queues:95:5)\n    at file:///C:/Users/Preston/git/toa-website/node_modules/@vitest/runner/dist/index.js:915:20"],"location":{"line":41,"column":5},"meta":{}},{"ancestorTitles":["Monitoring & Metrics","Metrics Collection"],"fullName":"Monitoring & Metrics Metrics Collection should calculate latency percentiles","status":"skipped","title":"should calculate latency percentiles","failureMessages":[],"location":{"line":65,"column":5},"meta":{}},{"ancestorTitles":["Monitoring & Metrics","Metrics Collection"],"fullName":"Monitoring & Metrics Metrics Collection should track requests per second","status":"skipped","title":"should track requests per second","failureMessages":[],"location":{"line":82,"column":5},"meta":{}},{"ancestorTitles":["Monitoring & Metrics","Metrics Collection"],"fullName":"Monitoring & Metrics Metrics Collection should track cache hit rate","status":"skipped","title":"should track cache hit rate","failureMessages":[],"location":{"line":91,"column":5},"meta":{}},{"ancestorTitles":["Monitoring & Metrics","Metrics Collection"],"fullName":"Monitoring & Metrics Metrics Collection should track error types","status":"passed","title":"should track error types","duration":0.5580999999999676,"failureMessages":[],"location":{"line":103,"column":5},"meta":{}},{"ancestorTitles":["Monitoring & Metrics","Metrics Collection"],"fullName":"Monitoring & Metrics Metrics Collection should track uptime","status":"skipped","title":"should track uptime","failureMessages":[],"location":{"line":114,"column":5},"meta":{}},{"ancestorTitles":["Monitoring & Metrics","Metrics Endpoint"],"fullName":"Monitoring & Metrics Metrics Endpoint should return metrics in JSON format","status":"skipped","title":"should return metrics in JSON format","failureMessages":[],"location":{"line":124,"column":5},"meta":{}},{"ancestorTitles":["Monitoring & Metrics","Metrics Endpoint"],"fullName":"Monitoring & Metrics Metrics Endpoint should show cache metrics","status":"skipped","title":"should show cache metrics","failureMessages":[],"location":{"line":137,"column":5},"meta":{}},{"ancestorTitles":["Monitoring & Metrics","Performance Tracking"],"fullName":"Monitoring & Metrics Performance Tracking should limit stored latency samples to 1000 per endpoint","status":"skipped","title":"should limit stored latency samples to 1000 per endpoint","failureMessages":[],"location":{"line":152,"column":5},"meta":{}},{"ancestorTitles":["Monitoring & Metrics","Performance Tracking"],"fullName":"Monitoring & Metrics Performance Tracking should handle concurrent requests","status":"skipped","title":"should handle concurrent requests","failureMessages":[],"location":{"line":164,"column":5},"meta":{}},{"ancestorTitles":["Monitoring & Metrics","Metrics Reset"],"fullName":"Monitoring & Metrics Metrics Reset should reset all metrics","status":"skipped","title":"should reset all metrics","failureMessages":[],"location":{"line":177,"column":5},"meta":{}}],"startTime":1767225210807,"endTime":1767225210840.558,"status":"failed","message":"","name":"C:/Users/Preston/git/toa-website/test/monitoring.test.ts"}]}