{"numTotalTestSuites":2,"numPassedTestSuites":2,"numFailedTestSuites":0,"numPendingTestSuites":0,"numTotalTests":13,"numPassedTests":13,"numFailedTests":0,"numPendingTests":0,"numTodoTests":0,"snapshot":{"added":0,"failure":false,"filesAdded":0,"filesRemoved":0,"filesRemovedList":[],"filesUnmatched":0,"filesUpdated":0,"matched":0,"total":0,"unchecked":0,"uncheckedKeysByFile":[],"unmatched":0,"updated":0,"didUpdate":false},"startTime":1767319418293,"success":true,"testResults":[{"assertionResults":[{"ancestorTitles":["Sponsors Page"],"fullName":"Sponsors Page should render the sponsors page with all sections","status":"passed","title":"should render the sponsors page with all sections","duration":54.98149999999987,"failureMessages":[],"location":{"line":21,"column":3},"meta":{}},{"ancestorTitles":["Sponsors Page"],"fullName":"Sponsors Page should display \"Become Our First Sponsor\" when no sponsors exist","status":"passed","title":"should display \"Become Our First Sponsor\" when no sponsors exist","duration":28.277599999999893,"failureMessages":[],"location":{"line":32,"column":3},"meta":{}},{"ancestorTitles":["Sponsors Page"],"fullName":"Sponsors Page should render all three sponsorship tiers","status":"passed","title":"should render all three sponsorship tiers","duration":20.55040000000008,"failureMessages":[],"location":{"line":42,"column":3},"meta":{}},{"ancestorTitles":["Sponsors Page"],"fullName":"Sponsors Page should render community metrics section","status":"passed","title":"should render community metrics section","duration":21.46530000000007,"failureMessages":[],"location":{"line":54,"column":3},"meta":{}},{"ancestorTitles":["Sponsors Page"],"fullName":"Sponsors Page should open mailto link when \"Become Sponsor\" button is clicked","status":"passed","title":"should open mailto link when \"Become Sponsor\" button is clicked","duration":22.404700000000048,"failureMessages":[],"location":{"line":67,"column":3},"meta":{}},{"ancestorTitles":["Sponsors Page"],"fullName":"Sponsors Page should open mailto link when main CTA button is clicked","status":"passed","title":"should open mailto link when main CTA button is clicked","duration":19.345600000000104,"failureMessages":[],"location":{"line":82,"column":3},"meta":{}},{"ancestorTitles":["Sponsors Page"],"fullName":"Sponsors Page should open mailto with tier-specific content when tier inquiry button is clicked","status":"passed","title":"should open mailto with tier-specific content when tier inquiry button is clicked","duration":22.400499999999965,"failureMessages":[],"location":{"line":96,"column":3},"meta":{}},{"ancestorTitles":["Sponsors Page"],"fullName":"Sponsors Page should navigate to press kit when press kit button is clicked","status":"passed","title":"should navigate to press kit when press kit button is clicked","duration":12.245599999999968,"failureMessages":[],"location":{"line":110,"column":3},"meta":{}},{"ancestorTitles":["Sponsors Page"],"fullName":"Sponsors Page should render all sponsorship tier benefits","status":"passed","title":"should render all sponsorship tier benefits","duration":21.852099999999837,"failureMessages":[],"location":{"line":123,"column":3},"meta":{}},{"ancestorTitles":["Sponsors Page"],"fullName":"Sponsors Page should display \"Why Partner With Us\" section","status":"passed","title":"should display \"Why Partner With Us\" section","duration":22.998199999999997,"failureMessages":[],"location":{"line":141,"column":3},"meta":{}},{"ancestorTitles":["Sponsors Page"],"fullName":"Sponsors Page should display target audience section","status":"passed","title":"should display target audience section","duration":16.645899999999983,"failureMessages":[],"location":{"line":155,"column":3},"meta":{}},{"ancestorTitles":["Sponsors Page"],"fullName":"Sponsors Page should have proper SEO metadata","status":"passed","title":"should have proper SEO metadata","duration":10.8429000000001,"failureMessages":[],"location":{"line":168,"column":3},"meta":{}},{"ancestorTitles":["Sponsors Page"],"fullName":"Sponsors Page should encode email subject and body properly","status":"passed","title":"should encode email subject and body properly","duration":18.153099999999995,"failureMessages":[],"location":{"line":179,"column":3},"meta":{}}],"startTime":1767319419767,"endTime":1767319420059.153,"status":"passed","message":"","name":"C:/Users/Preston/git/toa-website/test/sponsors.test.tsx"}]}