{"C:\\Users\\Preston\\git\\toa-website\\client\\src\\App.tsx": {"path":"C:\\Users\\Preston\\git\\toa-website\\client\\src\\App.tsx","statementMap":{"0":{"start":{"line":17,"column":17},"end":{"line":17,"column":null}},"1":{"start":{"line":19,"column":2},"end":{"line":21,"column":null}},"2":{"start":{"line":20,"column":4},"end":{"line":20,"column":null}},"3":{"start":{"line":23,"column":2},"end":{"line":23,"column":null}},"4":{"start":{"line":27,"column":2},"end":{"line":40,"column":null}},"5":{"start":{"line":45,"column":2},"end":{"line":51,"column":null}}},"fnMap":{"0":{"name":"ScrollToTop","decl":{"start":{"line":16,"column":9},"end":{"line":16,"column":23}},"loc":{"start":{"line":16,"column":23},"end":{"line":24,"column":null}},"line":16},"1":{"name":"(anonymous_1)","decl":{"start":{"line":19,"column":12},"end":{"line":19,"column":18}},"loc":{"start":{"line":19,"column":18},"end":{"line":21,"column":5}},"line":19},"2":{"name":"Router","decl":{"start":{"line":26,"column":9},"end":{"line":26,"column":18}},"loc":{"start":{"line":26,"column":18},"end":{"line":42,"column":null}},"line":26},"3":{"name":"App","decl":{"start":{"line":44,"column":9},"end":{"line":44,"column":15}},"loc":{"start":{"line":44,"column":15},"end":{"line":53,"column":null}},"line":44}},"branchMap":{},"s":{"0":0,"1":0,"2":0,"3":0,"4":0,"5":0},"f":{"0":0,"1":0,"2":0,"3":0},"b":{},"meta":{"lastBranch":0,"lastFunction":4,"lastStatement":6,"seen":{"f:16:9:16:23":0,"s:17:17:17:Infinity":0,"s:19:2:21:Infinity":1,"f:19:12:19:18":1,"s:20:4:20:Infinity":2,"s:23:2:23:Infinity":3,"f:26:9:26:18":2,"s:27:2:40:Infinity":4,"f:44:9:44:15":3,"s:45:2:51:Infinity":5}}}
,"C:\\Users\\Preston\\git\\toa-website\\client\\src\\components\\AboutSection.tsx": {"path":"C:\\Users\\Preston\\git\\toa-website\\client\\src\\components\\AboutSection.tsx","statementMap":{"0":{"start":{"line":36,"column":32},"end":{"line":36,"column":null}},"1":{"start":{"line":37,"column":22},"end":{"line":37,"column":null}},"2":{"start":{"line":37,"column":49},"end":{"line":37,"column":65}},"3":{"start":{"line":38,"column":19},"end":{"line":38,"column":null}},"4":{"start":{"line":38,"column":46},"end":{"line":38,"column":63}},"5":{"start":{"line":40,"column":47},"end":{"line":50,"column":null}},"6":{"start":{"line":52,"column":16},"end":{"line":56,"column":null}},"7":{"start":{"line":58,"column":28},"end":{"line":179,"column":null}},"8":{"start":{"line":59,"column":18},"end":{"line":59,"column":null}},"9":{"start":{"line":61,"column":4},"end":{"line":81,"column":null}},"10":{"start":{"line":62,"column":6},"end":{"line":80,"column":null}},"11":{"start":{"line":68,"column":12},"end":{"line":68,"column":null}},"12":{"start":{"line":69,"column":12},"end":{"line":73,"column":null}},"13":{"start":{"line":83,"column":4},"end":{"line":103,"column":null}},"14":{"start":{"line":84,"column":6},"end":{"line":102,"column":null}},"15":{"start":{"line":90,"column":12},"end":{"line":90,"column":null}},"16":{"start":{"line":91,"column":12},"end":{"line":95,"column":null}},"17":{"start":{"line":105,"column":4},"end":{"line":125,"column":null}},"18":{"start":{"line":106,"column":6},"end":{"line":124,"column":null}},"19":{"start":{"line":112,"column":12},"end":{"line":112,"column":null}},"20":{"start":{"line":113,"column":12},"end":{"line":117,"column":null}},"21":{"start":{"line":127,"column":4},"end":{"line":147,"column":null}},"22":{"start":{"line":128,"column":6},"end":{"line":146,"column":null}},"23":{"start":{"line":134,"column":12},"end":{"line":134,"column":null}},"24":{"start":{"line":135,"column":12},"end":{"line":139,"column":null}},"25":{"start":{"line":149,"column":4},"end":{"line":169,"column":null}},"26":{"start":{"line":150,"column":6},"end":{"line":168,"column":null}},"27":{"start":{"line":156,"column":12},"end":{"line":156,"column":null}},"28":{"start":{"line":157,"column":12},"end":{"line":161,"column":null}},"29":{"start":{"line":171,"column":4},"end":{"line":178,"column":null}},"30":{"start":{"line":181,"column":25},"end":{"line":243,"column":null}},"31":{"start":{"line":183,"column":6},"end":{"line":185,"column":null}},"32":{"start":{"line":187,"column":4},"end":{"line":241,"column":null}},"33":{"start":{"line":203,"column":28},"end":{"line":203,"column":32}},"34":{"start":{"line":221,"column":14},"end":{"line":227,"column":null}},"35":{"start":{"line":245,"column":2},"end":{"line":312,"column":null}},"36":{"start":{"line":268,"column":14},"end":{"line":281,"column":null}}},"fnMap":{"0":{"name":"AboutSection","decl":{"start":{"line":35,"column":24},"end":{"line":35,"column":39}},"loc":{"start":{"line":35,"column":39},"end":{"line":314,"column":null}},"line":35},"1":{"name":"(anonymous_1)","decl":{"start":{"line":37,"column":37},"end":{"line":37,"column":38}},"loc":{"start":{"line":37,"column":49},"end":{"line":37,"column":65}},"line":37},"2":{"name":"(anonymous_2)","decl":{"start":{"line":38,"column":34},"end":{"line":38,"column":35}},"loc":{"start":{"line":38,"column":46},"end":{"line":38,"column":63}},"line":38},"3":{"name":"(anonymous_3)","decl":{"start":{"line":58,"column":28},"end":{"line":58,"column":29}},"loc":{"start":{"line":58,"column":52},"end":{"line":179,"column":null}},"line":58},"4":{"name":"(anonymous_4)","decl":{"start":{"line":67,"column":19},"end":{"line":67,"column":20}},"loc":{"start":{"line":67,"column":26},"end":{"line":74,"column":null}},"line":67},"5":{"name":"(anonymous_5)","decl":{"start":{"line":89,"column":19},"end":{"line":89,"column":20}},"loc":{"start":{"line":89,"column":26},"end":{"line":96,"column":null}},"line":89},"6":{"name":"(anonymous_6)","decl":{"start":{"line":111,"column":19},"end":{"line":111,"column":20}},"loc":{"start":{"line":111,"column":26},"end":{"line":118,"column":null}},"line":111},"7":{"name":"(anonymous_7)","decl":{"start":{"line":133,"column":19},"end":{"line":133,"column":20}},"loc":{"start":{"line":133,"column":26},"end":{"line":140,"column":null}},"line":133},"8":{"name":"(anonymous_8)","decl":{"start":{"line":155,"column":19},"end":{"line":155,"column":20}},"loc":{"start":{"line":155,"column":26},"end":{"line":162,"column":null}},"line":155},"9":{"name":"(anonymous_9)","decl":{"start":{"line":181,"column":25},"end":{"line":181,"column":26}},"loc":{"start":{"line":181,"column":49},"end":{"line":243,"column":null}},"line":181},"10":{"name":"(anonymous_10)","decl":{"start":{"line":203,"column":21},"end":{"line":203,"column":22}},"loc":{"start":{"line":203,"column":28},"end":{"line":203,"column":32}},"line":203},"11":{"name":"(anonymous_11)","decl":{"start":{"line":220,"column":47},"end":{"line":220,"column":48}},"loc":{"start":{"line":221,"column":14},"end":{"line":227,"column":null}},"line":221},"12":{"name":"(anonymous_12)","decl":{"start":{"line":267,"column":23},"end":{"line":267,"column":24}},"loc":{"start":{"line":268,"column":14},"end":{"line":281,"column":null}},"line":268}},"branchMap":{"0":{"loc":{"start":{"line":61,"column":4},"end":{"line":81,"column":null}},"type":"if","locations":[{"start":{"line":61,"column":4},"end":{"line":81,"column":null}},{"start":{},"end":{}}],"line":61},"1":{"loc":{"start":{"line":83,"column":4},"end":{"line":103,"column":null}},"type":"if","locations":[{"start":{"line":83,"column":4},"end":{"line":103,"column":null}},{"start":{},"end":{}}],"line":83},"2":{"loc":{"start":{"line":105,"column":4},"end":{"line":125,"column":null}},"type":"if","locations":[{"start":{"line":105,"column":4},"end":{"line":125,"column":null}},{"start":{},"end":{}}],"line":105},"3":{"loc":{"start":{"line":127,"column":4},"end":{"line":147,"column":null}},"type":"if","locations":[{"start":{"line":127,"column":4},"end":{"line":147,"column":null}},{"start":{},"end":{}}],"line":127},"4":{"loc":{"start":{"line":149,"column":4},"end":{"line":169,"column":null}},"type":"if","locations":[{"start":{"line":149,"column":4},"end":{"line":169,"column":null}},{"start":{},"end":{}}],"line":149},"5":{"loc":{"start":{"line":171,"column":11},"end":{"line":178,"column":null}},"type":"cond-expr","locations":[{"start":{"line":172,"column":6},"end":{"line":177,"column":null}},{"start":{"line":178,"column":8},"end":{"line":178,"column":null}}],"line":171},"6":{"loc":{"start":{"line":183,"column":6},"end":{"line":185,"column":null}},"type":"cond-expr","locations":[{"start":{"line":184,"column":10},"end":{"line":184,"column":null}},{"start":{"line":185,"column":10},"end":{"line":185,"column":null}}],"line":183},"7":{"loc":{"start":{"line":183,"column":6},"end":{"line":183,"column":null}},"type":"binary-expr","locations":[{"start":{"line":183,"column":6},"end":{"line":183,"column":23}},{"start":{"line":183,"column":23},"end":{"line":183,"column":null}}],"line":183},"8":{"loc":{"start":{"line":229,"column":13},"end":{"line":236,"column":null}},"type":"binary-expr","locations":[{"start":{"line":229,"column":13},"end":{"line":229,"column":null}},{"start":{"line":230,"column":14},"end":{"line":236,"column":null}}],"line":229},"9":{"loc":{"start":{"line":298,"column":9},"end":{"line":309,"column":null}},"type":"binary-expr","locations":[{"start":{"line":298,"column":9},"end":{"line":298,"column":null}},{"start":{"line":299,"column":10},"end":{"line":309,"column":null}}],"line":298}},"s":{"0":0,"1":0,"2":0,"3":0,"4":0,"5":0,"6":0,"7":0,"8":0,"9":0,"10":0,"11":0,"12":0,"13":0,"14":0,"15":0,"16":0,"17":0,"18":0,"19":0,"20":0,"21":0,"22":0,"23":0,"24":0,"25":0,"26":0,"27":0,"28":0,"29":0,"30":0,"31":0,"32":0,"33":0,"34":0,"35":0,"36":0},"f":{"0":0,"1":0,"2":0,"3":0,"4":0,"5":0,"6":0,"7":0,"8":0,"9":0,"10":0,"11":0,"12":0},"b":{"0":[0,0],"1":[0,0],"2":[0,0],"3":[0,0],"4":[0,0],"5":[0,0],"6":[0,0],"7":[0,0],"8":[0,0],"9":[0,0]},"meta":{"lastBranch":10,"lastFunction":13,"lastStatement":37,"seen":{"f:35:24:35:39":0,"s:36:32:36:Infinity":0,"s:37:22:37:Infinity":1,"f:37:37:37:38":1,"s:37:49:37:65":2,"s:38:19:38:Infinity":3,"f:38:34:38:35":2,"s:38:46:38:63":4,"s:40:47:50:Infinity":5,"s:52:16:56:Infinity":6,"s:58:28:179:Infinity":7,"f:58:28:58:29":3,"s:59:18:59:Infinity":8,"b:61:4:81:Infinity:undefined:undefined:undefined:undefined":0,"s:61:4:81:Infinity":9,"s:62:6:80:Infinity":10,"f:67:19:67:20":4,"s:68:12:68:Infinity":11,"s:69:12:73:Infinity":12,"b:83:4:103:Infinity:undefined:undefined:undefined:undefined":1,"s:83:4:103:Infinity":13,"s:84:6:102:Infinity":14,"f:89:19:89:20":5,"s:90:12:90:Infinity":15,"s:91:12:95:Infinity":16,"b:105:4:125:Infinity:undefined:undefined:undefined:undefined":2,"s:105:4:125:Infinity":17,"s:106:6:124:Infinity":18,"f:111:19:111:20":6,"s:112:12:112:Infinity":19,"s:113:12:117:Infinity":20,"b:127:4:147:Infinity:undefined:undefined:undefined:undefined":3,"s:127:4:147:Infinity":21,"s:128:6:146:Infinity":22,"f:133:19:133:20":7,"s:134:12:134:Infinity":23,"s:135:12:139:Infinity":24,"b:149:4:169:Infinity:undefined:undefined:undefined:undefined":4,"s:149:4:169:Infinity":25,"s:150:6:168:Infinity":26,"f:155:19:155:20":8,"s:156:12:156:Infinity":27,"s:157:12:161:Infinity":28,"s:171:4:178:Infinity":29,"b:172:6:177:Infinity:178:8:178:Infinity":5,"s:181:25:243:Infinity":30,"f:181:25:181:26":9,"s:183:6:185:Infinity":31,"b:184:10:184:Infinity:185:10:185:Infinity":6,"b:183:6:183:23:183:23:183:Infinity":7,"s:187:4:241:Infinity":32,"f:203:21:203:22":10,"s:203:28:203:32":33,"f:220:47:220:48":11,"s:221:14:227:Infinity":34,"b:229:13:229:Infinity:230:14:236:Infinity":8,"s:245:2:312:Infinity":35,"f:267:23:267:24":12,"s:268:14:281:Infinity":36,"b:298:9:298:Infinity:299:10:309:Infinity":9}}}
,"C:\\Users\\Preston\\git\\toa-website\\client\\src\\components\\CharactersSection.tsx": {"path":"C:\\Users\\Preston\\git\\toa-website\\client\\src\\components\\CharactersSection.tsx","statementMap":{"0":{"start":{"line":40,"column":34},"end":{"line":40,"column":null}},"1":{"start":{"line":41,"column":27},"end":{"line":41,"column":null}},"2":{"start":{"line":41,"column":55},"end":{"line":41,"column":79}},"3":{"start":{"line":43,"column":2},"end":{"line":140,"column":null}},"4":{"start":{"line":68,"column":12},"end":{"line":127,"column":null}}},"fnMap":{"0":{"name":"CharactersSection","decl":{"start":{"line":39,"column":24},"end":{"line":39,"column":44}},"loc":{"start":{"line":39,"column":44},"end":{"line":142,"column":null}},"line":39},"1":{"name":"(anonymous_1)","decl":{"start":{"line":41,"column":45},"end":{"line":41,"column":46}},"loc":{"start":{"line":41,"column":55},"end":{"line":41,"column":79}},"line":41},"2":{"name":"(anonymous_2)","decl":{"start":{"line":67,"column":32},"end":{"line":67,"column":33}},"loc":{"start":{"line":68,"column":12},"end":{"line":127,"column":null}},"line":68}},"branchMap":{"0":{"loc":{"start":{"line":74,"column":19},"end":{"line":83,"column":null}},"type":"cond-expr","locations":[{"start":{"line":75,"column":20},"end":{"line":79,"column":null}},{"start":{"line":81,"column":20},"end":{"line":83,"column":null}}],"line":74}},"s":{"0":0,"1":0,"2":0,"3":0,"4":0},"f":{"0":0,"1":0,"2":0},"b":{"0":[0,0]},"meta":{"lastBranch":1,"lastFunction":3,"lastStatement":5,"seen":{"f:39:24:39:44":0,"s:40:34:40:Infinity":0,"s:41:27:41:Infinity":1,"f:41:45:41:46":1,"s:41:55:41:79":2,"s:43:2:140:Infinity":3,"f:67:32:67:33":2,"s:68:12:127:Infinity":4,"b:75:20:79:Infinity:81:20:83:Infinity":0}}}
,"C:\\Users\\Preston\\git\\toa-website\\client\\src\\components\\CommunitySection.tsx": {"path":"C:\\Users\\Preston\\git\\toa-website\\client\\src\\components\\CommunitySection.tsx","statementMap":{"0":{"start":{"line":7,"column":22},"end":{"line":38,"column":null}},"1":{"start":{"line":40,"column":2},"end":{"line":191,"column":null}},"2":{"start":{"line":84,"column":20},"end":{"line":88,"column":null}},"3":{"start":{"line":106,"column":18},"end":{"line":118,"column":null}},"4":{"start":{"line":113,"column":22},"end":{"line":113,"column":null}}},"fnMap":{"0":{"name":"CommunitySection","decl":{"start":{"line":6,"column":24},"end":{"line":6,"column":43}},"loc":{"start":{"line":6,"column":43},"end":{"line":193,"column":null}},"line":6},"1":{"name":"(anonymous_1)","decl":{"start":{"line":83,"column":27},"end":{"line":83,"column":null}},"loc":{"start":{"line":84,"column":20},"end":{"line":88,"column":null}},"line":84},"2":{"name":"(anonymous_2)","decl":{"start":{"line":105,"column":33},"end":{"line":105,"column":34}},"loc":{"start":{"line":106,"column":18},"end":{"line":118,"column":null}},"line":106},"3":{"name":"(anonymous_3)","decl":{"start":{"line":112,"column":29},"end":{"line":112,"column":null}},"loc":{"start":{"line":113,"column":22},"end":{"line":113,"column":null}},"line":113}},"branchMap":{},"s":{"0":0,"1":0,"2":0,"3":0,"4":0},"f":{"0":0,"1":0,"2":0,"3":0},"b":{},"meta":{"lastBranch":0,"lastFunction":4,"lastStatement":5,"seen":{"f:6:24:6:43":0,"s:7:22:38:Infinity":0,"s:40:2:191:Infinity":1,"f:83:27:83:Infinity":1,"s:84:20:88:Infinity":2,"f:105:33:105:34":2,"s:106:18:118:Infinity":3,"f:112:29:112:Infinity":3,"s:113:22:113:Infinity":4}}}
,"C:\\Users\\Preston\\git\\toa-website\\client\\src\\components\\Footer.tsx": {"path":"C:\\Users\\Preston\\git\\toa-website\\client\\src\\components\\Footer.tsx","statementMap":{"0":{"start":{"line":6,"column":8},"end":{"line":6,"column":null}},"1":{"start":{"line":8,"column":22},"end":{"line":29,"column":null}},"2":{"start":{"line":31,"column":22},"end":{"line":62,"column":null}},"3":{"start":{"line":64,"column":2},"end":{"line":168,"column":null}},"4":{"start":{"line":77,"column":16},"end":{"line":85,"column":null}},"5":{"start":{"line":81,"column":33},"end":{"line":81,"column":null}},"6":{"start":{"line":91,"column":12},"end":{"line":128,"column":null}},"7":{"start":{"line":97,"column":18},"end":{"line":125,"column":null}},"8":{"start":{"line":112,"column":26},"end":{"line":114,"column":null}},"9":{"start":{"line":113,"column":28},"end":{"line":113,"column":null}},"10":{"start":{"line":115,"column":26},"end":{"line":115,"column":null}},"11":{"start":{"line":116,"column":42},"end":{"line":116,"column":null}},"12":{"start":{"line":117,"column":26},"end":{"line":117,"column":null}}},"fnMap":{"0":{"name":"Footer","decl":{"start":{"line":5,"column":24},"end":{"line":5,"column":33}},"loc":{"start":{"line":5,"column":33},"end":{"line":170,"column":null}},"line":5},"1":{"name":"(anonymous_1)","decl":{"start":{"line":76,"column":31},"end":{"line":76,"column":32}},"loc":{"start":{"line":77,"column":16},"end":{"line":85,"column":null}},"line":77},"2":{"name":"(anonymous_2)","decl":{"start":{"line":81,"column":27},"end":{"line":81,"column":33}},"loc":{"start":{"line":81,"column":33},"end":{"line":81,"column":null}},"line":81},"3":{"name":"(anonymous_3)","decl":{"start":{"line":90,"column":43},"end":{"line":90,"column":44}},"loc":{"start":{"line":91,"column":12},"end":{"line":128,"column":null}},"line":91},"4":{"name":"(anonymous_4)","decl":{"start":{"line":96,"column":27},"end":{"line":96,"column":28}},"loc":{"start":{"line":97,"column":18},"end":{"line":125,"column":null}},"line":97},"5":{"name":"(anonymous_5)","decl":{"start":{"line":111,"column":33},"end":{"line":111,"column":34}},"loc":{"start":{"line":111,"column":40},"end":{"line":118,"column":null}},"line":111}},"branchMap":{"0":{"loc":{"start":{"line":98,"column":21},"end":{"line":123,"column":null}},"type":"cond-expr","locations":[{"start":{"line":99,"column":22},"end":{"line":105,"column":null}},{"start":{"line":107,"column":22},"end":{"line":123,"column":null}}],"line":98},"1":{"loc":{"start":{"line":112,"column":26},"end":{"line":114,"column":null}},"type":"if","locations":[{"start":{"line":112,"column":26},"end":{"line":114,"column":null}},{"start":{},"end":{}}],"line":112},"2":{"loc":{"start":{"line":112,"column":30},"end":{"line":112,"column":95}},"type":"binary-expr","locations":[{"start":{"line":112,"column":30},"end":{"line":112,"column":62}},{"start":{"line":112,"column":62},"end":{"line":112,"column":95}}],"line":112},"3":{"loc":{"start":{"line":119,"column":32},"end":{"line":119,"column":null}},"type":"cond-expr","locations":[{"start":{"line":119,"column":63},"end":{"line":119,"column":74}},{"start":{"line":119,"column":74},"end":{"line":119,"column":null}}],"line":119},"4":{"loc":{"start":{"line":120,"column":29},"end":{"line":120,"column":null}},"type":"cond-expr","locations":[{"start":{"line":120,"column":60},"end":{"line":120,"column":84}},{"start":{"line":120,"column":84},"end":{"line":120,"column":null}}],"line":120}},"s":{"0":0,"1":0,"2":0,"3":0,"4":0,"5":0,"6":0,"7":0,"8":0,"9":0,"10":0,"11":0,"12":0},"f":{"0":0,"1":0,"2":0,"3":0,"4":0,"5":0},"b":{"0":[0,0],"1":[0,0],"2":[0,0],"3":[0,0],"4":[0,0]},"meta":{"lastBranch":5,"lastFunction":6,"lastStatement":13,"seen":{"f:5:24:5:33":0,"s:6:8:6:Infinity":0,"s:8:22:29:Infinity":1,"s:31:22:62:Infinity":2,"s:64:2:168:Infinity":3,"f:76:31:76:32":1,"s:77:16:85:Infinity":4,"f:81:27:81:33":2,"s:81:33:81:Infinity":5,"f:90:43:90:44":3,"s:91:12:128:Infinity":6,"f:96:27:96:28":4,"s:97:18:125:Infinity":7,"b:99:22:105:Infinity:107:22:123:Infinity":0,"f:111:33:111:34":5,"b:112:26:114:Infinity:undefined:undefined:undefined:undefined":1,"s:112:26:114:Infinity":8,"b:112:30:112:62:112:62:112:95":2,"s:113:28:113:Infinity":9,"s:115:26:115:Infinity":10,"s:116:42:116:Infinity":11,"s:117:26:117:Infinity":12,"b:119:63:119:74:119:74:119:Infinity":3,"b:120:60:120:84:120:84:120:Infinity":4}}}
,"C:\\Users\\Preston\\git\\toa-website\\client\\src\\components\\Hero.tsx": {"path":"C:\\Users\\Preston\\git\\toa-website\\client\\src\\components\\Hero.tsx","statementMap":{"0":{"start":{"line":11,"column":19},"end":{"line":17,"column":null}},"1":{"start":{"line":20,"column":48},"end":{"line":20,"column":null}},"2":{"start":{"line":21,"column":38},"end":{"line":21,"column":null}},"3":{"start":{"line":23,"column":2},"end":{"line":32,"column":null}},"4":{"start":{"line":25,"column":4},"end":{"line":25,"column":null}},"5":{"start":{"line":27,"column":21},"end":{"line":29,"column":null}},"6":{"start":{"line":28,"column":6},"end":{"line":28,"column":null}},"7":{"start":{"line":28,"column":28},"end":{"line":28,"column":77}},"8":{"start":{"line":31,"column":4},"end":{"line":31,"column":null}},"9":{"start":{"line":31,"column":17},"end":{"line":31,"column":null}},"10":{"start":{"line":35,"column":2},"end":{"line":48,"column":null}},"11":{"start":{"line":36,"column":10},"end":{"line":36,"column":null}},"12":{"start":{"line":37,"column":25},"end":{"line":37,"column":null}},"13":{"start":{"line":39,"column":4},"end":{"line":47,"column":null}},"14":{"start":{"line":40,"column":6},"end":{"line":46,"column":null}},"15":{"start":{"line":41,"column":20},"end":{"line":41,"column":null}},"16":{"start":{"line":42,"column":8},"end":{"line":42,"column":null}},"17":{"start":{"line":43,"column":8},"end":{"line":45,"column":null}},"18":{"start":{"line":44,"column":10},"end":{"line":44,"column":null}},"19":{"start":{"line":44,"column":36},"end":{"line":44,"column":75}},"20":{"start":{"line":50,"column":26},"end":{"line":53,"column":null}},"21":{"start":{"line":51,"column":20},"end":{"line":51,"column":null}},"22":{"start":{"line":52,"column":4},"end":{"line":52,"column":null}},"23":{"start":{"line":55,"column":2},"end":{"line":141,"column":null}},"24":{"start":{"line":59,"column":29},"end":{"line":59,"column":null}},"25":{"start":{"line":60,"column":8},"end":{"line":60,"column":null}},"26":{"start":{"line":60,"column":27},"end":{"line":60,"column":null}},"27":{"start":{"line":62,"column":8},"end":{"line":69,"column":null}},"28":{"start":{"line":102,"column":27},"end":{"line":102,"column":null}},"29":{"start":{"line":112,"column":27},"end":{"line":112,"column":null}},"30":{"start":{"line":128,"column":10},"end":{"line":138,"column":null}},"31":{"start":{"line":130,"column":27},"end":{"line":130,"column":null}}},"fnMap":{"0":{"name":"Hero","decl":{"start":{"line":19,"column":24},"end":{"line":19,"column":31}},"loc":{"start":{"line":19,"column":31},"end":{"line":143,"column":null}},"line":19},"1":{"name":"(anonymous_1)","decl":{"start":{"line":23,"column":12},"end":{"line":23,"column":18}},"loc":{"start":{"line":23,"column":18},"end":{"line":32,"column":5}},"line":23},"2":{"name":"(anonymous_2)","decl":{"start":{"line":27,"column":33},"end":{"line":27,"column":39}},"loc":{"start":{"line":27,"column":39},"end":{"line":29,"column":7}},"line":27},"3":{"name":"(anonymous_3)","decl":{"start":{"line":28,"column":27},"end":{"line":28,"column":28}},"loc":{"start":{"line":28,"column":28},"end":{"line":28,"column":77}},"line":28},"4":{"name":"(anonymous_4)","decl":{"start":{"line":31,"column":11},"end":{"line":31,"column":17}},"loc":{"start":{"line":31,"column":17},"end":{"line":31,"column":null}},"line":31},"5":{"name":"(anonymous_5)","decl":{"start":{"line":35,"column":12},"end":{"line":35,"column":18}},"loc":{"start":{"line":35,"column":18},"end":{"line":48,"column":5}},"line":35},"6":{"name":"(anonymous_6)","decl":{"start":{"line":39,"column":25},"end":{"line":39,"column":26}},"loc":{"start":{"line":39,"column":36},"end":{"line":47,"column":5}},"line":39},"7":{"name":"(anonymous_7)","decl":{"start":{"line":43,"column":21},"end":{"line":43,"column":27}},"loc":{"start":{"line":43,"column":27},"end":{"line":45,"column":null}},"line":43},"8":{"name":"(anonymous_8)","decl":{"start":{"line":44,"column":26},"end":{"line":44,"column":27}},"loc":{"start":{"line":44,"column":36},"end":{"line":44,"column":75}},"line":44},"9":{"name":"(anonymous_9)","decl":{"start":{"line":50,"column":26},"end":{"line":50,"column":27}},"loc":{"start":{"line":50,"column":42},"end":{"line":53,"column":null}},"line":50},"10":{"name":"(anonymous_10)","decl":{"start":{"line":57,"column":22},"end":{"line":57,"column":23}},"loc":{"start":{"line":57,"column":40},"end":{"line":71,"column":7}},"line":57},"11":{"name":"(anonymous_11)","decl":{"start":{"line":102,"column":21},"end":{"line":102,"column":27}},"loc":{"start":{"line":102,"column":27},"end":{"line":102,"column":null}},"line":102},"12":{"name":"(anonymous_12)","decl":{"start":{"line":112,"column":21},"end":{"line":112,"column":27}},"loc":{"start":{"line":112,"column":27},"end":{"line":112,"column":null}},"line":112},"13":{"name":"(anonymous_13)","decl":{"start":{"line":127,"column":24},"end":{"line":127,"column":25}},"loc":{"start":{"line":128,"column":10},"end":{"line":138,"column":null}},"line":128},"14":{"name":"(anonymous_14)","decl":{"start":{"line":130,"column":21},"end":{"line":130,"column":27}},"loc":{"start":{"line":130,"column":27},"end":{"line":130,"column":null}},"line":130}},"branchMap":{"0":{"loc":{"start":{"line":40,"column":6},"end":{"line":46,"column":null}},"type":"if","locations":[{"start":{"line":40,"column":6},"end":{"line":46,"column":null}},{"start":{},"end":{}}],"line":40},"1":{"loc":{"start":{"line":59,"column":29},"end":{"line":59,"column":null}},"type":"binary-expr","locations":[{"start":{"line":59,"column":29},"end":{"line":59,"column":56}},{"start":{"line":59,"column":56},"end":{"line":59,"column":null}}],"line":59},"2":{"loc":{"start":{"line":60,"column":8},"end":{"line":60,"column":null}},"type":"if","locations":[{"start":{"line":60,"column":8},"end":{"line":60,"column":null}},{"start":{},"end":{}}],"line":60},"3":{"loc":{"start":{"line":66,"column":14},"end":{"line":66,"column":null}},"type":"cond-expr","locations":[{"start":{"line":66,"column":44},"end":{"line":66,"column":60}},{"start":{"line":66,"column":60},"end":{"line":66,"column":null}}],"line":66},"4":{"loc":{"start":{"line":132,"column":14},"end":{"line":134,"column":null}},"type":"cond-expr","locations":[{"start":{"line":133,"column":18},"end":{"line":133,"column":null}},{"start":{"line":134,"column":18},"end":{"line":134,"column":null}}],"line":132}},"s":{"0":0,"1":0,"2":0,"3":0,"4":0,"5":0,"6":0,"7":0,"8":0,"9":0,"10":0,"11":0,"12":0,"13":0,"14":0,"15":0,"16":0,"17":0,"18":0,"19":0,"20":0,"21":0,"22":0,"23":0,"24":0,"25":0,"26":0,"27":0,"28":0,"29":0,"30":0,"31":0},"f":{"0":0,"1":0,"2":0,"3":0,"4":0,"5":0,"6":0,"7":0,"8":0,"9":0,"10":0,"11":0,"12":0,"13":0,"14":0},"b":{"0":[0,0],"1":[0,0],"2":[0,0],"3":[0,0],"4":[0,0]},"meta":{"lastBranch":5,"lastFunction":15,"lastStatement":32,"seen":{"s:11:19:17:Infinity":0,"f:19:24:19:31":0,"s:20:48:20:Infinity":1,"s:21:38:21:Infinity":2,"s:23:2:32:Infinity":3,"f:23:12:23:18":1,"s:25:4:25:Infinity":4,"s:27:21:29:Infinity":5,"f:27:33:27:39":2,"s:28:6:28:Infinity":6,"f:28:27:28:28":3,"s:28:28:28:77":7,"s:31:4:31:Infinity":8,"f:31:11:31:17":4,"s:31:17:31:Infinity":9,"s:35:2:48:Infinity":10,"f:35:12:35:18":5,"s:36:10:36:Infinity":11,"s:37:25:37:Infinity":12,"s:39:4:47:Infinity":13,"f:39:25:39:26":6,"b:40:6:46:Infinity:undefined:undefined:undefined:undefined":0,"s:40:6:46:Infinity":14,"s:41:20:41:Infinity":15,"s:42:8:42:Infinity":16,"s:43:8:45:Infinity":17,"f:43:21:43:27":7,"s:44:10:44:Infinity":18,"f:44:26:44:27":8,"s:44:36:44:75":19,"s:50:26:53:Infinity":20,"f:50:26:50:27":9,"s:51:20:51:Infinity":21,"s:52:4:52:Infinity":22,"s:55:2:141:Infinity":23,"f:57:22:57:23":10,"s:59:29:59:Infinity":24,"b:59:29:59:56:59:56:59:Infinity":1,"b:60:8:60:Infinity:undefined:undefined:undefined:undefined":2,"s:60:8:60:Infinity":25,"s:60:27:60:Infinity":26,"s:62:8:69:Infinity":27,"b:66:44:66:60:66:60:66:Infinity":3,"f:102:21:102:27":11,"s:102:27:102:Infinity":28,"f:112:21:112:27":12,"s:112:27:112:Infinity":29,"f:127:24:127:25":13,"s:128:10:138:Infinity":30,"f:130:21:130:27":14,"s:130:27:130:Infinity":31,"b:133:18:133:Infinity:134:18:134:Infinity":4}}}
,"C:\\Users\\Preston\\git\\toa-website\\client\\src\\components\\Navigation.tsx": {"path":"C:\\Users\\Preston\\git\\toa-website\\client\\src\\components\\Navigation.tsx","statementMap":{"0":{"start":{"line":8,"column":26},"end":{"line":8,"column":null}},"1":{"start":{"line":9,"column":30},"end":{"line":9,"column":null}},"2":{"start":{"line":11,"column":19},"end":{"line":18,"column":null}},"3":{"start":{"line":20,"column":25},"end":{"line":41,"column":null}},"4":{"start":{"line":21,"column":4},"end":{"line":21,"column":null}},"5":{"start":{"line":22,"column":22},"end":{"line":22,"column":null}},"6":{"start":{"line":25,"column":4},"end":{"line":40,"column":null}},"7":{"start":{"line":26,"column":6},"end":{"line":26,"column":null}},"8":{"start":{"line":28,"column":6},"end":{"line":33,"column":null}},"9":{"start":{"line":29,"column":24},"end":{"line":29,"column":null}},"10":{"start":{"line":30,"column":8},"end":{"line":32,"column":null}},"11":{"start":{"line":31,"column":10},"end":{"line":31,"column":null}},"12":{"start":{"line":36,"column":22},"end":{"line":36,"column":null}},"13":{"start":{"line":37,"column":6},"end":{"line":39,"column":null}},"14":{"start":{"line":38,"column":8},"end":{"line":38,"column":null}},"15":{"start":{"line":43,"column":2},"end":{"line":102,"column":null}},"16":{"start":{"line":58,"column":14},"end":{"line":66,"column":null}},"17":{"start":{"line":63,"column":32},"end":{"line":63,"column":null}},"18":{"start":{"line":74,"column":27},"end":{"line":74,"column":null}},"19":{"start":{"line":86,"column":14},"end":{"line":97,"column":null}},"20":{"start":{"line":92,"column":18},"end":{"line":92,"column":null}},"21":{"start":{"line":93,"column":18},"end":{"line":93,"column":null}}},"fnMap":{"0":{"name":"Navigation","decl":{"start":{"line":7,"column":24},"end":{"line":7,"column":37}},"loc":{"start":{"line":7,"column":37},"end":{"line":104,"column":null}},"line":7},"1":{"name":"(anonymous_1)","decl":{"start":{"line":20,"column":25},"end":{"line":20,"column":26}},"loc":{"start":{"line":20,"column":83},"end":{"line":41,"column":null}},"line":20},"2":{"name":"(anonymous_2)","decl":{"start":{"line":28,"column":17},"end":{"line":28,"column":23}},"loc":{"start":{"line":28,"column":23},"end":{"line":33,"column":9}},"line":28},"3":{"name":"(anonymous_3)","decl":{"start":{"line":57,"column":26},"end":{"line":57,"column":27}},"loc":{"start":{"line":58,"column":14},"end":{"line":66,"column":null}},"line":58},"4":{"name":"(anonymous_4)","decl":{"start":{"line":63,"column":25},"end":{"line":63,"column":26}},"loc":{"start":{"line":63,"column":32},"end":{"line":63,"column":null}},"line":63},"5":{"name":"(anonymous_5)","decl":{"start":{"line":74,"column":21},"end":{"line":74,"column":27}},"loc":{"start":{"line":74,"column":27},"end":{"line":74,"column":null}},"line":74},"6":{"name":"(anonymous_6)","decl":{"start":{"line":85,"column":26},"end":{"line":85,"column":27}},"loc":{"start":{"line":86,"column":14},"end":{"line":97,"column":null}},"line":86},"7":{"name":"(anonymous_7)","decl":{"start":{"line":91,"column":25},"end":{"line":91,"column":26}},"loc":{"start":{"line":91,"column":32},"end":{"line":94,"column":null}},"line":91}},"branchMap":{"0":{"loc":{"start":{"line":25,"column":4},"end":{"line":40,"column":null}},"type":"if","locations":[{"start":{"line":25,"column":4},"end":{"line":40,"column":null}},{"start":{"line":34,"column":11},"end":{"line":40,"column":null}}],"line":25},"1":{"loc":{"start":{"line":30,"column":8},"end":{"line":32,"column":null}},"type":"if","locations":[{"start":{"line":30,"column":8},"end":{"line":32,"column":null}},{"start":{},"end":{}}],"line":30},"2":{"loc":{"start":{"line":37,"column":6},"end":{"line":39,"column":null}},"type":"if","locations":[{"start":{"line":37,"column":6},"end":{"line":39,"column":null}},{"start":{},"end":{}}],"line":37},"3":{"loc":{"start":{"line":77,"column":13},"end":{"line":77,"column":null}},"type":"cond-expr","locations":[{"start":{"line":77,"column":22},"end":{"line":77,"column":50}},{"start":{"line":77,"column":50},"end":{"line":77,"column":null}}],"line":77},"4":{"loc":{"start":{"line":82,"column":7},"end":{"line":100,"column":null}},"type":"binary-expr","locations":[{"start":{"line":82,"column":7},"end":{"line":82,"column":null}},{"start":{"line":83,"column":8},"end":{"line":100,"column":null}}],"line":82}},"s":{"0":0,"1":0,"2":0,"3":0,"4":0,"5":0,"6":0,"7":0,"8":0,"9":0,"10":0,"11":0,"12":0,"13":0,"14":0,"15":0,"16":0,"17":0,"18":0,"19":0,"20":0,"21":0},"f":{"0":0,"1":0,"2":0,"3":0,"4":0,"5":0,"6":0,"7":0},"b":{"0":[0,0],"1":[0,0],"2":[0,0],"3":[0,0],"4":[0,0]},"meta":{"lastBranch":5,"lastFunction":8,"lastStatement":22,"seen":{"f:7:24:7:37":0,"s:8:26:8:Infinity":0,"s:9:30:9:Infinity":1,"s:11:19:18:Infinity":2,"s:20:25:41:Infinity":3,"f:20:25:20:26":1,"s:21:4:21:Infinity":4,"s:22:22:22:Infinity":5,"b:25:4:40:Infinity:34:11:40:Infinity":0,"s:25:4:40:Infinity":6,"s:26:6:26:Infinity":7,"s:28:6:33:Infinity":8,"f:28:17:28:23":2,"s:29:24:29:Infinity":9,"b:30:8:32:Infinity:undefined:undefined:undefined:undefined":1,"s:30:8:32:Infinity":10,"s:31:10:31:Infinity":11,"s:36:22:36:Infinity":12,"b:37:6:39:Infinity:undefined:undefined:undefined:undefined":2,"s:37:6:39:Infinity":13,"s:38:8:38:Infinity":14,"s:43:2:102:Infinity":15,"f:57:26:57:27":3,"s:58:14:66:Infinity":16,"f:63:25:63:26":4,"s:63:32:63:Infinity":17,"f:74:21:74:27":5,"s:74:27:74:Infinity":18,"b:77:22:77:50:77:50:77:Infinity":3,"b:82:7:82:Infinity:83:8:100:Infinity":4,"f:85:26:85:27":6,"s:86:14:97:Infinity":19,"f:91:25:91:26":7,"s:92:18:92:Infinity":20,"s:93:18:93:Infinity":21}}}
,"C:\\Users\\Preston\\git\\toa-website\\client\\src\\components\\PodcastSection.tsx": {"path":"C:\\Users\\Preston\\git\\toa-website\\client\\src\\components\\PodcastSection.tsx","statementMap":{"0":{"start":{"line":27,"column":36},"end":{"line":42,"column":null}},"1":{"start":{"line":30,"column":6},"end":{"line":30,"column":null}},"2":{"start":{"line":30,"column":20},"end":{"line":30,"column":null}},"3":{"start":{"line":31,"column":23},"end":{"line":35,"column":null}},"4":{"start":{"line":36,"column":6},"end":{"line":38,"column":null}},"5":{"start":{"line":37,"column":8},"end":{"line":37,"column":null}},"6":{"start":{"line":39,"column":6},"end":{"line":39,"column":null}},"7":{"start":{"line":44,"column":26},"end":{"line":44,"column":null}},"8":{"start":{"line":45,"column":8},"end":{"line":45,"column":null}},"9":{"start":{"line":47,"column":21},"end":{"line":57,"column":null}},"10":{"start":{"line":48,"column":4},"end":{"line":56,"column":null}},"11":{"start":{"line":49,"column":6},"end":{"line":53,"column":null}},"12":{"start":{"line":55,"column":6},"end":{"line":55,"column":null}},"13":{"start":{"line":59,"column":2},"end":{"line":263,"column":null}},"14":{"start":{"line":84,"column":16},"end":{"line":89,"column":null}},"15":{"start":{"line":132,"column":22},"end":{"line":132,"column":null}},"16":{"start":{"line":133,"column":22},"end":{"line":133,"column":null}},"17":{"start":{"line":135,"column":44},"end":{"line":135,"column":null}},"18":{"start":{"line":153,"column":35},"end":{"line":153,"column":null}},"19":{"start":{"line":163,"column":35},"end":{"line":163,"column":null}},"20":{"start":{"line":173,"column":35},"end":{"line":173,"column":null}},"21":{"start":{"line":195,"column":18},"end":{"line":256,"column":null}},"22":{"start":{"line":225,"column":43},"end":{"line":225,"column":null}},"23":{"start":{"line":236,"column":43},"end":{"line":236,"column":null}},"24":{"start":{"line":247,"column":43},"end":{"line":247,"column":null}}},"fnMap":{"0":{"name":"PodcastSection","decl":{"start":{"line":26,"column":24},"end":{"line":26,"column":39}},"loc":{"start":{"line":26,"column":120},"end":{"line":265,"column":null}},"line":26},"1":{"name":"(anonymous_1)","decl":{"start":{"line":29,"column":13},"end":{"line":29,"column":25}},"loc":{"start":{"line":29,"column":25},"end":{"line":40,"column":null}},"line":29},"2":{"name":"(anonymous_2)","decl":{"start":{"line":47,"column":21},"end":{"line":47,"column":22}},"loc":{"start":{"line":47,"column":45},"end":{"line":57,"column":null}},"line":47},"3":{"name":"(anonymous_3)","decl":{"start":{"line":83,"column":29},"end":{"line":83,"column":30}},"loc":{"start":{"line":84,"column":16},"end":{"line":89,"column":null}},"line":84},"4":{"name":"(anonymous_4)","decl":{"start":{"line":131,"column":29},"end":{"line":131,"column":30}},"loc":{"start":{"line":131,"column":36},"end":{"line":134,"column":null}},"line":131},"5":{"name":"(anonymous_5)","decl":{"start":{"line":135,"column":38},"end":{"line":135,"column":44}},"loc":{"start":{"line":135,"column":44},"end":{"line":135,"column":null}},"line":135},"6":{"name":"(anonymous_6)","decl":{"start":{"line":153,"column":29},"end":{"line":153,"column":35}},"loc":{"start":{"line":153,"column":35},"end":{"line":153,"column":null}},"line":153},"7":{"name":"(anonymous_7)","decl":{"start":{"line":163,"column":29},"end":{"line":163,"column":35}},"loc":{"start":{"line":163,"column":35},"end":{"line":163,"column":null}},"line":163},"8":{"name":"(anonymous_8)","decl":{"start":{"line":173,"column":29},"end":{"line":173,"column":35}},"loc":{"start":{"line":173,"column":35},"end":{"line":173,"column":null}},"line":173},"9":{"name":"(anonymous_9)","decl":{"start":{"line":194,"column":35},"end":{"line":194,"column":36}},"loc":{"start":{"line":195,"column":18},"end":{"line":256,"column":null}},"line":195},"10":{"name":"(anonymous_10)","decl":{"start":{"line":225,"column":37},"end":{"line":225,"column":43}},"loc":{"start":{"line":225,"column":43},"end":{"line":225,"column":null}},"line":225},"11":{"name":"(anonymous_11)","decl":{"start":{"line":236,"column":37},"end":{"line":236,"column":43}},"loc":{"start":{"line":236,"column":43},"end":{"line":236,"column":null}},"line":236},"12":{"name":"(anonymous_12)","decl":{"start":{"line":247,"column":37},"end":{"line":247,"column":43}},"loc":{"start":{"line":247,"column":43},"end":{"line":247,"column":null}},"line":247}},"branchMap":{"0":{"loc":{"start":{"line":30,"column":6},"end":{"line":30,"column":null}},"type":"if","locations":[{"start":{"line":30,"column":6},"end":{"line":30,"column":null}},{"start":{},"end":{}}],"line":30},"1":{"loc":{"start":{"line":36,"column":6},"end":{"line":38,"column":null}},"type":"if","locations":[{"start":{"line":36,"column":6},"end":{"line":38,"column":null}},{"start":{},"end":{}}],"line":36},"2":{"loc":{"start":{"line":45,"column":26},"end":{"line":45,"column":42}},"type":"binary-expr","locations":[{"start":{"line":45,"column":26},"end":{"line":45,"column":38}},{"start":{"line":45,"column":38},"end":{"line":45,"column":42}}],"line":45},"3":{"loc":{"start":{"line":71,"column":9},"end":{"line":260,"column":null}},"type":"cond-expr","locations":[{"start":{"line":72,"column":10},"end":{"line":92,"column":null}},{"start":{"line":93,"column":12},"end":{"line":260,"column":null}}],"line":71},"4":{"loc":{"start":{"line":93,"column":12},"end":{"line":260,"column":null}},"type":"cond-expr","locations":[{"start":{"line":94,"column":10},"end":{"line":102,"column":null}},{"start":{"line":104,"column":10},"end":{"line":260,"column":null}}],"line":93},"5":{"loc":{"start":{"line":93,"column":12},"end":{"line":93,"column":null}},"type":"binary-expr","locations":[{"start":{"line":93,"column":12},"end":{"line":93,"column":24}},{"start":{"line":93,"column":24},"end":{"line":93,"column":null}}],"line":93},"6":{"loc":{"start":{"line":97,"column":17},"end":{"line":99,"column":null}},"type":"cond-expr","locations":[{"start":{"line":98,"column":20},"end":{"line":98,"column":null}},{"start":{"line":99,"column":20},"end":{"line":99,"column":null}}],"line":97},"7":{"loc":{"start":{"line":119,"column":19},"end":{"line":123,"column":null}},"type":"binary-expr","locations":[{"start":{"line":119,"column":19},"end":{"line":119,"column":null}},{"start":{"line":120,"column":20},"end":{"line":123,"column":null}}],"line":119},"8":{"loc":{"start":{"line":126,"column":17},"end":{"line":145,"column":null}},"type":"cond-expr","locations":[{"start":{"line":127,"column":18},"end":{"line":141,"column":null}},{"start":{"line":143,"column":18},"end":{"line":145,"column":null}}],"line":126},"9":{"loc":{"start":{"line":153,"column":35},"end":{"line":153,"column":null}},"type":"binary-expr","locations":[{"start":{"line":153,"column":35},"end":{"line":153,"column":49}},{"start":{"line":153,"column":49},"end":{"line":153,"column":null}}],"line":153},"10":{"loc":{"start":{"line":163,"column":35},"end":{"line":163,"column":null}},"type":"binary-expr","locations":[{"start":{"line":163,"column":35},"end":{"line":163,"column":55}},{"start":{"line":163,"column":55},"end":{"line":163,"column":null}}],"line":163},"11":{"loc":{"start":{"line":173,"column":35},"end":{"line":173,"column":null}},"type":"binary-expr","locations":[{"start":{"line":173,"column":35},"end":{"line":173,"column":54}},{"start":{"line":173,"column":54},"end":{"line":173,"column":null}}],"line":173},"12":{"loc":{"start":{"line":187,"column":15},"end":{"line":257,"column":null}},"type":"cond-expr","locations":[{"start":{"line":188,"column":16},"end":{"line":192,"column":null}},{"start":{"line":194,"column":16},"end":{"line":257,"column":null}}],"line":187},"13":{"loc":{"start":{"line":209,"column":31},"end":{"line":213,"column":null}},"type":"binary-expr","locations":[{"start":{"line":209,"column":31},"end":{"line":209,"column":null}},{"start":{"line":210,"column":32},"end":{"line":213,"column":null}}],"line":209},"14":{"loc":{"start":{"line":225,"column":43},"end":{"line":225,"column":null}},"type":"binary-expr","locations":[{"start":{"line":225,"column":43},"end":{"line":225,"column":57}},{"start":{"line":225,"column":57},"end":{"line":225,"column":null}}],"line":225},"15":{"loc":{"start":{"line":236,"column":43},"end":{"line":236,"column":null}},"type":"binary-expr","locations":[{"start":{"line":236,"column":43},"end":{"line":236,"column":63}},{"start":{"line":236,"column":63},"end":{"line":236,"column":null}}],"line":236},"16":{"loc":{"start":{"line":247,"column":43},"end":{"line":247,"column":null}},"type":"binary-expr","locations":[{"start":{"line":247,"column":43},"end":{"line":247,"column":62}},{"start":{"line":247,"column":62},"end":{"line":247,"column":null}}],"line":247}},"s":{"0":0,"1":0,"2":0,"3":0,"4":0,"5":0,"6":0,"7":0,"8":0,"9":0,"10":0,"11":0,"12":0,"13":0,"14":0,"15":0,"16":0,"17":0,"18":0,"19":0,"20":0,"21":0,"22":0,"23":0,"24":0},"f":{"0":0,"1":0,"2":0,"3":0,"4":0,"5":0,"6":0,"7":0,"8":0,"9":0,"10":0,"11":0,"12":0},"b":{"0":[0,0],"1":[0,0],"2":[0,0],"3":[0,0],"4":[0,0],"5":[0,0],"6":[0,0],"7":[0,0],"8":[0,0],"9":[0,0],"10":[0,0],"11":[0,0],"12":[0,0],"13":[0,0],"14":[0,0],"15":[0,0],"16":[0,0]},"meta":{"lastBranch":17,"lastFunction":13,"lastStatement":25,"seen":{"f:26:24:26:39":0,"s:27:36:42:Infinity":0,"f:29:13:29:25":1,"b:30:6:30:Infinity:undefined:undefined:undefined:undefined":0,"s:30:6:30:Infinity":1,"s:30:20:30:Infinity":2,"s:31:23:35:Infinity":3,"b:36:6:38:Infinity:undefined:undefined:undefined:undefined":1,"s:36:6:38:Infinity":4,"s:37:8:37:Infinity":5,"s:39:6:39:Infinity":6,"s:44:26:44:Infinity":7,"s:45:8:45:Infinity":8,"b:45:26:45:38:45:38:45:42":2,"s:47:21:57:Infinity":9,"f:47:21:47:22":2,"s:48:4:56:Infinity":10,"s:49:6:53:Infinity":11,"s:55:6:55:Infinity":12,"s:59:2:263:Infinity":13,"b:72:10:92:Infinity:93:12:260:Infinity":3,"f:83:29:83:30":3,"s:84:16:89:Infinity":14,"b:94:10:102:Infinity:104:10:260:Infinity":4,"b:93:12:93:24:93:24:93:Infinity":5,"b:98:20:98:Infinity:99:20:99:Infinity":6,"b:119:19:119:Infinity:120:20:123:Infinity":7,"b:127:18:141:Infinity:143:18:145:Infinity":8,"f:131:29:131:30":4,"s:132:22:132:Infinity":15,"s:133:22:133:Infinity":16,"f:135:38:135:44":5,"s:135:44:135:Infinity":17,"f:153:29:153:35":6,"s:153:35:153:Infinity":18,"b:153:35:153:49:153:49:153:Infinity":9,"f:163:29:163:35":7,"s:163:35:163:Infinity":19,"b:163:35:163:55:163:55:163:Infinity":10,"f:173:29:173:35":8,"s:173:35:173:Infinity":20,"b:173:35:173:54:173:54:173:Infinity":11,"b:188:16:192:Infinity:194:16:257:Infinity":12,"f:194:35:194:36":9,"s:195:18:256:Infinity":21,"b:209:31:209:Infinity:210:32:213:Infinity":13,"f:225:37:225:43":10,"s:225:43:225:Infinity":22,"b:225:43:225:57:225:57:225:Infinity":14,"f:236:37:236:43":11,"s:236:43:236:Infinity":23,"b:236:43:236:63:236:63:236:Infinity":15,"f:247:37:247:43":12,"s:247:43:247:Infinity":24,"b:247:43:247:62:247:62:247:Infinity":16}}}
,"C:\\Users\\Preston\\git\\toa-website\\client\\src\\components\\PromotionsSection.tsx": {"path":"C:\\Users\\Preston\\git\\toa-website\\client\\src\\components\\PromotionsSection.tsx","statementMap":{"0":{"start":{"line":17,"column":34},"end":{"line":33,"column":null}},"1":{"start":{"line":35,"column":2},"end":{"line":95,"column":null}},"2":{"start":{"line":52,"column":12},"end":{"line":91,"column":null}},"3":{"start":{"line":56,"column":29},"end":{"line":56,"column":null}}},"fnMap":{"0":{"name":"PromotionsSection","decl":{"start":{"line":15,"column":24},"end":{"line":15,"column":44}},"loc":{"start":{"line":15,"column":44},"end":{"line":97,"column":null}},"line":15},"1":{"name":"(anonymous_1)","decl":{"start":{"line":51,"column":26},"end":{"line":51,"column":27}},"loc":{"start":{"line":52,"column":12},"end":{"line":91,"column":null}},"line":52},"2":{"name":"(anonymous_2)","decl":{"start":{"line":56,"column":23},"end":{"line":56,"column":29}},"loc":{"start":{"line":56,"column":29},"end":{"line":56,"column":null}},"line":56}},"branchMap":{},"s":{"0":0,"1":0,"2":0,"3":0},"f":{"0":0,"1":0,"2":0},"b":{},"meta":{"lastBranch":0,"lastFunction":3,"lastStatement":4,"seen":{"f:15:24:15:44":0,"s:17:34:33:Infinity":0,"s:35:2:95:Infinity":1,"f:51:26:51:27":1,"s:52:12:91:Infinity":2,"f:56:23:56:29":2,"s:56:29:56:Infinity":3}}}
,"C:\\Users\\Preston\\git\\toa-website\\client\\src\\components\\SEO.tsx": {"path":"C:\\Users\\Preston\\git\\toa-website\\client\\src\\components\\SEO.tsx","statementMap":{"0":{"start":{"line":24,"column":2},"end":{"line":86,"column":null}},"1":{"start":{"line":26,"column":4},"end":{"line":26,"column":null}},"2":{"start":{"line":29,"column":26},"end":{"line":40,"column":null}},"3":{"start":{"line":30,"column":24},"end":{"line":30,"column":null}},"4":{"start":{"line":31,"column":20},"end":{"line":31,"column":null}},"5":{"start":{"line":33,"column":6},"end":{"line":37,"column":null}},"6":{"start":{"line":34,"column":8},"end":{"line":34,"column":null}},"7":{"start":{"line":35,"column":8},"end":{"line":35,"column":null}},"8":{"start":{"line":36,"column":8},"end":{"line":36,"column":null}},"9":{"start":{"line":39,"column":6},"end":{"line":39,"column":null}},"10":{"start":{"line":43,"column":4},"end":{"line":43,"column":null}},"11":{"start":{"line":44,"column":4},"end":{"line":44,"column":null}},"12":{"start":{"line":47,"column":4},"end":{"line":47,"column":null}},"13":{"start":{"line":48,"column":4},"end":{"line":48,"column":null}},"14":{"start":{"line":49,"column":4},"end":{"line":49,"column":null}},"15":{"start":{"line":50,"column":4},"end":{"line":50,"column":null}},"16":{"start":{"line":51,"column":4},"end":{"line":51,"column":null}},"17":{"start":{"line":54,"column":4},"end":{"line":54,"column":null}},"18":{"start":{"line":55,"column":4},"end":{"line":55,"column":null}},"19":{"start":{"line":56,"column":4},"end":{"line":56,"column":null}},"20":{"start":{"line":59,"column":4},"end":{"line":63,"column":null}},"21":{"start":{"line":60,"column":6},"end":{"line":60,"column":null}},"22":{"start":{"line":62,"column":6},"end":{"line":62,"column":null}},"23":{"start":{"line":66,"column":27},"end":{"line":66,"column":null}},"24":{"start":{"line":67,"column":4},"end":{"line":71,"column":null}},"25":{"start":{"line":68,"column":6},"end":{"line":68,"column":null}},"26":{"start":{"line":69,"column":6},"end":{"line":69,"column":null}},"27":{"start":{"line":70,"column":6},"end":{"line":70,"column":null}},"28":{"start":{"line":72,"column":4},"end":{"line":72,"column":null}},"29":{"start":{"line":75,"column":4},"end":{"line":85,"column":null}},"30":{"start":{"line":76,"column":26},"end":{"line":76,"column":null}},"31":{"start":{"line":77,"column":6},"end":{"line":84,"column":null}},"32":{"start":{"line":78,"column":8},"end":{"line":78,"column":null}},"33":{"start":{"line":80,"column":8},"end":{"line":80,"column":null}},"34":{"start":{"line":81,"column":8},"end":{"line":81,"column":null}},"35":{"start":{"line":82,"column":8},"end":{"line":82,"column":null}},"36":{"start":{"line":83,"column":8},"end":{"line":83,"column":null}},"37":{"start":{"line":88,"column":2},"end":{"line":88,"column":null}}},"fnMap":{"0":{"name":"SEO","decl":{"start":{"line":14,"column":24},"end":{"line":14,"column":28}},"loc":{"start":{"line":23,"column":13},"end":{"line":89,"column":null}},"line":23},"1":{"name":"(anonymous_1)","decl":{"start":{"line":24,"column":12},"end":{"line":24,"column":18}},"loc":{"start":{"line":24,"column":18},"end":{"line":86,"column":5}},"line":24},"2":{"name":"(anonymous_2)","decl":{"start":{"line":29,"column":26},"end":{"line":29,"column":27}},"loc":{"start":{"line":29,"column":85},"end":{"line":40,"column":null}},"line":29}},"branchMap":{"0":{"loc":{"start":{"line":15,"column":2},"end":{"line":15,"column":null}},"type":"default-arg","locations":[{"start":{"line":15,"column":10},"end":{"line":15,"column":null}}],"line":15},"1":{"loc":{"start":{"line":16,"column":2},"end":{"line":16,"column":null}},"type":"default-arg","locations":[{"start":{"line":16,"column":16},"end":{"line":16,"column":null}}],"line":16},"2":{"loc":{"start":{"line":17,"column":2},"end":{"line":17,"column":null}},"type":"default-arg","locations":[{"start":{"line":17,"column":14},"end":{"line":17,"column":null}}],"line":17},"3":{"loc":{"start":{"line":18,"column":2},"end":{"line":18,"column":null}},"type":"default-arg","locations":[{"start":{"line":18,"column":12},"end":{"line":18,"column":null}}],"line":18},"4":{"loc":{"start":{"line":19,"column":2},"end":{"line":19,"column":null}},"type":"default-arg","locations":[{"start":{"line":19,"column":11},"end":{"line":19,"column":null}}],"line":19},"5":{"loc":{"start":{"line":20,"column":2},"end":{"line":20,"column":null}},"type":"default-arg","locations":[{"start":{"line":20,"column":13},"end":{"line":20,"column":null}}],"line":20},"6":{"loc":{"start":{"line":21,"column":2},"end":{"line":21,"column":null}},"type":"default-arg","locations":[{"start":{"line":21,"column":12},"end":{"line":21,"column":null}}],"line":21},"7":{"loc":{"start":{"line":29,"column":62},"end":{"line":29,"column":85}},"type":"default-arg","locations":[{"start":{"line":29,"column":75},"end":{"line":29,"column":85}}],"line":29},"8":{"loc":{"start":{"line":30,"column":24},"end":{"line":30,"column":null}},"type":"cond-expr","locations":[{"start":{"line":30,"column":37},"end":{"line":30,"column":50}},{"start":{"line":30,"column":50},"end":{"line":30,"column":null}}],"line":30},"9":{"loc":{"start":{"line":33,"column":6},"end":{"line":37,"column":null}},"type":"if","locations":[{"start":{"line":33,"column":6},"end":{"line":37,"column":null}},{"start":{},"end":{}}],"line":33},"10":{"loc":{"start":{"line":59,"column":4},"end":{"line":63,"column":null}},"type":"if","locations":[{"start":{"line":59,"column":4},"end":{"line":63,"column":null}},{"start":{"line":61,"column":11},"end":{"line":63,"column":null}}],"line":59},"11":{"loc":{"start":{"line":67,"column":4},"end":{"line":71,"column":null}},"type":"if","locations":[{"start":{"line":67,"column":4},"end":{"line":71,"column":null}},{"start":{},"end":{}}],"line":67},"12":{"loc":{"start":{"line":75,"column":4},"end":{"line":85,"column":null}},"type":"if","locations":[{"start":{"line":75,"column":4},"end":{"line":85,"column":null}},{"start":{},"end":{}}],"line":75},"13":{"loc":{"start":{"line":77,"column":6},"end":{"line":84,"column":null}},"type":"if","locations":[{"start":{"line":77,"column":6},"end":{"line":84,"column":null}},{"start":{"line":79,"column":13},"end":{"line":84,"column":null}}],"line":77}},"s":{"0":4,"1":4,"2":4,"3":44,"4":44,"5":44,"6":11,"7":11,"8":11,"9":44,"10":4,"11":4,"12":4,"13":4,"14":4,"15":4,"16":4,"17":4,"18":4,"19":4,"20":4,"21":0,"22":4,"23":4,"24":4,"25":1,"26":1,"27":1,"28":4,"29":4,"30":1,"31":1,"32":0,"33":1,"34":1,"35":1,"36":1,"37":4},"f":{"0":4,"1":4,"2":44},"b":{"0":[4],"1":[4],"2":[4],"3":[4],"4":[4],"5":[4],"6":[4],"7":[44],"8":[20,24],"9":[11,33],"10":[0,4],"11":[1,3],"12":[1,3],"13":[0,1]},"meta":{"lastBranch":14,"lastFunction":3,"lastStatement":38,"seen":{"f:14:24:14:28":0,"b:15:10:15:Infinity":0,"b:16:16:16:Infinity":1,"b:17:14:17:Infinity":2,"b:18:12:18:Infinity":3,"b:19:11:19:Infinity":4,"b:20:13:20:Infinity":5,"b:21:12:21:Infinity":6,"s:24:2:86:Infinity":0,"f:24:12:24:18":1,"s:26:4:26:Infinity":1,"s:29:26:40:Infinity":2,"f:29:26:29:27":2,"b:29:75:29:85":7,"s:30:24:30:Infinity":3,"b:30:37:30:50:30:50:30:Infinity":8,"s:31:20:31:Infinity":4,"b:33:6:37:Infinity:undefined:undefined:undefined:undefined":9,"s:33:6:37:Infinity":5,"s:34:8:34:Infinity":6,"s:35:8:35:Infinity":7,"s:36:8:36:Infinity":8,"s:39:6:39:Infinity":9,"s:43:4:43:Infinity":10,"s:44:4:44:Infinity":11,"s:47:4:47:Infinity":12,"s:48:4:48:Infinity":13,"s:49:4:49:Infinity":14,"s:50:4:50:Infinity":15,"s:51:4:51:Infinity":16,"s:54:4:54:Infinity":17,"s:55:4:55:Infinity":18,"s:56:4:56:Infinity":19,"b:59:4:63:Infinity:61:11:63:Infinity":10,"s:59:4:63:Infinity":20,"s:60:6:60:Infinity":21,"s:62:6:62:Infinity":22,"s:66:27:66:Infinity":23,"b:67:4:71:Infinity:undefined:undefined:undefined:undefined":11,"s:67:4:71:Infinity":24,"s:68:6:68:Infinity":25,"s:69:6:69:Infinity":26,"s:70:6:70:Infinity":27,"s:72:4:72:Infinity":28,"b:75:4:85:Infinity:undefined:undefined:undefined:undefined":12,"s:75:4:85:Infinity":29,"s:76:26:76:Infinity":30,"b:77:6:84:Infinity:79:13:84:Infinity":13,"s:77:6:84:Infinity":31,"s:78:8:78:Infinity":32,"s:80:8:80:Infinity":33,"s:81:8:81:Infinity":34,"s:82:8:82:Infinity":35,"s:83:8:83:Infinity":36,"s:88:2:88:Infinity":37}}}
,"C:\\Users\\Preston\\git\\toa-website\\client\\src\\components\\ShopSection.tsx": {"path":"C:\\Users\\Preston\\git\\toa-website\\client\\src\\components\\ShopSection.tsx","statementMap":{"0":{"start":{"line":19,"column":23},"end":{"line":19,"column":null}},"1":{"start":{"line":21,"column":43},"end":{"line":31,"column":null}},"2":{"start":{"line":24,"column":23},"end":{"line":24,"column":null}},"3":{"start":{"line":25,"column":6},"end":{"line":27,"column":null}},"4":{"start":{"line":26,"column":8},"end":{"line":26,"column":null}},"5":{"start":{"line":28,"column":6},"end":{"line":28,"column":null}},"6":{"start":{"line":33,"column":26},"end":{"line":33,"column":null}},"7":{"start":{"line":35,"column":2},"end":{"line":134,"column":null}},"8":{"start":{"line":50,"column":14},"end":{"line":56,"column":null}},"9":{"start":{"line":83,"column":14},"end":{"line":116,"column":null}},"10":{"start":{"line":87,"column":31},"end":{"line":87,"column":null}},"11":{"start":{"line":126,"column":27},"end":{"line":126,"column":null}}},"fnMap":{"0":{"name":"ShopSection","decl":{"start":{"line":17,"column":24},"end":{"line":17,"column":38}},"loc":{"start":{"line":17,"column":38},"end":{"line":136,"column":null}},"line":17},"1":{"name":"(anonymous_1)","decl":{"start":{"line":23,"column":13},"end":{"line":23,"column":25}},"loc":{"start":{"line":23,"column":25},"end":{"line":29,"column":null}},"line":23},"2":{"name":"(anonymous_2)","decl":{"start":{"line":49,"column":30},"end":{"line":49,"column":31}},"loc":{"start":{"line":50,"column":14},"end":{"line":56,"column":null}},"line":50},"3":{"name":"(anonymous_3)","decl":{"start":{"line":82,"column":33},"end":{"line":82,"column":34}},"loc":{"start":{"line":83,"column":14},"end":{"line":116,"column":null}},"line":83},"4":{"name":"(anonymous_4)","decl":{"start":{"line":87,"column":25},"end":{"line":87,"column":31}},"loc":{"start":{"line":87,"column":31},"end":{"line":87,"column":null}},"line":87},"5":{"name":"(anonymous_5)","decl":{"start":{"line":126,"column":21},"end":{"line":126,"column":27}},"loc":{"start":{"line":126,"column":27},"end":{"line":126,"column":null}},"line":126}},"branchMap":{"0":{"loc":{"start":{"line":25,"column":6},"end":{"line":27,"column":null}},"type":"if","locations":[{"start":{"line":25,"column":6},"end":{"line":27,"column":null}},{"start":{},"end":{}}],"line":25},"1":{"loc":{"start":{"line":33,"column":26},"end":{"line":33,"column":null}},"type":"binary-expr","locations":[{"start":{"line":33,"column":26},"end":{"line":33,"column":51}},{"start":{"line":33,"column":51},"end":{"line":33,"column":null}}],"line":33},"2":{"loc":{"start":{"line":47,"column":9},"end":{"line":118,"column":null}},"type":"cond-expr","locations":[{"start":{"line":48,"column":10},"end":{"line":58,"column":null}},{"start":{"line":59,"column":12},"end":{"line":118,"column":null}}],"line":47},"3":{"loc":{"start":{"line":59,"column":12},"end":{"line":118,"column":null}},"type":"cond-expr","locations":[{"start":{"line":60,"column":10},"end":{"line":70,"column":null}},{"start":{"line":71,"column":12},"end":{"line":118,"column":null}}],"line":59},"4":{"loc":{"start":{"line":71,"column":12},"end":{"line":118,"column":null}},"type":"cond-expr","locations":[{"start":{"line":72,"column":10},"end":{"line":79,"column":null}},{"start":{"line":81,"column":10},"end":{"line":118,"column":null}}],"line":71},"5":{"loc":{"start":{"line":95,"column":19},"end":{"line":102,"column":null}},"type":"binary-expr","locations":[{"start":{"line":95,"column":19},"end":{"line":95,"column":null}},{"start":{"line":96,"column":20},"end":{"line":102,"column":null}}],"line":95}},"s":{"0":0,"1":0,"2":0,"3":0,"4":0,"5":0,"6":0,"7":0,"8":0,"9":0,"10":0,"11":0},"f":{"0":0,"1":0,"2":0,"3":0,"4":0,"5":0},"b":{"0":[0,0],"1":[0,0],"2":[0,0],"3":[0,0],"4":[0,0],"5":[0,0]},"meta":{"lastBranch":6,"lastFunction":6,"lastStatement":12,"seen":{"f:17:24:17:38":0,"s:19:23:19:Infinity":0,"s:21:43:31:Infinity":1,"f:23:13:23:25":1,"s:24:23:24:Infinity":2,"b:25:6:27:Infinity:undefined:undefined:undefined:undefined":0,"s:25:6:27:Infinity":3,"s:26:8:26:Infinity":4,"s:28:6:28:Infinity":5,"s:33:26:33:Infinity":6,"b:33:26:33:51:33:51:33:Infinity":1,"s:35:2:134:Infinity":7,"b:48:10:58:Infinity:59:12:118:Infinity":2,"f:49:30:49:31":2,"s:50:14:56:Infinity":8,"b:60:10:70:Infinity:71:12:118:Infinity":3,"b:72:10:79:Infinity:81:10:118:Infinity":4,"f:82:33:82:34":3,"s:83:14:116:Infinity":9,"f:87:25:87:31":4,"s:87:31:87:Infinity":10,"b:95:19:95:Infinity:96:20:102:Infinity":5,"f:126:21:126:27":5,"s:126:27:126:Infinity":11}}}
,"C:\\Users\\Preston\\git\\toa-website\\client\\src\\components\\WorldSection.tsx": {"path":"C:\\Users\\Preston\\git\\toa-website\\client\\src\\components\\WorldSection.tsx","statementMap":{"0":{"start":{"line":41,"column":27},"end":{"line":52,"column":null}},"1":{"start":{"line":42,"column":4},"end":{"line":51,"column":null}},"2":{"start":{"line":44,"column":8},"end":{"line":44,"column":null}},"3":{"start":{"line":46,"column":8},"end":{"line":46,"column":null}},"4":{"start":{"line":48,"column":8},"end":{"line":48,"column":null}},"5":{"start":{"line":50,"column":8},"end":{"line":50,"column":null}},"6":{"start":{"line":54,"column":24},"end":{"line":54,"column":null}},"7":{"start":{"line":55,"column":22},"end":{"line":57,"column":null}},"8":{"start":{"line":56,"column":4},"end":{"line":56,"column":null}},"9":{"start":{"line":59,"column":2},"end":{"line":61,"column":null}},"10":{"start":{"line":60,"column":4},"end":{"line":60,"column":null}},"11":{"start":{"line":63,"column":23},"end":{"line":63,"column":null}},"12":{"start":{"line":64,"column":28},"end":{"line":66,"column":null}},"13":{"start":{"line":68,"column":2},"end":{"line":113,"column":null}},"14":{"start":{"line":81,"column":12},"end":{"line":96,"column":null}},"15":{"start":{"line":91,"column":32},"end":{"line":91,"column":36}},"16":{"start":{"line":124,"column":30},"end":{"line":124,"column":null}},"17":{"start":{"line":125,"column":30},"end":{"line":125,"column":null}},"18":{"start":{"line":126,"column":8},"end":{"line":126,"column":null}},"19":{"start":{"line":128,"column":2},"end":{"line":148,"column":null}},"20":{"start":{"line":129,"column":4},"end":{"line":129,"column":null}},"21":{"start":{"line":129,"column":25},"end":{"line":129,"column":null}},"22":{"start":{"line":131,"column":21},"end":{"line":143,"column":null}},"23":{"start":{"line":133,"column":8},"end":{"line":138,"column":null}},"24":{"start":{"line":134,"column":10},"end":{"line":137,"column":null}},"25":{"start":{"line":135,"column":12},"end":{"line":135,"column":null}},"26":{"start":{"line":136,"column":12},"end":{"line":136,"column":null}},"27":{"start":{"line":145,"column":4},"end":{"line":145,"column":null}},"28":{"start":{"line":147,"column":4},"end":{"line":147,"column":null}},"29":{"start":{"line":147,"column":17},"end":{"line":147,"column":null}},"30":{"start":{"line":150,"column":2},"end":{"line":156,"column":null}},"31":{"start":{"line":151,"column":4},"end":{"line":155,"column":null}},"32":{"start":{"line":152,"column":18},"end":{"line":152,"column":null}},"33":{"start":{"line":153,"column":6},"end":{"line":153,"column":null}},"34":{"start":{"line":154,"column":6},"end":{"line":154,"column":null}},"35":{"start":{"line":154,"column":25},"end":{"line":154,"column":null}},"36":{"start":{"line":158,"column":2},"end":{"line":167,"column":null}},"37":{"start":{"line":172,"column":24},"end":{"line":172,"column":null}},"38":{"start":{"line":174,"column":42},"end":{"line":220,"column":null}},"39":{"start":{"line":222,"column":2},"end":{"line":336,"column":null}},"40":{"start":{"line":245,"column":12},"end":{"line":332,"column":null}},"41":{"start":{"line":250,"column":16},"end":{"line":251,"column":null}},"42":{"start":{"line":296,"column":22},"end":{"line":307,"column":null}},"43":{"start":{"line":320,"column":24},"end":{"line":320,"column":null}},"44":{"start":{"line":321,"column":24},"end":{"line":321,"column":null}}},"fnMap":{"0":{"name":"CharacterCarousel","decl":{"start":{"line":40,"column":9},"end":{"line":40,"column":27}},"loc":{"start":{"line":40,"column":64},"end":{"line":115,"column":null}},"line":40},"1":{"name":"(anonymous_1)","decl":{"start":{"line":41,"column":27},"end":{"line":41,"column":28}},"loc":{"start":{"line":41,"column":58},"end":{"line":52,"column":null}},"line":41},"2":{"name":"(anonymous_2)","decl":{"start":{"line":55,"column":71},"end":{"line":55,"column":72}},"loc":{"start":{"line":56,"column":4},"end":{"line":56,"column":null}},"line":56},"3":{"name":"(anonymous_3)","decl":{"start":{"line":80,"column":33},"end":{"line":80,"column":34}},"loc":{"start":{"line":81,"column":12},"end":{"line":96,"column":null}},"line":81},"4":{"name":"(anonymous_4)","decl":{"start":{"line":91,"column":25},"end":{"line":91,"column":26}},"loc":{"start":{"line":91,"column":32},"end":{"line":91,"column":36}},"line":91},"5":{"name":"LazyBackgroundImage","decl":{"start":{"line":123,"column":9},"end":{"line":123,"column":29}},"loc":{"start":{"line":123,"column":80},"end":{"line":169,"column":null}},"line":123},"6":{"name":"(anonymous_6)","decl":{"start":{"line":128,"column":12},"end":{"line":128,"column":18}},"loc":{"start":{"line":128,"column":18},"end":{"line":148,"column":5}},"line":128},"7":{"name":"(anonymous_7)","decl":{"start":{"line":132,"column":6},"end":{"line":132,"column":7}},"loc":{"start":{"line":132,"column":19},"end":{"line":139,"column":null}},"line":132},"8":{"name":"(anonymous_8)","decl":{"start":{"line":133,"column":24},"end":{"line":133,"column":25}},"loc":{"start":{"line":133,"column":35},"end":{"line":138,"column":9}},"line":133},"9":{"name":"(anonymous_9)","decl":{"start":{"line":147,"column":11},"end":{"line":147,"column":17}},"loc":{"start":{"line":147,"column":17},"end":{"line":147,"column":null}},"line":147},"10":{"name":"(anonymous_10)","decl":{"start":{"line":150,"column":12},"end":{"line":150,"column":18}},"loc":{"start":{"line":150,"column":18},"end":{"line":156,"column":5}},"line":150},"11":{"name":"(anonymous_11)","decl":{"start":{"line":154,"column":19},"end":{"line":154,"column":25}},"loc":{"start":{"line":154,"column":25},"end":{"line":154,"column":null}},"line":154},"12":{"name":"WorldSection","decl":{"start":{"line":171,"column":24},"end":{"line":171,"column":39}},"loc":{"start":{"line":171,"column":39},"end":{"line":338,"column":null}},"line":171},"13":{"name":"(anonymous_13)","decl":{"start":{"line":244,"column":30},"end":{"line":244,"column":31}},"loc":{"start":{"line":245,"column":12},"end":{"line":332,"column":null}},"line":245},"14":{"name":"(anonymous_14)","decl":{"start":{"line":249,"column":23},"end":{"line":249,"column":null}},"loc":{"start":{"line":250,"column":16},"end":{"line":251,"column":null}},"line":250},"15":{"name":"(anonymous_15)","decl":{"start":{"line":295,"column":41},"end":{"line":295,"column":42}},"loc":{"start":{"line":296,"column":22},"end":{"line":307,"column":null}},"line":296},"16":{"name":"(anonymous_16)","decl":{"start":{"line":319,"column":31},"end":{"line":319,"column":32}},"loc":{"start":{"line":319,"column":38},"end":{"line":322,"column":null}},"line":319}},"branchMap":{"0":{"loc":{"start":{"line":42,"column":4},"end":{"line":51,"column":null}},"type":"switch","locations":[{"start":{"line":43,"column":6},"end":{"line":44,"column":null}},{"start":{"line":45,"column":6},"end":{"line":46,"column":null}},{"start":{"line":47,"column":6},"end":{"line":48,"column":null}},{"start":{"line":49,"column":6},"end":{"line":50,"column":null}}],"line":42},"1":{"loc":{"start":{"line":59,"column":2},"end":{"line":61,"column":null}},"type":"if","locations":[{"start":{"line":59,"column":2},"end":{"line":61,"column":null}},{"start":{},"end":{}}],"line":59},"2":{"loc":{"start":{"line":64,"column":28},"end":{"line":66,"column":null}},"type":"cond-expr","locations":[{"start":{"line":65,"column":6},"end":{"line":65,"column":null}},{"start":{"line":66,"column":6},"end":{"line":66,"column":null}}],"line":64},"3":{"loc":{"start":{"line":75,"column":35},"end":{"line":75,"column":80}},"type":"cond-expr","locations":[{"start":{"line":75,"column":50},"end":{"line":75,"column":69}},{"start":{"line":75,"column":69},"end":{"line":75,"column":80}}],"line":75},"4":{"loc":{"start":{"line":77,"column":23},"end":{"line":77,"column":null}},"type":"cond-expr","locations":[{"start":{"line":77,"column":38},"end":{"line":77,"column":69}},{"start":{"line":77,"column":69},"end":{"line":77,"column":null}}],"line":77},"5":{"loc":{"start":{"line":129,"column":4},"end":{"line":129,"column":null}},"type":"if","locations":[{"start":{"line":129,"column":4},"end":{"line":129,"column":null}},{"start":{},"end":{}}],"line":129},"6":{"loc":{"start":{"line":134,"column":10},"end":{"line":137,"column":null}},"type":"if","locations":[{"start":{"line":134,"column":10},"end":{"line":137,"column":null}},{"start":{},"end":{}}],"line":134},"7":{"loc":{"start":{"line":151,"column":4},"end":{"line":155,"column":null}},"type":"if","locations":[{"start":{"line":151,"column":4},"end":{"line":155,"column":null}},{"start":{},"end":{}}],"line":151},"8":{"loc":{"start":{"line":151,"column":8},"end":{"line":151,"column":31}},"type":"binary-expr","locations":[{"start":{"line":151,"column":8},"end":{"line":151,"column":20}},{"start":{"line":151,"column":20},"end":{"line":151,"column":31}}],"line":151},"9":{"loc":{"start":{"line":160,"column":7},"end":{"line":165,"column":null}},"type":"binary-expr","locations":[{"start":{"line":160,"column":7},"end":{"line":160,"column":null}},{"start":{"line":161,"column":8},"end":{"line":165,"column":null}}],"line":160},"10":{"loc":{"start":{"line":250,"column":16},"end":{"line":251,"column":null}},"type":"binary-expr","locations":[{"start":{"line":250,"column":16},"end":{"line":250,"column":null}},{"start":{"line":251,"column":16},"end":{"line":251,"column":null}}],"line":250},"11":{"loc":{"start":{"line":254,"column":15},"end":{"line":259,"column":null}},"type":"binary-expr","locations":[{"start":{"line":254,"column":15},"end":{"line":254,"column":null}},{"start":{"line":255,"column":16},"end":{"line":259,"column":null}}],"line":254},"12":{"loc":{"start":{"line":261,"column":15},"end":{"line":269,"column":null}},"type":"binary-expr","locations":[{"start":{"line":261,"column":15},"end":{"line":261,"column":null}},{"start":{"line":262,"column":16},"end":{"line":269,"column":null}}],"line":261},"13":{"loc":{"start":{"line":290,"column":17},"end":{"line":309,"column":null}},"type":"binary-expr","locations":[{"start":{"line":290,"column":17},"end":{"line":290,"column":null}},{"start":{"line":291,"column":18},"end":{"line":309,"column":null}}],"line":290},"14":{"loc":{"start":{"line":312,"column":17},"end":{"line":327,"column":null}},"type":"binary-expr","locations":[{"start":{"line":312,"column":17},"end":{"line":312,"column":38}},{"start":{"line":312,"column":38},"end":{"line":312,"column":null}},{"start":{"line":313,"column":18},"end":{"line":327,"column":null}}],"line":312}},"s":{"0":0,"1":0,"2":0,"3":0,"4":0,"5":0,"6":0,"7":0,"8":0,"9":0,"10":0,"11":0,"12":0,"13":0,"14":0,"15":0,"16":0,"17":0,"18":0,"19":0,"20":0,"21":0,"22":0,"23":0,"24":0,"25":0,"26":0,"27":0,"28":0,"29":0,"30":0,"31":0,"32":0,"33":0,"34":0,"35":0,"36":0,"37":0,"38":0,"39":0,"40":0,"41":0,"42":0,"43":0,"44":0},"f":{"0":0,"1":0,"2":0,"3":0,"4":0,"5":0,"6":0,"7":0,"8":0,"9":0,"10":0,"11":0,"12":0,"13":0,"14":0,"15":0,"16":0},"b":{"0":[0,0,0,0],"1":[0,0],"2":[0,0],"3":[0,0],"4":[0,0],"5":[0,0],"6":[0,0],"7":[0,0],"8":[0,0],"9":[0,0],"10":[0,0],"11":[0,0],"12":[0,0],"13":[0,0],"14":[0,0,0]},"meta":{"lastBranch":15,"lastFunction":17,"lastStatement":45,"seen":{"f:40:9:40:27":0,"s:41:27:52:Infinity":0,"f:41:27:41:28":1,"b:43:6:44:Infinity:45:6:46:Infinity:47:6:48:Infinity:49:6:50:Infinity":0,"s:42:4:51:Infinity":1,"s:44:8:44:Infinity":2,"s:46:8:46:Infinity":3,"s:48:8:48:Infinity":4,"s:50:8:50:Infinity":5,"s:54:24:54:Infinity":6,"s:55:22:57:Infinity":7,"f:55:71:55:72":2,"s:56:4:56:Infinity":8,"b:59:2:61:Infinity:undefined:undefined:undefined:undefined":1,"s:59:2:61:Infinity":9,"s:60:4:60:Infinity":10,"s:63:23:63:Infinity":11,"s:64:28:66:Infinity":12,"b:65:6:65:Infinity:66:6:66:Infinity":2,"s:68:2:113:Infinity":13,"b:75:50:75:69:75:69:75:80":3,"b:77:38:77:69:77:69:77:Infinity":4,"f:80:33:80:34":3,"s:81:12:96:Infinity":14,"f:91:25:91:26":4,"s:91:32:91:36":15,"f:123:9:123:29":5,"s:124:30:124:Infinity":16,"s:125:30:125:Infinity":17,"s:126:8:126:Infinity":18,"s:128:2:148:Infinity":19,"f:128:12:128:18":6,"b:129:4:129:Infinity:undefined:undefined:undefined:undefined":5,"s:129:4:129:Infinity":20,"s:129:25:129:Infinity":21,"s:131:21:143:Infinity":22,"f:132:6:132:7":7,"s:133:8:138:Infinity":23,"f:133:24:133:25":8,"b:134:10:137:Infinity:undefined:undefined:undefined:undefined":6,"s:134:10:137:Infinity":24,"s:135:12:135:Infinity":25,"s:136:12:136:Infinity":26,"s:145:4:145:Infinity":27,"s:147:4:147:Infinity":28,"f:147:11:147:17":9,"s:147:17:147:Infinity":29,"s:150:2:156:Infinity":30,"f:150:12:150:18":10,"b:151:4:155:Infinity:undefined:undefined:undefined:undefined":7,"s:151:4:155:Infinity":31,"b:151:8:151:20:151:20:151:31":8,"s:152:18:152:Infinity":32,"s:153:6:153:Infinity":33,"s:154:6:154:Infinity":34,"f:154:19:154:25":11,"s:154:25:154:Infinity":35,"s:158:2:167:Infinity":36,"b:160:7:160:Infinity:161:8:165:Infinity":9,"f:171:24:171:39":12,"s:172:24:172:Infinity":37,"s:174:42:220:Infinity":38,"s:222:2:336:Infinity":39,"f:244:30:244:31":13,"s:245:12:332:Infinity":40,"f:249:23:249:Infinity":14,"s:250:16:251:Infinity":41,"b:250:16:250:Infinity:251:16:251:Infinity":10,"b:254:15:254:Infinity:255:16:259:Infinity":11,"b:261:15:261:Infinity:262:16:269:Infinity":12,"b:290:17:290:Infinity:291:18:309:Infinity":13,"f:295:41:295:42":15,"s:296:22:307:Infinity":42,"b:312:17:312:38:312:38:312:Infinity:313:18:327:Infinity":14,"f:319:31:319:32":16,"s:320:24:320:Infinity":43,"s:321:24:321:Infinity":44}}}
,"C:\\Users\\Preston\\git\\toa-website\\client\\src\\components\\examples\\AboutSection.tsx": {"path":"C:\\Users\\Preston\\git\\toa-website\\client\\src\\components\\examples\\AboutSection.tsx","statementMap":{"0":{"start":{"line":4,"column":2},"end":{"line":4,"column":null}}},"fnMap":{"0":{"name":"AboutSectionExample","decl":{"start":{"line":3,"column":24},"end":{"line":3,"column":46}},"loc":{"start":{"line":3,"column":46},"end":{"line":5,"column":null}},"line":3}},"branchMap":{},"s":{"0":0},"f":{"0":0},"b":{},"meta":{"lastBranch":0,"lastFunction":1,"lastStatement":1,"seen":{"f:3:24:3:46":0,"s:4:2:4:Infinity":0}}}
,"C:\\Users\\Preston\\git\\toa-website\\client\\src\\components\\examples\\CommunitySection.tsx": {"path":"C:\\Users\\Preston\\git\\toa-website\\client\\src\\components\\examples\\CommunitySection.tsx","statementMap":{"0":{"start":{"line":4,"column":2},"end":{"line":4,"column":null}}},"fnMap":{"0":{"name":"CommunitySectionExample","decl":{"start":{"line":3,"column":24},"end":{"line":3,"column":50}},"loc":{"start":{"line":3,"column":50},"end":{"line":5,"column":null}},"line":3}},"branchMap":{},"s":{"0":0},"f":{"0":0},"b":{},"meta":{"lastBranch":0,"lastFunction":1,"lastStatement":1,"seen":{"f:3:24:3:50":0,"s:4:2:4:Infinity":0}}}
,"C:\\Users\\Preston\\git\\toa-website\\client\\src\\components\\examples\\Footer.tsx": {"path":"C:\\Users\\Preston\\git\\toa-website\\client\\src\\components\\examples\\Footer.tsx","statementMap":{"0":{"start":{"line":4,"column":2},"end":{"line":4,"column":null}}},"fnMap":{"0":{"name":"FooterExample","decl":{"start":{"line":3,"column":24},"end":{"line":3,"column":40}},"loc":{"start":{"line":3,"column":40},"end":{"line":5,"column":null}},"line":3}},"branchMap":{},"s":{"0":0},"f":{"0":0},"b":{},"meta":{"lastBranch":0,"lastFunction":1,"lastStatement":1,"seen":{"f:3:24:3:40":0,"s:4:2:4:Infinity":0}}}
,"C:\\Users\\Preston\\git\\toa-website\\client\\src\\components\\examples\\Hero.tsx": {"path":"C:\\Users\\Preston\\git\\toa-website\\client\\src\\components\\examples\\Hero.tsx","statementMap":{"0":{"start":{"line":4,"column":2},"end":{"line":4,"column":null}}},"fnMap":{"0":{"name":"HeroExample","decl":{"start":{"line":3,"column":24},"end":{"line":3,"column":38}},"loc":{"start":{"line":3,"column":38},"end":{"line":5,"column":null}},"line":3}},"branchMap":{},"s":{"0":0},"f":{"0":0},"b":{},"meta":{"lastBranch":0,"lastFunction":1,"lastStatement":1,"seen":{"f:3:24:3:38":0,"s:4:2:4:Infinity":0}}}
,"C:\\Users\\Preston\\git\\toa-website\\client\\src\\components\\examples\\Navigation.tsx": {"path":"C:\\Users\\Preston\\git\\toa-website\\client\\src\\components\\examples\\Navigation.tsx","statementMap":{"0":{"start":{"line":4,"column":2},"end":{"line":4,"column":null}}},"fnMap":{"0":{"name":"NavigationExample","decl":{"start":{"line":3,"column":24},"end":{"line":3,"column":44}},"loc":{"start":{"line":3,"column":44},"end":{"line":5,"column":null}},"line":3}},"branchMap":{},"s":{"0":0},"f":{"0":0},"b":{},"meta":{"lastBranch":0,"lastFunction":1,"lastStatement":1,"seen":{"f:3:24:3:44":0,"s:4:2:4:Infinity":0}}}
,"C:\\Users\\Preston\\git\\toa-website\\client\\src\\components\\examples\\PodcastSection.tsx": {"path":"C:\\Users\\Preston\\git\\toa-website\\client\\src\\components\\examples\\PodcastSection.tsx","statementMap":{"0":{"start":{"line":4,"column":2},"end":{"line":4,"column":null}}},"fnMap":{"0":{"name":"PodcastSectionExample","decl":{"start":{"line":3,"column":24},"end":{"line":3,"column":48}},"loc":{"start":{"line":3,"column":48},"end":{"line":5,"column":null}},"line":3}},"branchMap":{},"s":{"0":0},"f":{"0":0},"b":{},"meta":{"lastBranch":0,"lastFunction":1,"lastStatement":1,"seen":{"f:3:24:3:48":0,"s:4:2:4:Infinity":0}}}
,"C:\\Users\\Preston\\git\\toa-website\\client\\src\\components\\examples\\PromotionsSection.tsx": {"path":"C:\\Users\\Preston\\git\\toa-website\\client\\src\\components\\examples\\PromotionsSection.tsx","statementMap":{"0":{"start":{"line":4,"column":2},"end":{"line":4,"column":null}}},"fnMap":{"0":{"name":"PromotionsSectionExample","decl":{"start":{"line":3,"column":24},"end":{"line":3,"column":51}},"loc":{"start":{"line":3,"column":51},"end":{"line":5,"column":null}},"line":3}},"branchMap":{},"s":{"0":0},"f":{"0":0},"b":{},"meta":{"lastBranch":0,"lastFunction":1,"lastStatement":1,"seen":{"f:3:24:3:51":0,"s:4:2:4:Infinity":0}}}
,"C:\\Users\\Preston\\git\\toa-website\\client\\src\\components\\examples\\ShopSection.tsx": {"path":"C:\\Users\\Preston\\git\\toa-website\\client\\src\\components\\examples\\ShopSection.tsx","statementMap":{"0":{"start":{"line":4,"column":2},"end":{"line":4,"column":null}}},"fnMap":{"0":{"name":"ShopSectionExample","decl":{"start":{"line":3,"column":24},"end":{"line":3,"column":45}},"loc":{"start":{"line":3,"column":45},"end":{"line":5,"column":null}},"line":3}},"branchMap":{},"s":{"0":0},"f":{"0":0},"b":{},"meta":{"lastBranch":0,"lastFunction":1,"lastStatement":1,"seen":{"f:3:24:3:45":0,"s:4:2:4:Infinity":0}}}
,"C:\\Users\\Preston\\git\\toa-website\\client\\src\\components\\examples\\WorldSection.tsx": {"path":"C:\\Users\\Preston\\git\\toa-website\\client\\src\\components\\examples\\WorldSection.tsx","statementMap":{"0":{"start":{"line":4,"column":2},"end":{"line":4,"column":null}}},"fnMap":{"0":{"name":"WorldSectionExample","decl":{"start":{"line":3,"column":24},"end":{"line":3,"column":46}},"loc":{"start":{"line":3,"column":46},"end":{"line":5,"column":null}},"line":3}},"branchMap":{},"s":{"0":0},"f":{"0":0},"b":{},"meta":{"lastBranch":0,"lastFunction":1,"lastStatement":1,"seen":{"f:3:24:3:46":0,"s:4:2:4:Infinity":0}}}
,"C:\\Users\\Preston\\git\\toa-website\\client\\src\\hooks\\use-mobile.tsx": {"path":"C:\\Users\\Preston\\git\\toa-website\\client\\src\\hooks\\use-mobile.tsx","statementMap":{"0":{"start":{"line":3,"column":26},"end":{"line":3,"column":null}},"1":{"start":{"line":6,"column":34},"end":{"line":6,"column":null}},"2":{"start":{"line":8,"column":2},"end":{"line":16,"column":null}},"3":{"start":{"line":9,"column":16},"end":{"line":9,"column":null}},"4":{"start":{"line":10,"column":21},"end":{"line":12,"column":null}},"5":{"start":{"line":11,"column":6},"end":{"line":11,"column":null}},"6":{"start":{"line":13,"column":4},"end":{"line":13,"column":null}},"7":{"start":{"line":14,"column":4},"end":{"line":14,"column":null}},"8":{"start":{"line":15,"column":4},"end":{"line":15,"column":null}},"9":{"start":{"line":15,"column":17},"end":{"line":15,"column":null}},"10":{"start":{"line":18,"column":2},"end":{"line":18,"column":null}}},"fnMap":{"0":{"name":"useIsMobile","decl":{"start":{"line":5,"column":16},"end":{"line":5,"column":30}},"loc":{"start":{"line":5,"column":30},"end":{"line":19,"column":null}},"line":5},"1":{"name":"(anonymous_1)","decl":{"start":{"line":8,"column":18},"end":{"line":8,"column":24}},"loc":{"start":{"line":8,"column":24},"end":{"line":16,"column":5}},"line":8},"2":{"name":"(anonymous_2)","decl":{"start":{"line":10,"column":21},"end":{"line":10,"column":27}},"loc":{"start":{"line":10,"column":27},"end":{"line":12,"column":null}},"line":10},"3":{"name":"(anonymous_3)","decl":{"start":{"line":15,"column":11},"end":{"line":15,"column":17}},"loc":{"start":{"line":15,"column":17},"end":{"line":15,"column":null}},"line":15}},"branchMap":{},"s":{"0":0,"1":0,"2":0,"3":0,"4":0,"5":0,"6":0,"7":0,"8":0,"9":0,"10":0},"f":{"0":0,"1":0,"2":0,"3":0},"b":{},"meta":{"lastBranch":0,"lastFunction":4,"lastStatement":11,"seen":{"s:3:26:3:Infinity":0,"f:5:16:5:30":0,"s:6:34:6:Infinity":1,"s:8:2:16:Infinity":2,"f:8:18:8:24":1,"s:9:16:9:Infinity":3,"s:10:21:12:Infinity":4,"f:10:21:10:27":2,"s:11:6:11:Infinity":5,"s:13:4:13:Infinity":6,"s:14:4:14:Infinity":7,"s:15:4:15:Infinity":8,"f:15:11:15:17":3,"s:15:17:15:Infinity":9,"s:18:2:18:Infinity":10}}}
[...]
7,"column":null}},"type":"binary-expr","locations":[{"start":{"line":37,"column":22},"end":{"line":37,"column":68}},{"start":{"line":37,"column":68},"end":{"line":37,"column":null}}],"line":37},"6":{"loc":{"start":{"line":39,"column":2},"end":{"line":41,"column":null}},"type":"if","locations":[{"start":{"line":39,"column":2},"end":{"line":41,"column":null}},{"start":{},"end":{}}],"line":39},"7":{"loc":{"start":{"line":39,"column":6},"end":{"line":39,"column":43}},"type":"binary-expr","locations":[{"start":{"line":39,"column":6},"end":{"line":39,"column":29}},{"start":{"line":39,"column":29},"end":{"line":39,"column":43}}],"line":39},"8":{"loc":{"start":{"line":47,"column":2},"end":{"line":52,"column":null}},"type":"if","locations":[{"start":{"line":47,"column":2},"end":{"line":52,"column":null}},{"start":{},"end":{}}],"line":47},"9":{"loc":{"start":{"line":82,"column":2},"end":{"line":84,"column":null}},"type":"if","locations":[{"start":{"line":82,"column":2},"end":{"line":84,"column":null}},{"start":{},"end":{}}],"line":82},"10":{"loc":{"start":{"line":92,"column":4},"end":{"line":94,"column":null}},"type":"if","locations":[{"start":{"line":92,"column":4},"end":{"line":94,"column":null}},{"start":{},"end":{}}],"line":92},"11":{"loc":{"start":{"line":99,"column":4},"end":{"line":103,"column":null}},"type":"if","locations":[{"start":{"line":99,"column":4},"end":{"line":103,"column":null}},{"start":{},"end":{}}],"line":99},"12":{"loc":{"start":{"line":115,"column":4},"end":{"line":117,"column":null}},"type":"if","locations":[{"start":{"line":115,"column":4},"end":{"line":117,"column":null}},{"start":{},"end":{}}],"line":115},"13":{"loc":{"start":{"line":144,"column":4},"end":{"line":146,"column":null}},"type":"if","locations":[{"start":{"line":144,"column":4},"end":{"line":146,"column":null}},{"start":{},"end":{}}],"line":144},"14":{"loc":{"start":{"line":150,"column":4},"end":{"line":153,"column":null}},"type":"if","locations":[{"start":{"line":150,"column":4},"end":{"line":153,"column":null}},{"start":{},"end":{}}],"line":150},"15":{"loc":{"start":{"line":157,"column":4},"end":{"line":159,"column":null}},"type":"if","locations":[{"start":{"line":157,"column":4},"end":{"line":159,"column":null}},{"start":{},"end":{}}],"line":157},"16":{"loc":{"start":{"line":157,"column":8},"end":{"line":157,"column":48}},"type":"binary-expr","locations":[{"start":{"line":157,"column":8},"end":{"line":157,"column":23}},{"start":{"line":157,"column":23},"end":{"line":157,"column":48}}],"line":157},"17":{"loc":{"start":{"line":170,"column":2},"end":{"line":172,"column":null}},"type":"if","locations":[{"start":{"line":170,"column":2},"end":{"line":172,"column":null}},{"start":{},"end":{}}],"line":170},"18":{"loc":{"start":{"line":186,"column":4},"end":{"line":189,"column":null}},"type":"if","locations":[{"start":{"line":186,"column":4},"end":{"line":189,"column":null}},{"start":{},"end":{}}],"line":186},"19":{"loc":{"start":{"line":193,"column":33},"end":{"line":193,"column":51}},"type":"binary-expr","locations":[{"start":{"line":193,"column":33},"end":{"line":193,"column":47}},{"start":{"line":193,"column":47},"end":{"line":193,"column":51}}],"line":193},"20":{"loc":{"start":{"line":198,"column":24},"end":{"line":200,"column":null}},"type":"cond-expr","locations":[{"start":{"line":199,"column":10},"end":{"line":199,"column":null}},{"start":{"line":200,"column":10},"end":{"line":200,"column":null}}],"line":198},"21":{"loc":{"start":{"line":202,"column":23},"end":{"line":204,"column":null}},"type":"cond-expr","locations":[{"start":{"line":203,"column":10},"end":{"line":203,"column":null}},{"start":{"line":204,"column":10},"end":{"line":204,"column":null}}],"line":202},"22":{"loc":{"start":{"line":207,"column":12},"end":{"line":207,"column":null}},"type":"binary-expr","locations":[{"start":{"line":207,"column":12},"end":{"line":207,"column":24}},{"start":{"line":207,"column":24},"end":{"line":207,"column":null}}],"line":207},"23":{"loc":{"start":{"line":208,"column":15},"end":{"line":208,"column":null}},"type":"binary-expr","locations":[{"start":{"line":208,"column":15},"end":{"line":208,"column":33}},{"start":{"line":208,"column":33},"end":{"line":208,"column":null}}],"line":208},"24":{"loc":{"start":{"line":209,"column":19},"end":{"line":209,"column":null}},"type":"binary-expr","locations":[{"start":{"line":209,"column":19},"end":{"line":209,"column":53}},{"start":{"line":209,"column":53},"end":{"line":209,"column":90}},{"start":{"line":209,"column":90},"end":{"line":209,"column":null}}],"line":209},"25":{"loc":{"start":{"line":211,"column":21},"end":{"line":211,"column":null}},"type":"binary-expr","locations":[{"start":{"line":211,"column":21},"end":{"line":211,"column":45}},{"start":{"line":211,"column":45},"end":{"line":211,"column":null}}],"line":211},"26":{"loc":{"start":{"line":213,"column":21},"end":{"line":213,"column":null}},"type":"binary-expr","locations":[{"start":{"line":213,"column":21},"end":{"line":213,"column":45}},{"start":{"line":213,"column":45},"end":{"line":213,"column":null}}],"line":213},"27":{"loc":{"start":{"line":227,"column":60},"end":{"line":227,"column":107}},"type":"default-arg","locations":[{"start":{"line":227,"column":81},"end":{"line":227,"column":107}}],"line":227},"28":{"loc":{"start":{"line":230,"column":2},"end":{"line":232,"column":null}},"type":"if","locations":[{"start":{"line":230,"column":2},"end":{"line":232,"column":null}},{"start":{},"end":{}}],"line":230},"29":{"loc":{"start":{"line":237,"column":4},"end":{"line":249,"column":null}},"type":"if","locations":[{"start":{"line":237,"column":4},"end":{"line":249,"column":null}},{"start":{},"end":{}}],"line":237},"30":{"loc":{"start":{"line":242,"column":8},"end":{"line":246,"column":null}},"type":"if","locations":[{"start":{"line":242,"column":8},"end":{"line":246,"column":null}},{"start":{},"end":{}}],"line":242},"31":{"loc":{"start":{"line":242,"column":12},"end":{"line":242,"column":114}},"type":"binary-expr","locations":[{"start":{"line":242,"column":12},"end":{"line":242,"column":75}},{"start":{"line":242,"column":75},"end":{"line":242,"column":114}}],"line":242},"32":{"loc":{"start":{"line":265,"column":6},"end":{"line":267,"column":null}},"type":"if","locations":[{"start":{"line":265,"column":6},"end":{"line":267,"column":null}},{"start":{},"end":{}}],"line":265},"33":{"loc":{"start":{"line":265,"column":10},"end":{"line":265,"column":68}},"type":"binary-expr","locations":[{"start":{"line":265,"column":10},"end":{"line":265,"column":34}},{"start":{"line":265,"column":34},"end":{"line":265,"column":68}}],"line":265},"34":{"loc":{"start":{"line":278,"column":4},"end":{"line":280,"column":null}},"type":"if","locations":[{"start":{"line":278,"column":4},"end":{"line":280,"column":null}},{"start":{},"end":{}}],"line":278},"35":{"loc":{"start":{"line":292,"column":35},"end":{"line":292,"column":68}},"type":"binary-expr","locations":[{"start":{"line":292,"column":35},"end":{"line":292,"column":64}},{"start":{"line":292,"column":64},"end":{"line":292,"column":68}}],"line":292},"36":{"loc":{"start":{"line":297,"column":26},"end":{"line":299,"column":null}},"type":"cond-expr","locations":[{"start":{"line":298,"column":12},"end":{"line":298,"column":null}},{"start":{"line":299,"column":12},"end":{"line":299,"column":null}}],"line":297},"37":{"loc":{"start":{"line":301,"column":25},"end":{"line":303,"column":null}},"type":"cond-expr","locations":[{"start":{"line":302,"column":12},"end":{"line":302,"column":null}},{"start":{"line":303,"column":12},"end":{"line":303,"column":null}}],"line":301},"38":{"loc":{"start":{"line":306,"column":14},"end":{"line":306,"column":null}},"type":"binary-expr","locations":[{"start":{"line":306,"column":14},"end":{"line":306,"column":26}},{"start":{"line":306,"column":26},"end":{"line":306,"column":null}}],"line":306},"39":{"loc":{"start":{"line":307,"column":17},"end":{"line":307,"column":null}},"type":"binary-expr","locations":[{"start":{"line":307,"column":17},"end":{"line":307,"column":35}},{"start":{"line":307,"column":35},"end":{"line":307,"column":null}}],"line":307},"40":{"loc":{"start":{"line":308,"column":21},"end":{"line":308,"column":null}},"type":"binary-expr","locations":[{"start":{"line":308,"column":21},"end":{"line":308,"column":55}},{"start":{"line":308,"column":55},"end":{"line":308,"column":92}},{"start":{"line":308,"column":92},"end":{"line":308,"column":null}}],"line":308},"41":{"loc":{"start":{"line":310,"column":23},"end":{"line":310,"column":null}},"type":"binary-expr","locations":[{"start":{"line":310,"column":23},"end":{"line":310,"column":47}},{"start":{"line":310,"column":47},"end":{"line":310,"column":null}}],"line":310},"42":{"loc":{"start":{"line":312,"column":23},"end":{"line":312,"column":null}},"type":"binary-expr","locations":[{"start":{"line":312,"column":23},"end":{"line":312,"column":47}},{"start":{"line":312,"column":47},"end":{"line":312,"column":null}}],"line":312},"43":{"loc":{"start":{"line":328,"column":6},"end":{"line":335,"column":null}},"type":"if","locations":[{"start":{"line":328,"column":6},"end":{"line":335,"column":null}},{"start":{},"end":{}}],"line":328},"44":{"loc":{"start":{"line":331,"column":8},"end":{"line":334,"column":null}},"type":"if","locations":[{"start":{"line":331,"column":8},"end":{"line":334,"column":null}},{"start":{},"end":{}}],"line":331},"45":{"loc":{"start":{"line":345,"column":2},"end":{"line":349,"column":null}},"type":"if","locations":[{"start":{"line":345,"column":2},"end":{"line":349,"column":null}},{"start":{"line":347,"column":2},"end":{"line":349,"column":null}}],"line":345},"46":{"loc":{"start":{"line":347,"column":2},"end":{"line":349,"column":null}},"type":"if","locations":[{"start":{"line":347,"column":2},"end":{"line":349,"column":null}},{"start":{},"end":{}}],"line":347},"47":{"loc":{"start":{"line":355,"column":2},"end":{"line":355,"column":null}},"type":"if","locations":[{"start":{"line":355,"column":2},"end":{"line":355,"column":null}},{"start":{},"end":{}}],"line":355},"48":{"loc":{"start":{"line":357,"column":25},"end":{"line":357,"column":40}},"type":"binary-expr","locations":[{"start":{"line":357,"column":25},"end":{"line":357,"column":37}},{"start":{"line":357,"column":37},"end":{"line":357,"column":40}}],"line":357},"49":{"loc":{"start":{"line":358,"column":27},"end":{"line":358,"column":42}},"type":"binary-expr","locations":[{"start":{"line":358,"column":27},"end":{"line":358,"column":39}},{"start":{"line":358,"column":39},"end":{"line":358,"column":42}}],"line":358},"50":{"loc":{"start":{"line":359,"column":27},"end":{"line":359,"column":42}},"type":"binary-expr","locations":[{"start":{"line":359,"column":27},"end":{"line":359,"column":39}},{"start":{"line":359,"column":39},"end":{"line":359,"column":42}}],"line":359},"51":{"loc":{"start":{"line":361,"column":2},"end":{"line":363,"column":null}},"type":"if","locations":[{"start":{"line":361,"column":2},"end":{"line":363,"column":null}},{"start":{},"end":{}}],"line":361}},"s":{"0":0,"1":0,"2":0,"3":0,"4":0,"5":0,"6":0,"7":0,"8":0,"9":0,"10":0,"11":0,"12":0,"13":0,"14":0,"15":0,"16":0,"17":0,"18":0,"19":0,"20":0,"21":0,"22":0,"23":0,"24":0,"25":0,"26":0,"27":0,"28":0,"29":0,"30":0,"31":0,"32":0,"33":0,"34":0,"35":0,"36":0,"37":0,"38":0,"39":0,"40":0,"41":0,"42":0,"43":0,"44":0,"45":0,"46":0,"47":0,"48":0,"49":0,"50":0,"51":0,"52":0,"53":0,"54":0,"55":0,"56":0,"57":0,"58":0,"59":0,"60":0,"61":0,"62":0,"63":0,"64":0,"65":0,"66":0,"67":0,"68":0,"69":0,"70":0,"71":0,"72":0,"73":0,"74":0,"75":0,"76":0,"77":0,"78":0,"79":0,"80":0,"81":0,"82":0,"83":0,"84":0,"85":0,"86":0,"87":0,"88":0,"89":0,"90":0,"91":0,"92":0,"93":0,"94":0,"95":0,"96":0,"97":0,"98":0,"99":0,"100":0,"101":0,"102":0,"103":0,"104":0,"105":0,"106":0,"107":0,"108":0,"109":0,"110":0,"111":0,"112":0,"113":0,"114":0,"115":0,"116":0,"117":0,"118":0,"119":0,"120":0,"121":0,"122":0,"123":0,"124":0,"125":0,"126":0,"127":0,"128":0,"129":0,"130":0,"131":0,"132":0,"133":0,"134":0,"135":0,"136":0,"137":0,"138":0,"139":0,"140":0,"141":0,"142":0,"143":0,"144":0,"145":0,"146":0,"147":0,"148":0,"149":0,"150":0,"151":0,"152":0,"153":0,"154":0,"155":0,"156":0,"157":0},"f":{"0":0,"1":0,"2":0,"3":0,"4":0,"5":0,"6":0,"7":0,"8":0,"9":0,"10":0,"11":0,"12":0,"13":0,"14":0},"b":{"0":[0,0],"1":[0,0,0],"2":[0,0],"3":[0,0],"4":[0,0],"5":[0,0],"6":[0,0],"7":[0,0],"8":[0,0],"9":[0,0],"10":[0,0],"11":[0,0],"12":[0,0],"13":[0,0],"14":[0,0],"15":[0,0],"16":[0,0],"17":[0,0],"18":[0,0],"19":[0,0],"20":[0,0],"21":[0,0],"22":[0,0],"23":[0,0],"24":[0,0,0],"25":[0,0],"26":[0,0],"27":[0],"28":[0,0],"29":[0,0],"30":[0,0],"31":[0,0],"32":[0,0],"33":[0,0],"34":[0,0],"35":[0,0],"36":[0,0],"37":[0,0],"38":[0,0],"39":[0,0],"40":[0,0,0],"41":[0,0],"42":[0,0],"43":[0,0],"44":[0,0],"45":[0,0],"46":[0,0],"47":[0,0],"48":[0,0],"49":[0,0],"50":[0,0],"51":[0,0]},"meta":{"lastBranch":52,"lastFunction":15,"lastStatement":158,"seen":{"s:7:18:7:Infinity":0,"s:8:19:8:Infinity":1,"s:9:23:9:Infinity":2,"f:11:15:11:32":0,"b:12:2:14:Infinity:undefined:undefined:undefined:undefined":0,"s:12:2:14:Infinity":3,"b:12:6:12:28:12:28:12:70:12:70:12:143":1,"s:13:4:13:Infinity":4,"s:16:19:16:Infinity":5,"s:17:23:21:Infinity":6,"b:18:6:18:Infinity:19:6:21:Infinity":2,"b:20:6:20:Infinity:21:6:21:Infinity":3,"b:23:2:25:Infinity:undefined:undefined:undefined:undefined":4,"s:23:2:25:Infinity":7,"s:24:4:24:Infinity":8,"s:27:2:35:Infinity":9,"f:35:9:35:16":1,"s:35:16:35:26":10,"f:35:33:35:41":2,"s:35:41:35:56":11,"s:37:22:37:Infinity":12,"b:37:22:37:68:37:68:37:Infinity":5,"b:39:2:41:Infinity:undefined:undefined:undefined:undefined":6,"s:39:2:41:Infinity":13,"b:39:6:39:29:39:29:39:43":7,"s:40:4:40:Infinity":14,"s:42:2:42:Infinity":15,"f:45:22:45:51":3,"b:47:2:52:Infinity:undefined:undefined:undefined:undefined":8,"s:47:2:52:Infinity":16,"s:48:4:51:Infinity":17,"s:55:22:55:Infinity":18,"s:57:23:57:Infinity":19,"s:58:2:60:Infinity":20,"s:62:2:62:Infinity":21,"f:81:9:81:22":4,"b:82:2:84:Infinity:undefined:undefined:undefined:undefined":9,"s:82:2:84:Infinity":22,"s:83:4:83:Infinity":23,"s:85:14:85:Infinity":24,"s:86:14:86:Infinity":25,"s:87:2:87:Infinity":26,"f:90:9:90:19":5,"s:91:2:110:Infinity":27,"b:92:4:94:Infinity:undefined:undefined:undefined:undefined":10,"s:92:4:94:Infinity":28,"s:93:6:93:Infinity":29,"s:96:25:96:Infinity":30,"s:97:43:97:Infinity":31,"b:99:4:103:Infinity:undefined:undefined:undefined:undefined":11,"s:99:4:103:Infinity":32,"s:100:23:100:Infinity":33,"s:101:6:101:Infinity":34,"s:102:6:102:Infinity":35,"s:105:4:105:Infinity":36,"s:106:4:106:Infinity":37,"s:108:4:108:Infinity":38,"s:109:4:109:Infinity":39,"f:113:9:113:20":6,"s:114:2:129:Infinity":40,"b:115:4:117:Infinity:undefined:undefined:undefined:undefined":12,"s:115:4:117:Infinity":41,"s:116:6:116:Infinity":42,"s:119:42:123:Infinity":43,"s:125:4:125:Infinity":44,"s:126:4:126:Infinity":45,"s:128:4:128:Infinity":46,"f:132:15:132:42":7,"s:133:17:133:Infinity":47,"s:134:30:134:Infinity":48,"s:135:42:135:Infinity":49,"s:138:2:168:Infinity":50,"s:139:16:139:Infinity":51,"s:140:4:140:Infinity":52,"s:141:4:141:Infinity":53,"s:142:4:142:Infinity":54,"s:143:4:143:Infinity":55,"b:144:4:146:Infinity:undefined:undefined:undefined:undefined":13,"s:144:4:146:Infinity":56,"s:145:6:145:Infinity":57,"s:148:21:148:Infinity":58,"b:150:4:153:Infinity:undefined:undefined:undefined:undefined":14,"s:150:4:153:Infinity":59,"s:151:20:151:Infinity":60,"s:152:6:152:Infinity":61,"s:155:17:155:Infinity":62,"b:157:4:159:Infinity:undefined:undefined:undefined:undefined":15,"s:157:4:159:Infinity":63,"b:157:8:157:23:157:23:157:48":16,"s:158:6:158:Infinity":64,"s:161:21:163:Infinity":65,"f:162:11:162:12":8,"s:162:26:162:54":66,"s:165:4:165:Infinity":67,"s:166:4:166:Infinity":68,"b:170:2:172:Infinity:undefined:undefined:undefined:undefined":17,"s:170:2:172:Infinity":69,"s:171:4:171:Infinity":70,"s:175:33:175:Infinity":71,"s:176:2:218:Infinity":72,"s:176:15:176:18":73,"s:177:21:177:Infinity":74,"s:179:16:179:Infinity":75,"s:180:4:180:Infinity":76,"s:181:4:181:Infinity":77,"s:182:4:182:Infinity":78,"s:184:21:184:Infinity":79,"b:186:4:189:Infinity:undefined:undefined:undefined:undefined":18,"s:186:4:189:Infinity":80,"s:187:20:187:Infinity":81,"s:188:6:188:Infinity":82,"s:191:17:191:Infinity":83,"s:193:10:215:Infinity":84,"b:193:33:193:47:193:47:193:51":19,"f:193:55:193:56":9,"s:194:22:194:Infinity":85,"s:195:25:195:Infinity":86,"s:196:29:196:Infinity":87,"s:198:24:200:Infinity":88,"b:199:10:199:Infinity:200:10:200:Infinity":20,"s:202:23:204:Infinity":89,"b:203:10:203:Infinity:204:10:204:Infinity":21,"s:206:6:214:Infinity":90,"b:207:12:207:24:207:24:207:Infinity":22,"b:208:15:208:33:208:33:208:Infinity":23,"b:209:19:209:53:209:53:209:90:209:90:209:Infinity":24,"b:211:21:211:45:211:45:211:Infinity":25,"b:213:21:213:45:213:45:213:Infinity":26,"s:217:4:217:Infinity":91,"s:221:2:221:Infinity":92,"s:223:2:223:Infinity":93,"f:227:22:227:40":10,"b:227:81:227:107":27,"s:229:23:229:Infinity":94,"b:230:2:232:Infinity:undefined:undefined:undefined:undefined":28,"s:230:2:232:Infinity":95,"s:231:4:231:Infinity":96,"s:235:2:341:Infinity":97,"b:237:4:249:Infinity:undefined:undefined:undefined:undefined":29,"s:237:4:249:Infinity":98,"s:238:6:248:Infinity":99,"s:239:8:239:Infinity":100,"b:242:8:246:Infinity:undefined:undefined:undefined:undefined":30,"s:242:8:246:Infinity":101,"b:242:12:242:75:242:75:242:114":31,"s:243:10:243:Infinity":102,"s:244:10:244:Infinity":103,"s:245:10:245:Infinity":104,"s:247:8:247:Infinity":105,"s:251:20:251:Infinity":106,"s:253:32:253:Infinity":107,"s:254:44:254:Infinity":108,"s:257:4:276:Infinity":109,"s:258:23:263:Infinity":110,"b:265:6:267:Infinity:undefined:undefined:undefined:undefined":32,"s:265:6:267:Infinity":111,"b:265:10:265:34:265:34:265:68":33,"s:266:8:266:Infinity":112,"s:269:23:271:Infinity":113,"f:270:13:270:14":11,"s:270:28:270:56":114,"s:273:6:273:Infinity":115,"s:274:6:274:Infinity":116,"b:278:4:280:Infinity:undefined:undefined:undefined:undefined":34,"s:278:4:280:Infinity":117,"s:279:6:279:Infinity":118,"s:283:35:283:Infinity":119,"s:284:4:317:Infinity":120,"s:284:17:284:20":121,"s:285:23:285:Infinity":122,"s:287:29:290:Infinity":123,"s:292:12:314:Infinity":124,"b:292:35:292:64:292:64:292:68":35,"f:292:72:292:73":12,"s:293:24:293:Infinity":125,"s:294:27:294:Infinity":126,"s:295:31:295:Infinity":127,"s:297:26:299:Infinity":128,"b:298:12:298:Infinity:299:12:299:Infinity":36,"s:301:25:303:Infinity":129,"b:302:12:302:Infinity:303:12:303:Infinity":37,"s:305:8:313:Infinity":130,"b:306:14:306:26:306:26:306:Infinity":38,"b:307:17:307:35:307:35:307:Infinity":39,"b:308:21:308:55:308:55:308:92:308:92:308:Infinity":40,"b:310:23:310:47:310:47:310:Infinity":41,"b:312:23:312:47:312:47:312:Infinity":42,"s:316:6:316:Infinity":131,"s:320:4:320:Infinity":132,"s:322:4:322:Infinity":133,"s:324:4:324:Infinity":134,"s:327:4:338:Infinity":135,"b:328:6:335:Infinity:undefined:undefined:undefined:undefined":43,"s:328:6:335:Infinity":136,"s:329:29:329:Infinity":137,"s:330:47:330:Infinity":138,"b:331:8:334:Infinity:undefined:undefined:undefined:undefined":44,"s:331:8:334:Infinity":139,"s:332:10:332:Infinity":140,"s:333:10:333:Infinity":141,"s:337:6:337:Infinity":142,"s:340:4:340:Infinity":143,"f:344:9:344:25":13,"b:345:2:349:Infinity:347:2:349:Infinity":45,"s:345:2:349:Infinity":144,"s:346:4:346:Infinity":145,"b:347:2:349:Infinity:undefined:undefined:undefined:undefined":46,"s:347:2:349:Infinity":146,"s:348:4:348:Infinity":147,"s:350:2:350:Infinity":148,"f:353:9:353:24":14,"s:354:16:354:Infinity":149,"b:355:2:355:Infinity:undefined:undefined:undefined:undefined":47,"s:355:2:355:Infinity":150,"s:355:14:355:Infinity":151,"s:357:16:357:Infinity":152,"b:357:25:357:37:357:37:357:40":48,"s:358:18:358:Infinity":153,"b:358:27:358:39:358:39:358:42":49,"s:359:18:359:Infinity":154,"b:359:27:359:39:359:39:359:42":50,"b:361:2:363:Infinity:undefined:undefined:undefined:undefined":51,"s:361:2:363:Infinity":155,"s:362:4:362:Infinity":156,"s:364:2:364:Infinity":157}}}
}
