{"C:\\Users\\Preston\\git\\toa-website\\client\\src\\App.tsx": {"path":"C:\\Users\\Preston\\git\\toa-website\\client\\src\\App.tsx","statementMap":{"0":{"start":{"line":17,"column":17},"end":{"line":17,"column":null}},"1":{"start":{"line":19,"column":2},"end":{"line":21,"column":null}},"2":{"start":{"line":20,"column":4},"end":{"line":20,"column":null}},"3":{"start":{"line":23,"column":2},"end":{"line":23,"column":null}},"4":{"start":{"line":27,"column":2},"end":{"line":40,"column":null}},"5":{"start":{"line":45,"column":2},"end":{"line":51,"column":null}}},"fnMap":{"0":{"name":"ScrollToTop","decl":{"start":{"line":16,"column":9},"end":{"line":16,"column":23}},"loc":{"start":{"line":16,"column":23},"end":{"line":24,"column":null}},"line":16},"1":{"name":"(anonymous_1)","decl":{"start":{"line":19,"column":12},"end":{"line":19,"column":18}},"loc":{"start":{"line":19,"column":18},"end":{"line":21,"column":5}},"line":19},"2":{"name":"Router","decl":{"start":{"line":26,"column":9},"end":{"line":26,"column":18}},"loc":{"start":{"line":26,"column":18},"end":{"line":42,"column":null}},"line":26},"3":{"name":"App","decl":{"start":{"line":44,"column":9},"end":{"line":44,"column":15}},"loc":{"start":{"line":44,"column":15},"end":{"line":53,"column":null}},"line":44}},"branchMap":{},"s":{"0":0,"1":0,"2":0,"3":0,"4":0,"5":0},"f":{"0":0,"1":0,"2":0,"3":0},"b":{},"meta":{"lastBranch":0,"lastFunction":4,"lastStatement":6,"seen":{"f:16:9:16:23":0,"s:17:17:17:Infinity":0,"s:19:2:21:Infinity":1,"f:19:12:19:18":1,"s:20:4:20:Infinity":2,"s:23:2:23:Infinity":3,"f:26:9:26:18":2,"s:27:2:40:Infinity":4,"f:44:9:44:15":3,"s:45:2:51:Infinity":5}}}
,"C:\\Users\\Preston\\git\\toa-website\\client\\src\\lib\\structuredData.ts": {"path":"C:\\Users\\Preston\\git\\toa-website\\client\\src\\lib\\structuredData.ts","statementMap":{"0":{"start":{"line":3,"column":37},"end":{"line":20,"column":null}},"1":{"start":{"line":3,"column":44},"end":{"line":20,"column":null}},"2":{"start":{"line":22,"column":32},"end":{"line":37,"column":null}},"3":{"start":{"line":22,"column":39},"end":{"line":37,"column":null}},"4":{"start":{"line":39,"column":35},"end":{"line":48,"column":null}},"5":{"start":{"line":39,"column":80},"end":{"line":48,"column":null}},"6":{"start":{"line":42,"column":49},"end":{"line":47,"column":4}},"7":{"start":{"line":50,"column":30},"end":{"line":75,"column":null}},"8":{"start":{"line":57,"column":7},"end":{"line":75,"column":null}},"9":{"start":{"line":77,"column":31},"end":{"line":93,"column":null}},"10":{"start":{"line":82,"column":7},"end":{"line":93,"column":null}},"11":{"start":{"line":95,"column":37},"end":{"line":115,"column":null}},"12":{"start":{"line":100,"column":7},"end":{"line":115,"column":null}}},"fnMap":{"0":{"name":"(anonymous_0)","decl":{"start":{"line":3,"column":37},"end":{"line":3,"column":44}},"loc":{"start":{"line":3,"column":44},"end":{"line":20,"column":null}},"line":3},"1":{"name":"(anonymous_1)","decl":{"start":{"line":22,"column":32},"end":{"line":22,"column":39}},"loc":{"start":{"line":22,"column":39},"end":{"line":37,"column":null}},"line":22},"2":{"name":"(anonymous_2)","decl":{"start":{"line":39,"column":35},"end":{"line":39,"column":36}},"loc":{"start":{"line":39,"column":80},"end":{"line":48,"column":null}},"line":39},"3":{"name":"(anonymous_3)","decl":{"start":{"line":42,"column":31},"end":{"line":42,"column":32}},"loc":{"start":{"line":42,"column":49},"end":{"line":47,"column":4}},"line":42},"4":{"name":"(anonymous_4)","decl":{"start":{"line":50,"column":30},"end":{"line":50,"column":31}},"loc":{"start":{"line":57,"column":7},"end":{"line":75,"column":null}},"line":57},"5":{"name":"(anonymous_5)","decl":{"start":{"line":77,"column":31},"end":{"line":77,"column":32}},"loc":{"start":{"line":82,"column":7},"end":{"line":93,"column":null}},"line":82},"6":{"name":"(anonymous_6)","decl":{"start":{"line":95,"column":37},"end":{"line":95,"column":38}},"loc":{"start":{"line":100,"column":7},"end":{"line":115,"column":null}},"line":100}},"branchMap":{},"s":{"0":1,"1":1,"2":1,"3":1,"4":1,"5":1,"6":2,"7":1,"8":0,"9":1,"10":0,"11":1,"12":0},"f":{"0":1,"1":1,"2":1,"3":2,"4":0,"5":0,"6":0},"b":{},"meta":{"lastBranch":0,"lastFunction":7,"lastStatement":13,"seen":{"s:3:37:20:Infinity":0,"f:3:37:3:44":0,"s:3:44:20:Infinity":1,"s:22:32:37:Infinity":2,"f:22:32:22:39":1,"s:22:39:37:Infinity":3,"s:39:35:48:Infinity":4,"f:39:35:39:36":2,"s:39:80:48:Infinity":5,"f:42:31:42:32":3,"s:42:49:47:4":6,"s:50:30:75:Infinity":7,"f:50:30:50:31":4,"s:57:7:75:Infinity":8,"s:77:31:93:Infinity":9,"f:77:31:77:32":5,"s:82:7:93:Infinity":10,"s:95:37:115:Infinity":11,"f:95:37:95:38":6,"s:100:7:115:Infinity":12}}}
,"C:\\Users\\Preston\\git\\toa-website\\client\\src\\lib\\youtube.ts": {"path":"C:\\Users\\Preston\\git\\toa-website\\client\\src\\lib\\youtube.ts","statementMap":{"0":{"start":{"line":12,"column":2},"end":{"line":16,"column":null}},"1":{"start":{"line":13,"column":4},"end":{"line":13,"column":null}},"2":{"start":{"line":14,"column":2},"end":{"line":16,"column":null}},"3":{"start":{"line":15,"column":4},"end":{"line":15,"column":null}},"4":{"start":{"line":17,"column":2},"end":{"line":17,"column":null}},"5":{"start":{"line":21,"column":16},"end":{"line":21,"column":null}},"6":{"start":{"line":22,"column":2},"end":{"line":22,"column":null}},"7":{"start":{"line":22,"column":14},"end":{"line":22,"column":null}},"8":{"start":{"line":24,"column":16},"end":{"line":24,"column":null}},"9":{"start":{"line":25,"column":18},"end":{"line":25,"column":null}},"10":{"start":{"line":26,"column":18},"end":{"line":26,"column":null}},"11":{"start":{"line":28,"column":2},"end":{"line":30,"column":null}},"12":{"start":{"line":29,"column":4},"end":{"line":29,"column":null}},"13":{"start":{"line":31,"column":2},"end":{"line":31,"column":null}},"14":{"start":{"line":36,"column":30},"end":{"line":41,"column":null}},"15":{"start":{"line":37,"column":4},"end":{"line":40,"column":null}},"16":{"start":{"line":38,"column":6},"end":{"line":38,"column":null}},"17":{"start":{"line":39,"column":6},"end":{"line":39,"column":null}},"18":{"start":{"line":43,"column":26},"end":{"line":43,"column":null}},"19":{"start":{"line":46,"column":19},"end":{"line":46,"column":null}},"20":{"start":{"line":47,"column":2},"end":{"line":53,"column":null}},"21":{"start":{"line":48,"column":4},"end":{"line":52,"column":null}},"22":{"start":{"line":49,"column":6},"end":{"line":51,"column":null}},"23":{"start":{"line":50,"column":8},"end":{"line":50,"column":null}},"24":{"start":{"line":56,"column":20},"end":{"line":56,"column":null}},"25":{"start":{"line":57,"column":2},"end":{"line":61,"column":null}},"26":{"start":{"line":58,"column":18},"end":{"line":58,"column":null}},"27":{"start":{"line":59,"column":18},"end":{"line":59,"column":null}},"28":{"start":{"line":60,"column":4},"end":{"line":60,"column":null}},"29":{"start":{"line":63,"column":2},"end":{"line":63,"column":null}},"30":{"start":{"line":67,"column":30},"end":{"line":67,"column":null}},"31":{"start":{"line":68,"column":42},"end":{"line":68,"column":null}},"32":{"start":{"line":71,"column":2},"end":{"line":101,"column":null}},"33":{"start":{"line":72,"column":16},"end":{"line":72,"column":null}},"34":{"start":{"line":73,"column":4},"end":{"line":73,"column":null}},"35":{"start":{"line":74,"column":4},"end":{"line":74,"column":null}},"36":{"start":{"line":75,"column":4},"end":{"line":75,"column":null}},"37":{"start":{"line":76,"column":4},"end":{"line":76,"column":null}},"38":{"start":{"line":77,"column":4},"end":{"line":79,"column":null}},"39":{"start":{"line":78,"column":6},"end":{"line":78,"column":null}},"40":{"start":{"line":81,"column":21},"end":{"line":81,"column":null}},"41":{"start":{"line":83,"column":4},"end":{"line":86,"column":null}},"42":{"start":{"line":84,"column":20},"end":{"line":84,"column":null}},"43":{"start":{"line":85,"column":6},"end":{"line":85,"column":null}},"44":{"start":{"line":88,"column":17},"end":{"line":88,"column":null}},"45":{"start":{"line":90,"column":4},"end":{"line":92,"column":null}},"46":{"start":{"line":91,"column":6},"end":{"line":91,"column":null}},"47":{"start":{"line":94,"column":21},"end":{"line":96,"column":null}},"48":{"start":{"line":95,"column":26},"end":{"line":95,"column":54}},"49":{"start":{"line":98,"column":4},"end":{"line":98,"column":null}},"50":{"start":{"line":99,"column":4},"end":{"line":99,"column":null}},"51":{"start":{"line":103,"column":2},"end":{"line":105,"column":null}},"52":{"start":{"line":104,"column":4},"end":{"line":104,"column":null}},"53":{"start":{"line":108,"column":33},"end":{"line":108,"column":null}},"54":{"start":{"line":109,"column":2},"end":{"line":151,"column":null}},"55":{"start":{"line":109,"column":15},"end":{"line":109,"column":18}},"56":{"start":{"line":110,"column":21},"end":{"line":110,"column":null}},"57":{"start":{"line":112,"column":16},"end":{"line":112,"column":null}},"58":{"start":{"line":113,"column":4},"end":{"line":113,"column":null}},"59":{"start":{"line":114,"column":4},"end":{"line":114,"column":null}},"60":{"start":{"line":115,"column":4},"end":{"line":115,"column":null}},"61":{"start":{"line":117,"column":21},"end":{"line":117,"column":null}},"62":{"start":{"line":119,"column":4},"end":{"line":122,"column":null}},"63":{"start":{"line":120,"column":20},"end":{"line":120,"column":null}},"64":{"start":{"line":121,"column":6},"end":{"line":121,"column":null}},"65":{"start":{"line":124,"column":17},"end":{"line":124,"column":null}},"66":{"start":{"line":126,"column":10},"end":{"line":148,"column":null}},"67":{"start":{"line":127,"column":22},"end":{"line":127,"column":null}},"68":{"start":{"line":128,"column":25},"end":{"line":128,"column":null}},"69":{"start":{"line":129,"column":29},"end":{"line":129,"column":null}},"70":{"start":{"line":131,"column":24},"end":{"line":133,"column":null}},"71":{"start":{"line":135,"column":23},"end":{"line":137,"column":null}},"72":{"start":{"line":139,"column":6},"end":{"line":147,"column":null}},"73":{"start":{"line":150,"column":4},"end":{"line":150,"column":null}},"74":{"start":{"line":153,"column":2},"end":{"line":153,"column":null}}},"fnMap":{"0":{"name":"formatViewCount","decl":{"start":{"line":11,"column":9},"end":{"line":11,"column":25}},"loc":{"start":{"line":11,"column":48},"end":{"line":18,"column":null}},"line":11},"1":{"name":"formatDuration","decl":{"start":{"line":20,"column":9},"end":{"line":20,"column":24}},"loc":{"start":{"line":20,"column":53},"end":{"line":32,"column":null}},"line":20},"2":{"name":"getMultiplePlaylistVideosClient","decl":{"start":{"line":34,"column":22},"end":{"line":34,"column":54}},"loc":{"start":{"line":34,"column":140},"end":{"line":64,"column":null}},"line":34},"3":{"name":"(anonymous_3)","decl":{"start":{"line":36,"column":46},"end":{"line":36,"column":null}},"loc":{"start":{"line":37,"column":4},"end":{"line":40,"column":null}},"line":37},"4":{"name":"(anonymous_4)","decl":{"start":{"line":37,"column":59},"end":{"line":37,"column":68}},"loc":{"start":{"line":37,"column":68},"end":{"line":40,"column":5}},"line":37},"5":{"name":"(anonymous_5)","decl":{"start":{"line":57,"column":17},"end":{"line":57,"column":18}},"loc":{"start":{"line":57,"column":27},"end":{"line":61,"column":3}},"line":57},"6":{"name":"getPlaylistVideosClient","decl":{"start":{"line":66,"column":22},"end":{"line":66,"column":46}},"loc":{"start":{"line":66,"column":129},"end":{"line":154,"column":null}},"line":66},"7":{"name":"(anonymous_7)","decl":{"start":{"line":95,"column":11},"end":{"line":95,"column":12}},"loc":{"start":{"line":95,"column":26},"end":{"line":95,"column":54}},"line":95},"8":{"name":"(anonymous_8)","decl":{"start":{"line":126,"column":55},"end":{"line":126,"column":56}},"loc":{"start":{"line":126,"column":71},"end":{"line":148,"column":5}},"line":126}},"branchMap":{"0":{"loc":{"start":{"line":12,"column":2},"end":{"line":16,"column":null}},"type":"if","locations":[{"start":{"line":12,"column":2},"end":{"line":16,"column":null}},{"start":{"line":14,"column":2},"end":{"line":16,"column":null}}],"line":12},"1":{"loc":{"start":{"line":14,"column":2},"end":{"line":16,"column":null}},"type":"if","locations":[{"start":{"line":14,"column":2},"end":{"line":16,"column":null}},{"start":{},"end":{}}],"line":14},"2":{"loc":{"start":{"line":22,"column":2},"end":{"line":22,"column":null}},"type":"if","locations":[{"start":{"line":22,"column":2},"end":{"line":22,"column":null}},{"start":{},"end":{}}],"line":22},"3":{"loc":{"start":{"line":24,"column":25},"end":{"line":24,"column":40}},"type":"binary-expr","locations":[{"start":{"line":24,"column":25},"end":{"line":24,"column":37}},{"start":{"line":24,"column":37},"end":{"line":24,"column":40}}],"line":24},"4":{"loc":{"start":{"line":25,"column":27},"end":{"line":25,"column":42}},"type":"binary-expr","locations":[{"start":{"line":25,"column":27},"end":{"line":25,"column":39}},{"start":{"line":25,"column":39},"end":{"line":25,"column":42}}],"line":25},"5":{"loc":{"start":{"line":26,"column":27},"end":{"line":26,"column":42}},"type":"binary-expr","locations":[{"start":{"line":26,"column":27},"end":{"line":26,"column":39}},{"start":{"line":26,"column":39},"end":{"line":26,"column":42}}],"line":26},"6":{"loc":{"start":{"line":28,"column":2},"end":{"line":30,"column":null}},"type":"if","locations":[{"start":{"line":28,"column":2},"end":{"line":30,"column":null}},{"start":{},"end":{}}],"line":28},"7":{"loc":{"start":{"line":34,"column":93},"end":{"line":34,"column":140}},"type":"default-arg","locations":[{"start":{"line":34,"column":114},"end":{"line":34,"column":140}}],"line":34},"8":{"loc":{"start":{"line":49,"column":6},"end":{"line":51,"column":null}},"type":"if","locations":[{"start":{"line":49,"column":6},"end":{"line":51,"column":null}},{"start":{},"end":{}}],"line":49},"9":{"loc":{"start":{"line":66,"column":82},"end":{"line":66,"column":129}},"type":"default-arg","locations":[{"start":{"line":66,"column":103},"end":{"line":66,"column":129}}],"line":66},"10":{"loc":{"start":{"line":77,"column":4},"end":{"line":79,"column":null}},"type":"if","locations":[{"start":{"line":77,"column":4},"end":{"line":79,"column":null}},{"start":{},"end":{}}],"line":77},"11":{"loc":{"start":{"line":83,"column":4},"end":{"line":86,"column":null}},"type":"if","locations":[{"start":{"line":83,"column":4},"end":{"line":86,"column":null}},{"start":{},"end":{}}],"line":83},"12":{"loc":{"start":{"line":90,"column":4},"end":{"line":92,"column":null}},"type":"if","locations":[{"start":{"line":90,"column":4},"end":{"line":92,"column":null}},{"start":{},"end":{}}],"line":90},"13":{"loc":{"start":{"line":90,"column":8},"end":{"line":90,"column":48}},"type":"binary-expr","locations":[{"start":{"line":90,"column":8},"end":{"line":90,"column":23}},{"start":{"line":90,"column":23},"end":{"line":90,"column":48}}],"line":90},"14":{"loc":{"start":{"line":103,"column":2},"end":{"line":105,"column":null}},"type":"if","locations":[{"start":{"line":103,"column":2},"end":{"line":105,"column":null}},{"start":{},"end":{}}],"line":103},"15":{"loc":{"start":{"line":119,"column":4},"end":{"line":122,"column":null}},"type":"if","locations":[{"start":{"line":119,"column":4},"end":{"line":122,"column":null}},{"start":{},"end":{}}],"line":119},"16":{"loc":{"start":{"line":126,"column":33},"end":{"line":126,"column":51}},"type":"binary-expr","locations":[{"start":{"line":126,"column":33},"end":{"line":126,"column":47}},{"start":{"line":126,"column":47},"end":{"line":126,"column":51}}],"line":126},"17":{"loc":{"start":{"line":131,"column":24},"end":{"line":133,"column":null}},"type":"cond-expr","locations":[{"start":{"line":132,"column":10},"end":{"line":132,"column":null}},{"start":{"line":133,"column":10},"end":{"line":133,"column":null}}],"line":131},"18":{"loc":{"start":{"line":135,"column":23},"end":{"line":137,"column":null}},"type":"cond-expr","locations":[{"start":{"line":136,"column":10},"end":{"line":136,"column":null}},{"start":{"line":137,"column":10},"end":{"line":137,"column":null}}],"line":135},"19":{"loc":{"start":{"line":140,"column":12},"end":{"line":140,"column":null}},"type":"binary-expr","locations":[{"start":{"line":140,"column":12},"end":{"line":140,"column":24}},{"start":{"line":140,"column":24},"end":{"line":140,"column":null}}],"line":140},"20":{"loc":{"start":{"line":141,"column":15},"end":{"line":141,"column":null}},"type":"binary-expr","locations":[{"start":{"line":141,"column":15},"end":{"line":141,"column":33}},{"start":{"line":141,"column":33},"end":{"line":141,"column":null}}],"line":141},"21":{"loc":{"start":{"line":142,"column":19},"end":{"line":142,"column":null}},"type":"binary-expr","locations":[{"start":{"line":142,"column":19},"end":{"line":142,"column":53}},{"start":{"line":142,"column":53},"end":{"line":142,"column":90}},{"start":{"line":142,"column":90},"end":{"line":142,"column":null}}],"line":142},"22":{"loc":{"start":{"line":144,"column":21},"end":{"line":144,"column":null}},"type":"binary-expr","locations":[{"start":{"line":144,"column":21},"end":{"line":144,"column":45}},{"start":{"line":144,"column":45},"end":{"line":144,"column":null}}],"line":144},"23":{"loc":{"start":{"line":146,"column":21},"end":{"line":146,"column":null}},"type":"binary-expr","locations":[{"start":{"line":146,"column":21},"end":{"line":146,"column":45}},{"start":{"line":146,"column":45},"end":{"line":146,"column":null}}],"line":146}},"s":{"0":1,"1":1,"2":0,"3":0,"4":0,"5":1,"6":1,"7":0,"8":1,"9":1,"10":1,"11":1,"12":1,"13":0,"14":0,"15":0,"16":0,"17":0,"18":0,"19":0,"20":0,"21":0,"22":0,"23":0,"24":0,"25":0,"26":0,"27":0,"28":0,"29":0,"30":2,"31":2,"32":2,"33":2,"34":2,"35":2,"36":2,"37":2,"38":2,"39":0,"40":2,"41":1,"42":0,"43":0,"44":1,"45":1,"46":0,"47":1,"48":1,"49":1,"50":1,"51":1,"52":0,"53":1,"54":1,"55":1,"56":1,"57":1,"58":1,"59":1,"60":1,"61":1,"62":1,"63":0,"64":0,"65":1,"66":1,"67":1,"68":1,"69":1,"70":1,"71":1,"72":1,"73":1,"74":1},"f":{"0":1,"1":1,"2":0,"3":0,"4":0,"5":0,"6":2,"7":1,"8":1},"b":{"0":[1,0],"1":[0,0],"2":[0,1],"3":[1,0],"4":[1,0],"5":[1,0],"6":[1,0],"7":[0],"8":[0,0],"9":[2],"10":[0,2],"11":[0,1],"12":[0,1],"13":[1,1],"14":[0,1],"15":[0,1],"16":[1,0],"17":[1,0],"18":[1,0],"19":[1,0],"20":[1,0],"21":[1,0,0],"22":[1,0],"23":[1,1]},"meta":{"lastBranch":24,"lastFunction":9,"lastStatement":75,"seen":{"f:11:9:11:25":0,"b:12:2:16:Infinity:14:2:16:Infinity":0,"s:12:2:16:Infinity":0,"s:13:4:13:Infinity":1,"b:14:2:16:Infinity:undefined:undefined:undefined:undefined":1,"s:14:2:16:Infinity":2,"s:15:4:15:Infinity":3,"s:17:2:17:Infinity":4,"f:20:9:20:24":1,"s:21:16:21:Infinity":5,"b:22:2:22:Infinity:undefined:undefined:undefined:undefined":2,"s:22:2:22:Infinity":6,"s:22:14:22:Infinity":7,"s:24:16:24:Infinity":8,"b:24:25:24:37:24:37:24:40":3,"s:25:18:25:Infinity":9,"b:25:27:25:39:25:39:25:42":4,"s:26:18:26:Infinity":10,"b:26:27:26:39:26:39:26:42":5,"b:28:2:30:Infinity:undefined:undefined:undefined:undefined":6,"s:28:2:30:Infinity":11,"s:29:4:29:Infinity":12,"s:31:2:31:Infinity":13,"f:34:22:34:54":2,"b:34:114:34:140":7,"s:36:30:41:Infinity":14,"f:36:46:36:Infinity":3,"s:37:4:40:Infinity":15,"f:37:59:37:68":4,"s:38:6:38:Infinity":16,"s:39:6:39:Infinity":17,"s:43:26:43:Infinity":18,"s:46:19:46:Infinity":19,"s:47:2:53:Infinity":20,"s:48:4:52:Infinity":21,"b:49:6:51:Infinity:undefined:undefined:undefined:undefined":8,"s:49:6:51:Infinity":22,"s:50:8:50:Infinity":23,"s:56:20:56:Infinity":24,"s:57:2:61:Infinity":25,"f:57:17:57:18":5,"s:58:18:58:Infinity":26,"s:59:18:59:Infinity":27,"s:60:4:60:Infinity":28,"s:63:2:63:Infinity":29,"f:66:22:66:46":6,"b:66:103:66:129":9,"s:67:30:67:Infinity":30,"s:68:42:68:Infinity":31,"s:71:2:101:Infinity":32,"s:72:16:72:Infinity":33,"s:73:4:73:Infinity":34,"s:74:4:74:Infinity":35,"s:75:4:75:Infinity":36,"s:76:4:76:Infinity":37,"b:77:4:79:Infinity:undefined:undefined:undefined:undefined":10,"s:77:4:79:Infinity":38,"s:78:6:78:Infinity":39,"s:81:21:81:Infinity":40,"b:83:4:86:Infinity:undefined:undefined:undefined:undefined":11,"s:83:4:86:Infinity":41,"s:84:20:84:Infinity":42,"s:85:6:85:Infinity":43,"s:88:17:88:Infinity":44,"b:90:4:92:Infinity:undefined:undefined:undefined:undefined":12,"s:90:4:92:Infinity":45,"b:90:8:90:23:90:23:90:48":13,"s:91:6:91:Infinity":46,"s:94:21:96:Infinity":47,"f:95:11:95:12":7,"s:95:26:95:54":48,"s:98:4:98:Infinity":49,"s:99:4:99:Infinity":50,"b:103:2:105:Infinity:undefined:undefined:undefined:undefined":14,"s:103:2:105:Infinity":51,"s:104:4:104:Infinity":52,"s:108:33:108:Infinity":53,"s:109:2:151:Infinity":54,"s:109:15:109:18":55,"s:110:21:110:Infinity":56,"s:112:16:112:Infinity":57,"s:113:4:113:Infinity":58,"s:114:4:114:Infinity":59,"s:115:4:115:Infinity":60,"s:117:21:117:Infinity":61,"b:119:4:122:Infinity:undefined:undefined:undefined:undefined":15,"s:119:4:122:Infinity":62,"s:120:20:120:Infinity":63,"s:121:6:121:Infinity":64,"s:124:17:124:Infinity":65,"s:126:10:148:Infinity":66,"b:126:33:126:47:126:47:126:51":16,"f:126:55:126:56":8,"s:127:22:127:Infinity":67,"s:128:25:128:Infinity":68,"s:129:29:129:Infinity":69,"s:131:24:133:Infinity":70,"b:132:10:132:Infinity:133:10:133:Infinity":17,"s:135:23:137:Infinity":71,"b:136:10:136:Infinity:137:10:137:Infinity":18,"s:139:6:147:Infinity":72,"b:140:12:140:24:140:24:140:Infinity":19,"b:141:15:141:33:141:33:141:Infinity":20,"b:142:19:142:53:142:53:142:90:142:90:142:Infinity":21,"b:144:21:144:45:144:45:144:Infinity":22,"b:146:21:146:45:146:45:146:Infinity":23,"s:150:4:150:Infinity":73,"s:153:2:153:Infinity":74}}}
,"C:\\Users\\Preston\\git\\toa-website\\server\\dndbeyond.ts": {"path":"C:\\Users\\Preston\\git\\toa-website\\server\\dndbeyond.ts","statementMap":{"0":{"start":{"line":22,"column":48},"end":{"line":32,"column":null}},"1":{"start":{"line":35,"column":2},"end":{"line":74,"column":null}},"2":{"start":{"line":36,"column":21},"end":{"line":43,"column":null}},"3":{"start":{"line":45,"column":4},"end":{"line":47,"column":null}},"4":{"start":{"line":46,"column":6},"end":{"line":46,"column":null}},"5":{"start":{"line":49,"column":41},"end":{"line":49,"column":null}},"6":{"start":{"line":50,"column":22},"end":{"line":50,"column":null}},"7":{"start":{"line":53,"column":25},"end":{"line":53,"column":null}},"8":{"start":{"line":54,"column":22},"end":{"line":54,"column":null}},"9":{"start":{"line":55,"column":23},"end":{"line":55,"column":null}},"10":{"start":{"line":55,"column":60},"end":{"line":55,"column":75}},"11":{"start":{"line":58,"column":22},"end":{"line":60,"column":null}},"12":{"start":{"line":62,"column":4},"end":{"line":70,"column":null}},"13":{"start":{"line":72,"column":4},"end":{"line":72,"column":null}},"14":{"start":{"line":73,"column":4},"end":{"line":73,"column":null}}},"fnMap":{"0":{"name":"getCharacterData","decl":{"start":{"line":34,"column":22},"end":{"line":34,"column":39}},"loc":{"start":{"line":34,"column":60},"end":{"line":75,"column":null}},"line":34},"1":{"name":"(anonymous_1)","decl":{"start":{"line":55,"column":48},"end":{"line":55,"column":49}},"loc":{"start":{"line":55,"column":60},"end":{"line":55,"column":75}},"line":55}},"branchMap":{"0":{"loc":{"start":{"line":45,"column":4},"end":{"line":47,"column":null}},"type":"if","locations":[{"start":{"line":45,"column":4},"end":{"line":47,"column":null}},{"start":{},"end":{}}],"line":45},"1":{"loc":{"start":{"line":54,"column":22},"end":{"line":54,"column":null}},"type":"binary-expr","locations":[{"start":{"line":54,"column":22},"end":{"line":54,"column":56}},{"start":{"line":54,"column":56},"end":{"line":54,"column":null}}],"line":54},"2":{"loc":{"start":{"line":58,"column":22},"end":{"line":60,"column":null}},"type":"cond-expr","locations":[{"start":{"line":59,"column":8},"end":{"line":59,"column":null}},{"start":{"line":60,"column":8},"end":{"line":60,"column":null}}],"line":58},"3":{"loc":{"start":{"line":59,"column":8},"end":{"line":59,"column":null}},"type":"binary-expr","locations":[{"start":{"line":59,"column":8},"end":{"line":59,"column":47}},{"start":{"line":59,"column":47},"end":{"line":59,"column":null}}],"line":59}},"s":{"0":0,"1":0,"2":0,"3":0,"4":0,"5":0,"6":0,"7":0,"8":0,"9":0,"10":0,"11":0,"12":0,"13":0,"14":0},"f":{"0":0,"1":0},"b":{"0":[0,0],"1":[0,0],"2":[0,0],"3":[0,0]},"meta":{"lastBranch":4,"lastFunction":2,"lastStatement":15,"seen":{"s:22:48:32:Infinity":0,"f:34:22:34:39":0,"s:35:2:74:Infinity":1,"s:36:21:43:Infinity":2,"b:45:4:47:Infinity:undefined:undefined:undefined:undefined":0,"s:45:4:47:Infinity":3,"s:46:6:46:Infinity":4,"s:49:41:49:Infinity":5,"s:50:22:50:Infinity":6,"s:53:25:53:Infinity":7,"s:54:22:54:Infinity":8,"b:54:22:54:56:54:56:54:Infinity":1,"s:55:23:55:Infinity":9,"f:55:48:55:49":1,"s:55:60:55:75":10,"s:58:22:60:Infinity":11,"b:59:8:59:Infinity:60:8:60:Infinity":2,"b:59:8:59:47:59:47:59:Infinity":3,"s:62:4:70:Infinity":12,"s:72:4:72:Infinity":13,"s:73:4:73:Infinity":14}}}
,"C:\\Users\\Preston\\git\\toa-website\\server\\env-validator.ts": {"path":"C:\\Users\\Preston\\git\\toa-website\\server\\env-validator.ts","statementMap":{"0":{"start":{"line":12,"column":37},"end":{"line":16,"column":null}},"1":{"start":{"line":18,"column":39},"end":{"line":25,"column":null}},"2":{"start":{"line":28,"column":28},"end":{"line":28,"column":null}},"3":{"start":{"line":29,"column":29},"end":{"line":29,"column":null}},"4":{"start":{"line":32,"column":2},"end":{"line":37,"column":null}},"5":{"start":{"line":33,"column":18},"end":{"line":33,"column":null}},"6":{"start":{"line":34,"column":4},"end":{"line":36,"column":null}},"7":{"start":{"line":35,"column":6},"end":{"line":35,"column":null}},"8":{"start":{"line":40,"column":2},"end":{"line":45,"column":null}},"9":{"start":{"line":41,"column":18},"end":{"line":41,"column":null}},"10":{"start":{"line":42,"column":4},"end":{"line":44,"column":null}},"11":{"start":{"line":43,"column":6},"end":{"line":43,"column":null}},"12":{"start":{"line":48,"column":2},"end":{"line":53,"column":null}},"13":{"start":{"line":49,"column":4},"end":{"line":49,"column":null}},"14":{"start":{"line":50,"column":4},"end":{"line":50,"column":null}},"15":{"start":{"line":50,"column":27},"end":{"line":50,"column":54}},"16":{"start":{"line":51,"column":4},"end":{"line":51,"column":null}},"17":{"start":{"line":52,"column":4},"end":{"line":52,"column":null}},"18":{"start":{"line":55,"column":2},"end":{"line":59,"column":null}},"19":{"start":{"line":56,"column":4},"end":{"line":56,"column":null}},"20":{"start":{"line":57,"column":4},"end":{"line":57,"column":null}},"21":{"start":{"line":57,"column":28},"end":{"line":57,"column":54}},"22":{"start":{"line":58,"column":4},"end":{"line":58,"column":null}},"23":{"start":{"line":61,"column":2},"end":{"line":61,"column":null}}},"fnMap":{"0":{"name":"validateEnvironment","decl":{"start":{"line":27,"column":16},"end":{"line":27,"column":44}},"loc":{"start":{"line":27,"column":44},"end":{"line":62,"column":null}},"line":27},"1":{"name":"(anonymous_1)","decl":{"start":{"line":32,"column":26},"end":{"line":32,"column":27}},"loc":{"start":{"line":32,"column":63},"end":{"line":37,"column":3}},"line":32},"2":{"name":"(anonymous_2)","decl":{"start":{"line":40,"column":28},"end":{"line":40,"column":29}},"loc":{"start":{"line":40,"column":55},"end":{"line":45,"column":3}},"line":40},"3":{"name":"(anonymous_3)","decl":{"start":{"line":50,"column":20},"end":{"line":50,"column":27}},"loc":{"start":{"line":50,"column":27},"end":{"line":50,"column":54}},"line":50},"4":{"name":"(anonymous_4)","decl":{"start":{"line":57,"column":21},"end":{"line":57,"column":28}},"loc":{"start":{"line":57,"column":28},"end":{"line":57,"column":54}},"line":57}},"branchMap":{"0":{"loc":{"start":{"line":34,"column":4},"end":{"line":36,"column":null}},"type":"if","locations":[{"start":{"line":34,"column":4},"end":{"line":36,"column":null}},{"start":{},"end":{}}],"line":34},"1":{"loc":{"start":{"line":34,"column":8},"end":{"line":34,"column":28}},"type":"binary-expr","locations":[{"start":{"line":34,"column":8},"end":{"line":34,"column":20}},{"start":{"line":34,"column":20},"end":{"line":34,"column":28}}],"line":34},"2":{"loc":{"start":{"line":42,"column":4},"end":{"line":44,"column":null}},"type":"if","locations":[{"start":{"line":42,"column":4},"end":{"line":44,"column":null}},{"start":{},"end":{}}],"line":42},"3":{"loc":{"start":{"line":48,"column":2},"end":{"line":53,"column":null}},"type":"if","locations":[{"start":{"line":48,"column":2},"end":{"line":53,"column":null}},{"start":{},"end":{}}],"line":48},"4":{"loc":{"start":{"line":55,"column":2},"end":{"line":59,"column":null}},"type":"if","locations":[{"start":{"line":55,"column":2},"end":{"line":59,"column":null}},{"start":{},"end":{}}],"line":55}},"s":{"0":1,"1":1,"2":3,"3":3,"4":3,"5":9,"6":9,"7":0,"8":3,"9":18,"10":18,"11":18,"12":3,"13":0,"14":0,"15":0,"16":0,"17":0,"18":3,"19":3,"20":3,"21":18,"22":3,"23":3},"f":{"0":3,"1":9,"2":18,"3":0,"4":18},"b":{"0":[0,9],"1":[9,0],"2":[18,0],"3":[0,3],"4":[3,0]},"meta":{"lastBranch":5,"lastFunction":5,"lastStatement":24,"seen":{"s:12:37:16:Infinity":0,"s:18:39:25:Infinity":1,"f:27:16:27:44":0,"s:28:28:28:Infinity":2,"s:29:29:29:Infinity":3,"s:32:2:37:Infinity":4,"f:32:26:32:27":1,"s:33:18:33:Infinity":5,"b:34:4:36:Infinity:undefined:undefined:undefined:undefined":0,"s:34:4:36:Infinity":6,"b:34:8:34:20:34:20:34:28":1,"s:35:6:35:Infinity":7,"s:40:2:45:Infinity":8,"f:40:28:40:29":2,"s:41:18:41:Infinity":9,"b:42:4:44:Infinity:undefined:undefined:undefined:undefined":2,"s:42:4:44:Infinity":10,"s:43:6:43:Infinity":11,"b:48:2:53:Infinity:undefined:undefined:undefined:undefined":3,"s:48:2:53:Infinity":12,"s:49:4:49:Infinity":13,"s:50:4:50:Infinity":14,"f:50:20:50:27":3,"s:50:27:50:54":15,"s:51:4:51:Infinity":16,"s:52:4:52:Infinity":17,"b:55:2:59:Infinity:undefined:undefined:undefined:undefined":4,"s:55:2:59:Infinity":18,"s:56:4:56:Infinity":19,"s:57:4:57:Infinity":20,"f:57:21:57:28":4,"s:57:28:57:54":21,"s:58:4:58:Infinity":22,"s:61:2:61:Infinity":23}}}
,"C:\\Users\\Preston\\git\\toa-website\\server\\etsy.ts": {"path":"C:\\Users\\Preston\\git\\toa-website\\server\\etsy.ts","statementMap":{"0":{"start":{"line":40,"column":18},"end":{"line":40,"column":null}},"1":{"start":{"line":41,"column":19},"end":{"line":41,"column":null}},"2":{"start":{"line":42,"column":23},"end":{"line":42,"column":null}},"3":{"start":{"line":51,"column":2},"end":{"line":53,"column":null}},"4":{"start":{"line":52,"column":4},"end":{"line":52,"column":null}},"5":{"start":{"line":54,"column":14},"end":{"line":54,"column":null}},"6":{"start":{"line":55,"column":14},"end":{"line":55,"column":null}},"7":{"start":{"line":56,"column":2},"end":{"line":56,"column":null}},"8":{"start":{"line":60,"column":2},"end":{"line":79,"column":null}},"9":{"start":{"line":61,"column":4},"end":{"line":63,"column":null}},"10":{"start":{"line":62,"column":6},"end":{"line":62,"column":null}},"11":{"start":{"line":65,"column":25},"end":{"line":65,"column":null}},"12":{"start":{"line":66,"column":39},"end":{"line":66,"column":null}},"13":{"start":{"line":68,"column":4},"end":{"line":72,"column":null}},"14":{"start":{"line":69,"column":25},"end":{"line":69,"column":null}},"15":{"start":{"line":70,"column":6},"end":{"line":70,"column":null}},"16":{"start":{"line":71,"column":6},"end":{"line":71,"column":null}},"17":{"start":{"line":74,"column":4},"end":{"line":74,"column":null}},"18":{"start":{"line":75,"column":4},"end":{"line":75,"column":null}},"19":{"start":{"line":77,"column":4},"end":{"line":77,"column":null}},"20":{"start":{"line":78,"column":4},"end":{"line":78,"column":null}},"21":{"start":{"line":83,"column":2},"end":{"line":98,"column":null}},"22":{"start":{"line":84,"column":4},"end":{"line":86,"column":null}},"23":{"start":{"line":85,"column":6},"end":{"line":85,"column":null}},"24":{"start":{"line":88,"column":38},"end":{"line":92,"column":null}},"25":{"start":{"line":94,"column":4},"end":{"line":94,"column":null}},"26":{"start":{"line":95,"column":4},"end":{"line":95,"column":null}},"27":{"start":{"line":97,"column":4},"end":{"line":97,"column":null}},"28":{"start":{"line":103,"column":25},"end":{"line":103,"column":null}},"29":{"start":{"line":104,"column":2},"end":{"line":106,"column":null}},"30":{"start":{"line":105,"column":4},"end":{"line":105,"column":null}},"31":{"start":{"line":109,"column":17},"end":{"line":109,"column":null}},"32":{"start":{"line":110,"column":22},"end":{"line":110,"column":null}},"33":{"start":{"line":112,"column":2},"end":{"line":115,"column":null}},"34":{"start":{"line":113,"column":4},"end":{"line":113,"column":null}},"35":{"start":{"line":114,"column":4},"end":{"line":114,"column":null}},"36":{"start":{"line":117,"column":14},"end":{"line":117,"column":null}},"37":{"start":{"line":119,"column":17},"end":{"line":123,"column":null}},"38":{"start":{"line":125,"column":2},"end":{"line":191,"column":null}},"39":{"start":{"line":126,"column":21},"end":{"line":131,"column":null}},"40":{"start":{"line":133,"column":4},"end":{"line":142,"column":null}},"41":{"start":{"line":134,"column":6},"end":{"line":139,"column":null}},"42":{"start":{"line":135,"column":26},"end":{"line":135,"column":null}},"43":{"start":{"line":136,"column":8},"end":{"line":136,"column":null}},"44":{"start":{"line":138,"column":8},"end":{"line":138,"column":null}},"45":{"start":{"line":140,"column":6},"end":{"line":140,"column":null}},"46":{"start":{"line":141,"column":6},"end":{"line":141,"column":null}},"47":{"start":{"line":144,"column":31},"end":{"line":144,"column":null}},"48":{"start":{"line":146,"column":21},"end":{"line":166,"column":null}},"49":{"start":{"line":147,"column":29},"end":{"line":147,"column":null}},"50":{"start":{"line":148,"column":29},"end":{"line":151,"column":null}},"51":{"start":{"line":154,"column":23},"end":{"line":156,"column":null}},"52":{"start":{"line":158,"column":6},"end":{"line":165,"column":null}},"53":{"start":{"line":169,"column":4},"end":{"line":169,"column":null}},"54":{"start":{"line":171,"column":4},"end":{"line":171,"column":null}},"55":{"start":{"line":173,"column":4},"end":{"line":173,"column":null}},"56":{"start":{"line":176,"column":4},"end":{"line":187,"column":null}},"57":{"start":{"line":177,"column":6},"end":{"line":184,"column":null}},"58":{"start":{"line":178,"column":29},"end":{"line":178,"column":null}},"59":{"start":{"line":179,"column":43},"end":{"line":179,"column":null}},"60":{"start":{"line":180,"column":8},"end":{"line":183,"column":null}},"61":{"start":{"line":181,"column":10},"end":{"line":181,"column":null}},"62":{"start":{"line":182,"column":10},"end":{"line":182,"column":null}},"63":{"start":{"line":186,"column":6},"end":{"line":186,"column":null}},"64":{"start":{"line":189,"column":4},"end":{"line":189,"column":null}},"65":{"start":{"line":190,"column":4},"end":{"line":190,"column":null}}},"fnMap":{"0":{"name":"isCacheValid","decl":{"start":{"line":50,"column":9},"end":{"line":50,"column":22}},"loc":{"start":{"line":50,"column":75},"end":{"line":57,"column":null}},"line":50},"1":{"name":"readCache","decl":{"start":{"line":59,"column":9},"end":{"line":59,"column":19}},"loc":{"start":{"line":59,"column":53},"end":{"line":80,"column":null}},"line":59},"2":{"name":"writeCache","decl":{"start":{"line":82,"column":9},"end":{"line":82,"column":20}},"loc":{"start":{"line":82,"column":63},"end":{"line":99,"column":null}},"line":82},"3":{"name":"getShopListings","decl":{"start":{"line":101,"column":22},"end":{"line":101,"column":38}},"loc":{"start":{"line":101,"column":93},"end":{"line":192,"column":null}},"line":101},"4":{"name":"(anonymous_4)","decl":{"start":{"line":146,"column":38},"end":{"line":146,"column":39}},"loc":{"start":{"line":146,"column":51},"end":{"line":166,"column":5}},"line":146}},"branchMap":{"0":{"loc":{"start":{"line":51,"column":2},"end":{"line":53,"column":null}},"type":"if","locations":[{"start":{"line":51,"column":2},"end":{"line":53,"column":null}},{"start":{},"end":{}}],"line":51},"1":{"loc":{"start":{"line":61,"column":4},"end":{"line":63,"column":null}},"type":"if","locations":[{"start":{"line":61,"column":4},"end":{"line":63,"column":null}},{"start":{},"end":{}}],"line":61},"2":{"loc":{"start":{"line":68,"column":4},"end":{"line":72,"column":null}},"type":"if","locations":[{"start":{"line":68,"column":4},"end":{"line":72,"column":null}},{"start":{},"end":{}}],"line":68},"3":{"loc":{"start":{"line":84,"column":4},"end":{"line":86,"column":null}},"type":"if","locations":[{"start":{"line":84,"column":4},"end":{"line":86,"column":null}},{"start":{},"end":{}}],"line":84},"4":{"loc":{"start":{"line":101,"column":54},"end":{"line":101,"column":93}},"type":"default-arg","locations":[{"start":{"line":101,"column":70},"end":{"line":101,"column":93}}],"line":101},"5":{"loc":{"start":{"line":104,"column":2},"end":{"line":106,"column":null}},"type":"if","locations":[{"start":{"line":104,"column":2},"end":{"line":106,"column":null}},{"start":{},"end":{}}],"line":104},"6":{"loc":{"start":{"line":112,"column":2},"end":{"line":115,"column":null}},"type":"if","locations":[{"start":{"line":112,"column":2},"end":{"line":115,"column":null}},{"start":{},"end":{}}],"line":112},"7":{"loc":{"start":{"line":112,"column":6},"end":{"line":112,"column":31}},"type":"binary-expr","locations":[{"start":{"line":112,"column":6},"end":{"line":112,"column":17}},{"start":{"line":112,"column":17},"end":{"line":112,"column":31}}],"line":112},"8":{"loc":{"start":{"line":133,"column":4},"end":{"line":142,"column":null}},"type":"if","locations":[{"start":{"line":133,"column":4},"end":{"line":142,"column":null}},{"start":{},"end":{}}],"line":133},"9":{"loc":{"start":{"line":134,"column":6},"end":{"line":139,"column":null}},"type":"if","locations":[{"start":{"line":134,"column":6},"end":{"line":139,"column":null}},{"start":{"line":137,"column":13},"end":{"line":139,"column":null}}],"line":134},"10":{"loc":{"start":{"line":154,"column":23},"end":{"line":156,"column":null}},"type":"cond-expr","locations":[{"start":{"line":155,"column":10},"end":{"line":155,"column":null}},{"start":{"line":156,"column":10},"end":{"line":156,"column":null}}],"line":154},"11":{"loc":{"start":{"line":154,"column":23},"end":{"line":154,"column":null}},"type":"binary-expr","locations":[{"start":{"line":154,"column":23},"end":{"line":154,"column":41}},{"start":{"line":154,"column":41},"end":{"line":154,"column":null}}],"line":154},"12":{"loc":{"start":{"line":177,"column":6},"end":{"line":184,"column":null}},"type":"if","locations":[{"start":{"line":177,"column":6},"end":{"line":184,"column":null}},{"start":{},"end":{}}],"line":177},"13":{"loc":{"start":{"line":180,"column":8},"end":{"line":183,"column":null}},"type":"if","locations":[{"start":{"line":180,"column":8},"end":{"line":183,"column":null}},{"start":{},"end":{}}],"line":180}},"s":{"0":0,"1":0,"2":0,"3":0,"4":0,"5":0,"6":0,"7":0,"8":0,"9":0,"10":0,"11":0,"12":0,"13":0,"14":0,"15":0,"16":0,"17":0,"18":0,"19":0,"20":0,"21":0,"22":0,"23":0,"24":0,"25":0,"26":0,"27":0,"28":0,"29":0,"30":0,"31":0,"32":0,"33":0,"34":0,"35":0,"36":0,"37":0,"38":0,"39":0,"40":0,"41":0,"42":0,"43":0,"44":0,"45":0,"46":0,"47":0,"48":0,"49":0,"50":0,"51":0,"52":0,"53":0,"54":0,"55":0,"56":0,"57":0,"58":0,"59":0,"60":0,"61":0,"62":0,"63":0,"64":0,"65":0},"f":{"0":0,"1":0,"2":0,"3":0,"4":0},"b":{"0":[0,0],"1":[0,0],"2":[0,0],"3":[0,0],"4":[0],"5":[0,0],"6":[0,0],"7":[0,0],"8":[0,0],"9":[0,0],"10":[0,0],"11":[0,0],"12":[0,0],"13":[0,0]},"meta":{"lastBranch":14,"lastFunction":5,"lastStatement":66,"seen":{"s:40:18:40:Infinity":0,"s:41:19:41:Infinity":1,"s:42:23:42:Infinity":2,"f:50:9:50:22":0,"b:51:2:53:Infinity:undefined:undefined:undefined:undefined":0,"s:51:2:53:Infinity":3,"s:52:4:52:Infinity":4,"s:54:14:54:Infinity":5,"s:55:14:55:Infinity":6,"s:56:2:56:Infinity":7,"f:59:9:59:19":1,"s:60:2:79:Infinity":8,"b:61:4:63:Infinity:undefined:undefined:undefined:undefined":1,"s:61:4:63:Infinity":9,"s:62:6:62:Infinity":10,"s:65:25:65:Infinity":11,"s:66:39:66:Infinity":12,"b:68:4:72:Infinity:undefined:undefined:undefined:undefined":2,"s:68:4:72:Infinity":13,"s:69:25:69:Infinity":14,"s:70:6:70:Infinity":15,"s:71:6:71:Infinity":16,"s:74:4:74:Infinity":17,"s:75:4:75:Infinity":18,"s:77:4:77:Infinity":19,"s:78:4:78:Infinity":20,"f:82:9:82:20":2,"s:83:2:98:Infinity":21,"b:84:4:86:Infinity:undefined:undefined:undefined:undefined":3,"s:84:4:86:Infinity":22,"s:85:6:85:Infinity":23,"s:88:38:92:Infinity":24,"s:94:4:94:Infinity":25,"s:95:4:95:Infinity":26,"s:97:4:97:Infinity":27,"f:101:22:101:38":3,"b:101:70:101:93":4,"s:103:25:103:Infinity":28,"b:104:2:106:Infinity:undefined:undefined:undefined:undefined":5,"s:104:2:106:Infinity":29,"s:105:4:105:Infinity":30,"s:109:17:109:Infinity":31,"s:110:22:110:Infinity":32,"b:112:2:115:Infinity:undefined:undefined:undefined:undefined":6,"s:112:2:115:Infinity":33,"b:112:6:112:17:112:17:112:31":7,"s:113:4:113:Infinity":34,"s:114:4:114:Infinity":35,"s:117:14:117:Infinity":36,"s:119:17:123:Infinity":37,"s:125:2:191:Infinity":38,"s:126:21:131:Infinity":39,"b:133:4:142:Infinity:undefined:undefined:undefined:undefined":8,"s:133:4:142:Infinity":40,"b:134:6:139:Infinity:137:13:139:Infinity":9,"s:134:6:139:Infinity":41,"s:135:26:135:Infinity":42,"s:136:8:136:Infinity":43,"s:138:8:138:Infinity":44,"s:140:6:140:Infinity":45,"s:141:6:141:Infinity":46,"s:144:31:144:Infinity":47,"s:146:21:166:Infinity":48,"f:146:38:146:39":4,"s:147:29:147:Infinity":49,"s:148:29:151:Infinity":50,"s:154:23:156:Infinity":51,"b:155:10:155:Infinity:156:10:156:Infinity":10,"b:154:23:154:41:154:41:154:Infinity":11,"s:158:6:165:Infinity":52,"s:169:4:169:Infinity":53,"s:171:4:171:Infinity":54,"s:173:4:173:Infinity":55,"s:176:4:187:Infinity":56,"b:177:6:184:Infinity:undefined:undefined:undefined:undefined":12,"s:177:6:184:Infinity":57,"s:178:29:178:Infinity":58,"s:179:43:179:Infinity":59,"b:180:8:183:Infinity:undefined:undefined:undefined:undefined":13,"s:180:8:183:Infinity":60,"s:181:10:181:Infinity":61,"s:182:10:182:Infinity":62,"s:186:6:186:Infinity":63,"s:189:4:189:Infinity":64,"s:190:4:190:Infinity":65}}}
,"C:\\Users\\Preston\\git\\toa-website\\server\\podcast.ts": {"path":"C:\\Users\\Preston\\git\\toa-website\\server\\podcast.ts","statementMap":{"0":{"start":{"line":15,"column":15},"end":{"line":15,"column":null}},"1":{"start":{"line":17,"column":18},"end":{"line":17,"column":null}},"2":{"start":{"line":18,"column":19},"end":{"line":18,"column":null}},"3":{"start":{"line":19,"column":23},"end":{"line":19,"column":null}},"4":{"start":{"line":28,"column":2},"end":{"line":30,"column":null}},"5":{"start":{"line":29,"column":4},"end":{"line":29,"column":null}},"6":{"start":{"line":31,"column":14},"end":{"line":31,"column":null}},"7":{"start":{"line":32,"column":14},"end":{"line":32,"column":null}},"8":{"start":{"line":33,"column":2},"end":{"line":33,"column":null}},"9":{"start":{"line":37,"column":2},"end":{"line":56,"column":null}},"10":{"start":{"line":38,"column":4},"end":{"line":40,"column":null}},"11":{"start":{"line":39,"column":6},"end":{"line":39,"column":null}},"12":{"start":{"line":42,"column":25},"end":{"line":42,"column":null}},"13":{"start":{"line":43,"column":42},"end":{"line":43,"column":null}},"14":{"start":{"line":45,"column":4},"end":{"line":49,"column":null}},"15":{"start":{"line":46,"column":25},"end":{"line":46,"column":null}},"16":{"start":{"line":47,"column":6},"end":{"line":47,"column":null}},"17":{"start":{"line":48,"column":6},"end":{"line":48,"column":null}},"18":{"start":{"line":51,"column":4},"end":{"line":51,"column":null}},"19":{"start":{"line":52,"column":4},"end":{"line":52,"column":null}},"20":{"start":{"line":54,"column":4},"end":{"line":54,"column":null}},"21":{"start":{"line":55,"column":4},"end":{"line":55,"column":null}},"22":{"start":{"line":60,"column":2},"end":{"line":75,"column":null}},"23":{"start":{"line":61,"column":4},"end":{"line":63,"column":null}},"24":{"start":{"line":62,"column":6},"end":{"line":62,"column":null}},"25":{"start":{"line":65,"column":41},"end":{"line":69,"column":null}},"26":{"start":{"line":71,"column":4},"end":{"line":71,"column":null}},"27":{"start":{"line":72,"column":4},"end":{"line":72,"column":null}},"28":{"start":{"line":74,"column":4},"end":{"line":74,"column":null}},"29":{"start":{"line":80,"column":25},"end":{"line":80,"column":null}},"30":{"start":{"line":81,"column":2},"end":{"line":83,"column":null}},"31":{"start":{"line":82,"column":4},"end":{"line":82,"column":null}},"32":{"start":{"line":86,"column":2},"end":{"line":122,"column":null}},"33":{"start":{"line":87,"column":17},"end":{"line":87,"column":null}},"34":{"start":{"line":89,"column":10},"end":{"line":98,"column":null}},"35":{"start":{"line":90,"column":29},"end":{"line":98,"column":8}},"36":{"start":{"line":101,"column":4},"end":{"line":101,"column":null}},"37":{"start":{"line":103,"column":4},"end":{"line":103,"column":null}},"38":{"start":{"line":105,"column":4},"end":{"line":105,"column":null}},"39":{"start":{"line":108,"column":4},"end":{"line":119,"column":null}},"40":{"start":{"line":109,"column":6},"end":{"line":116,"column":null}},"41":{"start":{"line":110,"column":29},"end":{"line":110,"column":null}},"42":{"start":{"line":111,"column":46},"end":{"line":111,"column":null}},"43":{"start":{"line":112,"column":8},"end":{"line":115,"column":null}},"44":{"start":{"line":113,"column":10},"end":{"line":113,"column":null}},"45":{"start":{"line":114,"column":10},"end":{"line":114,"column":null}},"46":{"start":{"line":118,"column":6},"end":{"line":118,"column":null}},"47":{"start":{"line":121,"column":4},"end":{"line":121,"column":null}}},"fnMap":{"0":{"name":"isCacheValid","decl":{"start":{"line":27,"column":9},"end":{"line":27,"column":22}},"loc":{"start":{"line":27,"column":79},"end":{"line":34,"column":null}},"line":27},"1":{"name":"readCache","decl":{"start":{"line":36,"column":9},"end":{"line":36,"column":19}},"loc":{"start":{"line":36,"column":61},"end":{"line":57,"column":null}},"line":36},"2":{"name":"writeCache","decl":{"start":{"line":59,"column":9},"end":{"line":59,"column":20}},"loc":{"start":{"line":59,"column":71},"end":{"line":76,"column":null}},"line":59},"3":{"name":"getPodcastFeed","decl":{"start":{"line":78,"column":22},"end":{"line":78,"column":37}},"loc":{"start":{"line":78,"column":101},"end":{"line":123,"column":null}},"line":78},"4":{"name":"(anonymous_4)","decl":{"start":{"line":90,"column":11},"end":{"line":90,"column":12}},"loc":{"start":{"line":90,"column":29},"end":{"line":98,"column":8}},"line":90}},"branchMap":{"0":{"loc":{"start":{"line":28,"column":2},"end":{"line":30,"column":null}},"type":"if","locations":[{"start":{"line":28,"column":2},"end":{"line":30,"column":null}},{"start":{},"end":{}}],"line":28},"1":{"loc":{"start":{"line":38,"column":4},"end":{"line":40,"column":null}},"type":"if","locations":[{"start":{"line":38,"column":4},"end":{"line":40,"column":null}},{"start":{},"end":{}}],"line":38},"2":{"loc":{"start":{"line":45,"column":4},"end":{"line":49,"column":null}},"type":"if","locations":[{"start":{"line":45,"column":4},"end":{"line":49,"column":null}},{"start":{},"end":{}}],"line":45},"3":{"loc":{"start":{"line":61,"column":4},"end":{"line":63,"column":null}},"type":"if","locations":[{"start":{"line":61,"column":4},"end":{"line":63,"column":null}},{"start":{},"end":{}}],"line":61},"4":{"loc":{"start":{"line":78,"column":54},"end":{"line":78,"column":101}},"type":"default-arg","locations":[{"start":{"line":78,"column":70},"end":{"line":78,"column":101}}],"line":78},"5":{"loc":{"start":{"line":81,"column":2},"end":{"line":83,"column":null}},"type":"if","locations":[{"start":{"line":81,"column":2},"end":{"line":83,"column":null}},{"start":{},"end":{}}],"line":81},"6":{"loc":{"start":{"line":89,"column":40},"end":{"line":89,"column":null}},"type":"binary-expr","locations":[{"start":{"line":89,"column":40},"end":{"line":89,"column":54}},{"start":{"line":89,"column":54},"end":{"line":89,"column":null}}],"line":89},"7":{"loc":{"start":{"line":91,"column":12},"end":{"line":91,"column":null}},"type":"binary-expr","locations":[{"start":{"line":91,"column":12},"end":{"line":91,"column":25}},{"start":{"line":91,"column":25},"end":{"line":91,"column":null}}],"line":91},"8":{"loc":{"start":{"line":92,"column":15},"end":{"line":92,"column":null}},"type":"binary-expr","locations":[{"start":{"line":92,"column":15},"end":{"line":92,"column":29}},{"start":{"line":92,"column":29},"end":{"line":92,"column":null}}],"line":92},"9":{"loc":{"start":{"line":93,"column":21},"end":{"line":93,"column":null}},"type":"binary-expr","locations":[{"start":{"line":93,"column":21},"end":{"line":93,"column":44}},{"start":{"line":93,"column":44},"end":{"line":93,"column":60}},{"start":{"line":93,"column":60},"end":{"line":93,"column":null}}],"line":93},"10":{"loc":{"start":{"line":94,"column":17},"end":{"line":94,"column":null}},"type":"binary-expr","locations":[{"start":{"line":94,"column":17},"end":{"line":94,"column":33}},{"start":{"line":94,"column":33},"end":{"line":94,"column":49}},{"start":{"line":94,"column":49},"end":{"line":94,"column":null}}],"line":94},"11":{"loc":{"start":{"line":109,"column":6},"end":{"line":116,"column":null}},"type":"if","locations":[{"start":{"line":109,"column":6},"end":{"line":116,"column":null}},{"start":{},"end":{}}],"line":109},"12":{"loc":{"start":{"line":112,"column":8},"end":{"line":115,"column":null}},"type":"if","locations":[{"start":{"line":112,"column":8},"end":{"line":115,"column":null}},{"start":{},"end":{}}],"line":112}},"s":{"0":0,"1":0,"2":0,"3":0,"4":0,"5":0,"6":0,"7":0,"8":0,"9":0,"10":0,"11":0,"12":0,"13":0,"14":0,"15":0,"16":0,"17":0,"18":0,"19":0,"20":0,"21":0,"22":0,"23":0,"24":0,"25":0,"26":0,"27":0,"28":0,"29":0,"30":0,"31":0,"32":0,"33":0,"34":0,"35":0,"36":0,"37":0,"38":0,"39":0,"40":0,"41":0,"42":0,"43":0,"44":0,"45":0,"46":0,"47":0},"f":{"0":0,"1":0,"2":0,"3":0,"4":0},"b":{"0":[0,0],"1":[0,0],"2":[0,0],"3":[0,0],"4":[0],"5":[0,0],"6":[0,0],"7":[0,0],"8":[0,0],"9":[0,0,0],"10":[0,0,0],"11":[0,0],"12":[0,0]},"meta":{"lastBranch":13,"lastFunction":5,"lastStatement":48,"seen":{"s:15:15:15:Infinity":0,"s:17:18:17:Infinity":1,"s:18:19:18:Infinity":2,"s:19:23:19:Infinity":3,"f:27:9:27:22":0,"b:28:2:30:Infinity:undefined:undefined:undefined:undefined":0,"s:28:2:30:Infinity":4,"s:29:4:29:Infinity":5,"s:31:14:31:Infinity":6,"s:32:14:32:Infinity":7,"s:33:2:33:Infinity":8,"f:36:9:36:19":1,"s:37:2:56:Infinity":9,"b:38:4:40:Infinity:undefined:undefined:undefined:undefined":1,"s:38:4:40:Infinity":10,"s:39:6:39:Infinity":11,"s:42:25:42:Infinity":12,"s:43:42:43:Infinity":13,"b:45:4:49:Infinity:undefined:undefined:undefined:undefined":2,"s:45:4:49:Infinity":14,"s:46:25:46:Infinity":15,"s:47:6:47:Infinity":16,"s:48:6:48:Infinity":17,"s:51:4:51:Infinity":18,"s:52:4:52:Infinity":19,"s:54:4:54:Infinity":20,"s:55:4:55:Infinity":21,"f:59:9:59:20":2,"s:60:2:75:Infinity":22,"b:61:4:63:Infinity:undefined:undefined:undefined:undefined":3,"s:61:4:63:Infinity":23,"s:62:6:62:Infinity":24,"s:65:41:69:Infinity":25,"s:71:4:71:Infinity":26,"s:72:4:72:Infinity":27,"s:74:4:74:Infinity":28,"f:78:22:78:37":3,"b:78:70:78:101":4,"s:80:25:80:Infinity":29,"b:81:2:83:Infinity:undefined:undefined:undefined:undefined":5,"s:81:2:83:Infinity":30,"s:82:4:82:Infinity":31,"s:86:2:122:Infinity":32,"s:87:17:87:Infinity":33,"s:89:10:98:Infinity":34,"b:89:40:89:54:89:54:89:Infinity":6,"f:90:11:90:12":4,"s:90:29:98:8":35,"b:91:12:91:25:91:25:91:Infinity":7,"b:92:15:92:29:92:29:92:Infinity":8,"b:93:21:93:44:93:44:93:60:93:60:93:Infinity":9,"b:94:17:94:33:94:33:94:49:94:49:94:Infinity":10,"s:101:4:101:Infinity":36,"s:103:4:103:Infinity":37,"s:105:4:105:Infinity":38,"s:108:4:119:Infinity":39,"b:109:6:116:Infinity:undefined:undefined:undefined:undefined":11,"s:109:6:116:Infinity":40,"s:110:29:110:Infinity":41,"s:111:46:111:Infinity":42,"b:112:8:115:Infinity:undefined:undefined:undefined:undefined":12,"s:112:8:115:Infinity":43,"s:113:10:113:Infinity":44,"s:114:10:114:Infinity":45,"s:118:6:118:Infinity":46,"s:121:4:121:Infinity":47}}}
,"C:\\Users\\Preston\\git\\toa-website\\server\\routes.ts": {"path":"C:\\Users\\Preston\\git\\toa-website\\server\\routes.ts","statementMap":{"0":{"start":{"line":2,"column":42},"end":{"line":2,"column":null}},"1":{"start":{"line":12,"column":2},"end":{"line":36,"column":null}},"2":{"start":{"line":13,"column":4},"end":{"line":35,"column":null}},"3":{"start":{"line":14,"column":29},"end":{"line":14,"column":null}},"4":{"start":{"line":17,"column":6},"end":{"line":20,"column":null}},"5":{"start":{"line":18,"column":8},"end":{"line":18,"column":null}},"6":{"start":{"line":19,"column":8},"end":{"line":19,"column":null}},"7":{"start":{"line":23,"column":30},"end":{"line":23,"column":null}},"8":{"start":{"line":24,"column":12},"end":{"line":24,"column":null}},"9":{"start":{"line":26,"column":6},"end":{"line":28,"column":null}},"10":{"start":{"line":27,"column":8},"end":{"line":27,"column":null}},"11":{"start":{"line":30,"column":21},"end":{"line":30,"column":null}},"12":{"start":{"line":31,"column":6},"end":{"line":31,"column":null}},"13":{"start":{"line":33,"column":6},"end":{"line":33,"column":null}},"14":{"start":{"line":34,"column":6},"end":{"line":34,"column":null}},"15":{"start":{"line":39,"column":2},"end":{"line":70,"column":null}},"16":{"start":{"line":40,"column":4},"end":{"line":69,"column":null}},"17":{"start":{"line":41,"column":33},"end":{"line":41,"column":null}},"18":{"start":{"line":43,"column":6},"end":{"line":45,"column":null}},"19":{"start":{"line":44,"column":8},"end":{"line":44,"column":null}},"20":{"start":{"line":48,"column":12},"end":{"line":48,"column":null}},"21":{"start":{"line":49,"column":6},"end":{"line":56,"column":null}},"22":{"start":{"line":50,"column":8},"end":{"line":54,"column":null}},"23":{"start":{"line":55,"column":8},"end":{"line":55,"column":null}},"24":{"start":{"line":59,"column":12},"end":{"line":59,"column":null}},"25":{"start":{"line":60,"column":6},"end":{"line":62,"column":null}},"26":{"start":{"line":61,"column":8},"end":{"line":61,"column":null}},"27":{"start":{"line":64,"column":23},"end":{"line":64,"column":null}},"28":{"start":{"line":65,"column":6},"end":{"line":65,"column":null}},"29":{"start":{"line":67,"column":6},"end":{"line":67,"column":null}},"30":{"start":{"line":68,"column":6},"end":{"line":68,"column":null}},"31":{"start":{"line":74,"column":2},"end":{"line":148,"column":null}},"32":{"start":{"line":75,"column":4},"end":{"line":147,"column":null}},"33":{"start":{"line":76,"column":22},"end":{"line":76,"column":null}},"34":{"start":{"line":78,"column":6},"end":{"line":80,"column":null}},"35":{"start":{"line":79,"column":8},"end":{"line":79,"column":null}},"36":{"start":{"line":83,"column":23},"end":{"line":83,"column":null}},"37":{"start":{"line":84,"column":6},"end":{"line":91,"column":null}},"38":{"start":{"line":86,"column":8},"end":{"line":88,"column":null}},"39":{"start":{"line":87,"column":10},"end":{"line":87,"column":null}},"40":{"start":{"line":94,"column":12},"end":{"line":94,"column":null}},"41":{"start":{"line":95,"column":6},"end":{"line":102,"column":null}},"42":{"start":{"line":96,"column":8},"end":{"line":100,"column":null}},"43":{"start":{"line":101,"column":8},"end":{"line":101,"column":null}},"44":{"start":{"line":105,"column":29},"end":{"line":105,"column":null}},"45":{"start":{"line":106,"column":21},"end":{"line":106,"column":null}},"46":{"start":{"line":107,"column":24},"end":{"line":109,"column":null}},"47":{"start":{"line":108,"column":8},"end":{"line":108,"column":null}},"48":{"start":{"line":111,"column":6},"end":{"line":114,"column":null}},"49":{"start":{"line":112,"column":8},"end":{"line":112,"column":null}},"50":{"start":{"line":113,"column":8},"end":{"line":113,"column":null}},"51":{"start":{"line":117,"column":25},"end":{"line":117,"column":null}},"52":{"start":{"line":118,"column":22},"end":{"line":118,"column":null}},"53":{"start":{"line":118,"column":39},"end":{"line":118,"column":59}},"54":{"start":{"line":120,"column":6},"end":{"line":141,"column":null}},"55":{"start":{"line":121,"column":25},"end":{"line":128,"column":null}},"56":{"start":{"line":130,"column":8},"end":{"line":130,"column":null}},"57":{"start":{"line":133,"column":25},"end":{"line":133,"column":null}},"58":{"start":{"line":136,"column":8},"end":{"line":136,"column":null}},"59":{"start":{"line":138,"column":8},"end":{"line":138,"column":null}},"60":{"start":{"line":140,"column":8},"end":{"line":140,"column":null}},"61":{"start":{"line":143,"column":6},"end":{"line":143,"column":null}},"62":{"start":{"line":144,"column":6},"end":{"line":146,"column":null}},"63":{"start":{"line":145,"column":8},"end":{"line":145,"column":null}},"64":{"start":{"line":151,"column":2},"end":{"line":175,"column":null}},"65":{"start":{"line":152,"column":4},"end":{"line":174,"column":null}},"66":{"start":{"line":153,"column":25},"end":{"line":153,"column":null}},"67":{"start":{"line":156,"column":6},"end":{"line":159,"column":null}},"68":{"start":{"line":157,"column":8},"end":{"line":157,"column":null}},"69":{"start":{"line":158,"column":8},"end":{"line":158,"column":null}},"70":{"start":{"line":162,"column":25},"end":{"line":162,"column":null}},"71":{"start":{"line":163,"column":12},"end":{"line":163,"column":null}},"72":{"start":{"line":165,"column":6},"end":{"line":167,"column":null}},"73":{"start":{"line":166,"column":8},"end":{"line":166,"column":null}},"74":{"start":{"line":169,"column":23},"end":{"line":169,"column":null}},"75":{"start":{"line":170,"column":6},"end":{"line":170,"column":null}},"76":{"start":{"line":172,"column":6},"end":{"line":172,"column":null}},"77":{"start":{"line":173,"column":6},"end":{"line":173,"column":null}},"78":{"start":{"line":178,"column":2},"end":{"line":194,"column":null}},"79":{"start":{"line":179,"column":4},"end":{"line":193,"column":null}},"80":{"start":{"line":180,"column":30},"end":{"line":180,"column":null}},"81":{"start":{"line":183,"column":6},"end":{"line":186,"column":null}},"82":{"start":{"line":184,"column":8},"end":{"line":184,"column":null}},"83":{"start":{"line":185,"column":8},"end":{"line":185,"column":null}},"84":{"start":{"line":188,"column":28},"end":{"line":188,"column":null}},"85":{"start":{"line":189,"column":6},"end":{"line":189,"column":null}},"86":{"start":{"line":191,"column":6},"end":{"line":191,"column":null}},"87":{"start":{"line":192,"column":6},"end":{"line":192,"column":null}},"88":{"start":{"line":196,"column":21},"end":{"line":196,"column":null}},"89":{"start":{"line":198,"column":2},"end":{"line":198,"column":null}}},"fnMap":{"0":{"name":"registerRoutes","decl":{"start":{"line":10,"column":22},"end":{"line":10,"column":37}},"loc":{"start":{"line":10,"column":68},"end":{"line":199,"column":null}},"line":10},"1":{"name":"(anonymous_1)","decl":{"start":{"line":12,"column":47},"end":{"line":12,"column":54}},"loc":{"start":{"line":12,"column":67},"end":{"line":36,"column":3}},"line":12},"2":{"name":"(anonymous_2)","decl":{"start":{"line":39,"column":32},"end":{"line":39,"column":39}},"loc":{"start":{"line":39,"column":52},"end":{"line":70,"column":3}},"line":39},"3":{"name":"(anonymous_3)","decl":{"start":{"line":74,"column":38},"end":{"line":74,"column":45}},"loc":{"start":{"line":74,"column":58},"end":{"line":148,"column":3}},"line":74},"4":{"name":"(anonymous_4)","decl":{"start":{"line":107,"column":44},"end":{"line":107,"column":null}},"loc":{"start":{"line":108,"column":8},"end":{"line":108,"column":null}},"line":108},"5":{"name":"(anonymous_5)","decl":{"start":{"line":118,"column":33},"end":{"line":118,"column":39}},"loc":{"start":{"line":118,"column":39},"end":{"line":118,"column":59}},"line":118},"6":{"name":"(anonymous_6)","decl":{"start":{"line":151,"column":45},"end":{"line":151,"column":52}},"loc":{"start":{"line":151,"column":65},"end":{"line":175,"column":3}},"line":151},"7":{"name":"(anonymous_7)","decl":{"start":{"line":178,"column":51},"end":{"line":178,"column":58}},"loc":{"start":{"line":178,"column":71},"end":{"line":194,"column":3}},"line":178}},"branchMap":{"0":{"loc":{"start":{"line":17,"column":6},"end":{"line":20,"column":null}},"type":"if","locations":[{"start":{"line":17,"column":6},"end":{"line":20,"column":null}},{"start":{},"end":{}}],"line":17},"1":{"loc":{"start":{"line":24,"column":40},"end":{"line":24,"column":67}},"type":"binary-expr","locations":[{"start":{"line":24,"column":40},"end":{"line":24,"column":59}},{"start":{"line":24,"column":59},"end":{"line":24,"column":67}}],"line":24},"2":{"loc":{"start":{"line":26,"column":6},"end":{"line":28,"column":null}},"type":"if","locations":[{"start":{"line":26,"column":6},"end":{"line":28,"column":null}},{"start":{},"end":{}}],"line":26},"3":{"loc":{"start":{"line":43,"column":6},"end":{"line":45,"column":null}},"type":"if","locations":[{"start":{"line":43,"column":6},"end":{"line":45,"column":null}},{"start":{},"end":{}}],"line":43},"4":{"loc":{"start":{"line":49,"column":6},"end":{"line":56,"column":null}},"type":"if","locations":[{"start":{"line":49,"column":6},"end":{"line":56,"column":null}},{"start":{},"end":{}}],"line":49},"5":{"loc":{"start":{"line":59,"column":45},"end":{"line":59,"column":58}},"type":"binary-expr","locations":[{"start":{"line":59,"column":45},"end":{"line":59,"column":54}},{"start":{"line":59,"column":54},"end":{"line":59,"column":58}}],"line":59},"6":{"loc":{"start":{"line":60,"column":6},"end":{"line":62,"column":null}},"type":"if","locations":[{"start":{"line":60,"column":6},"end":{"line":62,"column":null}},{"start":{},"end":{}}],"line":60},"7":{"loc":{"start":{"line":78,"column":6},"end":{"line":80,"column":null}},"type":"if","locations":[{"start":{"line":78,"column":6},"end":{"line":80,"column":null}},{"start":{},"end":{}}],"line":78},"8":{"loc":{"start":{"line":78,"column":10},"end":{"line":78,"column":43}},"type":"binary-expr","locations":[{"start":{"line":78,"column":10},"end":{"line":78,"column":18}},{"start":{"line":78,"column":18},"end":{"line":78,"column":43}}],"line":78},"9":{"loc":{"start":{"line":95,"column":6},"end":{"line":102,"column":null}},"type":"if","locations":[{"start":{"line":95,"column":6},"end":{"line":102,"column":null}},{"start":{},"end":{}}],"line":95},"10":{"loc":{"start":{"line":108,"column":8},"end":{"line":108,"column":null}},"type":"binary-expr","locations":[{"start":{"line":108,"column":8},"end":{"line":108,"column":44}},{"start":{"line":108,"column":44},"end":{"line":108,"column":null}}],"line":108},"11":{"loc":{"start":{"line":111,"column":6},"end":{"line":114,"column":null}},"type":"if","locations":[{"start":{"line":111,"column":6},"end":{"line":114,"column":null}},{"start":{},"end":{}}],"line":111},"12":{"loc":{"start":{"line":143,"column":45},"end":{"line":143,"column":68}},"type":"binary-expr","locations":[{"start":{"line":143,"column":45},"end":{"line":143,"column":63}},{"start":{"line":143,"column":63},"end":{"line":143,"column":68}}],"line":143},"13":{"loc":{"start":{"line":144,"column":6},"end":{"line":146,"column":null}},"type":"if","locations":[{"start":{"line":144,"column":6},"end":{"line":146,"column":null}},{"start":{},"end":{}}],"line":144},"14":{"loc":{"start":{"line":156,"column":6},"end":{"line":159,"column":null}},"type":"if","locations":[{"start":{"line":156,"column":6},"end":{"line":159,"column":null}},{"start":{},"end":{}}],"line":156},"15":{"loc":{"start":{"line":163,"column":40},"end":{"line":163,"column":59}},"type":"binary-expr","locations":[{"start":{"line":163,"column":40},"end":{"line":163,"column":54}},{"start":{"line":163,"column":54},"end":{"line":163,"column":59}}],"line":163},"16":{"loc":{"start":{"line":165,"column":6},"end":{"line":167,"column":null}},"type":"if","locations":[{"start":{"line":165,"column":6},"end":{"line":167,"column":null}},{"start":{},"end":{}}],"line":165},"17":{"loc":{"start":{"line":183,"column":6},"end":{"line":186,"column":null}},"type":"if","locations":[{"start":{"line":183,"column":6},"end":{"line":186,"column":null}},{"start":{},"end":{}}],"line":183}},"s":{"0":1,"1":31,"2":25,"3":25,"4":25,"5":3,"6":3,"7":22,"8":22,"9":25,"10":1,"11":21,"12":18,"13":3,"14":3,"15":31,"16":9,"17":9,"18":9,"19":3,"20":6,"21":6,"22":3,"23":3,"24":3,"25":9,"26":1,"27":2,"28":1,"29":1,"30":1,"31":31,"32":3,"33":3,"34":3,"35":1,"36":2,"37":2,"38":2,"39":0,"40":2,"41":2,"42":1,"43":1,"44":1,"45":1,"46":1,"47":14,"48":1,"49":1,"50":1,"51":0,"52":0,"53":0,"54":0,"55":0,"56":0,"57":0,"58":0,"59":0,"60":0,"61":0,"62":0,"63":0,"64":31,"65":3,"66":3,"67":3,"68":1,"69":1,"70":2,"71":2,"72":3,"73":1,"74":1,"75":1,"76":0,"77":0,"78":31,"79":3,"80":3,"81":3,"82":2,"83":2,"84":1,"85":1,"86":0,"87":0,"88":31,"89":31},"f":{"0":31,"1":25,"2":9,"3":3,"4":14,"5":0,"6":3,"7":3},"b":{"0":[3,22],"1":[22,20],"2":[1,24],"3":[3,6],"4":[3,3],"5":[3,1],"6":[1,8],"7":[1,2],"8":[3,2],"9":[1,1],"10":[14,14],"11":[1,0],"12":[0,0],"13":[0,0],"14":[1,2],"15":[2,1],"16":[1,2],"17":[2,1]},"meta":{"lastBranch":18,"lastFunction":8,"lastStatement":90,"seen":{"s:2:42:2:Infinity":0,"f:10:22:10:37":0,"s:12:2:36:Infinity":1,"f:12:47:12:54":1,"s:13:4:35:Infinity":2,"s:14:29:14:Infinity":3,"b:17:6:20:Infinity:undefined:undefined:undefined:undefined":0,"s:17:6:20:Infinity":4,"s:18:8:18:Infinity":5,"s:19:8:19:Infinity":6,"s:23:30:23:Infinity":7,"s:24:12:24:Infinity":8,"b:24:40:24:59:24:59:24:67":1,"b:26:6:28:Infinity:undefined:undefined:undefined:undefined":2,"s:26:6:28:Infinity":9,"s:27:8:27:Infinity":10,"s:30:21:30:Infinity":11,"s:31:6:31:Infinity":12,"s:33:6:33:Infinity":13,"s:34:6:34:Infinity":14,"s:39:2:70:Infinity":15,"f:39:32:39:39":2,"s:40:4:69:Infinity":16,"s:41:33:41:Infinity":17,"b:43:6:45:Infinity:undefined:undefined:undefined:undefined":3,"s:43:6:45:Infinity":18,"s:44:8:44:Infinity":19,"s:48:12:48:Infinity":20,"b:49:6:56:Infinity:undefined:undefined:undefined:undefined":4,"s:49:6:56:Infinity":21,"s:50:8:54:Infinity":22,"s:55:8:55:Infinity":23,"s:59:12:59:Infinity":24,"b:59:45:59:54:59:54:59:58":5,"b:60:6:62:Infinity:undefined:undefined:undefined:undefined":6,"s:60:6:62:Infinity":25,"s:61:8:61:Infinity":26,"s:64:23:64:Infinity":27,"s:65:6:65:Infinity":28,"s:67:6:67:Infinity":29,"s:68:6:68:Infinity":30,"s:74:2:148:Infinity":31,"f:74:38:74:45":3,"s:75:4:147:Infinity":32,"s:76:22:76:Infinity":33,"b:78:6:80:Infinity:undefined:undefined:undefined:undefined":7,"s:78:6:80:Infinity":34,"b:78:10:78:18:78:18:78:43":8,"s:79:8:79:Infinity":35,"s:83:23:83:Infinity":36,"s:84:6:91:Infinity":37,"s:86:8:88:Infinity":38,"s:87:10:87:Infinity":39,"s:94:12:94:Infinity":40,"b:95:6:102:Infinity:undefined:undefined:undefined:undefined":9,"s:95:6:102:Infinity":41,"s:96:8:100:Infinity":42,"s:101:8:101:Infinity":43,"s:105:29:105:Infinity":44,"s:106:21:106:Infinity":45,"s:107:24:109:Infinity":46,"f:107:44:107:Infinity":4,"s:108:8:108:Infinity":47,"b:108:8:108:44:108:44:108:Infinity":10,"b:111:6:114:Infinity:undefined:undefined:undefined:undefined":11,"s:111:6:114:Infinity":48,"s:112:8:112:Infinity":49,"s:113:8:113:Infinity":50,"s:117:25:117:Infinity":51,"s:118:22:118:Infinity":52,"f:118:33:118:39":5,"s:118:39:118:59":53,"s:120:6:141:Infinity":54,"s:121:25:128:Infinity":55,"s:130:8:130:Infinity":56,"s:133:25:133:Infinity":57,"s:136:8:136:Infinity":58,"s:138:8:138:Infinity":59,"s:140:8:140:Infinity":60,"s:143:6:143:Infinity":61,"b:143:45:143:63:143:63:143:68":12,"b:144:6:146:Infinity:undefined:undefined:undefined:undefined":13,"s:144:6:146:Infinity":62,"s:145:8:145:Infinity":63,"s:151:2:175:Infinity":64,"f:151:45:151:52":6,"s:152:4:174:Infinity":65,"s:153:25:153:Infinity":66,"b:156:6:159:Infinity:undefined:undefined:undefined:undefined":14,"s:156:6:159:Infinity":67,"s:157:8:157:Infinity":68,"s:158:8:158:Infinity":69,"s:162:25:162:Infinity":70,"s:163:12:163:Infinity":71,"b:163:40:163:54:163:54:163:59":15,"b:165:6:167:Infinity:undefined:undefined:undefined:undefined":16,"s:165:6:167:Infinity":72,"s:166:8:166:Infinity":73,"s:169:23:169:Infinity":74,"s:170:6:170:Infinity":75,"s:172:6:172:Infinity":76,"s:173:6:173:Infinity":77,"s:178:2:194:Infinity":78,"f:178:51:178:58":7,"s:179:4:193:Infinity":79,"s:180:30:180:Infinity":80,"b:183:6:186:Infinity:undefined:undefined:undefined:undefined":17,"s:183:6:186:Infinity":81,"s:184:8:184:Infinity":82,"s:185:8:185:Infinity":83,"s:188:28:188:Infinity":84,"s:189:6:189:Infinity":85,"s:191:6:191:Infinity":86,"s:192:6:192:Infinity":87,"s:196:21:196:Infinity":88,"s:198:2:198:Infinity":89}}}
,"C:\\Users\\Preston\\git\\toa-website\\server\\security.ts": {"path":"C:\\Users\\Preston\\git\\toa-website\\server\\security.ts","statementMap":{"0":{"start":{"line":12,"column":24},"end":{"line":12,"column":null}},"1":{"start":{"line":15,"column":2},"end":{"line":79,"column":null}},"2":{"start":{"line":82,"column":25},"end":{"line":84,"column":null}},"3":{"start":{"line":86,"column":2},"end":{"line":109,"column":null}},"4":{"start":{"line":90,"column":8},"end":{"line":90,"column":null}},"5":{"start":{"line":90,"column":21},"end":{"line":90,"column":null}},"6":{"start":{"line":93,"column":8},"end":{"line":95,"column":null}},"7":{"start":{"line":94,"column":10},"end":{"line":94,"column":null}},"8":{"start":{"line":98,"column":8},"end":{"line":102,"column":null}},"9":{"start":{"line":99,"column":10},"end":{"line":99,"column":null}},"10":{"start":{"line":101,"column":10},"end":{"line":101,"column":null}},"11":{"start":{"line":112,"column":8},"end":{"line":120,"column":null}},"12":{"start":{"line":119,"column":19},"end":{"line":119,"column":null}},"13":{"start":{"line":123,"column":2},"end":{"line":123,"column":null}},"14":{"start":{"line":126,"column":8},"end":{"line":131,"column":null}},"15":{"start":{"line":130,"column":19},"end":{"line":130,"column":null}},"16":{"start":{"line":134,"column":2},"end":{"line":134,"column":null}},"17":{"start":{"line":135,"column":2},"end":{"line":135,"column":null}},"18":{"start":{"line":136,"column":2},"end":{"line":136,"column":null}},"19":{"start":{"line":145,"column":2},"end":{"line":151,"column":null}},"20":{"start":{"line":150,"column":4},"end":{"line":150,"column":null}},"21":{"start":{"line":153,"column":2},"end":{"line":195,"column":null}},"22":{"start":{"line":154,"column":22},"end":{"line":154,"column":null}},"23":{"start":{"line":157,"column":21},"end":{"line":157,"column":null}},"24":{"start":{"line":160,"column":4},"end":{"line":162,"column":null}},"25":{"start":{"line":161,"column":6},"end":{"line":161,"column":null}},"26":{"start":{"line":165,"column":32},"end":{"line":170,"column":null}},"27":{"start":{"line":172,"column":4},"end":{"line":176,"column":null}},"28":{"start":{"line":173,"column":6},"end":{"line":175,"column":null}},"29":{"start":{"line":174,"column":8},"end":{"line":174,"column":null}},"30":{"start":{"line":179,"column":4},"end":{"line":185,"column":null}},"31":{"start":{"line":184,"column":6},"end":{"line":184,"column":null}},"32":{"start":{"line":188,"column":4},"end":{"line":190,"column":null}},"33":{"start":{"line":189,"column":6},"end":{"line":189,"column":null}},"34":{"start":{"line":192,"column":4},"end":{"line":192,"column":null}},"35":{"start":{"line":194,"column":4},"end":{"line":194,"column":null}},"36":{"start":{"line":203,"column":2},"end":{"line":205,"column":null}},"37":{"start":{"line":204,"column":4},"end":{"line":204,"column":null}},"38":{"start":{"line":207,"column":2},"end":{"line":209,"column":null}},"39":{"start":{"line":208,"column":4},"end":{"line":208,"column":null}},"40":{"start":{"line":211,"column":2},"end":{"line":213,"column":null}},"41":{"start":{"line":212,"column":4},"end":{"line":212,"column":null}},"42":{"start":{"line":216,"column":20},"end":{"line":216,"column":null}},"43":{"start":{"line":217,"column":18},"end":{"line":217,"column":null}},"44":{"start":{"line":219,"column":2},"end":{"line":219,"column":null}},"45":{"start":{"line":226,"column":14},"end":{"line":226,"column":null}},"46":{"start":{"line":228,"column":2},"end":{"line":230,"column":null}},"47":{"start":{"line":229,"column":4},"end":{"line":229,"column":null}},"48":{"start":{"line":232,"column":2},"end":{"line":234,"column":null}},"49":{"start":{"line":233,"column":4},"end":{"line":233,"column":null}},"50":{"start":{"line":236,"column":2},"end":{"line":236,"column":null}},"51":{"start":{"line":244,"column":8},"end":{"line":244,"column":null}},"52":{"start":{"line":245,"column":19},"end":{"line":249,"column":null}},"53":{"start":{"line":252,"column":2},"end":{"line":252,"column":null}}},"fnMap":{"0":{"name":"configureSecurity","decl":{"start":{"line":11,"column":16},"end":{"line":11,"column":34}},"loc":{"start":{"line":11,"column":48},"end":{"line":137,"column":null}},"line":11},"1":{"name":"(anonymous_1)","decl":{"start":{"line":88,"column":14},"end":{"line":88,"column":15}},"loc":{"start":{"line":88,"column":102},"end":{"line":103,"column":null}},"line":88},"2":{"name":"(anonymous_2)","decl":{"start":{"line":119,"column":10},"end":{"line":119,"column":11}},"loc":{"start":{"line":119,"column":19},"end":{"line":119,"column":null}},"line":119},"3":{"name":"(anonymous_3)","decl":{"start":{"line":130,"column":10},"end":{"line":130,"column":11}},"loc":{"start":{"line":130,"column":19},"end":{"line":130,"column":null}},"line":130},"4":{"name":"validateUrl","decl":{"start":{"line":143,"column":16},"end":{"line":143,"column":28}},"loc":{"start":{"line":143,"column":77},"end":{"line":196,"column":null}},"line":143},"5":{"name":"validateString","decl":{"start":{"line":202,"column":16},"end":{"line":202,"column":31}},"loc":{"start":{"line":202,"column":128},"end":{"line":220,"column":null}},"line":202},"6":{"name":"validateNumber","decl":{"start":{"line":225,"column":16},"end":{"line":225,"column":31}},"loc":{"start":{"line":225,"column":132},"end":{"line":237,"column":null}},"line":225},"7":{"name":"logSecurityEvent","decl":{"start":{"line":243,"column":16},"end":{"line":243,"column":33}},"loc":{"start":{"line":243,"column":78},"end":{"line":253,"column":null}},"line":243}},"branchMap":{"0":{"loc":{"start":{"line":51,"column":16},"end":{"line":51,"column":null}},"type":"cond-expr","locations":[{"start":{"line":51,"column":32},"end":{"line":51,"column":79}},{"start":{"line":51,"column":79},"end":{"line":51,"column":null}}],"line":51},"1":{"loc":{"start":{"line":55,"column":35},"end":{"line":55,"column":null}},"type":"cond-expr","locations":[{"start":{"line":55,"column":75},"end":{"line":55,"column":80}},{"start":{"line":55,"column":80},"end":{"line":55,"column":null}}],"line":55},"2":{"loc":{"start":{"line":82,"column":25},"end":{"line":84,"column":null}},"type":"cond-expr","locations":[{"start":{"line":83,"column":6},"end":{"line":83,"column":null}},{"start":{"line":84,"column":6},"end":{"line":84,"column":null}}],"line":82},"3":{"loc":{"start":{"line":90,"column":8},"end":{"line":90,"column":null}},"type":"if","locations":[{"start":{"line":90,"column":8},"end":{"line":90,"column":null}},{"start":{},"end":{}}],"line":90},"4":{"loc":{"start":{"line":93,"column":8},"end":{"line":95,"column":null}},"type":"if","locations":[{"start":{"line":93,"column":8},"end":{"line":95,"column":null}},{"start":{},"end":{}}],"line":93},"5":{"loc":{"start":{"line":98,"column":8},"end":{"line":102,"column":null}},"type":"if","locations":[{"start":{"line":98,"column":8},"end":{"line":102,"column":null}},{"start":{"line":100,"column":15},"end":{"line":102,"column":null}}],"line":98},"6":{"loc":{"start":{"line":98,"column":12},"end":{"line":98,"column":116}},"type":"binary-expr","locations":[{"start":{"line":98,"column":12},"end":{"line":98,"column":53}},{"start":{"line":98,"column":53},"end":{"line":98,"column":87}},{"start":{"line":98,"column":87},"end":{"line":98,"column":116}}],"line":98},"7":{"loc":{"start":{"line":145,"column":2},"end":{"line":151,"column":null}},"type":"if","locations":[{"start":{"line":145,"column":2},"end":{"line":151,"column":null}},{"start":{},"end":{}}],"line":145},"8":{"loc":{"start":{"line":160,"column":4},"end":{"line":162,"column":null}},"type":"if","locations":[{"start":{"line":160,"column":4},"end":{"line":162,"column":null}},{"start":{},"end":{}}],"line":160},"9":{"loc":{"start":{"line":160,"column":8},"end":{"line":160,"column":84}},"type":"binary-expr","locations":[{"start":{"line":160,"column":8},"end":{"line":160,"column":36}},{"start":{"line":160,"column":36},"end":{"line":160,"column":64}},{"start":{"line":160,"column":64},"end":{"line":160,"column":84}}],"line":160},"10":{"loc":{"start":{"line":173,"column":6},"end":{"line":175,"column":null}},"type":"if","locations":[{"start":{"line":173,"column":6},"end":{"line":175,"column":null}},{"start":{},"end":{}}],"line":173},"11":{"loc":{"start":{"line":179,"column":4},"end":{"line":185,"column":null}},"type":"if","locations":[{"start":{"line":179,"column":4},"end":{"line":185,"column":null}},{"start":{},"end":{}}],"line":179},"12":{"loc":{"start":{"line":179,"column":8},"end":{"line":182,"column":null}},"type":"binary-expr","locations":[{"start":{"line":179,"column":8},"end":{"line":179,"column":null}},{"start":{"line":180,"column":6},"end":{"line":180,"column":null}},{"start":{"line":181,"column":6},"end":{"line":181,"column":null}},{"start":{"line":182,"column":6},"end":{"line":182,"column":null}}],"line":179},"13":{"loc":{"start":{"line":188,"column":4},"end":{"line":190,"column":null}},"type":"if","locations":[{"start":{"line":188,"column":4},"end":{"line":190,"column":null}},{"start":{},"end":{}}],"line":188},"14":{"loc":{"start":{"line":202,"column":46},"end":{"line":202,"column":128}},"type":"default-arg","locations":[{"start":{"line":202,"column":66},"end":{"line":202,"column":128}}],"line":202},"15":{"loc":{"start":{"line":203,"column":2},"end":{"line":205,"column":null}},"type":"if","locations":[{"start":{"line":203,"column":2},"end":{"line":205,"column":null}},{"start":{},"end":{}}],"line":203},"16":{"loc":{"start":{"line":207,"column":2},"end":{"line":209,"column":null}},"type":"if","locations":[{"start":{"line":207,"column":2},"end":{"line":209,"column":null}},{"start":{},"end":{}}],"line":207},"17":{"loc":{"start":{"line":211,"column":2},"end":{"line":213,"column":null}},"type":"if","locations":[{"start":{"line":211,"column":2},"end":{"line":213,"column":null}},{"start":{},"end":{}}],"line":211},"18":{"loc":{"start":{"line":225,"column":43},"end":{"line":225,"column":60}},"type":"default-arg","locations":[{"start":{"line":225,"column":57},"end":{"line":225,"column":60}}],"line":225},"19":{"loc":{"start":{"line":225,"column":60},"end":{"line":225,"column":132}},"type":"default-arg","locations":[{"start":{"line":225,"column":74},"end":{"line":225,"column":132}}],"line":225},"20":{"loc":{"start":{"line":228,"column":2},"end":{"line":230,"column":null}},"type":"if","locations":[{"start":{"line":228,"column":2},"end":{"line":230,"column":null}},{"start":{},"end":{}}],"line":228},"21":{"loc":{"start":{"line":232,"column":2},"end":{"line":234,"column":null}},"type":"if","locations":[{"start":{"line":232,"column":2},"end":{"line":234,"column":null}},{"start":{},"end":{}}],"line":232},"22":{"loc":{"start":{"line":232,"column":6},"end":{"line":232,"column":30}},"type":"binary-expr","locations":[{"start":{"line":232,"column":6},"end":{"line":232,"column":19}},{"start":{"line":232,"column":19},"end":{"line":232,"column":30}}],"line":232}},"s":{"0":0,"1":0,"2":0,"3":0,"4":0,"5":0,"6":0,"7":0,"8":0,"9":0,"10":0,"11":0,"12":0,"13":0,"14":0,"15":0,"16":0,"17":0,"18":0,"19":18,"20":6,"21":12,"22":12,"23":12,"24":12,"25":1,"26":11,"27":11,"28":37,"29":5,"30":6,"31":0,"32":6,"33":0,"34":6,"35":0,"36":6,"37":1,"38":5,"39":1,"40":4,"41":1,"42":3,"43":3,"44":3,"45":34,"46":34,"47":2,"48":32,"49":5,"50":27,"51":11,"52":11,"53":11},"f":{"0":0,"1":0,"2":0,"3":0,"4":18,"5":6,"6":34,"7":11},"b":{"0":[0,0],"1":[0,0],"2":[0,0],"3":[0,0],"4":[0,0],"5":[0,0],"6":[0,0,0],"7":[6,12],"8":[1,11],"9":[12,12,11],"10":[5,32],"11":[0,6],"12":[6,0,0,0],"13":[0,6],"14":[6],"15":[1,5],"16":[1,4],"17":[1,3],"18":[34],"19":[34],"20":[2,32],"21":[5,27],"22":[32,31]},"meta":{"lastBranch":23,"lastFunction":8,"lastStatement":54,"seen":{"f:11:16:11:34":0,"s:12:24:12:Infinity":0,"s:15:2:79:Infinity":1,"b:
[...]
":{"line":209,"column":47},"end":{"line":209,"column":51}}],"line":209},"21":{"loc":{"start":{"line":214,"column":24},"end":{"line":216,"column":null}},"type":"cond-expr","locations":[{"start":{"line":215,"column":10},"end":{"line":215,"column":null}},{"start":{"line":216,"column":10},"end":{"line":216,"column":null}}],"line":214},"22":{"loc":{"start":{"line":218,"column":23},"end":{"line":220,"column":null}},"type":"cond-expr","locations":[{"start":{"line":219,"column":10},"end":{"line":219,"column":null}},{"start":{"line":220,"column":10},"end":{"line":220,"column":null}}],"line":218},"23":{"loc":{"start":{"line":223,"column":12},"end":{"line":223,"column":null}},"type":"binary-expr","locations":[{"start":{"line":223,"column":12},"end":{"line":223,"column":24}},{"start":{"line":223,"column":24},"end":{"line":223,"column":null}}],"line":223},"24":{"loc":{"start":{"line":224,"column":15},"end":{"line":224,"column":null}},"type":"binary-expr","locations":[{"start":{"line":224,"column":15},"end":{"line":224,"column":33}},{"start":{"line":224,"column":33},"end":{"line":224,"column":null}}],"line":224},"25":{"loc":{"start":{"line":225,"column":19},"end":{"line":225,"column":null}},"type":"binary-expr","locations":[{"start":{"line":225,"column":19},"end":{"line":225,"column":53}},{"start":{"line":225,"column":53},"end":{"line":225,"column":90}},{"start":{"line":225,"column":90},"end":{"line":225,"column":null}}],"line":225},"26":{"loc":{"start":{"line":227,"column":21},"end":{"line":227,"column":null}},"type":"binary-expr","locations":[{"start":{"line":227,"column":21},"end":{"line":227,"column":45}},{"start":{"line":227,"column":45},"end":{"line":227,"column":null}}],"line":227},"27":{"loc":{"start":{"line":229,"column":21},"end":{"line":229,"column":null}},"type":"binary-expr","locations":[{"start":{"line":229,"column":21},"end":{"line":229,"column":45}},{"start":{"line":229,"column":45},"end":{"line":229,"column":null}}],"line":229},"28":{"loc":{"start":{"line":250,"column":60},"end":{"line":250,"column":109}},"type":"default-arg","locations":[{"start":{"line":250,"column":81},"end":{"line":250,"column":109}}],"line":250},"29":{"loc":{"start":{"line":253,"column":2},"end":{"line":255,"column":null}},"type":"if","locations":[{"start":{"line":253,"column":2},"end":{"line":255,"column":null}},{"start":{},"end":{}}],"line":253},"30":{"loc":{"start":{"line":260,"column":4},"end":{"line":282,"column":null}},"type":"if","locations":[{"start":{"line":260,"column":4},"end":{"line":282,"column":null}},{"start":{},"end":{}}],"line":260},"31":{"loc":{"start":{"line":264,"column":25},"end":{"line":264,"column":null}},"type":"binary-expr","locations":[{"start":{"line":264,"column":25},"end":{"line":264,"column":60}},{"start":{"line":264,"column":60},"end":{"line":264,"column":null}}],"line":264},"32":{"loc":{"start":{"line":266,"column":8},"end":{"line":280,"column":null}},"type":"if","locations":[{"start":{"line":266,"column":8},"end":{"line":280,"column":null}},{"start":{"line":278,"column":15},"end":{"line":280,"column":null}}],"line":266},"33":{"loc":{"start":{"line":266,"column":12},"end":{"line":266,"column":128}},"type":"binary-expr","locations":[{"start":{"line":266,"column":12},"end":{"line":266,"column":44}},{"start":{"line":266,"column":44},"end":{"line":266,"column":98}},{"start":{"line":266,"column":98},"end":{"line":266,"column":128}}],"line":266},"34":{"loc":{"start":{"line":270,"column":34},"end":{"line":271,"column":null}},"type":"binary-expr","locations":[{"start":{"line":270,"column":34},"end":{"line":270,"column":null}},{"start":{"line":271,"column":13},"end":{"line":271,"column":42}},{"start":{"line":271,"column":42},"end":{"line":271,"column":null}}],"line":270},"35":{"loc":{"start":{"line":273,"column":10},"end":{"line":277,"column":null}},"type":"if","locations":[{"start":{"line":273,"column":10},"end":{"line":277,"column":null}},{"start":{},"end":{}}],"line":273},"36":{"loc":{"start":{"line":285,"column":28},"end":{"line":286,"column":null}},"type":"binary-expr","locations":[{"start":{"line":285,"column":28},"end":{"line":285,"column":null}},{"start":{"line":286,"column":7},"end":{"line":286,"column":36}},{"start":{"line":286,"column":36},"end":{"line":286,"column":null}}],"line":285},"37":{"loc":{"start":{"line":288,"column":4},"end":{"line":291,"column":null}},"type":"if","locations":[{"start":{"line":288,"column":4},"end":{"line":291,"column":null}},{"start":{},"end":{}}],"line":288},"38":{"loc":{"start":{"line":288,"column":8},"end":{"line":288,"column":58}},"type":"binary-expr","locations":[{"start":{"line":288,"column":8},"end":{"line":288,"column":28}},{"start":{"line":288,"column":28},"end":{"line":288,"column":58}}],"line":288},"39":{"loc":{"start":{"line":307,"column":6},"end":{"line":309,"column":null}},"type":"if","locations":[{"start":{"line":307,"column":6},"end":{"line":309,"column":null}},{"start":{},"end":{}}],"line":307},"40":{"loc":{"start":{"line":307,"column":10},"end":{"line":307,"column":68}},"type":"binary-expr","locations":[{"start":{"line":307,"column":10},"end":{"line":307,"column":34}},{"start":{"line":307,"column":34},"end":{"line":307,"column":68}}],"line":307},"41":{"loc":{"start":{"line":320,"column":4},"end":{"line":322,"column":null}},"type":"if","locations":[{"start":{"line":320,"column":4},"end":{"line":322,"column":null}},{"start":{},"end":{}}],"line":320},"42":{"loc":{"start":{"line":334,"column":35},"end":{"line":334,"column":68}},"type":"binary-expr","locations":[{"start":{"line":334,"column":35},"end":{"line":334,"column":64}},{"start":{"line":334,"column":64},"end":{"line":334,"column":68}}],"line":334},"43":{"loc":{"start":{"line":339,"column":26},"end":{"line":341,"column":null}},"type":"cond-expr","locations":[{"start":{"line":340,"column":12},"end":{"line":340,"column":null}},{"start":{"line":341,"column":12},"end":{"line":341,"column":null}}],"line":339},"44":{"loc":{"start":{"line":343,"column":25},"end":{"line":345,"column":null}},"type":"cond-expr","locations":[{"start":{"line":344,"column":12},"end":{"line":344,"column":null}},{"start":{"line":345,"column":12},"end":{"line":345,"column":null}}],"line":343},"45":{"loc":{"start":{"line":348,"column":14},"end":{"line":348,"column":null}},"type":"binary-expr","locations":[{"start":{"line":348,"column":14},"end":{"line":348,"column":26}},{"start":{"line":348,"column":26},"end":{"line":348,"column":null}}],"line":348},"46":{"loc":{"start":{"line":349,"column":17},"end":{"line":349,"column":null}},"type":"binary-expr","locations":[{"start":{"line":349,"column":17},"end":{"line":349,"column":35}},{"start":{"line":349,"column":35},"end":{"line":349,"column":null}}],"line":349},"47":{"loc":{"start":{"line":350,"column":21},"end":{"line":350,"column":null}},"type":"binary-expr","locations":[{"start":{"line":350,"column":21},"end":{"line":350,"column":55}},{"start":{"line":350,"column":55},"end":{"line":350,"column":92}},{"start":{"line":350,"column":92},"end":{"line":350,"column":null}}],"line":350},"48":{"loc":{"start":{"line":352,"column":23},"end":{"line":352,"column":null}},"type":"binary-expr","locations":[{"start":{"line":352,"column":23},"end":{"line":352,"column":47}},{"start":{"line":352,"column":47},"end":{"line":352,"column":null}}],"line":352},"49":{"loc":{"start":{"line":354,"column":23},"end":{"line":354,"column":null}},"type":"binary-expr","locations":[{"start":{"line":354,"column":23},"end":{"line":354,"column":47}},{"start":{"line":354,"column":47},"end":{"line":354,"column":null}}],"line":354},"50":{"loc":{"start":{"line":377,"column":6},"end":{"line":385,"column":null}},"type":"if","locations":[{"start":{"line":377,"column":6},"end":{"line":385,"column":null}},{"start":{},"end":{}}],"line":377},"51":{"loc":{"start":{"line":381,"column":8},"end":{"line":384,"column":null}},"type":"if","locations":[{"start":{"line":381,"column":8},"end":{"line":384,"column":null}},{"start":{},"end":{}}],"line":381},"52":{"loc":{"start":{"line":397,"column":2},"end":{"line":401,"column":null}},"type":"if","locations":[{"start":{"line":397,"column":2},"end":{"line":401,"column":null}},{"start":{"line":399,"column":2},"end":{"line":401,"column":null}}],"line":397},"53":{"loc":{"start":{"line":399,"column":2},"end":{"line":401,"column":null}},"type":"if","locations":[{"start":{"line":399,"column":2},"end":{"line":401,"column":null}},{"start":{},"end":{}}],"line":399},"54":{"loc":{"start":{"line":407,"column":2},"end":{"line":407,"column":null}},"type":"if","locations":[{"start":{"line":407,"column":2},"end":{"line":407,"column":null}},{"start":{},"end":{}}],"line":407},"55":{"loc":{"start":{"line":409,"column":25},"end":{"line":409,"column":40}},"type":"binary-expr","locations":[{"start":{"line":409,"column":25},"end":{"line":409,"column":37}},{"start":{"line":409,"column":37},"end":{"line":409,"column":40}}],"line":409},"56":{"loc":{"start":{"line":410,"column":27},"end":{"line":410,"column":42}},"type":"binary-expr","locations":[{"start":{"line":410,"column":27},"end":{"line":410,"column":39}},{"start":{"line":410,"column":39},"end":{"line":410,"column":42}}],"line":410},"57":{"loc":{"start":{"line":411,"column":27},"end":{"line":411,"column":42}},"type":"binary-expr","locations":[{"start":{"line":411,"column":27},"end":{"line":411,"column":39}},{"start":{"line":411,"column":39},"end":{"line":411,"column":42}}],"line":411},"58":{"loc":{"start":{"line":413,"column":2},"end":{"line":415,"column":null}},"type":"if","locations":[{"start":{"line":413,"column":2},"end":{"line":415,"column":null}},{"start":{},"end":{}}],"line":413}},"s":{"0":0,"1":0,"2":0,"3":0,"4":0,"5":0,"6":0,"7":0,"8":0,"9":0,"10":0,"11":0,"12":0,"13":0,"14":0,"15":0,"16":0,"17":0,"18":0,"19":0,"20":0,"21":0,"22":0,"23":0,"24":0,"25":0,"26":0,"27":0,"28":0,"29":0,"30":0,"31":0,"32":0,"33":0,"34":0,"35":0,"36":0,"37":0,"38":0,"39":0,"40":0,"41":0,"42":0,"43":0,"44":0,"45":0,"46":0,"47":0,"48":0,"49":0,"50":0,"51":0,"52":0,"53":0,"54":0,"55":0,"56":0,"57":0,"58":0,"59":0,"60":0,"61":0,"62":0,"63":0,"64":0,"65":0,"66":0,"67":0,"68":0,"69":0,"70":0,"71":0,"72":0,"73":0,"74":0,"75":0,"76":0,"77":0,"78":0,"79":0,"80":0,"81":0,"82":0,"83":0,"84":0,"85":0,"86":0,"87":0,"88":0,"89":0,"90":0,"91":0,"92":0,"93":0,"94":0,"95":0,"96":0,"97":0,"98":0,"99":0,"100":0,"101":0,"102":0,"103":0,"104":0,"105":0,"106":0,"107":0,"108":0,"109":0,"110":0,"111":0,"112":0,"113":0,"114":0,"115":0,"116":0,"117":0,"118":0,"119":0,"120":0,"121":0,"122":0,"123":0,"124":0,"125":0,"126":0,"127":0,"128":0,"129":0,"130":0,"131":0,"132":0,"133":0,"134":0,"135":0,"136":0,"137":0,"138":0,"139":0,"140":0,"141":0,"142":0,"143":0,"144":0,"145":0,"146":0,"147":0,"148":0,"149":0,"150":0,"151":0,"152":0,"153":0,"154":0,"155":0,"156":0,"157":0,"158":0,"159":0,"160":0,"161":0,"162":0,"163":0,"164":0,"165":0,"166":0,"167":0,"168":0,"169":0,"170":0,"171":0,"172":0,"173":0,"174":0,"175":0,"176":0,"177":0,"178":0,"179":0,"180":0,"181":0,"182":0},"f":{"0":0,"1":0,"2":0,"3":0,"4":0,"5":0,"6":0,"7":0,"8":0,"9":0,"10":0,"11":0,"12":0,"13":0,"14":0,"15":0,"16":0},"b":{"0":[0,0],"1":[0,0,0],"2":[0,0],"3":[0,0],"4":[0,0],"5":[0,0],"6":[0,0],"7":[0,0],"8":[0,0],"9":[0,0],"10":[0,0],"11":[0,0],"12":[0,0],"13":[0,0],"14":[0,0],"15":[0,0],"16":[0,0],"17":[0,0],"18":[0,0],"19":[0,0],"20":[0,0],"21":[0,0],"22":[0,0],"23":[0,0],"24":[0,0],"25":[0,0,0],"26":[0,0],"27":[0,0],"28":[0],"29":[0,0],"30":[0,0],"31":[0,0],"32":[0,0],"33":[0,0,0],"34":[0,0,0],"35":[0,0],"36":[0,0,0],"37":[0,0],"38":[0,0],"39":[0,0],"40":[0,0],"41":[0,0],"42":[0,0],"43":[0,0],"44":[0,0],"45":[0,0],"46":[0,0],"47":[0,0,0],"48":[0,0],"49":[0,0],"50":[0,0],"51":[0,0],"52":[0,0],"53":[0,0],"54":[0,0],"55":[0,0],"56":[0,0],"57":[0,0],"58":[0,0]},"meta":{"lastBranch":59,"lastFunction":17,"lastStatement":183,"seen":{"s:7:18:7:Infinity":0,"s:8:19:8:Infinity":1,"s:9:23:9:Infinity":2,"f:11:15:11:32":0,"b:12:2:14:Infinity:undefined:undefined:undefined:undefined":0,"s:12:2:14:Infinity":3,"b:12:6:12:28:12:28:12:70:12:70:12:143":1,"s:13:4:13:Infinity":4,"s:16:19:16:Infinity":5,"s:17:23:21:Infinity":6,"b:18:6:18:Infinity:19:6:21:Infinity":2,"b:20:6:20:Infinity:21:6:21:Infinity":3,"b:23:2:25:Infinity:undefined:undefined:undefined:undefined":4,"s:23:2:25:Infinity":7,"s:24:4:24:Infinity":8,"s:27:2:35:Infinity":9,"f:35:9:35:16":1,"s:35:16:35:26":10,"f:35:33:35:41":2,"s:35:41:35:56":11,"s:37:22:37:Infinity":12,"b:37:22:37:68:37:68:37:Infinity":5,"b:39:2:41:Infinity:undefined:undefined:undefined:undefined":6,"s:39:2:41:Infinity":13,"b:39:6:39:29:39:29:39:43":7,"s:40:4:40:Infinity":14,"s:42:2:42:Infinity":15,"f:45:22:45:51":3,"b:47:2:52:Infinity:undefined:undefined:undefined:undefined":8,"s:47:2:52:Infinity":16,"s:48:4:51:Infinity":17,"s:55:22:55:Infinity":18,"s:57:23:57:Infinity":19,"s:58:2:60:Infinity":20,"s:62:2:62:Infinity":21,"f:84:9:84:22":4,"s:85:14:85:Infinity":22,"s:86:14:86:Infinity":23,"s:87:2:87:Infinity":24,"f:90:9:90:19":5,"s:91:2:115:Infinity":25,"b:92:4:94:Infinity:undefined:undefined:undefined:undefined":9,"s:92:4:94:Infinity":26,"s:93:6:93:Infinity":27,"s:96:25:96:Infinity":28,"s:97:43:97:Infinity":29,"s:99:23:99:Infinity":30,"b:100:4:102:Infinity:undefined:undefined:undefined:undefined":10,"s:100:4:102:Infinity":31,"s:101:6:101:Infinity":32,"b:104:4:108:Infinity:undefined:undefined:undefined:undefined":11,"s:104:4:108:Infinity":33,"s:105:23:105:Infinity":34,"s:106:6:106:Infinity":35,"s:107:6:107:Infinity":36,"s:110:4:110:Infinity":37,"s:111:4:111:Infinity":38,"s:113:4:113:Infinity":39,"s:114:4:114:Infinity":40,"f:118:9:118:20":6,"s:119:2:145:Infinity":41,"b:120:4:122:Infinity:undefined:undefined:undefined:undefined":12,"s:120:4:122:Infinity":42,"s:121:6:121:Infinity":43,"s:125:41:125:Infinity":44,"b:126:4:133:Infinity:undefined:undefined:undefined:undefined":13,"s:126:4:133:Infinity":45,"s:127:6:132:Infinity":46,"s:128:25:128:Infinity":47,"s:129:8:129:Infinity":48,"s:131:8:131:Infinity":49,"s:136:4:139:Infinity":50,"s:141:4:141:Infinity":51,"s:142:4:142:Infinity":52,"s:144:4:144:Infinity":53,"f:148:15:148:42":7,"s:149:17:149:Infinity":54,"s:150:30:150:Infinity":55,"s:151:42:151:Infinity":56,"s:154:2:184:Infinity":57,"s:155:16:155:Infinity":58,"s:156:4:156:Infinity":59,"s:157:4:157:Infinity":60,"s:158:4:158:Infinity":61,"s:159:4:159:Infinity":62,"b:160:4:162:Infinity:undefined:undefined:undefined:undefined":14,"s:160:4:162:Infinity":63,"s:161:6:161:Infinity":64,"s:164:21:164:Infinity":65,"b:166:4:169:Infinity:undefined:undefined:undefined:undefined":15,"s:166:4:169:Infinity":66,"s:167:20:167:Infinity":67,"s:168:6:168:Infinity":68,"s:171:17:171:Infinity":69,"b:173:4:175:Infinity:undefined:undefined:undefined:undefined":16,"s:173:4:175:Infinity":70,"b:173:8:173:23:173:23:173:48":17,"s:174:6:174:Infinity":71,"s:177:21:179:Infinity":72,"f:178:11:178:12":8,"s:178:26:178:54":73,"s:181:4:181:Infinity":74,"s:182:4:182:Infinity":75,"b:186:2:188:Infinity:undefined:undefined:undefined:undefined":18,"s:186:2:188:Infinity":76,"s:187:4:187:Infinity":77,"s:191:33:191:Infinity":78,"s:192:2:234:Infinity":79,"s:192:15:192:18":80,"s:193:21:193:Infinity":81,"s:195:16:195:Infinity":82,"s:196:4:196:Infinity":83,"s:197:4:197:Infinity":84,"s:198:4:198:Infinity":85,"s:200:21:200:Infinity":86,"b:202:4:205:Infinity:undefined:undefined:undefined:undefined":19,"s:202:4:205:Infinity":87,"s:203:20:203:Infinity":88,"s:204:6:204:Infinity":89,"s:207:17:207:Infinity":90,"s:209:10:231:Infinity":91,"b:209:33:209:47:209:47:209:51":20,"f:209:55:209:56":9,"s:210:22:210:Infinity":92,"s:211:25:211:Infinity":93,"s:212:29:212:Infinity":94,"s:214:24:216:Infinity":95,"b:215:10:215:Infinity:216:10:216:Infinity":21,"s:218:23:220:Infinity":96,"b:219:10:219:Infinity:220:10:220:Infinity":22,"s:222:6:230:Infinity":97,"b:223:12:223:24:223:24:223:Infinity":23,"b:224:15:224:33:224:33:224:Infinity":24,"b:225:19:225:53:225:53:225:90:225:90:225:Infinity":25,"b:227:21:227:45:227:45:227:Infinity":26,"b:229:21:229:45:229:45:229:Infinity":27,"s:233:4:233:Infinity":98,"s:237:2:241:Infinity":99,"f:237:17:237:18":10,"s:238:18:238:Infinity":100,"s:239:18:239:Infinity":101,"s:240:4:240:Infinity":102,"s:244:2:244:Infinity":103,"s:246:2:246:Infinity":104,"f:250:22:250:40":11,"b:250:81:250:109":28,"s:252:23:252:Infinity":105,"b:253:2:255:Infinity:undefined:undefined:undefined:undefined":29,"s:253:2:255:Infinity":106,"s:254:4:254:Infinity":107,"s:258:2:393:Infinity":108,"b:260:4:282:Infinity:undefined:undefined:undefined:undefined":30,"s:260:4:282:Infinity":109,"s:261:6:281:Infinity":110,"s:262:8:262:Infinity":111,"s:264:25:264:Infinity":112,"b:264:25:264:60:264:60:264:Infinity":31,"b:266:8:280:Infinity:278:15:280:Infinity":32,"s:266:8:280:Infinity":113,"b:266:12:266:44:266:44:266:98:266:98:266:128":33,"s:267:10:267:Infinity":114,"s:270:34:271:Infinity":115,"b:270:34:270:Infinity:271:13:271:42:271:42:271:Infinity":34,"b:273:10:277:Infinity:undefined:undefined:undefined:undefined":35,"s:273:10:277:Infinity":116,"s:274:12:274:Infinity":117,"s:275:12:275:Infinity":118,"s:276:12:276:Infinity":119,"s:279:10:279:Infinity":120,"s:285:28:286:Infinity":121,"b:285:28:285:Infinity:286:7:286:36:286:36:286:Infinity":36,"b:288:4:291:Infinity:undefined:undefined:undefined:undefined":37,"s:288:4:291:Infinity":122,"b:288:8:288:28:288:28:288:58":38,"s:289:6:289:Infinity":123,"s:290:6:290:Infinity":124,"s:293:20:293:Infinity":125,"s:295:32:295:Infinity":126,"s:296:44:296:Infinity":127,"s:299:4:318:Infinity":128,"s:300:23:305:Infinity":129,"b:307:6:309:Infinity:undefined:undefined:undefined:undefined":39,"s:307:6:309:Infinity":130,"b:307:10:307:34:307:34:307:68":40,"s:308:8:308:Infinity":131,"s:311:23:313:Infinity":132,"f:312:13:312:14":12,"s:312:28:312:56":133,"s:315:6:315:Infinity":134,"s:316:6:316:Infinity":135,"b:320:4:322:Infinity:undefined:undefined:undefined:undefined":41,"s:320:4:322:Infinity":136,"s:321:6:321:Infinity":137,"s:325:35:325:Infinity":138,"s:326:4:359:Infinity":139,"s:326:17:326:20":140,"s:327:23:327:Infinity":141,"s:329:29:332:Infinity":142,"s:334:12:356:Infinity":143,"b:334:35:334:64:334:64:334:68":42,"f:334:72:334:73":13,"s:335:24:335:Infinity":144,"s:336:27:336:Infinity":145,"s:337:31:337:Infinity":146,"s:339:26:341:Infinity":147,"b:340:12:340:Infinity:341:12:341:Infinity":43,"s:343:25:345:Infinity":148,"b:344:12:344:Infinity:345:12:345:Infinity":44,"s:347:8:355:Infinity":149,"b:348:14:348:26:348:26:348:Infinity":45,"b:349:17:349:35:349:35:349:Infinity":46,"b:350:21:350:55:350:55:350:92:350:92:350:Infinity":47,"b:352:23:352:47:352:47:352:Infinity":48,"b:354:23:354:47:354:47:354:Infinity":49,"s:358:6:358:Infinity":150,"s:362:4:366:Infinity":151,"f:362:19:362:20":14,"s:363:20:363:Infinity":152,"s:364:20:364:Infinity":153,"s:365:6:365:Infinity":154,"s:369:4:369:Infinity":155,"s:371:4:371:Infinity":156,"s:373:4:373:Infinity":157,"s:376:4:388:Infinity":158,"b:377:6:385:Infinity:undefined:undefined:undefined:undefined":50,"s:377:6:385:Infinity":159,"s:378:29:378:Infinity":160,"s:379:47:379:Infinity":161,"s:380:27:380:Infinity":162,"b:381:8:384:Infinity:undefined:undefined:undefined:undefined":51,"s:381:8:384:Infinity":163,"s:382:10:382:Infinity":164,"s:383:10:383:Infinity":165,"s:387:6:387:Infinity":166,"s:391:4:391:Infinity":167,"s:392:4:392:Infinity":168,"f:396:9:396:25":15,"b:397:2:401:Infinity:399:2:401:Infinity":52,"s:397:2:401:Infinity":169,"s:398:4:398:Infinity":170,"b:399:2:401:Infinity:undefined:undefined:undefined:undefined":53,"s:399:2:401:Infinity":171,"s:400:4:400:Infinity":172,"s:402:2:402:Infinity":173,"f:405:9:405:24":16,"s:406:16:406:Infinity":174,"b:407:2:407:Infinity:undefined:undefined:undefined:undefined":54,"s:407:2:407:Infinity":175,"s:407:14:407:Infinity":176,"s:409:16:409:Infinity":177,"b:409:25:409:37:409:37:409:40":55,"s:410:18:410:Infinity":178,"b:410:27:410:39:410:39:410:42":56,"s:411:18:411:Infinity":179,"b:411:27:411:39:411:39:411:42":57,"b:413:2:415:Infinity:undefined:undefined:undefined:undefined":58,"s:413:2:415:Infinity":180,"s:414:4:414:Infinity":181,"s:416:2:416:Infinity":182}}}
}
